---------------------------------------------------------------
[ 2021-09-23T20:41:52+08:00 ] 127.0.0.1 GET hr/
[运行时间：0.048586s] [吞吐率：20.58req/s] [内存消耗：1,308.45kb] [文件加载：34]
[ info ] [ LANG ] E:\phpstudy_pro\WWW\thinkphp\thinkphp\lang\zh-cn.php
[ info ] [ ROUTE ] array (
  'type' => 'module',
  'module' => 
  array (
    0 => '',
    1 => NULL,
    2 => NULL,
  ),
)
[ info ] [ HEADER ] array (
  'accept-language' => 'zh-CN,zh;q=0.9',
  'accept-encoding' => 'gzip, deflate',
  'accept' => 'text/html,application/xhtml+xml,application/xml;q=0.9,image/avif,image/webp,image/apng,*/*;q=0.8,application/signed-exchange;v=b3;q=0.9',
  'user-agent' => 'Mozilla/5.0 (Windows NT 10.0; WOW64) AppleWebKit/537.36 (KHTML, like Gecko) Chrome/86.0.4240.198 Safari/537.36',
  'upgrade-insecure-requests' => '1',
  'cache-control' => 'max-age=0',
  'connection' => 'keep-alive',
  'host' => 'hr',
  'content-length' => '',
  'content-type' => '',
)
[ info ] [ PARAM ] array (
)
[ info ] [ RUN ] app\admin\controller\Login->loginIndex[ E:\phpstudy_pro\WWW\thinkphp\application\admin\controller\Login.php ]
[ info ] [ VIEW ] E:\phpstudy_pro\WWW\thinkphp\public/../application/admin\view\login\loginindex.html [ array (
) ]
[ info ] [ LOG ] INIT File
---------------------------------------------------------------
[ 2021-09-23T20:51:08+08:00 ] 127.0.0.1 POST hr/admin/Login/loginJump
[运行时间：0.095158s] [吞吐率：10.51req/s] [内存消耗：2,568.34kb] [文件加载：45]
[ info ] [ LANG ] E:\phpstudy_pro\WWW\thinkphp\thinkphp\lang\zh-cn.php
[ info ] [ ROUTE ] array (
  'type' => 'module',
  'module' => 
  array (
    0 => 'admin',
    1 => 'Login',
    2 => 'loginJump',
  ),
)
[ info ] [ HEADER ] array (
  'accept-language' => 'zh-CN,zh;q=0.9',
  'accept-encoding' => 'gzip, deflate',
  'referer' => 'http://hr/',
  'accept' => 'text/html,application/xhtml+xml,application/xml;q=0.9,image/avif,image/webp,image/apng,*/*;q=0.8,application/signed-exchange;v=b3;q=0.9',
  'user-agent' => 'Mozilla/5.0 (Windows NT 10.0; WOW64) AppleWebKit/537.36 (KHTML, like Gecko) Chrome/86.0.4240.198 Safari/537.36',
  'content-type' => 'application/x-www-form-urlencoded',
  'origin' => 'http://hr',
  'upgrade-insecure-requests' => '1',
  'cache-control' => 'max-age=0',
  'content-length' => '39',
  'connection' => 'keep-alive',
  'host' => 'hr',
)
[ info ] [ PARAM ] array (
  'method' => 'login',
  'account' => 'admin',
  'password' => '123',
)
[ info ] [ RUN ] app\admin\controller\Login->loginJump[ E:\phpstudy_pro\WWW\thinkphp\application\admin\controller\Login.php ]
[ info ] [ DB ] INIT mysql
[ info ] [ SESSION ] INIT array (
  'id' => '',
  'var_session_id' => '',
  'prefix' => 'think',
  'type' => '',
  'auto_start' => true,
)
[ info ] [ LOG ] INIT File
[ sql ] [ DB ] CONNECT:[ UseTime:0.044611s ] mysql:host=127.0.0.1;port=3306;dbname=jc_website;charset=utf8
[ sql ] [ SQL ] SHOW COLUMNS FROM `jw_user` [ RunTime:0.011784s ]
[ sql ] [ SQL ] SELECT * FROM `jw_user` LIMIT 1 [ RunTime:0.000515s ]
---------------------------------------------------------------
[ 2021-09-23T20:51:08+08:00 ] 127.0.0.1 GET hr/admin/index/index.html
[运行时间：0.047318s] [吞吐率：21.13req/s] [内存消耗：2,525.80kb] [文件加载：44]
[ info ] [ LANG ] E:\phpstudy_pro\WWW\thinkphp\thinkphp\lang\zh-cn.php
[ info ] [ ROUTE ] array (
  'type' => 'module',
  'module' => 
  array (
    0 => 'admin',
    1 => 'index',
    2 => 'index',
  ),
)
[ info ] [ HEADER ] array (
  'cookie' => 'PHPSESSID=v529r7df0n87jfoidgkcms00fi',
  'accept-language' => 'zh-CN,zh;q=0.9',
  'accept-encoding' => 'gzip, deflate',
  'referer' => 'http://hr/',
  'accept' => 'text/html,application/xhtml+xml,application/xml;q=0.9,image/avif,image/webp,image/apng,*/*;q=0.8,application/signed-exchange;v=b3;q=0.9',
  'user-agent' => 'Mozilla/5.0 (Windows NT 10.0; WOW64) AppleWebKit/537.36 (KHTML, like Gecko) Chrome/86.0.4240.198 Safari/537.36',
  'upgrade-insecure-requests' => '1',
  'cache-control' => 'max-age=0',
  'connection' => 'keep-alive',
  'host' => 'hr',
  'content-length' => '',
  'content-type' => '',
)
[ info ] [ PARAM ] array (
)
[ info ] [ SESSION ] INIT array (
  'id' => '',
  'var_session_id' => '',
  'prefix' => 'think',
  'type' => '',
  'auto_start' => true,
)
[ info ] [ DB ] INIT mysql
[ info ] [ RUN ] app\admin\controller\Index->Index[ E:\phpstudy_pro\WWW\thinkphp\application\admin\controller\Index.php ]
[ info ] [ VIEW ] E:\phpstudy_pro\WWW\thinkphp\public/../application/admin\view\index\index.html [ array (
  0 => 'menulist',
) ]
[ info ] [ LOG ] INIT File
[ sql ] [ DB ] CONNECT:[ UseTime:0.001392s ] mysql:host=127.0.0.1;port=3306;dbname=jc_website;charset=utf8
[ sql ] [ SQL ] SHOW COLUMNS FROM `jw_menu` [ RunTime:0.002227s ]
[ sql ] [ SQL ] SELECT * FROM `jw_menu` [ RunTime:0.000261s ]
---------------------------------------------------------------
[ 2021-09-23T21:18:42+08:00 ] 127.0.0.1 GET hr/admin/user/test
[运行时间：0.022838s] [吞吐率：43.79req/s] [内存消耗：1,325.02kb] [文件加载：35]
[ info ] [ LANG ] E:\phpstudy_pro\WWW\thinkphp\thinkphp\lang\zh-cn.php
[ info ] [ ROUTE ] array (
  'type' => 'module',
  'module' => 
  array (
    0 => 'admin',
    1 => 'user',
    2 => 'test',
  ),
)
[ info ] [ HEADER ] array (
  'connection' => 'keep-alive',
  'accept-encoding' => 'gzip, deflate, br',
  'host' => 'hr',
  'postman-token' => '89f2512e-167e-462f-af61-52515a7cab0b',
  'accept' => '*/*',
  'user-agent' => 'PostmanRuntime/7.26.8',
  'content-length' => '',
  'content-type' => '',
)
[ info ] [ PARAM ] array (
)
[ info ] [ SESSION ] INIT array (
  'id' => '',
  'var_session_id' => '',
  'prefix' => 'think',
  'type' => '',
  'auto_start' => true,
)
[ info ] [ VIEW ] E:\phpstudy_pro\WWW\thinkphp\thinkphp\tpl\dispatch_jump.tpl [ array (
  0 => 'code',
  1 => 'msg',
  2 => 'data',
  3 => 'url',
  4 => 'wait',
) ]
[ info ] [ LOG ] INIT File
---------------------------------------------------------------
[ 2021-09-23T21:19:08+08:00 ] 127.0.0.1 GET hr/admin/Login/loginExit
[运行时间：0.021052s] [吞吐率：47.50req/s] [内存消耗：1,631.31kb] [文件加载：37]
[ info ] [ LANG ] E:\phpstudy_pro\WWW\thinkphp\thinkphp\lang\zh-cn.php
[ info ] [ ROUTE ] array (
  'type' => 'module',
  'module' => 
  array (
    0 => 'admin',
    1 => 'Login',
    2 => 'loginExit',
  ),
)
[ info ] [ HEADER ] array (
  'cookie' => 'PHPSESSID=v529r7df0n87jfoidgkcms00fi',
  'accept-language' => 'zh-CN,zh;q=0.9',
  'accept-encoding' => 'gzip, deflate',
  'referer' => 'http://hr/admin/index/index.html',
  'accept' => 'text/html,application/xhtml+xml,application/xml;q=0.9,image/avif,image/webp,image/apng,*/*;q=0.8,application/signed-exchange;v=b3;q=0.9',
  'user-agent' => 'Mozilla/5.0 (Windows NT 10.0; WOW64) AppleWebKit/537.36 (KHTML, like Gecko) Chrome/86.0.4240.198 Safari/537.36',
  'upgrade-insecure-requests' => '1',
  'connection' => 'keep-alive',
  'host' => 'hr',
  'content-length' => '',
  'content-type' => '',
)
[ info ] [ PARAM ] array (
)
[ info ] [ RUN ] app\admin\controller\Login->loginExit[ E:\phpstudy_pro\WWW\thinkphp\application\admin\controller\Login.php ]
[ info ] [ SESSION ] INIT array (
  'id' => '',
  'var_session_id' => '',
  'prefix' => 'think',
  'type' => '',
  'auto_start' => true,
)
[ info ] [ LOG ] INIT File
---------------------------------------------------------------
[ 2021-09-23T21:19:08+08:00 ] 127.0.0.1 GET hr/
[运行时间：0.016134s] [吞吐率：61.98req/s] [内存消耗：1,308.98kb] [文件加载：34]
[ info ] [ LANG ] E:\phpstudy_pro\WWW\thinkphp\thinkphp\lang\zh-cn.php
[ info ] [ ROUTE ] array (
  'type' => 'module',
  'module' => 
  array (
    0 => '',
    1 => NULL,
    2 => NULL,
  ),
)
[ info ] [ HEADER ] array (
  'cookie' => 'PHPSESSID=v529r7df0n87jfoidgkcms00fi',
  'accept-language' => 'zh-CN,zh;q=0.9',
  'accept-encoding' => 'gzip, deflate',
  'referer' => 'http://hr/admin/index/index.html',
  'accept' => 'text/html,application/xhtml+xml,application/xml;q=0.9,image/avif,image/webp,image/apng,*/*;q=0.8,application/signed-exchange;v=b3;q=0.9',
  'user-agent' => 'Mozilla/5.0 (Windows NT 10.0; WOW64) AppleWebKit/537.36 (KHTML, like Gecko) Chrome/86.0.4240.198 Safari/537.36',
  'upgrade-insecure-requests' => '1',
  'connection' => 'keep-alive',
  'host' => 'hr',
  'content-length' => '',
  'content-type' => '',
)
[ info ] [ PARAM ] array (
)
[ info ] [ RUN ] app\admin\controller\Login->loginIndex[ E:\phpstudy_pro\WWW\thinkphp\application\admin\controller\Login.php ]
[ info ] [ VIEW ] E:\phpstudy_pro\WWW\thinkphp\public/../application/admin\view\login\loginindex.html [ array (
) ]
[ info ] [ LOG ] INIT File
---------------------------------------------------------------
[ 2021-09-23T21:19:52+08:00 ] 127.0.0.1 POST hr/admin/Login/loginJump
[运行时间：0.031640s] [吞吐率：31.61req/s] [内存消耗：2,568.57kb] [文件加载：45]
[ info ] [ LANG ] E:\phpstudy_pro\WWW\thinkphp\thinkphp\lang\zh-cn.php
[ info ] [ ROUTE ] array (
  'type' => 'module',
  'module' => 
  array (
    0 => 'admin',
    1 => 'Login',
    2 => 'loginJump',
  ),
)
[ info ] [ HEADER ] array (
  'cookie' => 'PHPSESSID=v529r7df0n87jfoidgkcms00fi',
  'accept-language' => 'zh-CN,zh;q=0.9',
  'accept-encoding' => 'gzip, deflate',
  'referer' => 'http://hr/',
  'accept' => 'text/html,application/xhtml+xml,application/xml;q=0.9,image/avif,image/webp,image/apng,*/*;q=0.8,application/signed-exchange;v=b3;q=0.9',
  'user-agent' => 'Mozilla/5.0 (Windows NT 10.0; WOW64) AppleWebKit/537.36 (KHTML, like Gecko) Chrome/86.0.4240.198 Safari/537.36',
  'content-type' => 'application/x-www-form-urlencoded',
  'origin' => 'http://hr',
  'upgrade-insecure-requests' => '1',
  'cache-control' => 'max-age=0',
  'content-length' => '39',
  'connection' => 'keep-alive',
  'host' => 'hr',
)
[ info ] [ PARAM ] array (
  'method' => 'login',
  'account' => 'admin',
  'password' => '123',
)
[ info ] [ RUN ] app\admin\controller\Login->loginJump[ E:\phpstudy_pro\WWW\thinkphp\application\admin\controller\Login.php ]
[ info ] [ DB ] INIT mysql
[ info ] [ SESSION ] INIT array (
  'id' => '',
  'var_session_id' => '',
  'prefix' => 'think',
  'type' => '',
  'auto_start' => true,
)
[ info ] [ LOG ] INIT File
[ sql ] [ DB ] CONNECT:[ UseTime:0.001235s ] mysql:host=127.0.0.1;port=3306;dbname=jc_website;charset=utf8
[ sql ] [ SQL ] SHOW COLUMNS FROM `jw_user` [ RunTime:0.001202s ]
[ sql ] [ SQL ] SELECT * FROM `jw_user` LIMIT 1 [ RunTime:0.000370s ]
---------------------------------------------------------------
[ 2021-09-23T21:19:52+08:00 ] 127.0.0.1 GET hr/admin/index/index.html
[运行时间：0.027494s] [吞吐率：36.37req/s] [内存消耗：2,525.80kb] [文件加载：44]
[ info ] [ LANG ] E:\phpstudy_pro\WWW\thinkphp\thinkphp\lang\zh-cn.php
[ info ] [ ROUTE ] array (
  'type' => 'module',
  'module' => 
  array (
    0 => 'admin',
    1 => 'index',
    2 => 'index',
  ),
)
[ info ] [ HEADER ] array (
  'cookie' => 'PHPSESSID=v529r7df0n87jfoidgkcms00fi',
  'accept-language' => 'zh-CN,zh;q=0.9',
  'accept-encoding' => 'gzip, deflate',
  'referer' => 'http://hr/',
  'accept' => 'text/html,application/xhtml+xml,application/xml;q=0.9,image/avif,image/webp,image/apng,*/*;q=0.8,application/signed-exchange;v=b3;q=0.9',
  'user-agent' => 'Mozilla/5.0 (Windows NT 10.0; WOW64) AppleWebKit/537.36 (KHTML, like Gecko) Chrome/86.0.4240.198 Safari/537.36',
  'upgrade-insecure-requests' => '1',
  'cache-control' => 'max-age=0',
  'connection' => 'keep-alive',
  'host' => 'hr',
  'content-length' => '',
  'content-type' => '',
)
[ info ] [ PARAM ] array (
)
[ info ] [ SESSION ] INIT array (
  'id' => '',
  'var_session_id' => '',
  'prefix' => 'think',
  'type' => '',
  'auto_start' => true,
)
[ info ] [ DB ] INIT mysql
[ info ] [ RUN ] app\admin\controller\Index->Index[ E:\phpstudy_pro\WWW\thinkphp\application\admin\controller\Index.php ]
[ info ] [ VIEW ] E:\phpstudy_pro\WWW\thinkphp\public/../application/admin\view\index\index.html [ array (
  0 => 'menulist',
) ]
[ info ] [ LOG ] INIT File
[ sql ] [ DB ] CONNECT:[ UseTime:0.000970s ] mysql:host=127.0.0.1;port=3306;dbname=jc_website;charset=utf8
[ sql ] [ SQL ] SHOW COLUMNS FROM `jw_menu` [ RunTime:0.000957s ]
[ sql ] [ SQL ] SELECT * FROM `jw_menu` [ RunTime:0.000242s ]
---------------------------------------------------------------
[ 2021-09-23T21:19:54+08:00 ] 127.0.0.1 GET hr/?account=admin&password=123
[运行时间：0.016951s] [吞吐率：58.99req/s] [内存消耗：1,307.46kb] [文件加载：34]
[ info ] [ LANG ] E:\phpstudy_pro\WWW\thinkphp\thinkphp\lang\zh-cn.php
[ info ] [ ROUTE ] array (
  'type' => 'module',
  'module' => 
  array (
    0 => '',
    1 => NULL,
    2 => NULL,
  ),
)
[ info ] [ HEADER ] array (
  'cookie' => 'PHPSESSID=5vkki52c7e35g8nipqbbc74fvm',
  'connection' => 'keep-alive',
  'accept-encoding' => 'gzip, deflate, br',
  'host' => 'hr',
  'postman-token' => '4f537828-dec9-4c2b-98dc-ff66460f8ae2',
  'accept' => '*/*',
  'user-agent' => 'PostmanRuntime/7.26.8',
  'content-length' => '',
  'content-type' => '',
)
[ info ] [ PARAM ] array (
  'account' => 'admin',
  'password' => '123',
)
[ info ] [ RUN ] app\admin\controller\Login->loginIndex[ E:\phpstudy_pro\WWW\thinkphp\application\admin\controller\Login.php ]
[ info ] [ VIEW ] E:\phpstudy_pro\WWW\thinkphp\public/../application/admin\view\login\loginindex.html [ array (
) ]
[ info ] [ LOG ] INIT File
---------------------------------------------------------------
[ 2021-09-23T21:20:07+08:00 ] 127.0.0.1 GET hr/admin/user/test
[运行时间：0.017952s] [吞吐率：55.70req/s] [内存消耗：1,325.55kb] [文件加载：35]
[ info ] [ LANG ] E:\phpstudy_pro\WWW\thinkphp\thinkphp\lang\zh-cn.php
[ info ] [ ROUTE ] array (
  'type' => 'module',
  'module' => 
  array (
    0 => 'admin',
    1 => 'user',
    2 => 'test',
  ),
)
[ info ] [ HEADER ] array (
  'cookie' => 'PHPSESSID=5vkki52c7e35g8nipqbbc74fvm',
  'connection' => 'keep-alive',
  'accept-encoding' => 'gzip, deflate, br',
  'host' => 'hr',
  'postman-token' => '34995787-a11c-4491-b2df-b64364c800e8',
  'accept' => '*/*',
  'user-agent' => 'PostmanRuntime/7.26.8',
  'content-length' => '',
  'content-type' => '',
)
[ info ] [ PARAM ] array (
)
[ info ] [ SESSION ] INIT array (
  'id' => '',
  'var_session_id' => '',
  'prefix' => 'think',
  'type' => '',
  'auto_start' => true,
)
[ info ] [ VIEW ] E:\phpstudy_pro\WWW\thinkphp\thinkphp\tpl\dispatch_jump.tpl [ array (
  0 => 'code',
  1 => 'msg',
  2 => 'data',
  3 => 'url',
  4 => 'wait',
) ]
[ info ] [ LOG ] INIT File
---------------------------------------------------------------
[ 2021-09-23T21:20:55+08:00 ] 127.0.0.1 GET hr/admin/login/login.html
[运行时间：0.026143s] [吞吐率：38.25req/s] [内存消耗：1,346.72kb] [文件加载：36]
[ info ] [ LANG ] E:\phpstudy_pro\WWW\thinkphp\thinkphp\lang\zh-cn.php
[ info ] [ ROUTE ] array (
  'type' => 'module',
  'module' => 
  array (
    0 => 'admin',
    1 => 'login',
    2 => 'login',
  ),
)
[ info ] [ HEADER ] array (
  'cookie' => 'PHPSESSID=v529r7df0n87jfoidgkcms00fi',
  'accept-language' => 'zh-CN,zh;q=0.9',
  'accept-encoding' => 'gzip, deflate',
  'accept' => 'text/html,application/xhtml+xml,application/xml;q=0.9,image/avif,image/webp,image/apng,*/*;q=0.8,application/signed-exchange;v=b3;q=0.9',
  'user-agent' => 'Mozilla/5.0 (Windows NT 10.0; WOW64) AppleWebKit/537.36 (KHTML, like Gecko) Chrome/86.0.4240.198 Safari/537.36',
  'upgrade-insecure-requests' => '1',
  'connection' => 'keep-alive',
  'host' => 'hr',
  'content-length' => '',
  'content-type' => '',
)
[ info ] [ PARAM ] array (
)
[ info ] [ LOG ] INIT File
---------------------------------------------------------------
[ 2021-09-23T21:21:56+08:00 ] 127.0.0.1 GET hr/admin/login/loginJump?account=admin&password=123
[运行时间：0.031436s] [吞吐率：31.81req/s] [内存消耗：2,564.89kb] [文件加载：45]
[ info ] [ LANG ] E:\phpstudy_pro\WWW\thinkphp\thinkphp\lang\zh-cn.php
[ info ] [ ROUTE ] array (
  'type' => 'module',
  'module' => 
  array (
    0 => 'admin',
    1 => 'login',
    2 => 'loginJump',
  ),
)
[ info ] [ HEADER ] array (
  'cookie' => 'PHPSESSID=5vkki52c7e35g8nipqbbc74fvm',
  'connection' => 'keep-alive',
  'accept-encoding' => 'gzip, deflate, br',
  'host' => 'hr',
  'postman-token' => 'a7984b6c-3a2e-4c23-831c-b9bd8cae0a60',
  'accept' => '*/*',
  'user-agent' => 'PostmanRuntime/7.26.8',
  'content-length' => '',
  'content-type' => '',
)
[ info ] [ PARAM ] array (
  'account' => 'admin',
  'password' => '123',
)
[ info ] [ RUN ] app\admin\controller\Login->loginJump[ E:\phpstudy_pro\WWW\thinkphp\application\admin\controller\Login.php ]
[ info ] [ DB ] INIT mysql
[ info ] [ SESSION ] INIT array (
  'id' => '',
  'var_session_id' => '',
  'prefix' => 'think',
  'type' => '',
  'auto_start' => true,
)
[ info ] [ LOG ] INIT File
[ sql ] [ DB ] CONNECT:[ UseTime:0.001010s ] mysql:host=127.0.0.1;port=3306;dbname=jc_website;charset=utf8
[ sql ] [ SQL ] SHOW COLUMNS FROM `jw_user` [ RunTime:0.000964s ]
[ sql ] [ SQL ] SELECT * FROM `jw_user` LIMIT 1 [ RunTime:0.000259s ]
---------------------------------------------------------------
[ 2021-09-23T21:21:56+08:00 ] 127.0.0.1 GET hr/admin/index/index.html
[运行时间：0.028132s] [吞吐率：35.55req/s] [内存消耗：2,522.94kb] [文件加载：44]
[ info ] [ LANG ] E:\phpstudy_pro\WWW\thinkphp\thinkphp\lang\zh-cn.php
[ info ] [ ROUTE ] array (
  'type' => 'module',
  'module' => 
  array (
    0 => 'admin',
    1 => 'index',
    2 => 'index',
  ),
)
[ info ] [ HEADER ] array (
  'host' => 'hr',
  'referer' => 'http://hr/admin/login/loginJump?account=admin&password=123',
  'cookie' => 'PHPSESSID=5vkki52c7e35g8nipqbbc74fvm',
  'connection' => 'keep-alive',
  'accept-encoding' => 'gzip, deflate, br',
  'postman-token' => 'a7984b6c-3a2e-4c23-831c-b9bd8cae0a60',
  'accept' => '*/*',
  'user-agent' => 'PostmanRuntime/7.26.8',
  'content-length' => '',
  'content-type' => '',
)
[ info ] [ PARAM ] array (
)
[ info ] [ SESSION ] INIT array (
  'id' => '',
  'var_session_id' => '',
  'prefix' => 'think',
  'type' => '',
  'auto_start' => true,
)
[ info ] [ DB ] INIT mysql
[ info ] [ RUN ] app\admin\controller\Index->Index[ E:\phpstudy_pro\WWW\thinkphp\application\admin\controller\Index.php ]
[ info ] [ VIEW ] E:\phpstudy_pro\WWW\thinkphp\public/../application/admin\view\index\index.html [ array (
  0 => 'menulist',
) ]
[ info ] [ LOG ] INIT File
[ sql ] [ DB ] CONNECT:[ UseTime:0.000869s ] mysql:host=127.0.0.1;port=3306;dbname=jc_website;charset=utf8
[ sql ] [ SQL ] SHOW COLUMNS FROM `jw_menu` [ RunTime:0.000936s ]
[ sql ] [ SQL ] SELECT * FROM `jw_menu` [ RunTime:0.000237s ]
---------------------------------------------------------------
[ 2021-09-23T21:22:07+08:00 ] 127.0.0.1 GET hr/admin/user/test
[运行时间：0.029347s] [吞吐率：34.07req/s] [内存消耗：2,533.44kb] [文件加载：43]
[ info ] [ LANG ] E:\phpstudy_pro\WWW\thinkphp\thinkphp\lang\zh-cn.php
[ info ] [ ROUTE ] array (
  'type' => 'module',
  'module' => 
  array (
    0 => 'admin',
    1 => 'user',
    2 => 'test',
  ),
)
[ info ] [ HEADER ] array (
  'cookie' => 'PHPSESSID=5vkki52c7e35g8nipqbbc74fvm',
  'connection' => 'keep-alive',
  'accept-encoding' => 'gzip, deflate, br',
  'host' => 'hr',
  'postman-token' => 'a691e635-ca57-4243-8063-528c06c06325',
  'accept' => '*/*',
  'user-agent' => 'PostmanRuntime/7.26.8',
  'content-length' => '',
  'content-type' => '',
)
[ info ] [ PARAM ] array (
)
[ info ] [ SESSION ] INIT array (
  'id' => '',
  'var_session_id' => '',
  'prefix' => 'think',
  'type' => '',
  'auto_start' => true,
)
[ info ] [ DB ] INIT mysql
[ info ] [ RUN ] app\admin\controller\User->test[ E:\phpstudy_pro\WWW\thinkphp\application\admin\controller\User.php ]
[ info ] [ LOG ] INIT File
[ sql ] [ DB ] CONNECT:[ UseTime:0.001244s ] mysql:host=127.0.0.1;port=3306;dbname=jc_website;charset=utf8
[ sql ] [ SQL ] SHOW COLUMNS FROM `jw_menu` [ RunTime:0.001094s ]
[ sql ] [ SQL ] SELECT * FROM `jw_menu` [ RunTime:0.000277s ]
---------------------------------------------------------------
[ 2021-09-23T21:23:24+08:00 ] 127.0.0.1 GET hr/admin/user/test
[运行时间：0.032020s] [吞吐率：31.23req/s] [内存消耗：2,531.65kb] [文件加载：43]
[ info ] [ LANG ] E:\phpstudy_pro\WWW\thinkphp\thinkphp\lang\zh-cn.php
[ info ] [ ROUTE ] array (
  'type' => 'module',
  'module' => 
  array (
    0 => 'admin',
    1 => 'user',
    2 => 'test',
  ),
)
[ info ] [ HEADER ] array (
  'cookie' => 'PHPSESSID=5vkki52c7e35g8nipqbbc74fvm',
  'connection' => 'keep-alive',
  'accept-encoding' => 'gzip, deflate, br',
  'host' => 'hr',
  'postman-token' => '2ee6d861-ce0f-4265-a06a-d7834f13a6a7',
  'accept' => '*/*',
  'user-agent' => 'PostmanRuntime/7.26.8',
  'content-length' => '',
  'content-type' => '',
)
[ info ] [ PARAM ] array (
)
[ info ] [ SESSION ] INIT array (
  'id' => '',
  'var_session_id' => '',
  'prefix' => 'think',
  'type' => '',
  'auto_start' => true,
)
[ info ] [ DB ] INIT mysql
[ info ] [ RUN ] app\admin\controller\User->test[ E:\phpstudy_pro\WWW\thinkphp\application\admin\controller\User.php ]
[ info ] [ LOG ] INIT File
[ sql ] [ DB ] CONNECT:[ UseTime:0.000948s ] mysql:host=127.0.0.1;port=3306;dbname=jc_website;charset=utf8
[ sql ] [ SQL ] SHOW COLUMNS FROM `jw_menu` [ RunTime:0.001000s ]
[ sql ] [ SQL ] SELECT * FROM `jw_menu` [ RunTime:0.000243s ]
---------------------------------------------------------------
[ 2021-09-23T21:23:47+08:00 ] 127.0.0.1 POST hr/admin/Login/loginJump
[运行时间：0.042899s] [吞吐率：23.31req/s] [内存消耗：2,570.28kb] [文件加载：45]
[ info ] [ LANG ] E:\phpstudy_pro\WWW\thinkphp\thinkphp\lang\zh-cn.php
[ info ] [ ROUTE ] array (
  'type' => 'module',
  'module' => 
  array (
    0 => 'admin',
    1 => 'Login',
    2 => 'loginJump',
  ),
)
[ info ] [ HEADER ] array (
  'cookie' => 'PHPSESSID=v529r7df0n87jfoidgkcms00fi',
  'accept-language' => 'zh-CN,zh;q=0.9',
  'accept-encoding' => 'gzip, deflate',
  'referer' => 'http://hr/',
  'accept' => 'text/html,application/xhtml+xml,application/xml;q=0.9,image/avif,image/webp,image/apng,*/*;q=0.8,application/signed-exchange;v=b3;q=0.9',
  'user-agent' => 'Mozilla/5.0 (Windows NT 10.0; WOW64) AppleWebKit/537.36 (KHTML, like Gecko) Chrome/86.0.4240.198 Safari/537.36',
  'content-type' => 'application/x-www-form-urlencoded',
  'origin' => 'http://hr',
  'upgrade-insecure-requests' => '1',
  'cache-control' => 'max-age=0',
  'content-length' => '39',
  'connection' => 'keep-alive',
  'host' => 'hr',
)
[ info ] [ PARAM ] array (
  'method' => 'login',
  'account' => 'admin',
  'password' => '123',
)
[ info ] [ RUN ] app\admin\controller\Login->loginJump[ E:\phpstudy_pro\WWW\thinkphp\application\admin\controller\Login.php ]
[ info ] [ DB ] INIT mysql
[ info ] [ SESSION ] INIT array (
  'id' => '',
  'var_session_id' => '',
  'prefix' => 'think',
  'type' => '',
  'auto_start' => true,
)
[ info ] [ LOG ] INIT File
[ sql ] [ DB ] CONNECT:[ UseTime:0.000960s ] mysql:host=127.0.0.1;port=3306;dbname=jc_website;charset=utf8
[ sql ] [ SQL ] SHOW COLUMNS FROM `jw_user` [ RunTime:0.001094s ]
[ sql ] [ SQL ] SELECT * FROM `jw_user` LIMIT 1 [ RunTime:0.000273s ]
---------------------------------------------------------------
[ 2021-09-23T21:23:47+08:00 ] 127.0.0.1 GET hr/admin/index/index.html
[运行时间：0.029062s] [吞吐率：34.41req/s] [内存消耗：2,525.80kb] [文件加载：44]
[ info ] [ LANG ] E:\phpstudy_pro\WWW\thinkphp\thinkphp\lang\zh-cn.php
[ info ] [ ROUTE ] array (
  'type' => 'module',
  'module' => 
  array (
    0 => 'admin',
    1 => 'index',
    2 => 'index',
  ),
)
[ info ] [ HEADER ] array (
  'cookie' => 'PHPSESSID=v529r7df0n87jfoidgkcms00fi',
  'accept-language' => 'zh-CN,zh;q=0.9',
  'accept-encoding' => 'gzip, deflate',
  'referer' => 'http://hr/',
  'accept' => 'text/html,application/xhtml+xml,application/xml;q=0.9,image/avif,image/webp,image/apng,*/*;q=0.8,application/signed-exchange;v=b3;q=0.9',
  'user-agent' => 'Mozilla/5.0 (Windows NT 10.0; WOW64) AppleWebKit/537.36 (KHTML, like Gecko) Chrome/86.0.4240.198 Safari/537.36',
  'upgrade-insecure-requests' => '1',
  'cache-control' => 'max-age=0',
  'connection' => 'keep-alive',
  'host' => 'hr',
  'content-length' => '',
  'content-type' => '',
)
[ info ] [ PARAM ] array (
)
[ info ] [ SESSION ] INIT array (
  'id' => '',
  'var_session_id' => '',
  'prefix' => 'think',
  'type' => '',
  'auto_start' => true,
)
[ info ] [ DB ] INIT mysql
[ info ] [ RUN ] app\admin\controller\Index->Index[ E:\phpstudy_pro\WWW\thinkphp\application\admin\controller\Index.php ]
[ info ] [ VIEW ] E:\phpstudy_pro\WWW\thinkphp\public/../application/admin\view\index\index.html [ array (
  0 => 'menulist',
) ]
[ info ] [ LOG ] INIT File
[ sql ] [ DB ] CONNECT:[ UseTime:0.000961s ] mysql:host=127.0.0.1;port=3306;dbname=jc_website;charset=utf8
[ sql ] [ SQL ] SHOW COLUMNS FROM `jw_menu` [ RunTime:0.001014s ]
[ sql ] [ SQL ] SELECT * FROM `jw_menu` [ RunTime:0.000272s ]
---------------------------------------------------------------
[ 2021-09-23T21:46:13+08:00 ] 127.0.0.1 GET hr/admin/user/test
[运行时间：0.033109s] [吞吐率：30.20req/s] [内存消耗：2,531.65kb] [文件加载：43]
[ info ] [ LANG ] E:\phpstudy_pro\WWW\thinkphp\thinkphp\lang\zh-cn.php
[ info ] [ ROUTE ] array (
  'type' => 'module',
  'module' => 
  array (
    0 => 'admin',
    1 => 'user',
    2 => 'test',
  ),
)
[ info ] [ HEADER ] array (
  'cookie' => 'PHPSESSID=5vkki52c7e35g8nipqbbc74fvm',
  'connection' => 'keep-alive',
  'accept-encoding' => 'gzip, deflate, br',
  'host' => 'hr',
  'postman-token' => '2d3986fd-ea55-4636-ae24-28cfc3990470',
  'accept' => '*/*',
  'user-agent' => 'PostmanRuntime/7.26.8',
  'content-length' => '',
  'content-type' => '',
)
[ info ] [ PARAM ] array (
)
[ info ] [ SESSION ] INIT array (
  'id' => '',
  'var_session_id' => '',
  'prefix' => 'think',
  'type' => '',
  'auto_start' => true,
)
[ info ] [ DB ] INIT mysql
[ info ] [ RUN ] app\admin\controller\User->test[ E:\phpstudy_pro\WWW\thinkphp\application\admin\controller\User.php ]
[ info ] [ LOG ] INIT File
[ sql ] [ DB ] CONNECT:[ UseTime:0.001122s ] mysql:host=127.0.0.1;port=3306;dbname=jc_website;charset=utf8
[ sql ] [ SQL ] SHOW COLUMNS FROM `jw_menu` [ RunTime:0.001100s ]
[ sql ] [ SQL ] SELECT * FROM `jw_menu` [ RunTime:0.000253s ]
---------------------------------------------------------------
[ 2021-09-23T21:46:20+08:00 ] 127.0.0.1 GET hr/admin/user/test
[运行时间：0.030385s] [吞吐率：32.91req/s] [内存消耗：2,580.96kb] [文件加载：47]
[ info ] [ LANG ] E:\phpstudy_pro\WWW\thinkphp\thinkphp\lang\zh-cn.php
[ info ] [ ROUTE ] array (
  'type' => 'module',
  'module' => 
  array (
    0 => 'admin',
    1 => 'user',
    2 => 'test',
  ),
)
[ info ] [ HEADER ] array (
  'cookie' => 'PHPSESSID=5vkki52c7e35g8nipqbbc74fvm',
  'connection' => 'keep-alive',
  'accept-encoding' => 'gzip, deflate, br',
  'host' => 'hr',
  'postman-token' => '04ed74c8-d0a5-4580-87a3-1ef0c73c68e1',
  'accept' => '*/*',
  'user-agent' => 'PostmanRuntime/7.26.8',
  'content-length' => '',
  'content-type' => '',
)
[ info ] [ PARAM ] array (
)
[ info ] [ SESSION ] INIT array (
  'id' => '',
  'var_session_id' => '',
  'prefix' => 'think',
  'type' => '',
  'auto_start' => true,
)
[ info ] [ DB ] INIT mysql
[ info ] [ RUN ] app\admin\controller\User->test[ E:\phpstudy_pro\WWW\thinkphp\application\admin\controller\User.php ]
[ info ] [ LOG ] INIT File
[ sql ] [ DB ] CONNECT:[ UseTime:0.000920s ] mysql:host=127.0.0.1;port=3306;dbname=jc_website;charset=utf8
[ sql ] [ SQL ] SHOW COLUMNS FROM `jw_menu` [ RunTime:0.001027s ]
[ sql ] [ SQL ] SELECT * FROM `jw_menu` [ RunTime:0.000252s ]
[ error ] [2]Use of undefined constant a - assumed 'a' (this will throw an Error in a future version of PHP)[E:\phpstudy_pro\WWW\thinkphp\application\admin\controller\User.php:172]
---------------------------------------------------------------
[ 2021-09-23T21:54:57+08:00 ] 127.0.0.1 GET hr/admin/user/test
[运行时间：0.035426s] [吞吐率：28.23req/s] [内存消耗：2,531.65kb] [文件加载：43]
[ info ] [ LANG ] E:\phpstudy_pro\WWW\thinkphp\thinkphp\lang\zh-cn.php
[ info ] [ ROUTE ] array (
  'type' => 'module',
  'module' => 
  array (
    0 => 'admin',
    1 => 'user',
    2 => 'test',
  ),
)
[ info ] [ HEADER ] array (
  'cookie' => 'PHPSESSID=5vkki52c7e35g8nipqbbc74fvm',
  'connection' => 'keep-alive',
  'accept-encoding' => 'gzip, deflate, br',
  'host' => 'hr',
  'postman-token' => '0231418b-c0dc-4722-a408-348e6594f687',
  'accept' => '*/*',
  'user-agent' => 'PostmanRuntime/7.26.8',
  'content-length' => '',
  'content-type' => '',
)
[ info ] [ PARAM ] array (
)
[ info ] [ SESSION ] INIT array (
  'id' => '',
  'var_session_id' => '',
  'prefix' => 'think',
  'type' => '',
  'auto_start' => true,
)
[ info ] [ DB ] INIT mysql
[ info ] [ RUN ] app\admin\controller\User->test[ E:\phpstudy_pro\WWW\thinkphp\application\admin\controller\User.php ]
[ info ] [ LOG ] INIT File
[ sql ] [ DB ] CONNECT:[ UseTime:0.001144s ] mysql:host=127.0.0.1;port=3306;dbname=jc_website;charset=utf8
[ sql ] [ SQL ] SHOW COLUMNS FROM `jw_menu` [ RunTime:0.001066s ]
[ sql ] [ SQL ] SELECT * FROM `jw_menu` [ RunTime:0.000244s ]
---------------------------------------------------------------
[ 2021-09-23T22:03:02+08:00 ] 127.0.0.1 GET hr/admin/user/test
[运行时间：0.033424s] [吞吐率：29.92req/s] [内存消耗：2,531.65kb] [文件加载：43]
[ info ] [ LANG ] E:\phpstudy_pro\WWW\thinkphp\thinkphp\lang\zh-cn.php
[ info ] [ ROUTE ] array (
  'type' => 'module',
  'module' => 
  array (
    0 => 'admin',
    1 => 'user',
    2 => 'test',
  ),
)
[ info ] [ HEADER ] array (
  'cookie' => 'PHPSESSID=5vkki52c7e35g8nipqbbc74fvm',
  'connection' => 'keep-alive',
  'accept-encoding' => 'gzip, deflate, br',
  'host' => 'hr',
  'postman-token' => '9b855673-0c7e-48d5-8b8f-2171155858fa',
  'accept' => '*/*',
  'user-agent' => 'PostmanRuntime/7.26.8',
  'content-length' => '',
  'content-type' => '',
)
[ info ] [ PARAM ] array (
)
[ info ] [ SESSION ] INIT array (
  'id' => '',
  'var_session_id' => '',
  'prefix' => 'think',
  'type' => '',
  'auto_start' => true,
)
[ info ] [ DB ] INIT mysql
[ info ] [ RUN ] app\admin\controller\User->test[ E:\phpstudy_pro\WWW\thinkphp\application\admin\controller\User.php ]
[ info ] [ LOG ] INIT File
[ sql ] [ DB ] CONNECT:[ UseTime:0.001227s ] mysql:host=127.0.0.1;port=3306;dbname=jc_website;charset=utf8
[ sql ] [ SQL ] SHOW COLUMNS FROM `jw_menu` [ RunTime:0.001094s ]
[ sql ] [ SQL ] SELECT * FROM `jw_menu` [ RunTime:0.000250s ]
---------------------------------------------------------------
[ 2021-09-23T22:03:14+08:00 ] 127.0.0.1 GET hr/admin/user/test
[运行时间：0.026646s] [吞吐率：37.53req/s] [内存消耗：2,531.65kb] [文件加载：43]
[ info ] [ LANG ] E:\phpstudy_pro\WWW\thinkphp\thinkphp\lang\zh-cn.php
[ info ] [ ROUTE ] array (
  'type' => 'module',
  'module' => 
  array (
    0 => 'admin',
    1 => 'user',
    2 => 'test',
  ),
)
[ info ] [ HEADER ] array (
  'cookie' => 'PHPSESSID=5vkki52c7e35g8nipqbbc74fvm',
  'connection' => 'keep-alive',
  'accept-encoding' => 'gzip, deflate, br',
  'host' => 'hr',
  'postman-token' => '9214e8d1-e55c-46dd-ab8c-9b75575eeb63',
  'accept' => '*/*',
  'user-agent' => 'PostmanRuntime/7.26.8',
  'content-length' => '',
  'content-type' => '',
)
[ info ] [ PARAM ] array (
)
[ info ] [ SESSION ] INIT array (
  'id' => '',
  'var_session_id' => '',
  'prefix' => 'think',
  'type' => '',
  'auto_start' => true,
)
[ info ] [ DB ] INIT mysql
[ info ] [ RUN ] app\admin\controller\User->test[ E:\phpstudy_pro\WWW\thinkphp\application\admin\controller\User.php ]
[ info ] [ LOG ] INIT File
[ sql ] [ DB ] CONNECT:[ UseTime:0.000914s ] mysql:host=127.0.0.1;port=3306;dbname=jc_website;charset=utf8
[ sql ] [ SQL ] SHOW COLUMNS FROM `jw_menu` [ RunTime:0.000961s ]
[ sql ] [ SQL ] SELECT * FROM `jw_menu` [ RunTime:0.000239s ]
---------------------------------------------------------------
[ 2021-09-23T22:12:06+08:00 ] 127.0.0.1 GET hr/admin/user/test
[运行时间：0.033171s] [吞吐率：30.15req/s] [内存消耗：2,531.65kb] [文件加载：43]
[ info ] [ LANG ] E:\phpstudy_pro\WWW\thinkphp\thinkphp\lang\zh-cn.php
[ info ] [ ROUTE ] array (
  'type' => 'module',
  'module' => 
  array (
    0 => 'admin',
    1 => 'user',
    2 => 'test',
  ),
)
[ info ] [ HEADER ] array (
  'cookie' => 'PHPSESSID=5vkki52c7e35g8nipqbbc74fvm',
  'connection' => 'keep-alive',
  'accept-encoding' => 'gzip, deflate, br',
  'host' => 'hr',
  'postman-token' => '7a5e78fd-01bb-41dc-9ffb-40a2e8c489be',
  'accept' => '*/*',
  'user-agent' => 'PostmanRuntime/7.26.8',
  'content-length' => '',
  'content-type' => '',
)
[ info ] [ PARAM ] array (
)
[ info ] [ SESSION ] INIT array (
  'id' => '',
  'var_session_id' => '',
  'prefix' => 'think',
  'type' => '',
  'auto_start' => true,
)
[ info ] [ DB ] INIT mysql
[ info ] [ RUN ] app\admin\controller\User->test[ E:\phpstudy_pro\WWW\thinkphp\application\admin\controller\User.php ]
[ info ] [ LOG ] INIT File
[ sql ] [ DB ] CONNECT:[ UseTime:0.001125s ] mysql:host=127.0.0.1;port=3306;dbname=jc_website;charset=utf8
[ sql ] [ SQL ] SHOW COLUMNS FROM `jw_menu` [ RunTime:0.001066s ]
[ sql ] [ SQL ] SELECT * FROM `jw_menu` [ RunTime:0.000244s ]
---------------------------------------------------------------
[ 2021-09-23T22:12:29+08:00 ] 127.0.0.1 GET hr/admin/user/test
[运行时间：0.026792s] [吞吐率：37.32req/s] [内存消耗：2,531.65kb] [文件加载：43]
[ info ] [ LANG ] E:\phpstudy_pro\WWW\thinkphp\thinkphp\lang\zh-cn.php
[ info ] [ ROUTE ] array (
  'type' => 'module',
  'module' => 
  array (
    0 => 'admin',
    1 => 'user',
    2 => 'test',
  ),
)
[ info ] [ HEADER ] array (
  'cookie' => 'PHPSESSID=5vkki52c7e35g8nipqbbc74fvm',
  'connection' => 'keep-alive',
  'accept-encoding' => 'gzip, deflate, br',
  'host' => 'hr',
  'postman-token' => '3cbaf349-facb-47de-9b4f-d889f958100a',
  'accept' => '*/*',
  'user-agent' => 'PostmanRuntime/7.26.8',
  'content-length' => '',
  'content-type' => '',
)
[ info ] [ PARAM ] array (
)
[ info ] [ SESSION ] INIT array (
  'id' => '',
  'var_session_id' => '',
  'prefix' => 'think',
  'type' => '',
  'auto_start' => true,
)
[ info ] [ DB ] INIT mysql
[ info ] [ RUN ] app\admin\controller\User->test[ E:\phpstudy_pro\WWW\thinkphp\application\admin\controller\User.php ]
[ info ] [ LOG ] INIT File
[ sql ] [ DB ] CONNECT:[ UseTime:0.000893s ] mysql:host=127.0.0.1;port=3306;dbname=jc_website;charset=utf8
[ sql ] [ SQL ] SHOW COLUMNS FROM `jw_menu` [ RunTime:0.000948s ]
[ sql ] [ SQL ] SELECT * FROM `jw_menu` [ RunTime:0.000239s ]
---------------------------------------------------------------
[ 2021-09-23T22:12:37+08:00 ] 127.0.0.1 GET hr/admin/user/test
[运行时间：0.029946s] [吞吐率：33.39req/s] [内存消耗：2,531.65kb] [文件加载：43]
[ info ] [ LANG ] E:\phpstudy_pro\WWW\thinkphp\thinkphp\lang\zh-cn.php
[ info ] [ ROUTE ] array (
  'type' => 'module',
  'module' => 
  array (
    0 => 'admin',
    1 => 'user',
    2 => 'test',
  ),
)
[ info ] [ HEADER ] array (
  'cookie' => 'PHPSESSID=5vkki52c7e35g8nipqbbc74fvm',
  'connection' => 'keep-alive',
  'accept-encoding' => 'gzip, deflate, br',
  'host' => 'hr',
  'postman-token' => '737bf482-e750-4adb-aa7f-19c893e40c8e',
  'accept' => '*/*',
  'user-agent' => 'PostmanRuntime/7.26.8',
  'content-length' => '',
  'content-type' => '',
)
[ info ] [ PARAM ] array (
)
[ info ] [ SESSION ] INIT array (
  'id' => '',
  'var_session_id' => '',
  'prefix' => 'think',
  'type' => '',
  'auto_start' => true,
)
[ info ] [ DB ] INIT mysql
[ info ] [ RUN ] app\admin\controller\User->test[ E:\phpstudy_pro\WWW\thinkphp\application\admin\controller\User.php ]
[ info ] [ LOG ] INIT File
[ sql ] [ DB ] CONNECT:[ UseTime:0.000993s ] mysql:host=127.0.0.1;port=3306;dbname=jc_website;charset=utf8
[ sql ] [ SQL ] SHOW COLUMNS FROM `jw_menu` [ RunTime:0.000827s ]
[ sql ] [ SQL ] SELECT * FROM `jw_menu` [ RunTime:0.000243s ]
---------------------------------------------------------------
[ 2021-09-23T22:12:46+08:00 ] 127.0.0.1 GET hr/admin/user/test
[运行时间：0.029023s] [吞吐率：34.46req/s] [内存消耗：2,531.65kb] [文件加载：43]
[ info ] [ LANG ] E:\phpstudy_pro\WWW\thinkphp\thinkphp\lang\zh-cn.php
[ info ] [ ROUTE ] array (
  'type' => 'module',
  'module' => 
  array (
    0 => 'admin',
    1 => 'user',
    2 => 'test',
  ),
)
[ info ] [ HEADER ] array (
  'cookie' => 'PHPSESSID=5vkki52c7e35g8nipqbbc74fvm',
  'connection' => 'keep-alive',
  'accept-encoding' => 'gzip, deflate, br',
  'host' => 'hr',
  'postman-token' => '822c86d6-d434-4d26-9e3a-ae7e5f5a646b',
  'accept' => '*/*',
  'user-agent' => 'PostmanRuntime/7.26.8',
  'content-length' => '',
  'content-type' => '',
)
[ info ] [ PARAM ] array (
)
[ info ] [ SESSION ] INIT array (
  'id' => '',
  'var_session_id' => '',
  'prefix' => 'think',
  'type' => '',
  'auto_start' => true,
)
[ info ] [ DB ] INIT mysql
[ info ] [ RUN ] app\admin\controller\User->test[ E:\phpstudy_pro\WWW\thinkphp\application\admin\controller\User.php ]
[ info ] [ LOG ] INIT File
[ sql ] [ DB ] CONNECT:[ UseTime:0.000917s ] mysql:host=127.0.0.1;port=3306;dbname=jc_website;charset=utf8
[ sql ] [ SQL ] SHOW COLUMNS FROM `jw_menu` [ RunTime:0.000981s ]
[ sql ] [ SQL ] SELECT * FROM `jw_menu` [ RunTime:0.000258s ]
---------------------------------------------------------------
[ 2021-09-23T22:16:10+08:00 ] 127.0.0.1 GET hr/admin/user/test
[运行时间：0.037097s] [吞吐率：26.96req/s] [内存消耗：2,531.89kb] [文件加载：43]
[ info ] [ LANG ] E:\phpstudy_pro\WWW\thinkphp\thinkphp\lang\zh-cn.php
[ info ] [ ROUTE ] array (
  'type' => 'module',
  'module' => 
  array (
    0 => 'admin',
    1 => 'user',
    2 => 'test',
  ),
)
[ info ] [ HEADER ] array (
  'cookie' => 'PHPSESSID=5vkki52c7e35g8nipqbbc74fvm',
  'connection' => 'keep-alive',
  'accept-encoding' => 'gzip, deflate, br',
  'host' => 'hr',
  'postman-token' => 'cc46e521-a086-4940-8ad7-79cb66e060fb',
  'accept' => '*/*',
  'user-agent' => 'PostmanRuntime/7.26.8',
  'content-length' => '',
  'content-type' => '',
)
[ info ] [ PARAM ] array (
)
[ info ] [ SESSION ] INIT array (
  'id' => '',
  'var_session_id' => '',
  'prefix' => 'think',
  'type' => '',
  'auto_start' => true,
)
[ info ] [ DB ] INIT mysql
[ info ] [ RUN ] app\admin\controller\User->test[ E:\phpstudy_pro\WWW\thinkphp\application\admin\controller\User.php ]
[ info ] [ LOG ] INIT File
[ sql ] [ DB ] CONNECT:[ UseTime:0.001109s ] mysql:host=127.0.0.1;port=3306;dbname=jc_website;charset=utf8
[ sql ] [ SQL ] SHOW COLUMNS FROM `jw_menu` [ RunTime:0.000871s ]
[ sql ] [ SQL ] SELECT * FROM `jw_menu` [ RunTime:0.000248s ]
---------------------------------------------------------------
[ 2021-09-23T22:16:23+08:00 ] 127.0.0.1 POST hr/admin/user/test
[运行时间：0.030049s] [吞吐率：33.28req/s] [内存消耗：2,531.46kb] [文件加载：43]
[ info ] [ LANG ] E:\phpstudy_pro\WWW\thinkphp\thinkphp\lang\zh-cn.php
[ info ] [ ROUTE ] array (
  'type' => 'module',
  'module' => 
  array (
    0 => 'admin',
    1 => 'user',
    2 => 'test',
  ),
)
[ info ] [ HEADER ] array (
  'content-length' => '0',
  'cookie' => 'PHPSESSID=5vkki52c7e35g8nipqbbc74fvm',
  'connection' => 'keep-alive',
  'accept-encoding' => 'gzip, deflate, br',
  'host' => 'hr',
  'postman-token' => '818f127d-cfc3-434e-871e-d2e313e44a35',
  'accept' => '*/*',
  'user-agent' => 'PostmanRuntime/7.26.8',
  'content-type' => '',
)
[ info ] [ PARAM ] array (
)
[ info ] [ SESSION ] INIT array (
  'id' => '',
  'var_session_id' => '',
  'prefix' => 'think',
  'type' => '',
  'auto_start' => true,
)
[ info ] [ DB ] INIT mysql
[ info ] [ RUN ] app\admin\controller\User->test[ E:\phpstudy_pro\WWW\thinkphp\application\admin\controller\User.php ]
[ info ] [ LOG ] INIT File
[ sql ] [ DB ] CONNECT:[ UseTime:0.000901s ] mysql:host=127.0.0.1;port=3306;dbname=jc_website;charset=utf8
[ sql ] [ SQL ] SHOW COLUMNS FROM `jw_menu` [ RunTime:0.000955s ]
[ sql ] [ SQL ] SELECT * FROM `jw_menu` [ RunTime:0.000276s ]
---------------------------------------------------------------
[ 2021-09-23T22:16:48+08:00 ] 127.0.0.1 POST hr/admin/user/test
[运行时间：0.027599s] [吞吐率：36.23req/s] [内存消耗：2,531.46kb] [文件加载：43]
[ info ] [ LANG ] E:\phpstudy_pro\WWW\thinkphp\thinkphp\lang\zh-cn.php
[ info ] [ ROUTE ] array (
  'type' => 'module',
  'module' => 
  array (
    0 => 'admin',
    1 => 'user',
    2 => 'test',
  ),
)
[ info ] [ HEADER ] array (
  'content-length' => '0',
  'cookie' => 'PHPSESSID=5vkki52c7e35g8nipqbbc74fvm',
  'connection' => 'keep-alive',
  'accept-encoding' => 'gzip, deflate, br',
  'host' => 'hr',
  'postman-token' => '59ea9368-c1f6-414b-a6a0-e56d38af079f',
  'accept' => '*/*',
  'user-agent' => 'PostmanRuntime/7.26.8',
  'content-type' => '',
)
[ info ] [ PARAM ] array (
)
[ info ] [ SESSION ] INIT array (
  'id' => '',
  'var_session_id' => '',
  'prefix' => 'think',
  'type' => '',
  'auto_start' => true,
)
[ info ] [ DB ] INIT mysql
[ info ] [ RUN ] app\admin\controller\User->test[ E:\phpstudy_pro\WWW\thinkphp\application\admin\controller\User.php ]
[ info ] [ LOG ] INIT File
[ sql ] [ DB ] CONNECT:[ UseTime:0.000918s ] mysql:host=127.0.0.1;port=3306;dbname=jc_website;charset=utf8
[ sql ] [ SQL ] SHOW COLUMNS FROM `jw_menu` [ RunTime:0.000727s ]
[ sql ] [ SQL ] SELECT * FROM `jw_menu` [ RunTime:0.000231s ]
---------------------------------------------------------------
[ 2021-09-23T22:32:45+08:00 ] 127.0.0.1 POST hr/admin/user/test
[运行时间：0.032561s] [吞吐率：30.71req/s] [内存消耗：2,533.01kb] [文件加载：43]
[ info ] [ LANG ] E:\phpstudy_pro\WWW\thinkphp\thinkphp\lang\zh-cn.php
[ info ] [ ROUTE ] array (
  'type' => 'module',
  'module' => 
  array (
    0 => 'admin',
    1 => 'user',
    2 => 'test',
  ),
)
[ info ] [ HEADER ] array (
  'content-length' => '0',
  'cookie' => 'PHPSESSID=5vkki52c7e35g8nipqbbc74fvm',
  'connection' => 'keep-alive',
  'accept-encoding' => 'gzip, deflate, br',
  'host' => 'hr',
  'postman-token' => 'd2138763-0d8d-4c4b-8e28-13bf667c8334',
  'accept' => '*/*',
  'user-agent' => 'PostmanRuntime/7.26.8',
  'content-type' => '',
)
[ info ] [ PARAM ] array (
)
[ info ] [ SESSION ] INIT array (
  'id' => '',
  'var_session_id' => '',
  'prefix' => 'think',
  'type' => '',
  'auto_start' => true,
)
[ info ] [ DB ] INIT mysql
[ info ] [ RUN ] app\admin\controller\User->test[ E:\phpstudy_pro\WWW\thinkphp\application\admin\controller\User.php ]
[ info ] [ LOG ] INIT File
[ sql ] [ DB ] CONNECT:[ UseTime:0.001125s ] mysql:host=127.0.0.1;port=3306;dbname=jc_website;charset=utf8
[ sql ] [ SQL ] SHOW COLUMNS FROM `jw_menu` [ RunTime:0.000861s ]
[ sql ] [ SQL ] SELECT * FROM `jw_menu` [ RunTime:0.000244s ]
---------------------------------------------------------------
[ 2021-09-23T22:34:13+08:00 ] 127.0.0.1 POST hr/admin/user/test
[运行时间：0.027385s] [吞吐率：36.52req/s] [内存消耗：2,533.51kb] [文件加载：43]
[ info ] [ LANG ] E:\phpstudy_pro\WWW\thinkphp\thinkphp\lang\zh-cn.php
[ info ] [ ROUTE ] array (
  'type' => 'module',
  'module' => 
  array (
    0 => 'admin',
    1 => 'user',
    2 => 'test',
  ),
)
[ info ] [ HEADER ] array (
  'content-length' => '0',
  'cookie' => 'PHPSESSID=5vkki52c7e35g8nipqbbc74fvm',
  'connection' => 'keep-alive',
  'accept-encoding' => 'gzip, deflate, br',
  'host' => 'hr',
  'postman-token' => '3f0da95d-3ec2-4fa7-810c-51580c465336',
  'accept' => '*/*',
  'user-agent' => 'PostmanRuntime/7.26.8',
  'content-type' => '',
)
[ info ] [ PARAM ] array (
)
[ info ] [ SESSION ] INIT array (
  'id' => '',
  'var_session_id' => '',
  'prefix' => 'think',
  'type' => '',
  'auto_start' => true,
)
[ info ] [ DB ] INIT mysql
[ info ] [ RUN ] app\admin\controller\User->test[ E:\phpstudy_pro\WWW\thinkphp\application\admin\controller\User.php ]
[ info ] [ LOG ] INIT File
[ sql ] [ DB ] CONNECT:[ UseTime:0.000942s ] mysql:host=127.0.0.1;port=3306;dbname=jc_website;charset=utf8
[ sql ] [ SQL ] SHOW COLUMNS FROM `jw_menu` [ RunTime:0.000768s ]
[ sql ] [ SQL ] SELECT * FROM `jw_menu` [ RunTime:0.000231s ]
---------------------------------------------------------------
[ 2021-09-23T22:38:11+08:00 ] 127.0.0.1 POST hr/admin/user/test
[运行时间：0.040981s] [吞吐率：24.40req/s] [内存消耗：2,533.51kb] [文件加载：43]
[ info ] [ LANG ] E:\phpstudy_pro\WWW\thinkphp\thinkphp\lang\zh-cn.php
[ info ] [ ROUTE ] array (
  'type' => 'module',
  'module' => 
  array (
    0 => 'admin',
    1 => 'user',
    2 => 'test',
  ),
)
[ info ] [ HEADER ] array (
  'content-length' => '0',
  'cookie' => 'PHPSESSID=5vkki52c7e35g8nipqbbc74fvm',
  'connection' => 'keep-alive',
  'accept-encoding' => 'gzip, deflate, br',
  'host' => 'hr',
  'postman-token' => '6c9de9a3-17c0-4bf3-abeb-2ef622cdc14f',
  'accept' => '*/*',
  'user-agent' => 'PostmanRuntime/7.26.8',
  'content-type' => '',
)
[ info ] [ PARAM ] array (
)
[ info ] [ SESSION ] INIT array (
  'id' => '',
  'var_session_id' => '',
  'prefix' => 'think',
  'type' => '',
  'auto_start' => true,
)
[ info ] [ DB ] INIT mysql
[ info ] [ RUN ] app\admin\controller\User->test[ E:\phpstudy_pro\WWW\thinkphp\application\admin\controller\User.php ]
[ info ] [ LOG ] INIT File
[ sql ] [ DB ] CONNECT:[ UseTime:0.009546s ] mysql:host=127.0.0.1;port=3306;dbname=jc_website;charset=utf8
[ sql ] [ SQL ] SHOW COLUMNS FROM `jw_menu` [ RunTime:0.000775s ]
[ sql ] [ SQL ] SELECT * FROM `jw_menu` [ RunTime:0.000238s ]
---------------------------------------------------------------
[ 2021-09-23T22:38:51+08:00 ] 127.0.0.1 POST hr/admin/user/test
[运行时间：0.026965s] [吞吐率：37.09req/s] [内存消耗：2,533.51kb] [文件加载：43]
[ info ] [ LANG ] E:\phpstudy_pro\WWW\thinkphp\thinkphp\lang\zh-cn.php
[ info ] [ ROUTE ] array (
  'type' => 'module',
  'module' => 
  array (
    0 => 'admin',
    1 => 'user',
    2 => 'test',
  ),
)
[ info ] [ HEADER ] array (
  'content-length' => '0',
  'cookie' => 'PHPSESSID=5vkki52c7e35g8nipqbbc74fvm',
  'connection' => 'keep-alive',
  'accept-encoding' => 'gzip, deflate, br',
  'host' => 'hr',
  'postman-token' => '4161ff90-bbfd-423a-bc81-82fdc815d36f',
  'accept' => '*/*',
  'user-agent' => 'PostmanRuntime/7.26.8',
  'content-type' => '',
)
[ info ] [ PARAM ] array (
)
[ info ] [ SESSION ] INIT array (
  'id' => '',
  'var_session_id' => '',
  'prefix' => 'think',
  'type' => '',
  'auto_start' => true,
)
[ info ] [ DB ] INIT mysql
[ info ] [ RUN ] app\admin\controller\User->test[ E:\phpstudy_pro\WWW\thinkphp\application\admin\controller\User.php ]
[ info ] [ LOG ] INIT File
[ sql ] [ DB ] CONNECT:[ UseTime:0.000942s ] mysql:host=127.0.0.1;port=3306;dbname=jc_website;charset=utf8
[ sql ] [ SQL ] SHOW COLUMNS FROM `jw_menu` [ RunTime:0.000759s ]
[ sql ] [ SQL ] SELECT * FROM `jw_menu` [ RunTime:0.000243s ]
---------------------------------------------------------------
[ 2021-09-23T22:39:25+08:00 ] 127.0.0.1 POST hr/admin/user/test
[运行时间：0.026394s] [吞吐率：37.89req/s] [内存消耗：2,533.51kb] [文件加载：43]
[ info ] [ LANG ] E:\phpstudy_pro\WWW\thinkphp\thinkphp\lang\zh-cn.php
[ info ] [ ROUTE ] array (
  'type' => 'module',
  'module' => 
  array (
    0 => 'admin',
    1 => 'user',
    2 => 'test',
  ),
)
[ info ] [ HEADER ] array (
  'content-length' => '0',
  'cookie' => 'PHPSESSID=5vkki52c7e35g8nipqbbc74fvm',
  'connection' => 'keep-alive',
  'accept-encoding' => 'gzip, deflate, br',
  'host' => 'hr',
  'postman-token' => '3c42f691-77ea-42d8-9130-3da9379ba7e5',
  'accept' => '*/*',
  'user-agent' => 'PostmanRuntime/7.26.8',
  'content-type' => '',
)
[ info ] [ PARAM ] array (
)
[ info ] [ SESSION ] INIT array (
  'id' => '',
  'var_session_id' => '',
  'prefix' => 'think',
  'type' => '',
  'auto_start' => true,
)
[ info ] [ DB ] INIT mysql
[ info ] [ RUN ] app\admin\controller\User->test[ E:\phpstudy_pro\WWW\thinkphp\application\admin\controller\User.php ]
[ info ] [ LOG ] INIT File
[ sql ] [ DB ] CONNECT:[ UseTime:0.000908s ] mysql:host=127.0.0.1;port=3306;dbname=jc_website;charset=utf8
[ sql ] [ SQL ] SHOW COLUMNS FROM `jw_menu` [ RunTime:0.000788s ]
[ sql ] [ SQL ] SELECT * FROM `jw_menu` [ RunTime:0.000238s ]
---------------------------------------------------------------
[ 2021-09-23T22:40:40+08:00 ] 127.0.0.1 POST hr/admin/user/test
[运行时间：0.032229s] [吞吐率：31.03req/s] [内存消耗：2,533.01kb] [文件加载：43]
[ info ] [ LANG ] E:\phpstudy_pro\WWW\thinkphp\thinkphp\lang\zh-cn.php
[ info ] [ ROUTE ] array (
  'type' => 'module',
  'module' => 
  array (
    0 => 'admin',
    1 => 'user',
    2 => 'test',
  ),
)
[ info ] [ HEADER ] array (
  'content-length' => '0',
  'cookie' => 'PHPSESSID=5vkki52c7e35g8nipqbbc74fvm',
  'connection' => 'keep-alive',
  'accept-encoding' => 'gzip, deflate, br',
  'host' => 'hr',
  'postman-token' => '22832124-343c-467e-9a24-70a4b4fbfd9a',
  'accept' => '*/*',
  'user-agent' => 'PostmanRuntime/7.26.8',
  'content-type' => '',
)
[ info ] [ PARAM ] array (
)
[ info ] [ SESSION ] INIT array (
  'id' => '',
  'var_session_id' => '',
  'prefix' => 'think',
  'type' => '',
  'auto_start' => true,
)
[ info ] [ DB ] INIT mysql
[ info ] [ RUN ] app\admin\controller\User->test[ E:\phpstudy_pro\WWW\thinkphp\application\admin\controller\User.php ]
[ info ] [ LOG ] INIT File
[ sql ] [ DB ] CONNECT:[ UseTime:0.000920s ] mysql:host=127.0.0.1;port=3306;dbname=jc_website;charset=utf8
[ sql ] [ SQL ] SHOW COLUMNS FROM `jw_menu` [ RunTime:0.000806s ]
[ sql ] [ SQL ] SELECT * FROM `jw_menu` [ RunTime:0.000237s ]
---------------------------------------------------------------
[ 2021-09-23T22:43:23+08:00 ] 127.0.0.1 POST hr/admin/user/test
[运行时间：0.042294s] [吞吐率：23.64req/s] [内存消耗：2,533.01kb] [文件加载：43]
[ info ] [ LANG ] E:\phpstudy_pro\WWW\thinkphp\thinkphp\lang\zh-cn.php
[ info ] [ ROUTE ] array (
  'type' => 'module',
  'module' => 
  array (
    0 => 'admin',
    1 => 'user',
    2 => 'test',
  ),
)
[ info ] [ HEADER ] array (
  'content-length' => '0',
  'cookie' => 'PHPSESSID=5vkki52c7e35g8nipqbbc74fvm',
  'connection' => 'keep-alive',
  'accept-encoding' => 'gzip, deflate, br',
  'host' => 'hr',
  'postman-token' => 'b1c8e7a5-eee9-44fa-910f-55209553ec42',
  'accept' => '*/*',
  'user-agent' => 'PostmanRuntime/7.26.8',
  'content-type' => '',
)
[ info ] [ PARAM ] array (
)
[ info ] [ SESSION ] INIT array (
  'id' => '',
  'var_session_id' => '',
  'prefix' => 'think',
  'type' => '',
  'auto_start' => true,
)
[ info ] [ DB ] INIT mysql
[ info ] [ RUN ] app\admin\controller\User->test[ E:\phpstudy_pro\WWW\thinkphp\application\admin\controller\User.php ]
[ info ] [ LOG ] INIT File
[ sql ] [ DB ] CONNECT:[ UseTime:0.010337s ] mysql:host=127.0.0.1;port=3306;dbname=jc_website;charset=utf8
[ sql ] [ SQL ] SHOW COLUMNS FROM `jw_menu` [ RunTime:0.000827s ]
[ sql ] [ SQL ] SELECT * FROM `jw_menu` [ RunTime:0.000260s ]
---------------------------------------------------------------
[ 2021-09-23T22:46:58+08:00 ] 127.0.0.1 POST hr/admin/user/test
[运行时间：0.042645s] [吞吐率：23.45req/s] [内存消耗：2,533.01kb] [文件加载：43]
[ info ] [ LANG ] E:\phpstudy_pro\WWW\thinkphp\thinkphp\lang\zh-cn.php
[ info ] [ ROUTE ] array (
  'type' => 'module',
  'module' => 
  array (
    0 => 'admin',
    1 => 'user',
    2 => 'test',
  ),
)
[ info ] [ HEADER ] array (
  'content-length' => '0',
  'cookie' => 'PHPSESSID=5vkki52c7e35g8nipqbbc74fvm',
  'connection' => 'keep-alive',
  'accept-encoding' => 'gzip, deflate, br',
  'host' => 'hr',
  'postman-token' => 'ad9b95c7-dc55-4187-9844-ca31959aa37e',
  'accept' => '*/*',
  'user-agent' => 'PostmanRuntime/7.26.8',
  'content-type' => '',
)
[ info ] [ PARAM ] array (
)
[ info ] [ SESSION ] INIT array (
  'id' => '',
  'var_session_id' => '',
  'prefix' => 'think',
  'type' => '',
  'auto_start' => true,
)
[ info ] [ DB ] INIT mysql
[ info ] [ RUN ] app\admin\controller\User->test[ E:\phpstudy_pro\WWW\thinkphp\application\admin\controller\User.php ]
[ info ] [ LOG ] INIT File
[ sql ] [ DB ] CONNECT:[ UseTime:0.009702s ] mysql:host=127.0.0.1;port=3306;dbname=jc_website;charset=utf8
[ sql ] [ SQL ] SHOW COLUMNS FROM `jw_menu` [ RunTime:0.000870s ]
[ sql ] [ SQL ] SELECT * FROM `jw_menu` [ RunTime:0.000247s ]
---------------------------------------------------------------
[ 2021-09-23T22:47:46+08:00 ] 127.0.0.1 POST hr/admin/user/test
[运行时间：0.026530s] [吞吐率：37.69req/s] [内存消耗：2,533.01kb] [文件加载：43]
[ info ] [ LANG ] E:\phpstudy_pro\WWW\thinkphp\thinkphp\lang\zh-cn.php
[ info ] [ ROUTE ] array (
  'type' => 'module',
  'module' => 
  array (
    0 => 'admin',
    1 => 'user',
    2 => 'test',
  ),
)
[ info ] [ HEADER ] array (
  'content-length' => '0',
  'cookie' => 'PHPSESSID=5vkki52c7e35g8nipqbbc74fvm',
  'connection' => 'keep-alive',
  'accept-encoding' => 'gzip, deflate, br',
  'host' => 'hr',
  'postman-token' => '50a9822e-8216-44ab-9511-8b10eab37471',
  'accept' => '*/*',
  'user-agent' => 'PostmanRuntime/7.26.8',
  'content-type' => '',
)
[ info ] [ PARAM ] array (
)
[ info ] [ SESSION ] INIT array (
  'id' => '',
  'var_session_id' => '',
  'prefix' => 'think',
  'type' => '',
  'auto_start' => true,
)
[ info ] [ DB ] INIT mysql
[ info ] [ RUN ] app\admin\controller\User->test[ E:\phpstudy_pro\WWW\thinkphp\application\admin\controller\User.php ]
[ info ] [ LOG ] INIT File
[ sql ] [ DB ] CONNECT:[ UseTime:0.000991s ] mysql:host=127.0.0.1;port=3306;dbname=jc_website;charset=utf8
[ sql ] [ SQL ] SHOW COLUMNS FROM `jw_menu` [ RunTime:0.000782s ]
[ sql ] [ SQL ] SELECT * FROM `jw_menu` [ RunTime:0.000241s ]
---------------------------------------------------------------
[ 2021-09-23T22:48:42+08:00 ] 127.0.0.1 POST hr/admin/user/test
[运行时间：0.026578s] [吞吐率：37.62req/s] [内存消耗：2,533.02kb] [文件加载：43]
[ info ] [ LANG ] E:\phpstudy_pro\WWW\thinkphp\thinkphp\lang\zh-cn.php
[ info ] [ ROUTE ] array (
  'type' => 'module',
  'module' => 
  array (
    0 => 'admin',
    1 => 'user',
    2 => 'test',
  ),
)
[ info ] [ HEADER ] array (
  'content-length' => '0',
  'cookie' => 'PHPSESSID=5vkki52c7e35g8nipqbbc74fvm',
  'connection' => 'keep-alive',
  'accept-encoding' => 'gzip, deflate, br',
  'host' => 'hr',
  'postman-token' => '3c269124-33b1-40f9-9d52-cf08fc5efaa3',
  'accept' => '*/*',
  'user-agent' => 'PostmanRuntime/7.26.8',
  'content-type' => '',
)
[ info ] [ PARAM ] array (
)
[ info ] [ SESSION ] INIT array (
  'id' => '',
  'var_session_id' => '',
  'prefix' => 'think',
  'type' => '',
  'auto_start' => true,
)
[ info ] [ DB ] INIT mysql
[ info ] [ RUN ] app\admin\controller\User->test[ E:\phpstudy_pro\WWW\thinkphp\application\admin\controller\User.php ]
[ info ] [ LOG ] INIT File
[ sql ] [ DB ] CONNECT:[ UseTime:0.000919s ] mysql:host=127.0.0.1;port=3306;dbname=jc_website;charset=utf8
[ sql ] [ SQL ] SHOW COLUMNS FROM `jw_menu` [ RunTime:0.000762s ]
[ sql ] [ SQL ] SELECT * FROM `jw_menu` [ RunTime:0.000244s ]
---------------------------------------------------------------
[ 2021-09-23T22:49:36+08:00 ] 127.0.0.1 POST hr/admin/user/test
[运行时间：0.035628s] [吞吐率：28.07req/s] [内存消耗：2,582.58kb] [文件加载：47]
[ info ] [ LANG ] E:\phpstudy_pro\WWW\thinkphp\thinkphp\lang\zh-cn.php
[ info ] [ ROUTE ] array (
  'type' => 'module',
  'module' => 
  array (
    0 => 'admin',
    1 => 'user',
    2 => 'test',
  ),
)
[ info ] [ HEADER ] array (
  'content-length' => '0',
  'cookie' => 'PHPSESSID=5vkki52c7e35g8nipqbbc74fvm',
  'connection' => 'keep-alive',
  'accept-encoding' => 'gzip, deflate, br',
  'host' => 'hr',
  'postman-token' => '74498ac8-c9a6-47cc-8cc9-61cfa259eb1e',
  'accept' => '*/*',
  'user-agent' => 'PostmanRuntime/7.26.8',
  'content-type' => '',
)
[ info ] [ PARAM ] array (
)
[ info ] [ SESSION ] INIT array (
  'id' => '',
  'var_session_id' => '',
  'prefix' => 'think',
  'type' => '',
  'auto_start' => true,
)
[ info ] [ DB ] INIT mysql
[ info ] [ RUN ] app\admin\controller\User->test[ E:\phpstudy_pro\WWW\thinkphp\application\admin\controller\User.php ]
[ info ] [ LOG ] INIT File
[ sql ] [ DB ] CONNECT:[ UseTime:0.000930s ] mysql:host=127.0.0.1;port=3306;dbname=jc_website;charset=utf8
[ sql ] [ SQL ] SHOW COLUMNS FROM `jw_menu` [ RunTime:0.000770s ]
[ sql ] [ SQL ] SELECT * FROM `jw_menu` [ RunTime:0.000242s ]
[ error ] [8]Uninitialized string offset: 2[E:\phpstudy_pro\WWW\thinkphp\application\admin\controller\User.php:152]
---------------------------------------------------------------
[ 2021-09-23T22:50:29+08:00 ] 127.0.0.1 POST hr/admin/user/test
[运行时间：0.027316s] [吞吐率：36.61req/s] [内存消耗：2,533.02kb] [文件加载：43]
[ info ] [ LANG ] E:\phpstudy_pro\WWW\thinkphp\thinkphp\lang\zh-cn.php
[ info ] [ ROUTE ] array (
  'type' => 'module',
  'module' => 
  array (
    0 => 'admin',
    1 => 'user',
    2 => 'test',
  ),
)
[ info ] [ HEADER ] array (
  'content-length' => '0',
  'cookie' => 'PHPSESSID=5vkki52c7e35g8nipqbbc74fvm',
  'connection' => 'keep-alive',
  'accept-encoding' => 'gzip, deflate, br',
  'host' => 'hr',
  'postman-token' => '65f5cbda-cb55-4050-92e1-81387014beeb',
  'accept' => '*/*',
  'user-agent' => 'PostmanRuntime/7.26.8',
  'content-type' => '',
)
[ info ] [ PARAM ] array (
)
[ info ] [ SESSION ] INIT array (
  'id' => '',
  'var_session_id' => '',
  'prefix' => 'think',
  'type' => '',
  'auto_start' => true,
)
[ info ] [ DB ] INIT mysql
[ info ] [ RUN ] app\admin\controller\User->test[ E:\phpstudy_pro\WWW\thinkphp\application\admin\controller\User.php ]
[ info ] [ LOG ] INIT File
[ sql ] [ DB ] CONNECT:[ UseTime:0.000986s ] mysql:host=127.0.0.1;port=3306;dbname=jc_website;charset=utf8
[ sql ] [ SQL ] SHOW COLUMNS FROM `jw_menu` [ RunTime:0.000794s ]
[ sql ] [ SQL ] SELECT * FROM `jw_menu` [ RunTime:0.000243s ]
---------------------------------------------------------------
[ 2021-09-23T22:52:20+08:00 ] 127.0.0.1 GET hr/admin/user/userIndex
[运行时间：0.038224s] [吞吐率：26.16req/s] [内存消耗：2,600.03kb] [文件加载：45]
[ info ] [ LANG ] E:\phpstudy_pro\WWW\thinkphp\thinkphp\lang\zh-cn.php
[ info ] [ ROUTE ] array (
  'type' => 'module',
  'module' => 
  array (
    0 => 'admin',
    1 => 'user',
    2 => 'userIndex',
  ),
)
[ info ] [ HEADER ] array (
  'cookie' => 'PHPSESSID=v529r7df0n87jfoidgkcms00fi',
  'accept-language' => 'zh-CN,zh;q=0.9',
  'accept-encoding' => 'gzip, deflate',
  'referer' => 'http://hr/admin/index/index.html',
  'accept' => 'text/html,application/xhtml+xml,application/xml;q=0.9,image/avif,image/webp,image/apng,*/*;q=0.8,application/signed-exchange;v=b3;q=0.9',
  'user-agent' => 'Mozilla/5.0 (Windows NT 10.0; WOW64) AppleWebKit/537.36 (KHTML, like Gecko) Chrome/86.0.4240.198 Safari/537.36',
  'upgrade-insecure-requests' => '1',
  'connection' => 'keep-alive',
  'host' => 'hr',
  'content-length' => '',
  'content-type' => '',
)
[ info ] [ PARAM ] array (
)
[ info ] [ SESSION ] INIT array (
  'id' => '',
  'var_session_id' => '',
  'prefix' => 'think',
  'type' => '',
  'auto_start' => true,
)
[ info ] [ DB ] INIT mysql
[ info ] [ RUN ] app\admin\controller\User->userIndex[ E:\phpstudy_pro\WWW\thinkphp\application\admin\controller\User.php ]
[ info ] [ VIEW ] E:\phpstudy_pro\WWW\thinkphp\public/../application/admin\view\user\userindex.html [ array (
  0 => 'menulist',
) ]
[ info ] [ LOG ] INIT File
[ sql ] [ DB ] CONNECT:[ UseTime:0.001113s ] mysql:host=127.0.0.1;port=3306;dbname=jc_website;charset=utf8
[ sql ] [ SQL ] SHOW COLUMNS FROM `jw_menu` [ RunTime:0.000911s ]
[ sql ] [ SQL ] SELECT * FROM `jw_menu` [ RunTime:0.000266s ]
---------------------------------------------------------------
[ 2021-09-23T22:52:20+08:00 ] 127.0.0.1 GET hr/admin/user/userindex.html?page=1&limit=10
[运行时间：0.029284s] [吞吐率：34.15req/s] [内存消耗：2,548.27kb] [文件加载：45]
[ info ] [ LANG ] E:\phpstudy_pro\WWW\thinkphp\thinkphp\lang\zh-cn.php
[ info ] [ ROUTE ] array (
  'type' => 'module',
  'module' => 
  array (
    0 => 'admin',
    1 => 'user',
    2 => 'userindex',
  ),
)
[ info ] [ HEADER ] array (
  'cookie' => 'PHPSESSID=v529r7df0n87jfoidgkcms00fi',
  'accept-language' => 'zh-CN,zh;q=0.9',
  'accept-encoding' => 'gzip, deflate',
  'referer' => 'http://hr/admin/user/userIndex',
  'x-requested-with' => 'XMLHttpRequest',
  'user-agent' => 'Mozilla/5.0 (Windows NT 10.0; WOW64) AppleWebKit/537.36 (KHTML, like Gecko) Chrome/86.0.4240.198 Safari/537.36',
  'accept' => 'application/json, text/javascript, */*; q=0.01',
  'connection' => 'keep-alive',
  'host' => 'hr',
  'content-length' => '',
  'content-type' => '',
)
[ info ] [ PARAM ] array (
  'page' => '1',
  'limit' => '10',
)
[ info ] [ SESSION ] INIT array (
  'id' => '',
  'var_session_id' => '',
  'prefix' => 'think',
  'type' => '',
  'auto_start' => true,
)
[ info ] [ DB ] INIT mysql
[ info ] [ RUN ] app\admin\controller\User->userIndex[ E:\phpstudy_pro\WWW\thinkphp\application\admin\controller\User.php ]
[ info ] [ LOG ] INIT File
[ sql ] [ DB ] CONNECT:[ UseTime:0.000942s ] mysql:host=127.0.0.1;port=3306;dbname=jc_website;charset=utf8
[ sql ] [ SQL ] SHOW COLUMNS FROM `jw_menu` [ RunTime:0.000809s ]
[ sql ] [ SQL ] SELECT * FROM `jw_menu` [ RunTime:0.000252s ]
[ sql ] [ SQL ] SHOW COLUMNS FROM `jw_user` [ RunTime:0.000616s ]
[ sql ] [ SQL ] SELECT COUNT(id) AS tp_count FROM `jw_user` LIMIT 1 [ RunTime:0.000286s ]
[ sql ] [ SQL ] SELECT * FROM `jw_user` LIMIT 0,10 [ RunTime:0.000214s ]
