---------------------------------------------------------------
[ 2021-06-08T22:55:25+08:00 ] 127.0.0.1 GET hr/
[运行时间：0.023551s] [吞吐率：42.46req/s] [内存消耗：1,058.48kb] [文件加载：28]
[ info ] [ LANG ] D:\phpstudy_pro\thinkphp\thinkphp\lang\zh-cn.php
[ info ] [ ROUTE ] array (
  'type' => 'module',
  'module' => 
  array (
    0 => '',
    1 => NULL,
    2 => NULL,
  ),
)
[ info ] [ HEADER ] array (
  'accept-language' => 'zh-CN,zh;q=0.9',
  'accept-encoding' => 'gzip, deflate',
  'accept' => 'text/html,application/xhtml+xml,application/xml;q=0.9,image/avif,image/webp,image/apng,*/*;q=0.8,application/signed-exchange;v=b3;q=0.9',
  'user-agent' => 'Mozilla/5.0 (Windows NT 10.0; WOW64) AppleWebKit/537.36 (KHTML, like Gecko) Chrome/86.0.4240.198 Safari/537.36',
  'upgrade-insecure-requests' => '1',
  'cache-control' => 'max-age=0',
  'connection' => 'keep-alive',
  'host' => 'hr',
  'content-length' => '',
  'content-type' => '',
)
[ info ] [ PARAM ] array (
)
[ info ] [ LOG ] INIT File
---------------------------------------------------------------
[ 2021-06-08T22:55:28+08:00 ] 127.0.0.1 GET hr/
[运行时间：0.029827s] [吞吐率：33.53req/s] [内存消耗：1,058.46kb] [文件加载：28]
[ info ] [ LANG ] D:\phpstudy_pro\thinkphp\thinkphp\lang\zh-cn.php
[ info ] [ ROUTE ] array (
  'type' => 'module',
  'module' => 
  array (
    0 => '',
    1 => NULL,
    2 => NULL,
  ),
)
[ info ] [ HEADER ] array (
  'accept-language' => 'zh-CN,zh;q=0.9',
  'accept-encoding' => 'gzip, deflate',
  'accept' => 'text/html,application/xhtml+xml,application/xml;q=0.9,image/avif,image/webp,image/apng,*/*;q=0.8,application/signed-exchange;v=b3;q=0.9',
  'user-agent' => 'Mozilla/5.0 (Windows NT 10.0; WOW64) AppleWebKit/537.36 (KHTML, like Gecko) Chrome/86.0.4240.198 Safari/537.36',
  'upgrade-insecure-requests' => '1',
  'cache-control' => 'max-age=0',
  'connection' => 'keep-alive',
  'host' => 'hr',
  'content-length' => '',
  'content-type' => '',
)
[ info ] [ PARAM ] array (
)
[ info ] [ LOG ] INIT File
---------------------------------------------------------------
[ 2021-06-08T23:11:06+08:00 ] 127.0.0.1 GET hr/
[运行时间：0.019415s] [吞吐率：51.51req/s] [内存消耗：1,299.76kb] [文件加载：35]
[ info ] [ LANG ] D:\phpstudy_pro\thinkphp\thinkphp\lang\zh-cn.php
[ info ] [ ROUTE ] array (
  'type' => 'module',
  'module' => 
  array (
    0 => '',
    1 => NULL,
    2 => NULL,
  ),
)
[ info ] [ HEADER ] array (
  'accept-language' => 'zh-CN,zh;q=0.9',
  'accept-encoding' => 'gzip, deflate',
  'accept' => 'text/html,application/xhtml+xml,application/xml;q=0.9,image/avif,image/webp,image/apng,*/*;q=0.8,application/signed-exchange;v=b3;q=0.9',
  'user-agent' => 'Mozilla/5.0 (Windows NT 10.0; WOW64) AppleWebKit/537.36 (KHTML, like Gecko) Chrome/86.0.4240.198 Safari/537.36',
  'upgrade-insecure-requests' => '1',
  'cache-control' => 'max-age=0',
  'connection' => 'keep-alive',
  'host' => 'hr',
  'content-length' => '',
  'content-type' => '',
)
[ info ] [ PARAM ] array (
)
[ info ] [ LOG ] INIT File
---------------------------------------------------------------
[ 2021-06-08T23:11:16+08:00 ] 127.0.0.1 GET hr/
[运行时间：0.018611s] [吞吐率：53.73req/s] [内存消耗：1,301.26kb] [文件加载：35]
[ info ] [ LANG ] D:\phpstudy_pro\thinkphp\thinkphp\lang\zh-cn.php
[ info ] [ ROUTE ] array (
  'type' => 'module',
  'module' => 
  array (
    0 => '',
    1 => NULL,
    2 => NULL,
  ),
)
[ info ] [ HEADER ] array (
  'accept-language' => 'zh-CN,zh;q=0.9',
  'accept-encoding' => 'gzip, deflate',
  'accept' => 'text/html,application/xhtml+xml,application/xml;q=0.9,image/avif,image/webp,image/apng,*/*;q=0.8,application/signed-exchange;v=b3;q=0.9',
  'user-agent' => 'Mozilla/5.0 (Windows NT 10.0; WOW64) AppleWebKit/537.36 (KHTML, like Gecko) Chrome/86.0.4240.198 Safari/537.36',
  'upgrade-insecure-requests' => '1',
  'cache-control' => 'max-age=0',
  'connection' => 'keep-alive',
  'host' => 'hr',
  'content-length' => '',
  'content-type' => '',
)
[ info ] [ PARAM ] array (
)
[ info ] [ RUN ] app\hr\controller\Login->login[ D:\phpstudy_pro\thinkphp\application\hr\controller\Login.php ]
[ info ] [ LOG ] INIT File
[ error ] [0]模板文件不存在:D:\phpstudy_pro\thinkphp\public/../application/hr\view\login\login.html[D:\phpstudy_pro\thinkphp\thinkphp\library\think\view\driver\Think.php:82]
---------------------------------------------------------------
[ 2021-06-08T23:12:33+08:00 ] 127.0.0.1 GET hr/
[运行时间：0.016940s] [吞吐率：59.03req/s] [内存消耗：1,301.01kb] [文件加载：35]
[ info ] [ LANG ] D:\phpstudy_pro\thinkphp\thinkphp\lang\zh-cn.php
[ info ] [ ROUTE ] array (
  'type' => 'module',
  'module' => 
  array (
    0 => '',
    1 => NULL,
    2 => NULL,
  ),
)
[ info ] [ HEADER ] array (
  'accept-language' => 'zh-CN,zh;q=0.9',
  'accept-encoding' => 'gzip, deflate',
  'accept' => 'text/html,application/xhtml+xml,application/xml;q=0.9,image/avif,image/webp,image/apng,*/*;q=0.8,application/signed-exchange;v=b3;q=0.9',
  'user-agent' => 'Mozilla/5.0 (Windows NT 10.0; WOW64) AppleWebKit/537.36 (KHTML, like Gecko) Chrome/86.0.4240.198 Safari/537.36',
  'upgrade-insecure-requests' => '1',
  'connection' => 'keep-alive',
  'host' => 'hr',
  'content-length' => '',
  'content-type' => '',
)
[ info ] [ PARAM ] array (
)
[ info ] [ RUN ] app\hr\controller\Login->login[ D:\phpstudy_pro\thinkphp\application\hr\controller\Login.php ]
[ info ] [ LOG ] INIT File
[ error ] [0]模板文件不存在:D:\phpstudy_pro\thinkphp\public/../application/hr\view\login\login.html[D:\phpstudy_pro\thinkphp\thinkphp\library\think\view\driver\Think.php:82]
---------------------------------------------------------------
[ 2021-06-08T23:12:43+08:00 ] 127.0.0.1 GET hr/hr/Login/login
[运行时间：0.015930s] [吞吐率：62.77req/s] [内存消耗：1,309.95kb] [文件加载：35]
[ info ] [ LANG ] D:\phpstudy_pro\thinkphp\thinkphp\lang\zh-cn.php
[ info ] [ ROUTE ] array (
  'type' => 'module',
  'module' => 
  array (
    0 => 'hr',
    1 => 'Login',
    2 => 'login',
  ),
)
[ info ] [ HEADER ] array (
  'accept-language' => 'zh-CN,zh;q=0.9',
  'accept-encoding' => 'gzip, deflate',
  'accept' => 'text/html,application/xhtml+xml,application/xml;q=0.9,image/avif,image/webp,image/apng,*/*;q=0.8,application/signed-exchange;v=b3;q=0.9',
  'user-agent' => 'Mozilla/5.0 (Windows NT 10.0; WOW64) AppleWebKit/537.36 (KHTML, like Gecko) Chrome/86.0.4240.198 Safari/537.36',
  'upgrade-insecure-requests' => '1',
  'connection' => 'keep-alive',
  'host' => 'hr',
  'content-length' => '',
  'content-type' => '',
)
[ info ] [ PARAM ] array (
)
[ info ] [ RUN ] app\hr\controller\Login->login[ D:\phpstudy_pro\thinkphp\application\hr\controller\Login.php ]
[ info ] [ LOG ] INIT File
[ error ] [0]模板文件不存在:D:\phpstudy_pro\thinkphp\public/../application/hr\view\login\login.html[D:\phpstudy_pro\thinkphp\thinkphp\library\think\view\driver\Think.php:82]
---------------------------------------------------------------
[ 2021-06-08T23:16:27+08:00 ] 127.0.0.1 GET hr/hr/Login/login
[运行时间：0.016942s] [吞吐率：59.02req/s] [内存消耗：1,310.20kb] [文件加载：35]
[ info ] [ LANG ] D:\phpstudy_pro\thinkphp\thinkphp\lang\zh-cn.php
[ info ] [ ROUTE ] array (
  'type' => 'module',
  'module' => 
  array (
    0 => 'hr',
    1 => 'Login',
    2 => 'login',
  ),
)
[ info ] [ HEADER ] array (
  'accept-language' => 'zh-CN,zh;q=0.9',
  'accept-encoding' => 'gzip, deflate',
  'accept' => 'text/html,application/xhtml+xml,application/xml;q=0.9,image/avif,image/webp,image/apng,*/*;q=0.8,application/signed-exchange;v=b3;q=0.9',
  'user-agent' => 'Mozilla/5.0 (Windows NT 10.0; WOW64) AppleWebKit/537.36 (KHTML, like Gecko) Chrome/86.0.4240.198 Safari/537.36',
  'upgrade-insecure-requests' => '1',
  'cache-control' => 'max-age=0',
  'connection' => 'keep-alive',
  'host' => 'hr',
  'content-length' => '',
  'content-type' => '',
)
[ info ] [ PARAM ] array (
)
[ info ] [ RUN ] app\hr\controller\Login->login[ D:\phpstudy_pro\thinkphp\application\hr\controller\Login.php ]
[ info ] [ LOG ] INIT File
[ error ] [0]模板文件不存在:D:\phpstudy_pro\thinkphp\public/../application/hr\view\login\login.html[D:\phpstudy_pro\thinkphp\thinkphp\library\think\view\driver\Think.php:82]
---------------------------------------------------------------
[ 2021-06-08T23:17:08+08:00 ] 127.0.0.1 GET hr/
[运行时间：0.015881s] [吞吐率：62.97req/s] [内存消耗：1,301.01kb] [文件加载：35]
[ info ] [ LANG ] D:\phpstudy_pro\thinkphp\thinkphp\lang\zh-cn.php
[ info ] [ ROUTE ] array (
  'type' => 'module',
  'module' => 
  array (
    0 => '',
    1 => NULL,
    2 => NULL,
  ),
)
[ info ] [ HEADER ] array (
  'accept-language' => 'zh-CN,zh;q=0.9',
  'accept-encoding' => 'gzip, deflate',
  'accept' => 'text/html,application/xhtml+xml,application/xml;q=0.9,image/avif,image/webp,image/apng,*/*;q=0.8,application/signed-exchange;v=b3;q=0.9',
  'user-agent' => 'Mozilla/5.0 (Windows NT 10.0; WOW64) AppleWebKit/537.36 (KHTML, like Gecko) Chrome/86.0.4240.198 Safari/537.36',
  'upgrade-insecure-requests' => '1',
  'connection' => 'keep-alive',
  'host' => 'hr',
  'content-length' => '',
  'content-type' => '',
)
[ info ] [ PARAM ] array (
)
[ info ] [ RUN ] app\hr\controller\Login->login[ D:\phpstudy_pro\thinkphp\application\hr\controller\Login.php ]
[ info ] [ LOG ] INIT File
[ error ] [0]模板文件不存在:D:\phpstudy_pro\thinkphp\public/../application/hr\view\login\login.html[D:\phpstudy_pro\thinkphp\thinkphp\library\think\view\driver\Think.php:82]
---------------------------------------------------------------
[ 2021-06-08T23:18:04+08:00 ] 127.0.0.1 GET hr/
[运行时间：0.016603s] [吞吐率：60.23req/s] [内存消耗：1,301.26kb] [文件加载：35]
[ info ] [ LANG ] D:\phpstudy_pro\thinkphp\thinkphp\lang\zh-cn.php
[ info ] [ ROUTE ] array (
  'type' => 'module',
  'module' => 
  array (
    0 => '',
    1 => NULL,
    2 => NULL,
  ),
)
[ info ] [ HEADER ] array (
  'accept-language' => 'zh-CN,zh;q=0.9',
  'accept-encoding' => 'gzip, deflate',
  'accept' => 'text/html,application/xhtml+xml,application/xml;q=0.9,image/avif,image/webp,image/apng,*/*;q=0.8,application/signed-exchange;v=b3;q=0.9',
  'user-agent' => 'Mozilla/5.0 (Windows NT 10.0; WOW64) AppleWebKit/537.36 (KHTML, like Gecko) Chrome/86.0.4240.198 Safari/537.36',
  'upgrade-insecure-requests' => '1',
  'cache-control' => 'max-age=0',
  'connection' => 'keep-alive',
  'host' => 'hr',
  'content-length' => '',
  'content-type' => '',
)
[ info ] [ PARAM ] array (
)
[ info ] [ RUN ] app\hr\controller\Login->login[ D:\phpstudy_pro\thinkphp\application\hr\controller\Login.php ]
[ info ] [ LOG ] INIT File
[ error ] [0]模板文件不存在:D:\phpstudy_pro\thinkphp\public/../application/hr\view\login\login.html[D:\phpstudy_pro\thinkphp\thinkphp\library\think\view\driver\Think.php:82]
---------------------------------------------------------------
[ 2021-06-08T23:18:36+08:00 ] 127.0.0.1 GET hr/
[运行时间：0.025973s] [吞吐率：38.50req/s] [内存消耗：1,392.53kb] [文件加载：35]
[ info ] [ LANG ] D:\phpstudy_pro\thinkphp\thinkphp\lang\zh-cn.php
[ info ] [ ROUTE ] array (
  'type' => 'module',
  'module' => 
  array (
    0 => '',
    1 => NULL,
    2 => NULL,
  ),
)
[ info ] [ HEADER ] array (
  'accept-language' => 'zh-CN,zh;q=0.9',
  'accept-encoding' => 'gzip, deflate',
  'accept' => 'text/html,application/xhtml+xml,application/xml;q=0.9,image/avif,image/webp,image/apng,*/*;q=0.8,application/signed-exchange;v=b3;q=0.9',
  'user-agent' => 'Mozilla/5.0 (Windows NT 10.0; WOW64) AppleWebKit/537.36 (KHTML, like Gecko) Chrome/86.0.4240.198 Safari/537.36',
  'upgrade-insecure-requests' => '1',
  'cache-control' => 'max-age=0',
  'connection' => 'keep-alive',
  'host' => 'hr',
  'content-length' => '',
  'content-type' => '',
)
[ info ] [ PARAM ] array (
)
[ info ] [ RUN ] app\hr\controller\Login->login[ D:\phpstudy_pro\thinkphp\application\hr\controller\Login.php ]
[ info ] [ VIEW ] D:\phpstudy_pro\thinkphp\public/../application/hr\view\login\login.html [ array (
  0 => 'title',
) ]
[ info ] [ LOG ] INIT File
---------------------------------------------------------------
[ 2021-06-08T23:22:48+08:00 ] 127.0.0.1 GET hr/
[运行时间：0.024968s] [吞吐率：40.05req/s] [内存消耗：1,392.56kb] [文件加载：35]
[ info ] [ LANG ] D:\phpstudy_pro\thinkphp\thinkphp\lang\zh-cn.php
[ info ] [ ROUTE ] array (
  'type' => 'module',
  'module' => 
  array (
    0 => '',
    1 => NULL,
    2 => NULL,
  ),
)
[ info ] [ HEADER ] array (
  'accept-language' => 'zh-CN,zh;q=0.9',
  'accept-encoding' => 'gzip, deflate',
  'accept' => 'text/html,application/xhtml+xml,application/xml;q=0.9,image/avif,image/webp,image/apng,*/*;q=0.8,application/signed-exchange;v=b3;q=0.9',
  'user-agent' => 'Mozilla/5.0 (Windows NT 10.0; WOW64) AppleWebKit/537.36 (KHTML, like Gecko) Chrome/86.0.4240.198 Safari/537.36',
  'upgrade-insecure-requests' => '1',
  'cache-control' => 'max-age=0',
  'connection' => 'keep-alive',
  'host' => 'hr',
  'content-length' => '',
  'content-type' => '',
)
[ info ] [ PARAM ] array (
)
[ info ] [ RUN ] app\hr\controller\Login->login[ D:\phpstudy_pro\thinkphp\application\hr\controller\Login.php ]
[ info ] [ VIEW ] D:\phpstudy_pro\thinkphp\public/../application/hr\view\login\login.html [ array (
  0 => 'title',
) ]
[ info ] [ LOG ] INIT File
---------------------------------------------------------------
[ 2021-06-08T23:24:10+08:00 ] 127.0.0.1 GET hr/
[运行时间：0.022642s] [吞吐率：44.17req/s] [内存消耗：1,392.83kb] [文件加载：35]
[ info ] [ LANG ] D:\phpstudy_pro\thinkphp\thinkphp\lang\zh-cn.php
[ info ] [ ROUTE ] array (
  'type' => 'module',
  'module' => 
  array (
    0 => '',
    1 => NULL,
    2 => NULL,
  ),
)
[ info ] [ HEADER ] array (
  'accept-language' => 'zh-CN,zh;q=0.9',
  'accept-encoding' => 'gzip, deflate',
  'accept' => 'text/html,application/xhtml+xml,application/xml;q=0.9,image/avif,image/webp,image/apng,*/*;q=0.8,application/signed-exchange;v=b3;q=0.9',
  'user-agent' => 'Mozilla/5.0 (Windows NT 10.0; WOW64) AppleWebKit/537.36 (KHTML, like Gecko) Chrome/86.0.4240.198 Safari/537.36',
  'upgrade-insecure-requests' => '1',
  'cache-control' => 'max-age=0',
  'connection' => 'keep-alive',
  'host' => 'hr',
  'content-length' => '',
  'content-type' => '',
)
[ info ] [ PARAM ] array (
)
[ info ] [ RUN ] app\hr\controller\Login->login[ D:\phpstudy_pro\thinkphp\application\hr\controller\Login.php ]
[ info ] [ VIEW ] D:\phpstudy_pro\thinkphp\public/../application/hr\view\login\login.html [ array (
  0 => 'title',
) ]
[ info ] [ LOG ] INIT File
---------------------------------------------------------------
[ 2021-06-08T23:25:14+08:00 ] 127.0.0.1 GET hr/
[运行时间：0.024847s] [吞吐率：40.25req/s] [内存消耗：1,533.18kb] [文件加载：36]
[ info ] [ LANG ] D:\phpstudy_pro\thinkphp\thinkphp\lang\zh-cn.php
[ info ] [ ROUTE ] array (
  'type' => 'module',
  'module' => 
  array (
    0 => '',
    1 => NULL,
    2 => NULL,
  ),
)
[ info ] [ HEADER ] array (
  'accept-language' => 'zh-CN,zh;q=0.9',
  'accept-encoding' => 'gzip, deflate',
  'accept' => 'text/html,application/xhtml+xml,application/xml;q=0.9,image/avif,image/webp,image/apng,*/*;q=0.8,application/signed-exchange;v=b3;q=0.9',
  'user-agent' => 'Mozilla/5.0 (Windows NT 10.0; WOW64) AppleWebKit/537.36 (KHTML, like Gecko) Chrome/86.0.4240.198 Safari/537.36',
  'upgrade-insecure-requests' => '1',
  'cache-control' => 'max-age=0',
  'connection' => 'keep-alive',
  'host' => 'hr',
  'content-length' => '',
  'content-type' => '',
)
[ info ] [ PARAM ] array (
)
[ info ] [ RUN ] app\hr\controller\Login->login[ D:\phpstudy_pro\thinkphp\application\hr\controller\Login.php ]
[ info ] [ VIEW ] D:\phpstudy_pro\thinkphp\public/../application/hr\view\login\login.html [ array (
  0 => 'title',
) ]
[ info ] [ LOG ] INIT File
