---------------------------------------------------------------
[ 2021-06-20T12:41:06+08:00 ] 127.0.0.1 GET hr/
[运行时间：0.051023s] [吞吐率：19.60req/s] [内存消耗：1,321.16kb] [文件加载：34]
[ info ] [ LANG ] D:\phpstudy_pro\thinkphp\thinkphp\lang\zh-cn.php
[ info ] [ ROUTE ] array (
  'type' => 'module',
  'module' => 
  array (
    0 => '',
    1 => NULL,
    2 => NULL,
  ),
)
[ info ] [ HEADER ] array (
  'accept-language' => 'zh-CN,zh;q=0.9',
  'accept-encoding' => 'gzip, deflate',
  'accept' => 'text/html,application/xhtml+xml,application/xml;q=0.9,image/avif,image/webp,image/apng,*/*;q=0.8,application/signed-exchange;v=b3;q=0.9',
  'user-agent' => 'Mozilla/5.0 (Windows NT 10.0; WOW64) AppleWebKit/537.36 (KHTML, like Gecko) Chrome/86.0.4240.198 Safari/537.36',
  'upgrade-insecure-requests' => '1',
  'connection' => 'keep-alive',
  'host' => 'hr',
  'content-length' => '',
  'content-type' => '',
)
[ info ] [ PARAM ] array (
)
[ info ] [ RUN ] app\hr\controller\Login->login[ D:\phpstudy_pro\thinkphp\application\hr\controller\Login.php ]
[ info ] [ VIEW ] D:\phpstudy_pro\thinkphp\public/../application/hr\view\login\login.html [ array (
  0 => 'title',
) ]
[ info ] [ LOG ] INIT File
---------------------------------------------------------------
[ 2021-06-20T12:49:39+08:00 ] 127.0.0.1 GET hr/
[运行时间：0.026050s] [吞吐率：38.39req/s] [内存消耗：1,558.23kb] [文件加载：37]
[ info ] [ LANG ] D:\phpstudy_pro\thinkphp\thinkphp\lang\zh-cn.php
[ info ] [ ROUTE ] array (
  'type' => 'module',
  'module' => 
  array (
    0 => '',
    1 => NULL,
    2 => NULL,
  ),
)
[ info ] [ HEADER ] array (
  'accept-language' => 'zh-CN,zh;q=0.9',
  'accept-encoding' => 'gzip, deflate',
  'accept' => 'text/html,application/xhtml+xml,application/xml;q=0.9,image/avif,image/webp,image/apng,*/*;q=0.8,application/signed-exchange;v=b3;q=0.9',
  'user-agent' => 'Mozilla/5.0 (Windows NT 10.0; WOW64) AppleWebKit/537.36 (KHTML, like Gecko) Chrome/86.0.4240.198 Safari/537.36',
  'upgrade-insecure-requests' => '1',
  'cache-control' => 'max-age=0',
  'connection' => 'keep-alive',
  'host' => 'hr',
  'content-length' => '',
  'content-type' => '',
)
[ info ] [ PARAM ] array (
)
[ info ] [ RUN ] app\hr\controller\Login->login[ D:\phpstudy_pro\thinkphp\application\hr\controller\Login.php ]
[ info ] [ VIEW ] D:\phpstudy_pro\thinkphp\public/../application/hr\view\login\login.html [ array (
  0 => 'title',
) ]
[ info ] [ LOG ] INIT File
---------------------------------------------------------------
[ 2021-06-20T12:49:47+08:00 ] 127.0.0.1 POST hr/hr/login/login.html
[运行时间：0.013937s] [吞吐率：71.75req/s] [内存消耗：1,356.69kb] [文件加载：35]
[ info ] [ LANG ] D:\phpstudy_pro\thinkphp\thinkphp\lang\zh-cn.php
[ info ] [ ROUTE ] array (
  'type' => 'module',
  'module' => 
  array (
    0 => 'hr',
    1 => 'login',
    2 => 'login',
  ),
)
[ info ] [ HEADER ] array (
  'accept-language' => 'zh-CN,zh;q=0.9',
  'accept-encoding' => 'gzip, deflate',
  'referer' => 'http://hr/',
  'origin' => 'http://hr',
  'content-type' => 'application/x-www-form-urlencoded; charset=UTF-8',
  'user-agent' => 'Mozilla/5.0 (Windows NT 10.0; WOW64) AppleWebKit/537.36 (KHTML, like Gecko) Chrome/86.0.4240.198 Safari/537.36',
  'x-requested-with' => 'XMLHttpRequest',
  'accept' => '*/*',
  'content-length' => '25',
  'connection' => 'keep-alive',
  'host' => 'hr',
)
[ info ] [ PARAM ] array (
  'username' => '123',
  'password' => '123',
)
[ info ] [ RUN ] app\hr\controller\Login->login[ D:\phpstudy_pro\thinkphp\application\hr\controller\Login.php ]
[ info ] [ VIEW ] D:\phpstudy_pro\thinkphp\public/../application/hr\view\login\login.html [ array (
  0 => 'title',
) ]
[ info ] [ LOG ] INIT File
---------------------------------------------------------------
[ 2021-06-20T12:50:03+08:00 ] 127.0.0.1 POST hr/hr/login/login.html
[运行时间：0.013422s] [吞吐率：74.50req/s] [内存消耗：1,356.69kb] [文件加载：35]
[ info ] [ LANG ] D:\phpstudy_pro\thinkphp\thinkphp\lang\zh-cn.php
[ info ] [ ROUTE ] array (
  'type' => 'module',
  'module' => 
  array (
    0 => 'hr',
    1 => 'login',
    2 => 'login',
  ),
)
[ info ] [ HEADER ] array (
  'accept-language' => 'zh-CN,zh;q=0.9',
  'accept-encoding' => 'gzip, deflate',
  'referer' => 'http://hr/',
  'origin' => 'http://hr',
  'content-type' => 'application/x-www-form-urlencoded; charset=UTF-8',
  'user-agent' => 'Mozilla/5.0 (Windows NT 10.0; WOW64) AppleWebKit/537.36 (KHTML, like Gecko) Chrome/86.0.4240.198 Safari/537.36',
  'x-requested-with' => 'XMLHttpRequest',
  'accept' => '*/*',
  'content-length' => '25',
  'connection' => 'keep-alive',
  'host' => 'hr',
)
[ info ] [ PARAM ] array (
  'username' => '123',
  'password' => '123',
)
[ info ] [ RUN ] app\hr\controller\Login->login[ D:\phpstudy_pro\thinkphp\application\hr\controller\Login.php ]
[ info ] [ VIEW ] D:\phpstudy_pro\thinkphp\public/../application/hr\view\login\login.html [ array (
  0 => 'title',
) ]
[ info ] [ LOG ] INIT File
---------------------------------------------------------------
[ 2021-06-20T12:50:05+08:00 ] 127.0.0.1 POST hr/hr/login/login.html
[运行时间：0.013706s] [吞吐率：72.96req/s] [内存消耗：1,356.69kb] [文件加载：35]
[ info ] [ LANG ] D:\phpstudy_pro\thinkphp\thinkphp\lang\zh-cn.php
[ info ] [ ROUTE ] array (
  'type' => 'module',
  'module' => 
  array (
    0 => 'hr',
    1 => 'login',
    2 => 'login',
  ),
)
[ info ] [ HEADER ] array (
  'accept-language' => 'zh-CN,zh;q=0.9',
  'accept-encoding' => 'gzip, deflate',
  'referer' => 'http://hr/',
  'origin' => 'http://hr',
  'content-type' => 'application/x-www-form-urlencoded; charset=UTF-8',
  'user-agent' => 'Mozilla/5.0 (Windows NT 10.0; WOW64) AppleWebKit/537.36 (KHTML, like Gecko) Chrome/86.0.4240.198 Safari/537.36',
  'x-requested-with' => 'XMLHttpRequest',
  'accept' => '*/*',
  'content-length' => '25',
  'connection' => 'keep-alive',
  'host' => 'hr',
)
[ info ] [ PARAM ] array (
  'username' => '123',
  'password' => '123',
)
[ info ] [ RUN ] app\hr\controller\Login->login[ D:\phpstudy_pro\thinkphp\application\hr\controller\Login.php ]
[ info ] [ VIEW ] D:\phpstudy_pro\thinkphp\public/../application/hr\view\login\login.html [ array (
  0 => 'title',
) ]
[ info ] [ LOG ] INIT File
---------------------------------------------------------------
[ 2021-06-20T12:50:09+08:00 ] 127.0.0.1 GET hr/
[运行时间：0.018866s] [吞吐率：53.01req/s] [内存消耗：1,346.08kb] [文件加载：35]
[ info ] [ LANG ] D:\phpstudy_pro\thinkphp\thinkphp\lang\zh-cn.php
[ info ] [ ROUTE ] array (
  'type' => 'module',
  'module' => 
  array (
    0 => '',
    1 => NULL,
    2 => NULL,
  ),
)
[ info ] [ HEADER ] array (
  'accept-language' => 'zh-CN,zh;q=0.9',
  'accept-encoding' => 'gzip, deflate',
  'accept' => 'text/html,application/xhtml+xml,application/xml;q=0.9,image/avif,image/webp,image/apng,*/*;q=0.8,application/signed-exchange;v=b3;q=0.9',
  'user-agent' => 'Mozilla/5.0 (Windows NT 10.0; WOW64) AppleWebKit/537.36 (KHTML, like Gecko) Chrome/86.0.4240.198 Safari/537.36',
  'upgrade-insecure-requests' => '1',
  'cache-control' => 'max-age=0',
  'connection' => 'keep-alive',
  'host' => 'hr',
  'content-length' => '',
  'content-type' => '',
)
[ info ] [ PARAM ] array (
)
[ info ] [ RUN ] app\hr\controller\Login->login[ D:\phpstudy_pro\thinkphp\application\hr\controller\Login.php ]
[ info ] [ VIEW ] D:\phpstudy_pro\thinkphp\public/../application/hr\view\login\login.html [ array (
  0 => 'title',
) ]
[ info ] [ LOG ] INIT File
---------------------------------------------------------------
[ 2021-06-20T12:50:11+08:00 ] 127.0.0.1 GET hr/
[运行时间：0.025031s] [吞吐率：39.95req/s] [内存消耗：1,346.08kb] [文件加载：35]
[ info ] [ LANG ] D:\phpstudy_pro\thinkphp\thinkphp\lang\zh-cn.php
[ info ] [ ROUTE ] array (
  'type' => 'module',
  'module' => 
  array (
    0 => '',
    1 => NULL,
    2 => NULL,
  ),
)
[ info ] [ HEADER ] array (
  'accept-language' => 'zh-CN,zh;q=0.9',
  'accept-encoding' => 'gzip, deflate',
  'accept' => 'text/html,application/xhtml+xml,application/xml;q=0.9,image/avif,image/webp,image/apng,*/*;q=0.8,application/signed-exchange;v=b3;q=0.9',
  'user-agent' => 'Mozilla/5.0 (Windows NT 10.0; WOW64) AppleWebKit/537.36 (KHTML, like Gecko) Chrome/86.0.4240.198 Safari/537.36',
  'upgrade-insecure-requests' => '1',
  'cache-control' => 'max-age=0',
  'connection' => 'keep-alive',
  'host' => 'hr',
  'content-length' => '',
  'content-type' => '',
)
[ info ] [ PARAM ] array (
)
[ info ] [ RUN ] app\hr\controller\Login->login[ D:\phpstudy_pro\thinkphp\application\hr\controller\Login.php ]
[ info ] [ VIEW ] D:\phpstudy_pro\thinkphp\public/../application/hr\view\login\login.html [ array (
  0 => 'title',
) ]
[ info ] [ LOG ] INIT File
---------------------------------------------------------------
[ 2021-06-20T12:50:14+08:00 ] 127.0.0.1 POST hr/hr/login/login.html
[运行时间：0.014614s] [吞吐率：68.43req/s] [内存消耗：1,356.69kb] [文件加载：35]
[ info ] [ LANG ] D:\phpstudy_pro\thinkphp\thinkphp\lang\zh-cn.php
[ info ] [ ROUTE ] array (
  'type' => 'module',
  'module' => 
  array (
    0 => 'hr',
    1 => 'login',
    2 => 'login',
  ),
)
[ info ] [ HEADER ] array (
  'accept-language' => 'zh-CN,zh;q=0.9',
  'accept-encoding' => 'gzip, deflate',
  'referer' => 'http://hr/',
  'origin' => 'http://hr',
  'content-type' => 'application/x-www-form-urlencoded; charset=UTF-8',
  'user-agent' => 'Mozilla/5.0 (Windows NT 10.0; WOW64) AppleWebKit/537.36 (KHTML, like Gecko) Chrome/86.0.4240.198 Safari/537.36',
  'x-requested-with' => 'XMLHttpRequest',
  'accept' => '*/*',
  'content-length' => '25',
  'connection' => 'keep-alive',
  'host' => 'hr',
)
[ info ] [ PARAM ] array (
  'username' => '123',
  'password' => '123',
)
[ info ] [ RUN ] app\hr\controller\Login->login[ D:\phpstudy_pro\thinkphp\application\hr\controller\Login.php ]
[ info ] [ VIEW ] D:\phpstudy_pro\thinkphp\public/../application/hr\view\login\login.html [ array (
  0 => 'title',
) ]
[ info ] [ LOG ] INIT File
---------------------------------------------------------------
[ 2021-06-20T12:50:40+08:00 ] 127.0.0.1 GET hr/hr/login/login.html
[运行时间：0.016478s] [吞吐率：60.69req/s] [内存消耗：1,354.85kb] [文件加载：35]
[ info ] [ LANG ] D:\phpstudy_pro\thinkphp\thinkphp\lang\zh-cn.php
[ info ] [ ROUTE ] array (
  'type' => 'module',
  'module' => 
  array (
    0 => 'hr',
    1 => 'login',
    2 => 'login',
  ),
)
[ info ] [ HEADER ] array (
  'accept-language' => 'zh-CN,zh;q=0.9',
  'accept-encoding' => 'gzip, deflate',
  'accept' => 'text/html,application/xhtml+xml,application/xml;q=0.9,image/avif,image/webp,image/apng,*/*;q=0.8,application/signed-exchange;v=b3;q=0.9',
  'user-agent' => 'Mozilla/5.0 (Windows NT 10.0; WOW64) AppleWebKit/537.36 (KHTML, like Gecko) Chrome/86.0.4240.198 Safari/537.36',
  'upgrade-insecure-requests' => '1',
  'connection' => 'keep-alive',
  'host' => 'hr',
  'content-length' => '',
  'content-type' => '',
)
[ info ] [ PARAM ] array (
)
[ info ] [ RUN ] app\hr\controller\Login->login[ D:\phpstudy_pro\thinkphp\application\hr\controller\Login.php ]
[ info ] [ VIEW ] D:\phpstudy_pro\thinkphp\public/../application/hr\view\login\login.html [ array (
  0 => 'title',
) ]
[ info ] [ LOG ] INIT File
---------------------------------------------------------------
[ 2021-06-20T12:50:51+08:00 ] 127.0.0.1 GET hr/
[运行时间：0.021801s] [吞吐率：45.87req/s] [内存消耗：1,346.08kb] [文件加载：35]
[ info ] [ LANG ] D:\phpstudy_pro\thinkphp\thinkphp\lang\zh-cn.php
[ info ] [ ROUTE ] array (
  'type' => 'module',
  'module' => 
  array (
    0 => '',
    1 => NULL,
    2 => NULL,
  ),
)
[ info ] [ HEADER ] array (
  'accept-language' => 'zh-CN,zh;q=0.9',
  'accept-encoding' => 'gzip, deflate',
  'accept' => 'text/html,application/xhtml+xml,application/xml;q=0.9,image/avif,image/webp,image/apng,*/*;q=0.8,application/signed-exchange;v=b3;q=0.9',
  'user-agent' => 'Mozilla/5.0 (Windows NT 10.0; WOW64) AppleWebKit/537.36 (KHTML, like Gecko) Chrome/86.0.4240.198 Safari/537.36',
  'upgrade-insecure-requests' => '1',
  'cache-control' => 'max-age=0',
  'connection' => 'keep-alive',
  'host' => 'hr',
  'content-length' => '',
  'content-type' => '',
)
[ info ] [ PARAM ] array (
)
[ info ] [ RUN ] app\hr\controller\Login->login[ D:\phpstudy_pro\thinkphp\application\hr\controller\Login.php ]
[ info ] [ VIEW ] D:\phpstudy_pro\thinkphp\public/../application/hr\view\login\login.html [ array (
  0 => 'title',
) ]
[ info ] [ LOG ] INIT File
---------------------------------------------------------------
[ 2021-06-20T12:50:52+08:00 ] 127.0.0.1 GET hr/
[运行时间：0.034773s] [吞吐率：28.76req/s] [内存消耗：1,346.08kb] [文件加载：35]
[ info ] [ LANG ] D:\phpstudy_pro\thinkphp\thinkphp\lang\zh-cn.php
[ info ] [ ROUTE ] array (
  'type' => 'module',
  'module' => 
  array (
    0 => '',
    1 => NULL,
    2 => NULL,
  ),
)
[ info ] [ HEADER ] array (
  'accept-language' => 'zh-CN,zh;q=0.9',
  'accept-encoding' => 'gzip, deflate',
  'accept' => 'text/html,application/xhtml+xml,application/xml;q=0.9,image/avif,image/webp,image/apng,*/*;q=0.8,application/signed-exchange;v=b3;q=0.9',
  'user-agent' => 'Mozilla/5.0 (Windows NT 10.0; WOW64) AppleWebKit/537.36 (KHTML, like Gecko) Chrome/86.0.4240.198 Safari/537.36',
  'upgrade-insecure-requests' => '1',
  'cache-control' => 'max-age=0',
  'connection' => 'keep-alive',
  'host' => 'hr',
  'content-length' => '',
  'content-type' => '',
)
[ info ] [ PARAM ] array (
)
[ info ] [ RUN ] app\hr\controller\Login->login[ D:\phpstudy_pro\thinkphp\application\hr\controller\Login.php ]
[ info ] [ VIEW ] D:\phpstudy_pro\thinkphp\public/../application/hr\view\login\login.html [ array (
  0 => 'title',
) ]
[ info ] [ LOG ] INIT File
---------------------------------------------------------------
[ 2021-06-20T12:51:29+08:00 ] 127.0.0.1 GET hr/
[运行时间：0.017661s] [吞吐率：56.62req/s] [内存消耗：1,303.62kb] [文件加载：35]
[ info ] [ LANG ] D:\phpstudy_pro\thinkphp\thinkphp\lang\zh-cn.php
[ info ] [ ROUTE ] array (
  'type' => 'module',
  'module' => 
  array (
    0 => '',
    1 => NULL,
    2 => NULL,
  ),
)
[ info ] [ HEADER ] array (
  'accept-language' => 'zh-CN,zh;q=0.9',
  'accept-encoding' => 'gzip, deflate',
  'accept' => 'text/html,application/xhtml+xml,application/xml;q=0.9,image/avif,image/webp,image/apng,*/*;q=0.8,application/signed-exchange;v=b3;q=0.9',
  'user-agent' => 'Mozilla/5.0 (Windows NT 10.0; WOW64) AppleWebKit/537.36 (KHTML, like Gecko) Chrome/86.0.4240.198 Safari/537.36',
  'upgrade-insecure-requests' => '1',
  'cache-control' => 'max-age=0',
  'connection' => 'keep-alive',
  'host' => 'hr',
  'content-length' => '',
  'content-type' => '',
)
[ info ] [ PARAM ] array (
)
[ info ] [ RUN ] app\hr\controller\Login->login[ D:\phpstudy_pro\thinkphp\application\hr\controller\Login.php ]
[ info ] [ LOG ] INIT File
[ error ] [0]致命错误: Call to undefined method app\hr\controller\Login::isAjax()[D:\phpstudy_pro\thinkphp\application\hr\controller\Login.php:28]
---------------------------------------------------------------
[ 2021-06-20T13:03:31+08:00 ] 127.0.0.1 GET hr/
[运行时间：0.020084s] [吞吐率：49.79req/s] [内存消耗：1,321.54kb] [文件加载：34]
[ info ] [ LANG ] D:\phpstudy_pro\thinkphp\thinkphp\lang\zh-cn.php
[ info ] [ ROUTE ] array (
  'type' => 'module',
  'module' => 
  array (
    0 => '',
    1 => NULL,
    2 => NULL,
  ),
)
[ info ] [ HEADER ] array (
  'accept-language' => 'zh-CN,zh;q=0.9',
  'accept-encoding' => 'gzip, deflate',
  'accept' => 'text/html,application/xhtml+xml,application/xml;q=0.9,image/avif,image/webp,image/apng,*/*;q=0.8,application/signed-exchange;v=b3;q=0.9',
  'user-agent' => 'Mozilla/5.0 (Windows NT 10.0; WOW64) AppleWebKit/537.36 (KHTML, like Gecko) Chrome/86.0.4240.198 Safari/537.36',
  'upgrade-insecure-requests' => '1',
  'cache-control' => 'max-age=0',
  'connection' => 'keep-alive',
  'host' => 'hr',
  'content-length' => '',
  'content-type' => '',
)
[ info ] [ PARAM ] array (
)
[ info ] [ RUN ] app\hr\controller\Login->login[ D:\phpstudy_pro\thinkphp\application\hr\controller\Login.php ]
[ info ] [ VIEW ] D:\phpstudy_pro\thinkphp\public/../application/hr\view\login\login.html [ array (
  0 => 'title',
) ]
[ info ] [ LOG ] INIT File
---------------------------------------------------------------
[ 2021-06-20T13:03:31+08:00 ] 127.0.0.1 GET hr/
[运行时间：0.027703s] [吞吐率：36.10req/s] [内存消耗：1,321.54kb] [文件加载：34]
[ info ] [ LANG ] D:\phpstudy_pro\thinkphp\thinkphp\lang\zh-cn.php
[ info ] [ ROUTE ] array (
  'type' => 'module',
  'module' => 
  array (
    0 => '',
    1 => NULL,
    2 => NULL,
  ),
)
[ info ] [ HEADER ] array (
  'accept-language' => 'zh-CN,zh;q=0.9',
  'accept-encoding' => 'gzip, deflate',
  'accept' => 'text/html,application/xhtml+xml,application/xml;q=0.9,image/avif,image/webp,image/apng,*/*;q=0.8,application/signed-exchange;v=b3;q=0.9',
  'user-agent' => 'Mozilla/5.0 (Windows NT 10.0; WOW64) AppleWebKit/537.36 (KHTML, like Gecko) Chrome/86.0.4240.198 Safari/537.36',
  'upgrade-insecure-requests' => '1',
  'cache-control' => 'max-age=0',
  'connection' => 'keep-alive',
  'host' => 'hr',
  'content-length' => '',
  'content-type' => '',
)
[ info ] [ PARAM ] array (
)
[ info ] [ RUN ] app\hr\controller\Login->login[ D:\phpstudy_pro\thinkphp\application\hr\controller\Login.php ]
[ info ] [ VIEW ] D:\phpstudy_pro\thinkphp\public/../application/hr\view\login\login.html [ array (
  0 => 'title',
) ]
[ info ] [ LOG ] INIT File
---------------------------------------------------------------
[ 2021-06-20T13:03:31+08:00 ] 127.0.0.1 GET hr/
[运行时间：0.014621s] [吞吐率：68.39req/s] [内存消耗：1,321.54kb] [文件加载：34]
[ info ] [ LANG ] D:\phpstudy_pro\thinkphp\thinkphp\lang\zh-cn.php
[ info ] [ ROUTE ] array (
  'type' => 'module',
  'module' => 
  array (
    0 => '',
    1 => NULL,
    2 => NULL,
  ),
)
[ info ] [ HEADER ] array (
  'accept-language' => 'zh-CN,zh;q=0.9',
  'accept-encoding' => 'gzip, deflate',
  'accept' => 'text/html,application/xhtml+xml,application/xml;q=0.9,image/avif,image/webp,image/apng,*/*;q=0.8,application/signed-exchange;v=b3;q=0.9',
  'user-agent' => 'Mozilla/5.0 (Windows NT 10.0; WOW64) AppleWebKit/537.36 (KHTML, like Gecko) Chrome/86.0.4240.198 Safari/537.36',
  'upgrade-insecure-requests' => '1',
  'cache-control' => 'max-age=0',
  'connection' => 'keep-alive',
  'host' => 'hr',
  'content-length' => '',
  'content-type' => '',
)
[ info ] [ PARAM ] array (
)
[ info ] [ RUN ] app\hr\controller\Login->login[ D:\phpstudy_pro\thinkphp\application\hr\controller\Login.php ]
[ info ] [ VIEW ] D:\phpstudy_pro\thinkphp\public/../application/hr\view\login\login.html [ array (
  0 => 'title',
) ]
[ info ] [ LOG ] INIT File
---------------------------------------------------------------
[ 2021-06-20T13:03:32+08:00 ] 127.0.0.1 GET hr/
[运行时间：0.014959s] [吞吐率：66.85req/s] [内存消耗：1,321.54kb] [文件加载：34]
[ info ] [ LANG ] D:\phpstudy_pro\thinkphp\thinkphp\lang\zh-cn.php
[ info ] [ ROUTE ] array (
  'type' => 'module',
  'module' => 
  array (
    0 => '',
    1 => NULL,
    2 => NULL,
  ),
)
[ info ] [ HEADER ] array (
  'accept-language' => 'zh-CN,zh;q=0.9',
  'accept-encoding' => 'gzip, deflate',
  'accept' => 'text/html,application/xhtml+xml,application/xml;q=0.9,image/avif,image/webp,image/apng,*/*;q=0.8,application/signed-exchange;v=b3;q=0.9',
  'user-agent' => 'Mozilla/5.0 (Windows NT 10.0; WOW64) AppleWebKit/537.36 (KHTML, like Gecko) Chrome/86.0.4240.198 Safari/537.36',
  'upgrade-insecure-requests' => '1',
  'cache-control' => 'max-age=0',
  'connection' => 'keep-alive',
  'host' => 'hr',
  'content-length' => '',
  'content-type' => '',
)
[ info ] [ PARAM ] array (
)
[ info ] [ RUN ] app\hr\controller\Login->login[ D:\phpstudy_pro\thinkphp\application\hr\controller\Login.php ]
[ info ] [ VIEW ] D:\phpstudy_pro\thinkphp\public/../application/hr\view\login\login.html [ array (
  0 => 'title',
) ]
[ info ] [ LOG ] INIT File
---------------------------------------------------------------
[ 2021-06-20T13:03:32+08:00 ] 127.0.0.1 GET hr/
[运行时间：0.024648s] [吞吐率：40.57req/s] [内存消耗：1,321.54kb] [文件加载：34]
[ info ] [ LANG ] D:\phpstudy_pro\thinkphp\thinkphp\lang\zh-cn.php
[ info ] [ ROUTE ] array (
  'type' => 'module',
  'module' => 
  array (
    0 => '',
    1 => NULL,
    2 => NULL,
  ),
)
[ info ] [ HEADER ] array (
  'accept-language' => 'zh-CN,zh;q=0.9',
  'accept-encoding' => 'gzip, deflate',
  'accept' => 'text/html,application/xhtml+xml,application/xml;q=0.9,image/avif,image/webp,image/apng,*/*;q=0.8,application/signed-exchange;v=b3;q=0.9',
  'user-agent' => 'Mozilla/5.0 (Windows NT 10.0; WOW64) AppleWebKit/537.36 (KHTML, like Gecko) Chrome/86.0.4240.198 Safari/537.36',
  'upgrade-insecure-requests' => '1',
  'cache-control' => 'max-age=0',
  'connection' => 'keep-alive',
  'host' => 'hr',
  'content-length' => '',
  'content-type' => '',
)
[ info ] [ PARAM ] array (
)
[ info ] [ RUN ] app\hr\controller\Login->login[ D:\phpstudy_pro\thinkphp\application\hr\controller\Login.php ]
[ info ] [ VIEW ] D:\phpstudy_pro\thinkphp\public/../application/hr\view\login\login.html [ array (
  0 => 'title',
) ]
[ info ] [ LOG ] INIT File
---------------------------------------------------------------
[ 2021-06-20T13:03:35+08:00 ] 127.0.0.1 POST hr/hr/login/login.html
[运行时间：0.014264s] [吞吐率：70.11req/s] [内存消耗：1,357.06kb] [文件加载：35]
[ info ] [ LANG ] D:\phpstudy_pro\thinkphp\thinkphp\lang\zh-cn.php
[ info ] [ ROUTE ] array (
  'type' => 'module',
  'module' => 
  array (
    0 => 'hr',
    1 => 'login',
    2 => 'login',
  ),
)
[ info ] [ HEADER ] array (
  'accept-language' => 'zh-CN,zh;q=0.9',
  'accept-encoding' => 'gzip, deflate',
  'referer' => 'http://hr/',
  'origin' => 'http://hr',
  'content-type' => 'application/x-www-form-urlencoded; charset=UTF-8',
  'user-agent' => 'Mozilla/5.0 (Windows NT 10.0; WOW64) AppleWebKit/537.36 (KHTML, like Gecko) Chrome/86.0.4240.198 Safari/537.36',
  'x-requested-with' => 'XMLHttpRequest',
  'accept' => '*/*',
  'content-length' => '25',
  'connection' => 'keep-alive',
  'host' => 'hr',
)
[ info ] [ PARAM ] array (
  'username' => '123',
  'password' => '123',
)
[ info ] [ RUN ] app\hr\controller\Login->login[ D:\phpstudy_pro\thinkphp\application\hr\controller\Login.php ]
[ info ] [ VIEW ] D:\phpstudy_pro\thinkphp\public/../application/hr\view\login\login.html [ array (
  0 => 'title',
) ]
[ info ] [ LOG ] INIT File
---------------------------------------------------------------
[ 2021-06-20T13:03:43+08:00 ] 127.0.0.1 GET hr/
[运行时间：0.023041s] [吞吐率：43.40req/s] [内存消耗：1,321.54kb] [文件加载：34]
[ info ] [ LANG ] D:\phpstudy_pro\thinkphp\thinkphp\lang\zh-cn.php
[ info ] [ ROUTE ] array (
  'type' => 'module',
  'module' => 
  array (
    0 => '',
    1 => NULL,
    2 => NULL,
  ),
)
[ info ] [ HEADER ] array (
  'accept-language' => 'zh-CN,zh;q=0.9',
  'accept-encoding' => 'gzip, deflate',
  'accept' => 'text/html,application/xhtml+xml,application/xml;q=0.9,image/avif,image/webp,image/apng,*/*;q=0.8,application/signed-exchange;v=b3;q=0.9',
  'user-agent' => 'Mozilla/5.0 (Windows NT 10.0; WOW64) AppleWebKit/537.36 (KHTML, like Gecko) Chrome/86.0.4240.198 Safari/537.36',
  'upgrade-insecure-requests' => '1',
  'cache-control' => 'max-age=0',
  'connection' => 'keep-alive',
  'host' => 'hr',
  'content-length' => '',
  'content-type' => '',
)
[ info ] [ PARAM ] array (
)
[ info ] [ RUN ] app\hr\controller\Login->login[ D:\phpstudy_pro\thinkphp\application\hr\controller\Login.php ]
[ info ] [ VIEW ] D:\phpstudy_pro\thinkphp\public/../application/hr\view\login\login.html [ array (
  0 => 'title',
) ]
[ info ] [ LOG ] INIT File
---------------------------------------------------------------
[ 2021-06-20T13:03:50+08:00 ] 127.0.0.1 POST hr/hr/login/login.html
[运行时间：0.016337s] [吞吐率：61.21req/s] [内存消耗：1,357.06kb] [文件加载：35]
[ info ] [ LANG ] D:\phpstudy_pro\thinkphp\thinkphp\lang\zh-cn.php
[ info ] [ ROUTE ] array (
  'type' => 'module',
  'module' => 
  array (
    0 => 'hr',
    1 => 'login',
    2 => 'login',
  ),
)
[ info ] [ HEADER ] array (
  'accept-language' => 'zh-CN,zh;q=0.9',
  'accept-encoding' => 'gzip, deflate',
  'referer' => 'http://hr/',
  'origin' => 'http://hr',
  'content-type' => 'application/x-www-form-urlencoded; charset=UTF-8',
  'user-agent' => 'Mozilla/5.0 (Windows NT 10.0; WOW64) AppleWebKit/537.36 (KHTML, like Gecko) Chrome/86.0.4240.198 Safari/537.36',
  'x-requested-with' => 'XMLHttpRequest',
  'accept' => '*/*',
  'content-length' => '25',
  'connection' => 'keep-alive',
  'host' => 'hr',
)
[ info ] [ PARAM ] array (
  'username' => '123',
  'password' => '123',
)
[ info ] [ RUN ] app\hr\controller\Login->login[ D:\phpstudy_pro\thinkphp\application\hr\controller\Login.php ]
[ info ] [ VIEW ] D:\phpstudy_pro\thinkphp\public/../application/hr\view\login\login.html [ array (
  0 => 'title',
) ]
[ info ] [ LOG ] INIT File
---------------------------------------------------------------
[ 2021-06-20T13:03:50+08:00 ] 127.0.0.1 POST hr/hr/login/login.html
[运行时间：0.027250s] [吞吐率：36.70req/s] [内存消耗：1,357.06kb] [文件加载：35]
[ info ] [ LANG ] D:\phpstudy_pro\thinkphp\thinkphp\lang\zh-cn.php
[ info ] [ ROUTE ] array (
  'type' => 'module',
  'module' => 
  array (
    0 => 'hr',
    1 => 'login',
    2 => 'login',
  ),
)
[ info ] [ HEADER ] array (
  'accept-language' => 'zh-CN,zh;q=0.9',
  'accept-encoding' => 'gzip, deflate',
  'referer' => 'http://hr/',
  'origin' => 'http://hr',
  'content-type' => 'application/x-www-form-urlencoded; charset=UTF-8',
  'user-agent' => 'Mozilla/5.0 (Windows NT 10.0; WOW64) AppleWebKit/537.36 (KHTML, like Gecko) Chrome/86.0.4240.198 Safari/537.36',
  'x-requested-with' => 'XMLHttpRequest',
  'accept' => '*/*',
  'content-length' => '25',
  'connection' => 'keep-alive',
  'host' => 'hr',
)
[ info ] [ PARAM ] array (
  'username' => '123',
  'password' => '123',
)
[ info ] [ RUN ] app\hr\controller\Login->login[ D:\phpstudy_pro\thinkphp\application\hr\controller\Login.php ]
[ info ] [ VIEW ] D:\phpstudy_pro\thinkphp\public/../application/hr\view\login\login.html [ array (
  0 => 'title',
) ]
[ info ] [ LOG ] INIT File
---------------------------------------------------------------
[ 2021-06-20T13:10:08+08:00 ] 127.0.0.1 GET hr/
[运行时间：0.023624s] [吞吐率：42.33req/s] [内存消耗：1,321.32kb] [文件加载：34]
[ info ] [ LANG ] D:\phpstudy_pro\thinkphp\thinkphp\lang\zh-cn.php
[ info ] [ ROUTE ] array (
  'type' => 'module',
  'module' => 
  array (
    0 => '',
    1 => NULL,
    2 => NULL,
  ),
)
[ info ] [ HEADER ] array (
  'accept-language' => 'zh-CN,zh;q=0.9',
  'accept-encoding' => 'gzip, deflate',
  'accept' => 'text/html,application/xhtml+xml,application/xml;q=0.9,image/avif,image/webp,image/apng,*/*;q=0.8,application/signed-exchange;v=b3;q=0.9',
  'user-agent' => 'Mozilla/5.0 (Windows NT 10.0; WOW64) AppleWebKit/537.36 (KHTML, like Gecko) Chrome/86.0.4240.198 Safari/537.36',
  'upgrade-insecure-requests' => '1',
  'cache-control' => 'max-age=0',
  'connection' => 'keep-alive',
  'host' => 'hr',
  'content-length' => '',
  'content-type' => '',
)
[ info ] [ PARAM ] array (
)
[ info ] [ RUN ] app\hr\controller\Login->login[ D:\phpstudy_pro\thinkphp\application\hr\controller\Login.php ]
[ info ] [ VIEW ] D:\phpstudy_pro\thinkphp\public/../application/hr\view\login\login.html [ array (
  0 => 'title',
) ]
[ info ] [ LOG ] INIT File
---------------------------------------------------------------
[ 2021-06-20T13:10:14+08:00 ] 127.0.0.1 POST hr/hr/login/login.html
[运行时间：0.016247s] [吞吐率：61.55req/s] [内存消耗：1,356.84kb] [文件加载：35]
[ info ] [ LANG ] D:\phpstudy_pro\thinkphp\thinkphp\lang\zh-cn.php
[ info ] [ ROUTE ] array (
  'type' => 'module',
  'module' => 
  array (
    0 => 'hr',
    1 => 'login',
    2 => 'login',
  ),
)
[ info ] [ HEADER ] array (
  'accept-language' => 'zh-CN,zh;q=0.9',
  'accept-encoding' => 'gzip, deflate',
  'referer' => 'http://hr/',
  'origin' => 'http://hr',
  'content-type' => 'application/x-www-form-urlencoded; charset=UTF-8',
  'user-agent' => 'Mozilla/5.0 (Windows NT 10.0; WOW64) AppleWebKit/537.36 (KHTML, like Gecko) Chrome/86.0.4240.198 Safari/537.36',
  'x-requested-with' => 'XMLHttpRequest',
  'accept' => '*/*',
  'content-length' => '25',
  'connection' => 'keep-alive',
  'host' => 'hr',
)
[ info ] [ PARAM ] array (
  'username' => '123',
  'password' => '123',
)
[ info ] [ RUN ] app\hr\controller\Login->login[ D:\phpstudy_pro\thinkphp\application\hr\controller\Login.php ]
[ info ] [ VIEW ] D:\phpstudy_pro\thinkphp\public/../application/hr\view\login\login.html [ array (
  0 => 'title',
) ]
[ info ] [ LOG ] INIT File
---------------------------------------------------------------
[ 2021-06-20T13:10:20+08:00 ] 127.0.0.1 GET hr/
[运行时间：0.024170s] [吞吐率：41.37req/s] [内存消耗：1,321.32kb] [文件加载：34]
[ info ] [ LANG ] D:\phpstudy_pro\thinkphp\thinkphp\lang\zh-cn.php
[ info ] [ ROUTE ] array (
  'type' => 'module',
  'module' => 
  array (
    0 => '',
    1 => NULL,
    2 => NULL,
  ),
)
[ info ] [ HEADER ] array (
  'accept-language' => 'zh-CN,zh;q=0.9',
  'accept-encoding' => 'gzip, deflate',
  'accept' => 'text/html,application/xhtml+xml,application/xml;q=0.9,image/avif,image/webp,image/apng,*/*;q=0.8,application/signed-exchange;v=b3;q=0.9',
  'user-agent' => 'Mozilla/5.0 (Windows NT 10.0; WOW64) AppleWebKit/537.36 (KHTML, like Gecko) Chrome/86.0.4240.198 Safari/537.36',
  'upgrade-insecure-requests' => '1',
  'cache-control' => 'max-age=0',
  'connection' => 'keep-alive',
  'host' => 'hr',
  'content-length' => '',
  'content-type' => '',
)
[ info ] [ PARAM ] array (
)
[ info ] [ RUN ] app\hr\controller\Login->login[ D:\phpstudy_pro\thinkphp\application\hr\controller\Login.php ]
[ info ] [ VIEW ] D:\phpstudy_pro\thinkphp\public/../application/hr\view\login\login.html [ array (
  0 => 'title',
) ]
[ info ] [ LOG ] INIT File
---------------------------------------------------------------
[ 2021-06-20T13:10:36+08:00 ] 127.0.0.1 GET hr/
[运行时间：0.025054s] [吞吐率：39.91req/s] [内存消耗：1,321.18kb] [文件加载：34]
[ info ] [ LANG ] D:\phpstudy_pro\thinkphp\thinkphp\lang\zh-cn.php
[ info ] [ ROUTE ] array (
  'type' => 'module',
  'module' => 
  array (
    0 => '',
    1 => NULL,
    2 => NULL,
  ),
)
[ info ] [ HEADER ] array (
  'accept-language' => 'zh-CN,zh;q=0.9',
  'accept-encoding' => 'gzip, deflate',
  'accept' => 'text/html,application/xhtml+xml,application/xml;q=0.9,image/avif,image/webp,image/apng,*/*;q=0.8,application/signed-exchange;v=b3;q=0.9',
  'user-agent' => 'Mozilla/5.0 (Windows NT 10.0; WOW64) AppleWebKit/537.36 (KHTML, like Gecko) Chrome/86.0.4240.198 Safari/537.36',
  'upgrade-insecure-requests' => '1',
  'cache-control' => 'max-age=0',
  'connection' => 'keep-alive',
  'host' => 'hr',
  'content-length' => '',
  'content-type' => '',
)
[ info ] [ PARAM ] array (
)
[ info ] [ RUN ] app\hr\controller\Login->login[ D:\phpstudy_pro\thinkphp\application\hr\controller\Login.php ]
[ info ] [ VIEW ] D:\phpstudy_pro\thinkphp\public/../application/hr\view\login\login.html [ array (
  0 => 'title',
) ]
[ info ] [ LOG ] INIT File
---------------------------------------------------------------
[ 2021-06-20T13:10:38+08:00 ] 127.0.0.1 POST hr/hr/login/login.html
[运行时间：0.021445s] [吞吐率：46.63req/s] [内存消耗：1,315.96kb] [文件加载：36]
[ info ] [ LANG ] D:\phpstudy_pro\thinkphp\thinkphp\lang\zh-cn.php
[ info ] [ ROUTE ] array (
  'type' => 'module',
  'module' => 
  array (
    0 => 'hr',
    1 => 'login',
    2 => 'login',
  ),
)
[ info ] [ HEADER ] array (
  'accept-language' => 'zh-CN,zh;q=0.9',
  'accept-encoding' => 'gzip, deflate',
  'referer' => 'http://hr/',
  'origin' => 'http://hr',
  'content-type' => 'application/x-www-form-urlencoded; charset=UTF-8',
  'user-agent' => 'Mozilla/5.0 (Windows NT 10.0; WOW64) AppleWebKit/537.36 (KHTML, like Gecko) Chrome/86.0.4240.198 Safari/537.36',
  'x-requested-with' => 'XMLHttpRequest',
  'accept' => '*/*',
  'content-length' => '25',
  'connection' => 'keep-alive',
  'host' => 'hr',
)
[ info ] [ PARAM ] array (
  'username' => '123',
  'password' => '213',
)
[ info ] [ RUN ] app\hr\controller\Login->login[ D:\phpstudy_pro\thinkphp\application\hr\controller\Login.php ]
[ info ] [ LOG ] INIT File
[ error ] [8]Array to string conversion[D:\phpstudy_pro\thinkphp\application\hr\controller\Login.php:29]
---------------------------------------------------------------
[ 2021-06-20T13:10:55+08:00 ] 127.0.0.1 GET hr/
[运行时间：0.025017s] [吞吐率：39.97req/s] [内存消耗：1,321.18kb] [文件加载：34]
[ info ] [ LANG ] D:\phpstudy_pro\thinkphp\thinkphp\lang\zh-cn.php
[ info ] [ ROUTE ] array (
  'type' => 'module',
  'module' => 
  array (
    0 => '',
    1 => NULL,
    2 => NULL,
  ),
)
[ info ] [ HEADER ] array (
  'accept-language' => 'zh-CN,zh;q=0.9',
  'accept-encoding' => 'gzip, deflate',
  'accept' => 'text/html,application/xhtml+xml,application/xml;q=0.9,image/avif,image/webp,image/apng,*/*;q=0.8,application/signed-exchange;v=b3;q=0.9',
  'user-agent' => 'Mozilla/5.0 (Windows NT 10.0; WOW64) AppleWebKit/537.36 (KHTML, like Gecko) Chrome/86.0.4240.198 Safari/537.36',
  'upgrade-insecure-requests' => '1',
  'cache-control' => 'max-age=0',
  'connection' => 'keep-alive',
  'host' => 'hr',
  'content-length' => '',
  'content-type' => '',
)
[ info ] [ PARAM ] array (
)
[ info ] [ RUN ] app\hr\controller\Login->login[ D:\phpstudy_pro\thinkphp\application\hr\controller\Login.php ]
[ info ] [ VIEW ] D:\phpstudy_pro\thinkphp\public/../application/hr\view\login\login.html [ array (
  0 => 'title',
) ]
[ info ] [ LOG ] INIT File
---------------------------------------------------------------
[ 2021-06-20T13:10:58+08:00 ] 127.0.0.1 POST hr/hr/login/login.html
[运行时间：0.018086s] [吞吐率：55.29req/s] [内存消耗：1,272.48kb] [文件加载：33]
[ info ] [ LANG ] D:\phpstudy_pro\thinkphp\thinkphp\lang\zh-cn.php
[ info ] [ ROUTE ] array (
  'type' => 'module',
  'module' => 
  array (
    0 => 'hr',
    1 => 'login',
    2 => 'login',
  ),
)
[ info ] [ HEADER ] array (
  'accept-language' => 'zh-CN,zh;q=0.9',
  'accept-encoding' => 'gzip, deflate',
  'referer' => 'http://hr/',
  'origin' => 'http://hr',
  'content-type' => 'application/x-www-form-urlencoded; charset=UTF-8',
  'user-agent' => 'Mozilla/5.0 (Windows NT 10.0; WOW64) AppleWebKit/537.36 (KHTML, like Gecko) Chrome/86.0.4240.198 Safari/537.36',
  'x-requested-with' => 'XMLHttpRequest',
  'accept' => '*/*',
  'content-length' => '25',
  'connection' => 'keep-alive',
  'host' => 'hr',
)
[ info ] [ PARAM ] array (
  'username' => '123',
  'password' => '123',
)
[ info ] [ RUN ] app\hr\controller\Login->login[ D:\phpstudy_pro\thinkphp\application\hr\controller\Login.php ]
[ info ] [ LOG ] INIT File
---------------------------------------------------------------
[ 2021-06-20T13:24:36+08:00 ] 127.0.0.1 GET hr/
[运行时间：0.025054s] [吞吐率：39.91req/s] [内存消耗：1,321.31kb] [文件加载：34]
[ info ] [ LANG ] D:\phpstudy_pro\thinkphp\thinkphp\lang\zh-cn.php
[ info ] [ ROUTE ] array (
  'type' => 'module',
  'module' => 
  array (
    0 => '',
    1 => NULL,
    2 => NULL,
  ),
)
[ info ] [ HEADER ] array (
  'accept-language' => 'zh-CN,zh;q=0.9',
  'accept-encoding' => 'gzip, deflate',
  'accept' => 'text/html,application/xhtml+xml,application/xml;q=0.9,image/avif,image/webp,image/apng,*/*;q=0.8,application/signed-exchange;v=b3;q=0.9',
  'user-agent' => 'Mozilla/5.0 (Windows NT 10.0; WOW64) AppleWebKit/537.36 (KHTML, like Gecko) Chrome/86.0.4240.198 Safari/537.36',
  'upgrade-insecure-requests' => '1',
  'cache-control' => 'max-age=0',
  'connection' => 'keep-alive',
  'host' => 'hr',
  'content-length' => '',
  'content-type' => '',
)
[ info ] [ PARAM ] array (
)
[ info ] [ RUN ] app\hr\controller\Login->login[ D:\phpstudy_pro\thinkphp\application\hr\controller\Login.php ]
[ info ] [ VIEW ] D:\phpstudy_pro\thinkphp\public/../application/hr\view\login\login.html [ array (
  0 => 'title',
) ]
[ info ] [ LOG ] INIT File
---------------------------------------------------------------
[ 2021-06-20T13:24:39+08:00 ] 127.0.0.1 POST hr/hr/login/login.html
[运行时间：0.018537s] [吞吐率：53.95req/s] [内存消耗：1,294.12kb] [文件加载：34]
[ info ] [ LANG ] D:\phpstudy_pro\thinkphp\thinkphp\lang\zh-cn.php
[ info ] [ ROUTE ] array (
  'type' => 'module',
  'module' => 
  array (
    0 => 'hr',
    1 => 'login',
    2 => 'login',
  ),
)
[ info ] [ HEADER ] array (
  'accept-language' => 'zh-CN,zh;q=0.9',
  'accept-encoding' => 'gzip, deflate',
  'referer' => 'http://hr/',
  'origin' => 'http://hr',
  'content-type' => 'application/x-www-form-urlencoded; charset=UTF-8',
  'user-agent' => 'Mozilla/5.0 (Windows NT 10.0; WOW64) AppleWebKit/537.36 (KHTML, like Gecko) Chrome/86.0.4240.198 Safari/537.36',
  'x-requested-with' => 'XMLHttpRequest',
  'accept' => '*/*',
  'content-length' => '25',
  'connection' => 'keep-alive',
  'host' => 'hr',
)
[ info ] [ PARAM ] array (
  'username' => '123',
  'password' => '123',
)
[ info ] [ RUN ] app\hr\controller\Login->login[ D:\phpstudy_pro\thinkphp\application\hr\controller\Login.php ]
[ info ] [ LOG ] INIT File
---------------------------------------------------------------
[ 2021-06-20T13:24:39+08:00 ] 127.0.0.1 GET hr/hr/user/index.html
[运行时间：0.013785s] [吞吐率：72.54req/s] [内存消耗：1,262.50kb] [文件加载：32]
[ info ] [ LANG ] D:\phpstudy_pro\thinkphp\thinkphp\lang\zh-cn.php
[ info ] [ ROUTE ] array (
  'type' => 'module',
  'module' => 
  array (
    0 => 'hr',
    1 => 'user',
    2 => 'index',
  ),
)
[ info ] [ HEADER ] array (
  'accept-language' => 'zh-CN,zh;q=0.9',
  'accept-encoding' => 'gzip, deflate',
  'referer' => 'http://hr/',
  'user-agent' => 'Mozilla/5.0 (Windows NT 10.0; WOW64) AppleWebKit/537.36 (KHTML, like Gecko) Chrome/86.0.4240.198 Safari/537.36',
  'x-requested-with' => 'XMLHttpRequest',
  'accept' => '*/*',
  'connection' => 'keep-alive',
  'host' => 'hr',
  'content-length' => '',
  'content-type' => '',
)
[ info ] [ PARAM ] array (
)
[ info ] [ RUN ] app\hr\controller\User->index[ D:\phpstudy_pro\thinkphp\application\hr\controller\User.php ]
[ info ] [ LOG ] INIT File
---------------------------------------------------------------
[ 2021-06-20T13:25:24+08:00 ] 127.0.0.1 GET hr/hr/User/index
[运行时间：0.015446s] [吞吐率：64.74req/s] [内存消耗：1,262.95kb] [文件加载：32]
[ info ] [ LANG ] D:\phpstudy_pro\thinkphp\thinkphp\lang\zh-cn.php
[ info ] [ ROUTE ] array (
  'type' => 'module',
  'module' => 
  array (
    0 => 'hr',
    1 => 'User',
    2 => 'index',
  ),
)
[ info ] [ HEADER ] array (
  'accept-language' => 'zh-CN,zh;q=0.9',
  'accept-encoding' => 'gzip, deflate',
  'accept' => 'text/html,application/xhtml+xml,application/xml;q=0.9,image/avif,image/webp,image/apng,*/*;q=0.8,application/signed-exchange;v=b3;q=0.9',
  'user-agent' => 'Mozilla/5.0 (Windows NT 10.0; WOW64) AppleWebKit/537.36 (KHTML, like Gecko) Chrome/86.0.4240.198 Safari/537.36',
  'upgrade-insecure-requests' => '1',
  'connection' => 'keep-alive',
  'host' => 'hr',
  'content-length' => '',
  'content-type' => '',
)
[ info ] [ PARAM ] array (
)
[ info ] [ RUN ] app\hr\controller\User->index[ D:\phpstudy_pro\thinkphp\application\hr\controller\User.php ]
[ info ] [ LOG ] INIT File
---------------------------------------------------------------
[ 2021-06-20T13:25:51+08:00 ] 127.0.0.1 GET hr/hr/User/index
[运行时间：0.015755s] [吞吐率：63.47req/s] [内存消耗：1,263.20kb] [文件加载：32]
[ info ] [ LANG ] D:\phpstudy_pro\thinkphp\thinkphp\lang\zh-cn.php
[ info ] [ ROUTE ] array (
  'type' => 'module',
  'module' => 
  array (
    0 => 'hr',
    1 => 'User',
    2 => 'index',
  ),
)
[ info ] [ HEADER ] array (
  'accept-language' => 'zh-CN,zh;q=0.9',
  'accept-encoding' => 'gzip, deflate',
  'accept' => 'text/html,application/xhtml+xml,application/xml;q=0.9,image/avif,image/webp,image/apng,*/*;q=0.8,application/signed-exchange;v=b3;q=0.9',
  'user-agent' => 'Mozilla/5.0 (Windows NT 10.0; WOW64) AppleWebKit/537.36 (KHTML, like Gecko) Chrome/86.0.4240.198 Safari/537.36',
  'upgrade-insecure-requests' => '1',
  'cache-control' => 'max-age=0',
  'connection' => 'keep-alive',
  'host' => 'hr',
  'content-length' => '',
  'content-type' => '',
)
[ info ] [ PARAM ] array (
)
[ info ] [ RUN ] app\hr\controller\User->index[ D:\phpstudy_pro\thinkphp\application\hr\controller\User.php ]
[ info ] [ LOG ] INIT File
---------------------------------------------------------------
[ 2021-06-20T13:25:53+08:00 ] 127.0.0.1 GET hr/
[运行时间：0.024924s] [吞吐率：40.12req/s] [内存消耗：1,321.31kb] [文件加载：34]
[ info ] [ LANG ] D:\phpstudy_pro\thinkphp\thinkphp\lang\zh-cn.php
[ info ] [ ROUTE ] array (
  'type' => 'module',
  'module' => 
  array (
    0 => '',
    1 => NULL,
    2 => NULL,
  ),
)
[ info ] [ HEADER ] array (
  'accept-language' => 'zh-CN,zh;q=0.9',
  'accept-encoding' => 'gzip, deflate',
  'accept' => 'text/html,application/xhtml+xml,application/xml;q=0.9,image/avif,image/webp,image/apng,*/*;q=0.8,application/signed-exchange;v=b3;q=0.9',
  'user-agent' => 'Mozilla/5.0 (Windows NT 10.0; WOW64) AppleWebKit/537.36 (KHTML, like Gecko) Chrome/86.0.4240.198 Safari/537.36',
  'upgrade-insecure-requests' => '1',
  'cache-control' => 'max-age=0',
  'connection' => 'keep-alive',
  'host' => 'hr',
  'content-length' => '',
  'content-type' => '',
)
[ info ] [ PARAM ] array (
)
[ info ] [ RUN ] app\hr\controller\Login->login[ D:\phpstudy_pro\thinkphp\application\hr\controller\Login.php ]
[ info ] [ VIEW ] D:\phpstudy_pro\thinkphp\public/../application/hr\view\login\login.html [ array (
  0 => 'title',
) ]
[ info ] [ LOG ] INIT File
---------------------------------------------------------------
[ 2021-06-20T13:25:55+08:00 ] 127.0.0.1 POST hr/hr/login/login.html
[运行时间：0.016118s] [吞吐率：62.04req/s] [内存消耗：1,294.12kb] [文件加载：34]
[ info ] [ LANG ] D:\phpstudy_pro\thinkphp\thinkphp\lang\zh-cn.php
[ info ] [ ROUTE ] array (
  'type' => 'module',
  'module' => 
  array (
    0 => 'hr',
    1 => 'login',
    2 => 'login',
  ),
)
[ info ] [ HEADER ] array (
  'accept-language' => 'zh-CN,zh;q=0.9',
  'accept-encoding' => 'gzip, deflate',
  'referer' => 'http://hr/',
  'origin' => 'http://hr',
  'content-type' => 'application/x-www-form-urlencoded; charset=UTF-8',
  'user-agent' => 'Mozilla/5.0 (Windows NT 10.0; WOW64) AppleWebKit/537.36 (KHTML, like Gecko) Chrome/86.0.4240.198 Safari/537.36',
  'x-requested-with' => 'XMLHttpRequest',
  'accept' => '*/*',
  'content-length' => '25',
  'connection' => 'keep-alive',
  'host' => 'hr',
)
[ info ] [ PARAM ] array (
  'username' => '123',
  'password' => '123',
)
[ info ] [ RUN ] app\hr\controller\Login->login[ D:\phpstudy_pro\thinkphp\application\hr\controller\Login.php ]
[ info ] [ LOG ] INIT File
---------------------------------------------------------------
[ 2021-06-20T13:25:55+08:00 ] 127.0.0.1 GET hr/hr/user/index.html
[运行时间：0.013694s] [吞吐率：73.02req/s] [内存消耗：1,262.50kb] [文件加载：32]
[ info ] [ LANG ] D:\phpstudy_pro\thinkphp\thinkphp\lang\zh-cn.php
[ info ] [ ROUTE ] array (
  'type' => 'module',
  'module' => 
  array (
    0 => 'hr',
    1 => 'user',
    2 => 'index',
  ),
)
[ info ] [ HEADER ] array (
  'accept-language' => 'zh-CN,zh;q=0.9',
  'accept-encoding' => 'gzip, deflate',
  'referer' => 'http://hr/',
  'user-agent' => 'Mozilla/5.0 (Windows NT 10.0; WOW64) AppleWebKit/537.36 (KHTML, like Gecko) Chrome/86.0.4240.198 Safari/537.36',
  'x-requested-with' => 'XMLHttpRequest',
  'accept' => '*/*',
  'connection' => 'keep-alive',
  'host' => 'hr',
  'content-length' => '',
  'content-type' => '',
)
[ info ] [ PARAM ] array (
)
[ info ] [ RUN ] app\hr\controller\User->index[ D:\phpstudy_pro\thinkphp\application\hr\controller\User.php ]
[ info ] [ LOG ] INIT File
---------------------------------------------------------------
[ 2021-06-20T13:28:22+08:00 ] 127.0.0.1 GET hr/
[运行时间：0.028303s] [吞吐率：35.33req/s] [内存消耗：1,321.31kb] [文件加载：34]
[ info ] [ LANG ] D:\phpstudy_pro\thinkphp\thinkphp\lang\zh-cn.php
[ info ] [ ROUTE ] array (
  'type' => 'module',
  'module' => 
  array (
    0 => '',
    1 => NULL,
    2 => NULL,
  ),
)
[ info ] [ HEADER ] array (
  'accept-language' => 'zh-CN,zh;q=0.9',
  'accept-encoding' => 'gzip, deflate',
  'accept' => 'text/html,application/xhtml+xml,application/xml;q=0.9,image/avif,image/webp,image/apng,*/*;q=0.8,application/signed-exchange;v=b3;q=0.9',
  'user-agent' => 'Mozilla/5.0 (Windows NT 10.0; WOW64) AppleWebKit/537.36 (KHTML, like Gecko) Chrome/86.0.4240.198 Safari/537.36',
  'upgrade-insecure-requests' => '1',
  'cache-control' => 'max-age=0',
  'connection' => 'keep-alive',
  'host' => 'hr',
  'content-length' => '',
  'content-type' => '',
)
[ info ] [ PARAM ] array (
)
[ info ] [ RUN ] app\hr\controller\Login->login[ D:\phpstudy_pro\thinkphp\application\hr\controller\Login.php ]
[ info ] [ VIEW ] D:\phpstudy_pro\thinkphp\public/../application/hr\view\login\login.html [ array (
  0 => 'title',
) ]
[ info ] [ LOG ] INIT File
---------------------------------------------------------------
[ 2021-06-20T13:28:24+08:00 ] 127.0.0.1 POST hr/hr/login/login.html
[运行时间：0.017186s] [吞吐率：58.19req/s] [内存消耗：1,294.12kb] [文件加载：34]
[ info ] [ LANG ] D:\phpstudy_pro\thinkphp\thinkphp\lang\zh-cn.php
[ info ] [ ROUTE ] array (
  'type' => 'module',
  'module' => 
  array (
    0 => 'hr',
    1 => 'login',
    2 => 'login',
  ),
)
[ info ] [ HEADER ] array (
  'accept-language' => 'zh-CN,zh;q=0.9',
  'accept-encoding' => 'gzip, deflate',
  'referer' => 'http://hr/',
  'origin' => 'http://hr',
  'content-type' => 'application/x-www-form-urlencoded; charset=UTF-8',
  'user-agent' => 'Mozilla/5.0 (Windows NT 10.0; WOW64) AppleWebKit/537.36 (KHTML, like Gecko) Chrome/86.0.4240.198 Safari/537.36',
  'x-requested-with' => 'XMLHttpRequest',
  'accept' => '*/*',
  'content-length' => '25',
  'connection' => 'keep-alive',
  'host' => 'hr',
)
[ info ] [ PARAM ] array (
  'username' => '123',
  'password' => '123',
)
[ info ] [ RUN ] app\hr\controller\Login->login[ D:\phpstudy_pro\thinkphp\application\hr\controller\Login.php ]
[ info ] [ LOG ] INIT File
---------------------------------------------------------------
[ 2021-06-20T13:28:24+08:00 ] 127.0.0.1 GET hr/hr/user/index.html
[运行时间：0.020152s] [吞吐率：49.62req/s] [内存消耗：1,399.52kb] [文件加载：35]
[ info ] [ LANG ] D:\phpstudy_pro\thinkphp\thinkphp\lang\zh-cn.php
[ info ] [ ROUTE ] array (
  'type' => 'module',
  'module' => 
  array (
    0 => 'hr',
    1 => 'user',
    2 => 'index',
  ),
)
[ info ] [ HEADER ] array (
  'accept-language' => 'zh-CN,zh;q=0.9',
  'accept-encoding' => 'gzip, deflate',
  'referer' => 'http://hr/',
  'user-agent' => 'Mozilla/5.0 (Windows NT 10.0; WOW64) AppleWebKit/537.36 (KHTML, like Gecko) Chrome/86.0.4240.198 Safari/537.36',
  'x-requested-with' => 'XMLHttpRequest',
  'accept' => '*/*',
  'connection' => 'keep-alive',
  'host' => 'hr',
  'content-length' => '',
  'content-type' => '',
)
[ info ] [ PARAM ] array (
)
[ info ] [ RUN ] app\hr\controller\User->index[ D:\phpstudy_pro\thinkphp\application\hr\controller\User.php ]
[ info ] [ VIEW ] D:\phpstudy_pro\thinkphp\public/../application/hr\view\user\index.html [ array (
) ]
[ info ] [ LOG ] INIT File
---------------------------------------------------------------
[ 2021-06-20T13:28:27+08:00 ] 127.0.0.1 GET hr/hr/user/index.html
[运行时间：0.013098s] [吞吐率：76.35req/s] [内存消耗：1,267.66kb] [文件加载：33]
[ info ] [ LANG ] D:\phpstudy_pro\thinkphp\thinkphp\lang\zh-cn.php
[ info ] [ ROUTE ] array (
  'type' => 'module',
  'module' => 
  array (
    0 => 'hr',
    1 => 'user',
    2 => 'index',
  ),
)
[ info ] [ HEADER ] array (
  'accept-language' => 'zh-CN,zh;q=0.9',
  'accept-encoding' => 'gzip, deflate',
  'accept' => 'text/html,application/xhtml+xml,application/xml;q=0.9,image/avif,image/webp,image/apng,*/*;q=0.8,application/signed-exchange;v=b3;q=0.9',
  'user-agent' => 'Mozilla/5.0 (Windows NT 10.0; WOW64) AppleWebKit/537.36 (KHTML, like Gecko) Chrome/86.0.4240.198 Safari/537.36',
  'upgrade-insecure-requests' => '1',
  'connection' => 'keep-alive',
  'host' => 'hr',
  'content-length' => '',
  'content-type' => '',
)
[ info ] [ PARAM ] array (
)
[ info ] [ RUN ] app\hr\controller\User->index[ D:\phpstudy_pro\thinkphp\application\hr\controller\User.php ]
[ info ] [ VIEW ] D:\phpstudy_pro\thinkphp\public/../application/hr\view\user\index.html [ array (
) ]
[ info ] [ LOG ] INIT File
---------------------------------------------------------------
[ 2021-06-20T13:41:36+08:00 ] 127.0.0.1 GET hr/
[运行时间：0.026448s] [吞吐率：37.81req/s] [内存消耗：1,534.31kb] [文件加载：36]
[ info ] [ LANG ] D:\phpstudy_pro\thinkphp\thinkphp\lang\zh-cn.php
[ info ] [ ROUTE ] array (
  'type' => 'module',
  'module' => 
  array (
    0 => '',
    1 => NULL,
    2 => NULL,
  ),
)
[ info ] [ HEADER ] array (
  'accept-language' => 'zh-CN,zh;q=0.9',
  'accept-encoding' => 'gzip, deflate',
  'accept' => 'text/html,application/xhtml+xml,application/xml;q=0.9,image/avif,image/webp,image/apng,*/*;q=0.8,application/signed-exchange;v=b3;q=0.9',
  'user-agent' => 'Mozilla/5.0 (Windows NT 10.0; WOW64) AppleWebKit/537.36 (KHTML, like Gecko) Chrome/86.0.4240.198 Safari/537.36',
  'upgrade-insecure-requests' => '1',
  'cache-control' => 'max-age=0',
  'connection' => 'keep-alive',
  'host' => 'hr',
  'content-length' => '',
  'content-type' => '',
)
[ info ] [ PARAM ] array (
)
[ info ] [ RUN ] app\hr\controller\Login->login[ D:\phpstudy_pro\thinkphp\application\hr\controller\Login.php ]
[ info ] [ VIEW ] D:\phpstudy_pro\thinkphp\public/../application/hr\view\login\login.html [ array (
  0 => 'title',
) ]
[ info ] [ LOG ] INIT File
---------------------------------------------------------------
[ 2021-06-20T13:41:38+08:00 ] 127.0.0.1 POST hr/hr/login/userlogin.html
[运行时间：0.017378s] [吞吐率：57.54req/s] [内存消耗：1,294.70kb] [文件加载：34]
[ info ] [ LANG ] D:\phpstudy_pro\thinkphp\thinkphp\lang\zh-cn.php
[ info ] [ ROUTE ] array (
  'type' => 'module',
  'module' => 
  array (
    0 => 'hr',
    1 => 'login',
    2 => 'userlogin',
  ),
)
[ info ] [ HEADER ] array (
  'accept-language' => 'zh-CN,zh;q=0.9',
  'accept-encoding' => 'gzip, deflate',
  'referer' => 'http://hr/',
  'origin' => 'http://hr',
  'content-type' => 'application/x-www-form-urlencoded; charset=UTF-8',
  'user-agent' => 'Mozilla/5.0 (Windows NT 10.0; WOW64) AppleWebKit/537.36 (KHTML, like Gecko) Chrome/86.0.4240.198 Safari/537.36',
  'x-requested-with' => 'XMLHttpRequest',
  'accept' => '*/*',
  'content-length' => '25',
  'connection' => 'keep-alive',
  'host' => 'hr',
)
[ info ] [ PARAM ] array (
  'username' => '123',
  'password' => '123',
)
[ info ] [ RUN ] app\hr\controller\Login->userLogin[ D:\phpstudy_pro\thinkphp\application\hr\controller\Login.php ]
[ info ] [ LOG ] INIT File
---------------------------------------------------------------
[ 2021-06-20T13:41:38+08:00 ] 127.0.0.1 GET hr/hr/user/index.html
[运行时间：0.014000s] [吞吐率：71.43req/s] [内存消耗：1,267.02kb] [文件加载：33]
[ info ] [ LANG ] D:\phpstudy_pro\thinkphp\thinkphp\lang\zh-cn.php
[ info ] [ ROUTE ] array (
  'type' => 'module',
  'module' => 
  array (
    0 => 'hr',
    1 => 'user',
    2 => 'index',
  ),
)
[ info ] [ HEADER ] array (
  'accept-language' => 'zh-CN,zh;q=0.9',
  'accept-encoding' => 'gzip, deflate',
  'referer' => 'http://hr/',
  'user-agent' => 'Mozilla/5.0 (Windows NT 10.0; WOW64) AppleWebKit/537.36 (KHTML, like Gecko) Chrome/86.0.4240.198 Safari/537.36',
  'x-requested-with' => 'XMLHttpRequest',
  'accept' => '*/*',
  'connection' => 'keep-alive',
  'host' => 'hr',
  'content-length' => '',
  'content-type' => '',
)
[ info ] [ PARAM ] array (
)
[ info ] [ RUN ] app\hr\controller\User->index[ D:\phpstudy_pro\thinkphp\application\hr\controller\User.php ]
[ info ] [ VIEW ] D:\phpstudy_pro\thinkphp\public/../application/hr\view\user\index.html [ array (
) ]
[ info ] [ LOG ] INIT File
---------------------------------------------------------------
[ 2021-06-20T13:43:18+08:00 ] 127.0.0.1 GET hr/
[运行时间：0.025322s] [吞吐率：39.49req/s] [内存消耗：1,322.16kb] [文件加载：34]
[ info ] [ LANG ] D:\phpstudy_pro\thinkphp\thinkphp\lang\zh-cn.php
[ info ] [ ROUTE ] array (
  'type' => 'module',
  'module' => 
  array (
    0 => '',
    1 => NULL,
    2 => NULL,
  ),
)
[ info ] [ HEADER ] array (
  'accept-language' => 'zh-CN,zh;q=0.9',
  'accept-encoding' => 'gzip, deflate',
  'accept' => 'text/html,application/xhtml+xml,application/xml;q=0.9,image/avif,image/webp,image/apng,*/*;q=0.8,application/signed-exchange;v=b3;q=0.9',
  'user-agent' => 'Mozilla/5.0 (Windows NT 10.0; WOW64) AppleWebKit/537.36 (KHTML, like Gecko) Chrome/86.0.4240.198 Safari/537.36',
  'upgrade-insecure-requests' => '1',
  'cache-control' => 'max-age=0',
  'connection' => 'keep-alive',
  'host' => 'hr',
  'content-length' => '',
  'content-type' => '',
)
[ info ] [ PARAM ] array (
)
[ info ] [ RUN ] app\hr\controller\Login->login[ D:\phpstudy_pro\thinkphp\application\hr\controller\Login.php ]
[ info ] [ VIEW ] D:\phpstudy_pro\thinkphp\public/../application/hr\view\login\login.html [ array (
  0 => 'title',
) ]
[ info ] [ LOG ] INIT File
---------------------------------------------------------------
[ 2021-06-20T13:43:21+08:00 ] 127.0.0.1 POST hr/hr/login/userlogin.html
[运行时间：0.017101s] [吞吐率：58.48req/s] [内存消耗：1,242.47kb] [文件加载：33]
[ info ] [ LANG ] D:\phpstudy_pro\thinkphp\thinkphp\lang\zh-cn.php
[ info ] [ ROUTE ] array (
  'type' => 'module',
  'module' => 
  array (
    0 => 'hr',
    1 => 'login',
    2 => 'userlogin',
  ),
)
[ info ] [ HEADER ] array (
  'accept-language' => 'zh-CN,zh;q=0.9',
  'accept-encoding' => 'gzip, deflate',
  'referer' => 'http://hr/',
  'origin' => 'http://hr',
  'content-type' => 'application/x-www-form-urlencoded; charset=UTF-8',
  'user-agent' => 'Mozilla/5.0 (Windows NT 10.0; WOW64) AppleWebKit/537.36 (KHTML, like Gecko) Chrome/86.0.4240.198 Safari/537.36',
  'x-requested-with' => 'XMLHttpRequest',
  'accept' => '*/*',
  'content-length' => '25',
  'connection' => 'keep-alive',
  'host' => 'hr',
)
[ info ] [ PARAM ] array (
  'username' => '123',
  'password' => '123',
)
[ info ] [ RUN ] app\hr\controller\Login->userLogin[ D:\phpstudy_pro\thinkphp\application\hr\controller\Login.php ]
[ info ] [ LOG ] INIT File
---------------------------------------------------------------
[ 2021-06-20T13:43:21+08:00 ] 127.0.0.1 GET hr/hr/User/index
[运行时间：0.013806s] [吞吐率：72.43req/s] [内存消耗：1,266.94kb] [文件加载：33]
[ info ] [ LANG ] D:\phpstudy_pro\thinkphp\thinkphp\lang\zh-cn.php
[ info ] [ ROUTE ] array (
  'type' => 'module',
  'module' => 
  array (
    0 => 'hr',
    1 => 'User',
    2 => 'index',
  ),
)
[ info ] [ HEADER ] array (
  'accept-language' => 'zh-CN,zh;q=0.9',
  'accept-encoding' => 'gzip, deflate',
  'referer' => 'http://hr/',
  'user-agent' => 'Mozilla/5.0 (Windows NT 10.0; WOW64) AppleWebKit/537.36 (KHTML, like Gecko) Chrome/86.0.4240.198 Safari/537.36',
  'x-requested-with' => 'XMLHttpRequest',
  'accept' => '*/*',
  'connection' => 'keep-alive',
  'host' => 'hr',
  'content-length' => '',
  'content-type' => '',
)
[ info ] [ PARAM ] array (
)
[ info ] [ RUN ] app\hr\controller\User->index[ D:\phpstudy_pro\thinkphp\application\hr\controller\User.php ]
[ info ] [ VIEW ] D:\phpstudy_pro\thinkphp\public/../application/hr\view\user\index.html [ array (
) ]
[ info ] [ LOG ] INIT File
