---------------------------------------------------------------
[ 2021-06-29T23:24:49+08:00 ] 127.0.0.1 GET hr/
[运行时间：0.054530s] [吞吐率：18.34req/s] [内存消耗：1,322.49kb] [文件加载：34]
[ info ] [ LANG ] D:\phpstudy_pro\thinkphp\thinkphp\lang\zh-cn.php
[ info ] [ ROUTE ] array (
  'type' => 'module',
  'module' => 
  array (
    0 => '',
    1 => NULL,
    2 => NULL,
  ),
)
[ info ] [ HEADER ] array (
  'accept-language' => 'zh-CN,zh;q=0.9',
  'accept-encoding' => 'gzip, deflate',
  'accept' => 'text/html,application/xhtml+xml,application/xml;q=0.9,image/avif,image/webp,image/apng,*/*;q=0.8,application/signed-exchange;v=b3;q=0.9',
  'user-agent' => 'Mozilla/5.0 (Windows NT 10.0; WOW64) AppleWebKit/537.36 (KHTML, like Gecko) Chrome/86.0.4240.198 Safari/537.36',
  'upgrade-insecure-requests' => '1',
  'connection' => 'keep-alive',
  'host' => 'hr',
  'content-length' => '',
  'content-type' => '',
)
[ info ] [ PARAM ] array (
)
[ info ] [ RUN ] app\hr\controller\Login->login[ D:\phpstudy_pro\thinkphp\application\hr\controller\Login.php ]
[ info ] [ VIEW ] D:\phpstudy_pro\thinkphp\public/../application/hr\view\login\login.html [ array (
  0 => 'title',
) ]
[ info ] [ LOG ] INIT File
---------------------------------------------------------------
[ 2021-06-29T23:29:58+08:00 ] 127.0.0.1 POST hr/hr/login/userlogin.html
[运行时间：0.016984s] [吞吐率：58.88req/s] [内存消耗：1,242.47kb] [文件加载：33]
[ info ] [ LANG ] D:\phpstudy_pro\thinkphp\thinkphp\lang\zh-cn.php
[ info ] [ ROUTE ] array (
  'type' => 'module',
  'module' => 
  array (
    0 => 'hr',
    1 => 'login',
    2 => 'userlogin',
  ),
)
[ info ] [ HEADER ] array (
  'accept-language' => 'zh-CN,zh;q=0.9',
  'accept-encoding' => 'gzip, deflate',
  'referer' => 'http://hr/',
  'origin' => 'http://hr',
  'content-type' => 'application/x-www-form-urlencoded; charset=UTF-8',
  'user-agent' => 'Mozilla/5.0 (Windows NT 10.0; WOW64) AppleWebKit/537.36 (KHTML, like Gecko) Chrome/86.0.4240.198 Safari/537.36',
  'x-requested-with' => 'XMLHttpRequest',
  'accept' => '*/*',
  'content-length' => '25',
  'connection' => 'keep-alive',
  'host' => 'hr',
)
[ info ] [ PARAM ] array (
  'username' => '123',
  'password' => '123',
)
[ info ] [ RUN ] app\hr\controller\Login->userLogin[ D:\phpstudy_pro\thinkphp\application\hr\controller\Login.php ]
[ info ] [ LOG ] INIT File
---------------------------------------------------------------
[ 2021-06-29T23:29:58+08:00 ] 127.0.0.1 GET hr/hr/User/index
[运行时间：0.013587s] [吞吐率：73.60req/s] [内存消耗：1,266.94kb] [文件加载：33]
[ info ] [ LANG ] D:\phpstudy_pro\thinkphp\thinkphp\lang\zh-cn.php
[ info ] [ ROUTE ] array (
  'type' => 'module',
  'module' => 
  array (
    0 => 'hr',
    1 => 'User',
    2 => 'index',
  ),
)
[ info ] [ HEADER ] array (
  'accept-language' => 'zh-CN,zh;q=0.9',
  'accept-encoding' => 'gzip, deflate',
  'referer' => 'http://hr/',
  'user-agent' => 'Mozilla/5.0 (Windows NT 10.0; WOW64) AppleWebKit/537.36 (KHTML, like Gecko) Chrome/86.0.4240.198 Safari/537.36',
  'x-requested-with' => 'XMLHttpRequest',
  'accept' => '*/*',
  'connection' => 'keep-alive',
  'host' => 'hr',
  'content-length' => '',
  'content-type' => '',
)
[ info ] [ PARAM ] array (
)
[ info ] [ RUN ] app\hr\controller\User->index[ D:\phpstudy_pro\thinkphp\application\hr\controller\User.php ]
[ info ] [ VIEW ] D:\phpstudy_pro\thinkphp\public/../application/hr\view\user\index.html [ array (
) ]
[ info ] [ LOG ] INIT File
---------------------------------------------------------------
[ 2021-06-29T23:30:01+08:00 ] 127.0.0.1 POST hr/hr/login/userlogin.html
[运行时间：0.014324s] [吞吐率：69.81req/s] [内存消耗：1,242.47kb] [文件加载：33]
[ info ] [ LANG ] D:\phpstudy_pro\thinkphp\thinkphp\lang\zh-cn.php
[ info ] [ ROUTE ] array (
  'type' => 'module',
  'module' => 
  array (
    0 => 'hr',
    1 => 'login',
    2 => 'userlogin',
  ),
)
[ info ] [ HEADER ] array (
  'accept-language' => 'zh-CN,zh;q=0.9',
  'accept-encoding' => 'gzip, deflate',
  'referer' => 'http://hr/',
  'origin' => 'http://hr',
  'content-type' => 'application/x-www-form-urlencoded; charset=UTF-8',
  'user-agent' => 'Mozilla/5.0 (Windows NT 10.0; WOW64) AppleWebKit/537.36 (KHTML, like Gecko) Chrome/86.0.4240.198 Safari/537.36',
  'x-requested-with' => 'XMLHttpRequest',
  'accept' => '*/*',
  'content-length' => '25',
  'connection' => 'keep-alive',
  'host' => 'hr',
)
[ info ] [ PARAM ] array (
  'username' => '123',
  'password' => '123',
)
[ info ] [ RUN ] app\hr\controller\Login->userLogin[ D:\phpstudy_pro\thinkphp\application\hr\controller\Login.php ]
[ info ] [ LOG ] INIT File
---------------------------------------------------------------
[ 2021-06-29T23:30:01+08:00 ] 127.0.0.1 GET hr/hr/User/index
[运行时间：0.021202s] [吞吐率：47.17req/s] [内存消耗：1,266.94kb] [文件加载：33]
[ info ] [ LANG ] D:\phpstudy_pro\thinkphp\thinkphp\lang\zh-cn.php
[ info ] [ ROUTE ] array (
  'type' => 'module',
  'module' => 
  array (
    0 => 'hr',
    1 => 'User',
    2 => 'index',
  ),
)
[ info ] [ HEADER ] array (
  'accept-language' => 'zh-CN,zh;q=0.9',
  'accept-encoding' => 'gzip, deflate',
  'referer' => 'http://hr/',
  'user-agent' => 'Mozilla/5.0 (Windows NT 10.0; WOW64) AppleWebKit/537.36 (KHTML, like Gecko) Chrome/86.0.4240.198 Safari/537.36',
  'x-requested-with' => 'XMLHttpRequest',
  'accept' => '*/*',
  'connection' => 'keep-alive',
  'host' => 'hr',
  'content-length' => '',
  'content-type' => '',
)
[ info ] [ PARAM ] array (
)
[ info ] [ RUN ] app\hr\controller\User->index[ D:\phpstudy_pro\thinkphp\application\hr\controller\User.php ]
[ info ] [ VIEW ] D:\phpstudy_pro\thinkphp\public/../application/hr\view\user\index.html [ array (
) ]
[ info ] [ LOG ] INIT File
---------------------------------------------------------------
[ 2021-06-29T23:34:21+08:00 ] 127.0.0.1 GET hr/hr/User/index
[运行时间：0.017432s] [吞吐率：57.37req/s] [内存消耗：1,267.59kb] [文件加载：33]
[ info ] [ LANG ] D:\phpstudy_pro\thinkphp\thinkphp\lang\zh-cn.php
[ info ] [ ROUTE ] array (
  'type' => 'module',
  'module' => 
  array (
    0 => 'hr',
    1 => 'User',
    2 => 'index',
  ),
)
[ info ] [ HEADER ] array (
  'accept-language' => 'zh-CN,zh;q=0.9',
  'accept-encoding' => 'gzip, deflate',
  'accept' => 'text/html,application/xhtml+xml,application/xml;q=0.9,image/avif,image/webp,image/apng,*/*;q=0.8,application/signed-exchange;v=b3;q=0.9',
  'user-agent' => 'Mozilla/5.0 (Windows NT 10.0; WOW64) AppleWebKit/537.36 (KHTML, like Gecko) Chrome/86.0.4240.198 Safari/537.36',
  'upgrade-insecure-requests' => '1',
  'connection' => 'keep-alive',
  'host' => 'hr',
  'content-length' => '',
  'content-type' => '',
)
[ info ] [ PARAM ] array (
)
[ info ] [ RUN ] app\hr\controller\User->index[ D:\phpstudy_pro\thinkphp\application\hr\controller\User.php ]
[ info ] [ VIEW ] D:\phpstudy_pro\thinkphp\public/../application/hr\view\user\index.html [ array (
) ]
[ info ] [ LOG ] INIT File
---------------------------------------------------------------
[ 2021-06-29T23:34:50+08:00 ] 127.0.0.1 GET hr/
[运行时间：0.023132s] [吞吐率：43.23req/s] [内存消耗：1,531.50kb] [文件加载：36]
[ info ] [ LANG ] D:\phpstudy_pro\thinkphp\thinkphp\lang\zh-cn.php
[ info ] [ ROUTE ] array (
  'type' => 'module',
  'module' => 
  array (
    0 => '',
    1 => NULL,
    2 => NULL,
  ),
)
[ info ] [ HEADER ] array (
  'accept-language' => 'zh-CN,zh;q=0.9',
  'accept-encoding' => 'gzip, deflate',
  'accept' => 'text/html,application/xhtml+xml,application/xml;q=0.9,image/avif,image/webp,image/apng,*/*;q=0.8,application/signed-exchange;v=b3;q=0.9',
  'user-agent' => 'Mozilla/5.0 (Windows NT 10.0; WOW64) AppleWebKit/537.36 (KHTML, like Gecko) Chrome/86.0.4240.198 Safari/537.36',
  'upgrade-insecure-requests' => '1',
  'cache-control' => 'max-age=0',
  'connection' => 'keep-alive',
  'host' => 'hr',
  'content-length' => '',
  'content-type' => '',
)
[ info ] [ PARAM ] array (
)
[ info ] [ RUN ] app\hr\controller\Login->login[ D:\phpstudy_pro\thinkphp\application\hr\controller\Login.php ]
[ info ] [ VIEW ] D:\phpstudy_pro\thinkphp\public/../application/hr\view\login\login.html [ array (
  0 => 'title',
) ]
[ info ] [ LOG ] INIT File
---------------------------------------------------------------
[ 2021-06-29T23:34:52+08:00 ] 127.0.0.1 GET hr/hr/login/test.html
[运行时间：0.014246s] [吞吐率：70.20req/s] [内存消耗：1,292.50kb] [文件加载：34]
[ info ] [ LANG ] D:\phpstudy_pro\thinkphp\thinkphp\lang\zh-cn.php
[ info ] [ ROUTE ] array (
  'type' => 'module',
  'module' => 
  array (
    0 => 'hr',
    1 => 'login',
    2 => 'test',
  ),
)
[ info ] [ HEADER ] array (
  'accept-language' => 'zh-CN,zh;q=0.9',
  'accept-encoding' => 'gzip, deflate',
  'referer' => 'http://hr/',
  'x-requested-with' => 'XMLHttpRequest',
  'user-agent' => 'Mozilla/5.0 (Windows NT 10.0; WOW64) AppleWebKit/537.36 (KHTML, like Gecko) Chrome/86.0.4240.198 Safari/537.36',
  'accept' => '*/*',
  'connection' => 'keep-alive',
  'host' => 'hr',
  'content-length' => '',
  'content-type' => '',
)
[ info ] [ PARAM ] array (
)
[ info ] [ RUN ] app\hr\controller\Login->test[ D:\phpstudy_pro\thinkphp\application\hr\controller\Login.php ]
[ info ] [ LOG ] INIT File
---------------------------------------------------------------
[ 2021-06-29T23:34:52+08:00 ] 127.0.0.1 GET hr/hr/user/index.html
[运行时间：0.015816s] [吞吐率：63.23req/s] [内存消耗：1,267.02kb] [文件加载：33]
[ info ] [ LANG ] D:\phpstudy_pro\thinkphp\thinkphp\lang\zh-cn.php
[ info ] [ ROUTE ] array (
  'type' => 'module',
  'module' => 
  array (
    0 => 'hr',
    1 => 'user',
    2 => 'index',
  ),
)
[ info ] [ HEADER ] array (
  'accept-language' => 'zh-CN,zh;q=0.9',
  'accept-encoding' => 'gzip, deflate',
  'referer' => 'http://hr/',
  'x-requested-with' => 'XMLHttpRequest',
  'user-agent' => 'Mozilla/5.0 (Windows NT 10.0; WOW64) AppleWebKit/537.36 (KHTML, like Gecko) Chrome/86.0.4240.198 Safari/537.36',
  'accept' => '*/*',
  'connection' => 'keep-alive',
  'host' => 'hr',
  'content-length' => '',
  'content-type' => '',
)
[ info ] [ PARAM ] array (
)
[ info ] [ RUN ] app\hr\controller\User->index[ D:\phpstudy_pro\thinkphp\application\hr\controller\User.php ]
[ info ] [ VIEW ] D:\phpstudy_pro\thinkphp\public/../application/hr\view\user\index.html [ array (
) ]
[ info ] [ LOG ] INIT File
---------------------------------------------------------------
[ 2021-06-29T23:35:02+08:00 ] 127.0.0.1 GET hr/
[运行时间：0.028085s] [吞吐率：35.61req/s] [内存消耗：1,319.34kb] [文件加载：34]
[ info ] [ LANG ] D:\phpstudy_pro\thinkphp\thinkphp\lang\zh-cn.php
[ info ] [ ROUTE ] array (
  'type' => 'module',
  'module' => 
  array (
    0 => '',
    1 => NULL,
    2 => NULL,
  ),
)
[ info ] [ HEADER ] array (
  'accept-language' => 'zh-CN,zh;q=0.9',
  'accept-encoding' => 'gzip, deflate',
  'accept' => 'text/html,application/xhtml+xml,application/xml;q=0.9,image/avif,image/webp,image/apng,*/*;q=0.8,application/signed-exchange;v=b3;q=0.9',
  'user-agent' => 'Mozilla/5.0 (Windows NT 10.0; WOW64) AppleWebKit/537.36 (KHTML, like Gecko) Chrome/86.0.4240.198 Safari/537.36',
  'upgrade-insecure-requests' => '1',
  'cache-control' => 'max-age=0',
  'connection' => 'keep-alive',
  'host' => 'hr',
  'content-length' => '',
  'content-type' => '',
)
[ info ] [ PARAM ] array (
)
[ info ] [ RUN ] app\hr\controller\Login->login[ D:\phpstudy_pro\thinkphp\application\hr\controller\Login.php ]
[ info ] [ VIEW ] D:\phpstudy_pro\thinkphp\public/../application/hr\view\login\login.html [ array (
  0 => 'title',
) ]
[ info ] [ LOG ] INIT File
---------------------------------------------------------------
[ 2021-06-29T23:35:03+08:00 ] 127.0.0.1 GET hr/hr/login/test.html
[运行时间：0.014756s] [吞吐率：67.77req/s] [内存消耗：1,292.50kb] [文件加载：34]
[ info ] [ LANG ] D:\phpstudy_pro\thinkphp\thinkphp\lang\zh-cn.php
[ info ] [ ROUTE ] array (
  'type' => 'module',
  'module' => 
  array (
    0 => 'hr',
    1 => 'login',
    2 => 'test',
  ),
)
[ info ] [ HEADER ] array (
  'accept-language' => 'zh-CN,zh;q=0.9',
  'accept-encoding' => 'gzip, deflate',
  'referer' => 'http://hr/',
  'x-requested-with' => 'XMLHttpRequest',
  'user-agent' => 'Mozilla/5.0 (Windows NT 10.0; WOW64) AppleWebKit/537.36 (KHTML, like Gecko) Chrome/86.0.4240.198 Safari/537.36',
  'accept' => '*/*',
  'connection' => 'keep-alive',
  'host' => 'hr',
  'content-length' => '',
  'content-type' => '',
)
[ info ] [ PARAM ] array (
)
[ info ] [ RUN ] app\hr\controller\Login->test[ D:\phpstudy_pro\thinkphp\application\hr\controller\Login.php ]
[ info ] [ LOG ] INIT File
---------------------------------------------------------------
[ 2021-06-29T23:35:03+08:00 ] 127.0.0.1 GET hr/hr/user/index.html
[运行时间：0.014071s] [吞吐率：71.07req/s] [内存消耗：1,267.02kb] [文件加载：33]
[ info ] [ LANG ] D:\phpstudy_pro\thinkphp\thinkphp\lang\zh-cn.php
[ info ] [ ROUTE ] array (
  'type' => 'module',
  'module' => 
  array (
    0 => 'hr',
    1 => 'user',
    2 => 'index',
  ),
)
[ info ] [ HEADER ] array (
  'accept-language' => 'zh-CN,zh;q=0.9',
  'accept-encoding' => 'gzip, deflate',
  'referer' => 'http://hr/',
  'x-requested-with' => 'XMLHttpRequest',
  'user-agent' => 'Mozilla/5.0 (Windows NT 10.0; WOW64) AppleWebKit/537.36 (KHTML, like Gecko) Chrome/86.0.4240.198 Safari/537.36',
  'accept' => '*/*',
  'connection' => 'keep-alive',
  'host' => 'hr',
  'content-length' => '',
  'content-type' => '',
)
[ info ] [ PARAM ] array (
)
[ info ] [ RUN ] app\hr\controller\User->index[ D:\phpstudy_pro\thinkphp\application\hr\controller\User.php ]
[ info ] [ VIEW ] D:\phpstudy_pro\thinkphp\public/../application/hr\view\user\index.html [ array (
) ]
[ info ] [ LOG ] INIT File
---------------------------------------------------------------
[ 2021-06-29T23:35:49+08:00 ] 127.0.0.1 GET hr/hr/user/index.html
[运行时间：0.013845s] [吞吐率：72.23req/s] [内存消耗：1,267.66kb] [文件加载：33]
[ info ] [ LANG ] D:\phpstudy_pro\thinkphp\thinkphp\lang\zh-cn.php
[ info ] [ ROUTE ] array (
  'type' => 'module',
  'module' => 
  array (
    0 => 'hr',
    1 => 'user',
    2 => 'index',
  ),
)
[ info ] [ HEADER ] array (
  'accept-language' => 'zh-CN,zh;q=0.9',
  'accept-encoding' => 'gzip, deflate',
  'accept' => 'text/html,application/xhtml+xml,application/xml;q=0.9,image/avif,image/webp,image/apng,*/*;q=0.8,application/signed-exchange;v=b3;q=0.9',
  'user-agent' => 'Mozilla/5.0 (Windows NT 10.0; WOW64) AppleWebKit/537.36 (KHTML, like Gecko) Chrome/86.0.4240.198 Safari/537.36',
  'upgrade-insecure-requests' => '1',
  'connection' => 'keep-alive',
  'host' => 'hr',
  'content-length' => '',
  'content-type' => '',
)
[ info ] [ PARAM ] array (
)
[ info ] [ RUN ] app\hr\controller\User->index[ D:\phpstudy_pro\thinkphp\application\hr\controller\User.php ]
[ info ] [ VIEW ] D:\phpstudy_pro\thinkphp\public/../application/hr\view\user\index.html [ array (
) ]
[ info ] [ LOG ] INIT File
---------------------------------------------------------------
[ 2021-06-29T23:35:53+08:00 ] 127.0.0.1 GET hr/hr/login/test.html
[运行时间：0.014073s] [吞吐率：71.06req/s] [内存消耗：1,293.02kb] [文件加载：34]
[ info ] [ LANG ] D:\phpstudy_pro\thinkphp\thinkphp\lang\zh-cn.php
[ info ] [ ROUTE ] array (
  'type' => 'module',
  'module' => 
  array (
    0 => 'hr',
    1 => 'login',
    2 => 'test',
  ),
)
[ info ] [ HEADER ] array (
  'accept-language' => 'zh-CN,zh;q=0.9',
  'accept-encoding' => 'gzip, deflate',
  'accept' => 'text/html,application/xhtml+xml,application/xml;q=0.9,image/avif,image/webp,image/apng,*/*;q=0.8,application/signed-exchange;v=b3;q=0.9',
  'user-agent' => 'Mozilla/5.0 (Windows NT 10.0; WOW64) AppleWebKit/537.36 (KHTML, like Gecko) Chrome/86.0.4240.198 Safari/537.36',
  'upgrade-insecure-requests' => '1',
  'connection' => 'keep-alive',
  'host' => 'hr',
  'content-length' => '',
  'content-type' => '',
)
[ info ] [ PARAM ] array (
)
[ info ] [ RUN ] app\hr\controller\Login->test[ D:\phpstudy_pro\thinkphp\application\hr\controller\Login.php ]
[ info ] [ LOG ] INIT File
---------------------------------------------------------------
[ 2021-06-29T23:35:53+08:00 ] 127.0.0.1 GET hr/hr/user/index.html
[运行时间：0.014602s] [吞吐率：68.48req/s] [内存消耗：1,267.66kb] [文件加载：33]
[ info ] [ LANG ] D:\phpstudy_pro\thinkphp\thinkphp\lang\zh-cn.php
[ info ] [ ROUTE ] array (
  'type' => 'module',
  'module' => 
  array (
    0 => 'hr',
    1 => 'user',
    2 => 'index',
  ),
)
[ info ] [ HEADER ] array (
  'accept-language' => 'zh-CN,zh;q=0.9',
  'accept-encoding' => 'gzip, deflate',
  'accept' => 'text/html,application/xhtml+xml,application/xml;q=0.9,image/avif,image/webp,image/apng,*/*;q=0.8,application/signed-exchange;v=b3;q=0.9',
  'user-agent' => 'Mozilla/5.0 (Windows NT 10.0; WOW64) AppleWebKit/537.36 (KHTML, like Gecko) Chrome/86.0.4240.198 Safari/537.36',
  'upgrade-insecure-requests' => '1',
  'connection' => 'keep-alive',
  'host' => 'hr',
  'content-length' => '',
  'content-type' => '',
)
[ info ] [ PARAM ] array (
)
[ info ] [ RUN ] app\hr\controller\User->index[ D:\phpstudy_pro\thinkphp\application\hr\controller\User.php ]
[ info ] [ VIEW ] D:\phpstudy_pro\thinkphp\public/../application/hr\view\user\index.html [ array (
) ]
[ info ] [ LOG ] INIT File
---------------------------------------------------------------
[ 2021-06-29T23:41:40+08:00 ] 127.0.0.1 GET hr/hr/login/test.html
[运行时间：0.015964s] [吞吐率：62.64req/s] [内存消耗：1,292.50kb] [文件加载：34]
[ info ] [ LANG ] D:\phpstudy_pro\thinkphp\thinkphp\lang\zh-cn.php
[ info ] [ ROUTE ] array (
  'type' => 'module',
  'module' => 
  array (
    0 => 'hr',
    1 => 'login',
    2 => 'test',
  ),
)
[ info ] [ HEADER ] array (
  'accept-language' => 'zh-CN,zh;q=0.9',
  'accept-encoding' => 'gzip, deflate',
  'referer' => 'http://hr/',
  'x-requested-with' => 'XMLHttpRequest',
  'user-agent' => 'Mozilla/5.0 (Windows NT 10.0; WOW64) AppleWebKit/537.36 (KHTML, like Gecko) Chrome/86.0.4240.198 Safari/537.36',
  'accept' => '*/*',
  'connection' => 'keep-alive',
  'host' => 'hr',
  'content-length' => '',
  'content-type' => '',
)
[ info ] [ PARAM ] array (
)
[ info ] [ RUN ] app\hr\controller\Login->test[ D:\phpstudy_pro\thinkphp\application\hr\controller\Login.php ]
[ info ] [ LOG ] INIT File
---------------------------------------------------------------
[ 2021-06-29T23:41:40+08:00 ] 127.0.0.1 GET hr/hr/user/index.html
[运行时间：0.019492s] [吞吐率：51.30req/s] [内存消耗：1,267.02kb] [文件加载：33]
[ info ] [ LANG ] D:\phpstudy_pro\thinkphp\thinkphp\lang\zh-cn.php
[ info ] [ ROUTE ] array (
  'type' => 'module',
  'module' => 
  array (
    0 => 'hr',
    1 => 'user',
    2 => 'index',
  ),
)
[ info ] [ HEADER ] array (
  'accept-language' => 'zh-CN,zh;q=0.9',
  'accept-encoding' => 'gzip, deflate',
  'referer' => 'http://hr/',
  'x-requested-with' => 'XMLHttpRequest',
  'user-agent' => 'Mozilla/5.0 (Windows NT 10.0; WOW64) AppleWebKit/537.36 (KHTML, like Gecko) Chrome/86.0.4240.198 Safari/537.36',
  'accept' => '*/*',
  'connection' => 'keep-alive',
  'host' => 'hr',
  'content-length' => '',
  'content-type' => '',
)
[ info ] [ PARAM ] array (
)
[ info ] [ RUN ] app\hr\controller\User->index[ D:\phpstudy_pro\thinkphp\application\hr\controller\User.php ]
[ info ] [ VIEW ] D:\phpstudy_pro\thinkphp\public/../application/hr\view\user\index.html [ array (
) ]
[ info ] [ LOG ] INIT File
---------------------------------------------------------------
[ 2021-06-29T23:41:51+08:00 ] 127.0.0.1 GET hr/
[运行时间：0.024565s] [吞吐率：40.71req/s] [内存消耗：1,531.73kb] [文件加载：36]
[ info ] [ LANG ] D:\phpstudy_pro\thinkphp\thinkphp\lang\zh-cn.php
[ info ] [ ROUTE ] array (
  'type' => 'module',
  'module' => 
  array (
    0 => '',
    1 => NULL,
    2 => NULL,
  ),
)
[ info ] [ HEADER ] array (
  'accept-language' => 'zh-CN,zh;q=0.9',
  'accept-encoding' => 'gzip, deflate',
  'accept' => 'text/html,application/xhtml+xml,application/xml;q=0.9,image/avif,image/webp,image/apng,*/*;q=0.8,application/signed-exchange;v=b3;q=0.9',
  'user-agent' => 'Mozilla/5.0 (Windows NT 10.0; WOW64) AppleWebKit/537.36 (KHTML, like Gecko) Chrome/86.0.4240.198 Safari/537.36',
  'upgrade-insecure-requests' => '1',
  'cache-control' => 'no-cache',
  'pragma' => 'no-cache',
  'connection' => 'keep-alive',
  'host' => 'hr',
  'content-length' => '',
  'content-type' => '',
)
[ info ] [ PARAM ] array (
)
[ info ] [ RUN ] app\hr\controller\Login->login[ D:\phpstudy_pro\thinkphp\application\hr\controller\Login.php ]
[ info ] [ VIEW ] D:\phpstudy_pro\thinkphp\public/../application/hr\view\login\login.html [ array (
  0 => 'title',
) ]
[ info ] [ LOG ] INIT File
---------------------------------------------------------------
[ 2021-06-29T23:41:52+08:00 ] 127.0.0.1 GET hr/hr/login/test.html
[运行时间：0.013914s] [吞吐率：71.87req/s] [内存消耗：1,292.50kb] [文件加载：34]
[ info ] [ LANG ] D:\phpstudy_pro\thinkphp\thinkphp\lang\zh-cn.php
[ info ] [ ROUTE ] array (
  'type' => 'module',
  'module' => 
  array (
    0 => 'hr',
    1 => 'login',
    2 => 'test',
  ),
)
[ info ] [ HEADER ] array (
  'accept-language' => 'zh-CN,zh;q=0.9',
  'accept-encoding' => 'gzip, deflate',
  'referer' => 'http://hr/',
  'x-requested-with' => 'XMLHttpRequest',
  'user-agent' => 'Mozilla/5.0 (Windows NT 10.0; WOW64) AppleWebKit/537.36 (KHTML, like Gecko) Chrome/86.0.4240.198 Safari/537.36',
  'accept' => '*/*',
  'connection' => 'keep-alive',
  'host' => 'hr',
  'content-length' => '',
  'content-type' => '',
)
[ info ] [ PARAM ] array (
)
[ info ] [ RUN ] app\hr\controller\Login->test[ D:\phpstudy_pro\thinkphp\application\hr\controller\Login.php ]
[ info ] [ LOG ] INIT File
---------------------------------------------------------------
[ 2021-06-29T23:41:52+08:00 ] 127.0.0.1 GET hr/hr/user/index.html
[运行时间：0.013667s] [吞吐率：73.17req/s] [内存消耗：1,267.02kb] [文件加载：33]
[ info ] [ LANG ] D:\phpstudy_pro\thinkphp\thinkphp\lang\zh-cn.php
[ info ] [ ROUTE ] array (
  'type' => 'module',
  'module' => 
  array (
    0 => 'hr',
    1 => 'user',
    2 => 'index',
  ),
)
[ info ] [ HEADER ] array (
  'accept-language' => 'zh-CN,zh;q=0.9',
  'accept-encoding' => 'gzip, deflate',
  'referer' => 'http://hr/',
  'x-requested-with' => 'XMLHttpRequest',
  'user-agent' => 'Mozilla/5.0 (Windows NT 10.0; WOW64) AppleWebKit/537.36 (KHTML, like Gecko) Chrome/86.0.4240.198 Safari/537.36',
  'accept' => '*/*',
  'connection' => 'keep-alive',
  'host' => 'hr',
  'content-length' => '',
  'content-type' => '',
)
[ info ] [ PARAM ] array (
)
[ info ] [ RUN ] app\hr\controller\User->index[ D:\phpstudy_pro\thinkphp\application\hr\controller\User.php ]
[ info ] [ VIEW ] D:\phpstudy_pro\thinkphp\public/../application/hr\view\user\index.html [ array (
) ]
[ info ] [ LOG ] INIT File
---------------------------------------------------------------
[ 2021-06-29T23:45:03+08:00 ] 127.0.0.1 GET hr/
[运行时间：0.027554s] [吞吐率：36.29req/s] [内存消耗：1,319.08kb] [文件加载：34]
[ info ] [ LANG ] D:\phpstudy_pro\thinkphp\thinkphp\lang\zh-cn.php
[ info ] [ ROUTE ] array (
  'type' => 'module',
  'module' => 
  array (
    0 => '',
    1 => NULL,
    2 => NULL,
  ),
)
[ info ] [ HEADER ] array (
  'accept-language' => 'zh-CN,zh;q=0.9',
  'accept-encoding' => 'gzip, deflate',
  'accept' => 'text/html,application/xhtml+xml,application/xml;q=0.9,image/avif,image/webp,image/apng,*/*;q=0.8,application/signed-exchange;v=b3;q=0.9',
  'user-agent' => 'Mozilla/5.0 (Windows NT 10.0; WOW64) AppleWebKit/537.36 (KHTML, like Gecko) Chrome/86.0.4240.198 Safari/537.36',
  'upgrade-insecure-requests' => '1',
  'cache-control' => 'no-cache',
  'pragma' => 'no-cache',
  'connection' => 'keep-alive',
  'host' => 'hr',
  'content-length' => '',
  'content-type' => '',
)
[ info ] [ PARAM ] array (
)
[ info ] [ RUN ] app\hr\controller\Login->login[ D:\phpstudy_pro\thinkphp\application\hr\controller\Login.php ]
[ info ] [ VIEW ] D:\phpstudy_pro\thinkphp\public/../application/hr\view\login\login.html [ array (
  0 => 'title',
) ]
[ info ] [ LOG ] INIT File
---------------------------------------------------------------
[ 2021-06-29T23:45:07+08:00 ] 127.0.0.1 POST hr/hr/login/userlogin.html
[运行时间：0.024415s] [吞吐率：40.96req/s] [内存消耗：1,311.30kb] [文件加载：35]
[ info ] [ LANG ] D:\phpstudy_pro\thinkphp\thinkphp\lang\zh-cn.php
[ info ] [ ROUTE ] array (
  'type' => 'module',
  'module' => 
  array (
    0 => 'hr',
    1 => 'login',
    2 => 'userlogin',
  ),
)
[ info ] [ HEADER ] array (
  'accept-language' => 'zh-CN,zh;q=0.9',
  'accept-encoding' => 'gzip, deflate',
  'referer' => 'http://hr/',
  'origin' => 'http://hr',
  'content-type' => 'application/x-www-form-urlencoded; charset=UTF-8',
  'user-agent' => 'Mozilla/5.0 (Windows NT 10.0; WOW64) AppleWebKit/537.36 (KHTML, like Gecko) Chrome/86.0.4240.198 Safari/537.36',
  'x-requested-with' => 'XMLHttpRequest',
  'accept' => '*/*',
  'content-length' => '21',
  'connection' => 'keep-alive',
  'host' => 'hr',
)
[ info ] [ PARAM ] array (
  'username' => '2',
  'password' => '2',
)
[ info ] [ LOG ] INIT File
---------------------------------------------------------------
[ 2021-06-29T23:45:19+08:00 ] 127.0.0.1 GET hr/hr/login/test.html
[运行时间：0.015325s] [吞吐率：65.25req/s] [内存消耗：1,292.01kb] [文件加载：34]
[ info ] [ LANG ] D:\phpstudy_pro\thinkphp\thinkphp\lang\zh-cn.php
[ info ] [ ROUTE ] array (
  'type' => 'module',
  'module' => 
  array (
    0 => 'hr',
    1 => 'login',
    2 => 'test',
  ),
)
[ info ] [ HEADER ] array (
  'accept-language' => 'zh-CN,zh;q=0.9',
  'accept-encoding' => 'gzip, deflate',
  'referer' => 'http://hr/',
  'x-requested-with' => 'XMLHttpRequest',
  'user-agent' => 'Mozilla/5.0 (Windows NT 10.0; WOW64) AppleWebKit/537.36 (KHTML, like Gecko) Chrome/86.0.4240.198 Safari/537.36',
  'accept' => '*/*',
  'connection' => 'keep-alive',
  'host' => 'hr',
  'content-length' => '',
  'content-type' => '',
)
[ info ] [ PARAM ] array (
)
[ info ] [ RUN ] app\hr\controller\Login->test[ D:\phpstudy_pro\thinkphp\application\hr\controller\Login.php ]
[ info ] [ LOG ] INIT File
---------------------------------------------------------------
[ 2021-06-29T23:45:19+08:00 ] 127.0.0.1 GET hr/hr/user/index.html
[运行时间：0.017292s] [吞吐率：57.83req/s] [内存消耗：1,267.02kb] [文件加载：33]
[ info ] [ LANG ] D:\phpstudy_pro\thinkphp\thinkphp\lang\zh-cn.php
[ info ] [ ROUTE ] array (
  'type' => 'module',
  'module' => 
  array (
    0 => 'hr',
    1 => 'user',
    2 => 'index',
  ),
)
[ info ] [ HEADER ] array (
  'accept-language' => 'zh-CN,zh;q=0.9',
  'accept-encoding' => 'gzip, deflate',
  'referer' => 'http://hr/',
  'x-requested-with' => 'XMLHttpRequest',
  'user-agent' => 'Mozilla/5.0 (Windows NT 10.0; WOW64) AppleWebKit/537.36 (KHTML, like Gecko) Chrome/86.0.4240.198 Safari/537.36',
  'accept' => '*/*',
  'connection' => 'keep-alive',
  'host' => 'hr',
  'content-length' => '',
  'content-type' => '',
)
[ info ] [ PARAM ] array (
)
[ info ] [ RUN ] app\hr\controller\User->index[ D:\phpstudy_pro\thinkphp\application\hr\controller\User.php ]
[ info ] [ VIEW ] D:\phpstudy_pro\thinkphp\public/../application/hr\view\user\index.html [ array (
) ]
[ info ] [ LOG ] INIT File
---------------------------------------------------------------
[ 2021-06-29T23:48:02+08:00 ] 127.0.0.1 GET hr/hr/login/test.html
[运行时间：0.017409s] [吞吐率：57.44req/s] [内存消耗：1,292.10kb] [文件加载：34]
[ info ] [ LANG ] D:\phpstudy_pro\thinkphp\thinkphp\lang\zh-cn.php
[ info ] [ ROUTE ] array (
  'type' => 'module',
  'module' => 
  array (
    0 => 'hr',
    1 => 'login',
    2 => 'test',
  ),
)
[ info ] [ HEADER ] array (
  'accept-language' => 'zh-CN,zh;q=0.9',
  'accept-encoding' => 'gzip, deflate',
  'referer' => 'http://hr/',
  'x-requested-with' => 'XMLHttpRequest',
  'user-agent' => 'Mozilla/5.0 (Windows NT 10.0; WOW64) AppleWebKit/537.36 (KHTML, like Gecko) Chrome/86.0.4240.198 Safari/537.36',
  'accept' => '*/*',
  'connection' => 'keep-alive',
  'host' => 'hr',
  'content-length' => '',
  'content-type' => '',
)
[ info ] [ PARAM ] array (
)
[ info ] [ RUN ] app\hr\controller\Login->test[ D:\phpstudy_pro\thinkphp\application\hr\controller\Login.php ]
[ info ] [ LOG ] INIT File
---------------------------------------------------------------
[ 2021-06-29T23:48:02+08:00 ] 127.0.0.1 GET hr/hr/user/index.html
[运行时间：0.013404s] [吞吐率：74.60req/s] [内存消耗：1,267.02kb] [文件加载：33]
[ info ] [ LANG ] D:\phpstudy_pro\thinkphp\thinkphp\lang\zh-cn.php
[ info ] [ ROUTE ] array (
  'type' => 'module',
  'module' => 
  array (
    0 => 'hr',
    1 => 'user',
    2 => 'index',
  ),
)
[ info ] [ HEADER ] array (
  'accept-language' => 'zh-CN,zh;q=0.9',
  'accept-encoding' => 'gzip, deflate',
  'referer' => 'http://hr/',
  'x-requested-with' => 'XMLHttpRequest',
  'user-agent' => 'Mozilla/5.0 (Windows NT 10.0; WOW64) AppleWebKit/537.36 (KHTML, like Gecko) Chrome/86.0.4240.198 Safari/537.36',
  'accept' => '*/*',
  'connection' => 'keep-alive',
  'host' => 'hr',
  'content-length' => '',
  'content-type' => '',
)
[ info ] [ PARAM ] array (
)
[ info ] [ RUN ] app\hr\controller\User->index[ D:\phpstudy_pro\thinkphp\application\hr\controller\User.php ]
[ info ] [ VIEW ] D:\phpstudy_pro\thinkphp\public/../application/hr\view\user\index.html [ array (
) ]
[ info ] [ LOG ] INIT File
---------------------------------------------------------------
[ 2021-06-29T23:56:42+08:00 ] 127.0.0.1 GET hr/hr/login/test.html
[运行时间：0.020333s] [吞吐率：49.18req/s] [内存消耗：1,292.01kb] [文件加载：34]
[ info ] [ LANG ] D:\phpstudy_pro\thinkphp\thinkphp\lang\zh-cn.php
[ info ] [ ROUTE ] array (
  'type' => 'module',
  'module' => 
  array (
    0 => 'hr',
    1 => 'login',
    2 => 'test',
  ),
)
[ info ] [ HEADER ] array (
  'accept-language' => 'zh-CN,zh;q=0.9',
  'accept-encoding' => 'gzip, deflate',
  'referer' => 'http://hr/',
  'x-requested-with' => 'XMLHttpRequest',
  'user-agent' => 'Mozilla/5.0 (Windows NT 10.0; WOW64) AppleWebKit/537.36 (KHTML, like Gecko) Chrome/86.0.4240.198 Safari/537.36',
  'accept' => '*/*',
  'connection' => 'keep-alive',
  'host' => 'hr',
  'content-length' => '',
  'content-type' => '',
)
[ info ] [ PARAM ] array (
)
[ info ] [ RUN ] app\hr\controller\Login->test[ D:\phpstudy_pro\thinkphp\application\hr\controller\Login.php ]
[ info ] [ LOG ] INIT File
---------------------------------------------------------------
[ 2021-06-29T23:56:42+08:00 ] 127.0.0.1 GET hr/hr/user/index.html
[运行时间：0.013939s] [吞吐率：71.74req/s] [内存消耗：1,267.02kb] [文件加载：33]
[ info ] [ LANG ] D:\phpstudy_pro\thinkphp\thinkphp\lang\zh-cn.php
[ info ] [ ROUTE ] array (
  'type' => 'module',
  'module' => 
  array (
    0 => 'hr',
    1 => 'user',
    2 => 'index',
  ),
)
[ info ] [ HEADER ] array (
  'accept-language' => 'zh-CN,zh;q=0.9',
  'accept-encoding' => 'gzip, deflate',
  'referer' => 'http://hr/',
  'x-requested-with' => 'XMLHttpRequest',
  'user-agent' => 'Mozilla/5.0 (Windows NT 10.0; WOW64) AppleWebKit/537.36 (KHTML, like Gecko) Chrome/86.0.4240.198 Safari/537.36',
  'accept' => '*/*',
  'connection' => 'keep-alive',
  'host' => 'hr',
  'content-length' => '',
  'content-type' => '',
)
[ info ] [ PARAM ] array (
)
[ info ] [ RUN ] app\hr\controller\User->index[ D:\phpstudy_pro\thinkphp\application\hr\controller\User.php ]
[ info ] [ VIEW ] D:\phpstudy_pro\thinkphp\public/../application/hr\view\user\index.html [ array (
) ]
[ info ] [ LOG ] INIT File
---------------------------------------------------------------
[ 2021-06-29T23:56:44+08:00 ] 127.0.0.1 GET hr/
[运行时间：0.022882s] [吞吐率：43.70req/s] [内存消耗：1,318.85kb] [文件加载：34]
[ info ] [ LANG ] D:\phpstudy_pro\thinkphp\thinkphp\lang\zh-cn.php
[ info ] [ ROUTE ] array (
  'type' => 'module',
  'module' => 
  array (
    0 => '',
    1 => NULL,
    2 => NULL,
  ),
)
[ info ] [ HEADER ] array (
  'accept-language' => 'zh-CN,zh;q=0.9',
  'accept-encoding' => 'gzip, deflate',
  'accept' => 'text/html,application/xhtml+xml,application/xml;q=0.9,image/avif,image/webp,image/apng,*/*;q=0.8,application/signed-exchange;v=b3;q=0.9',
  'user-agent' => 'Mozilla/5.0 (Windows NT 10.0; WOW64) AppleWebKit/537.36 (KHTML, like Gecko) Chrome/86.0.4240.198 Safari/537.36',
  'upgrade-insecure-requests' => '1',
  'cache-control' => 'max-age=0',
  'connection' => 'keep-alive',
  'host' => 'hr',
  'content-length' => '',
  'content-type' => '',
)
[ info ] [ PARAM ] array (
)
[ info ] [ RUN ] app\hr\controller\Login->login[ D:\phpstudy_pro\thinkphp\application\hr\controller\Login.php ]
[ info ] [ VIEW ] D:\phpstudy_pro\thinkphp\public/../application/hr\view\login\login.html [ array (
  0 => 'title',
) ]
[ info ] [ LOG ] INIT File
---------------------------------------------------------------
[ 2021-06-29T23:56:45+08:00 ] 127.0.0.1 GET hr/hr/login/test.html
[运行时间：0.015562s] [吞吐率：64.26req/s] [内存消耗：1,292.01kb] [文件加载：34]
[ info ] [ LANG ] D:\phpstudy_pro\thinkphp\thinkphp\lang\zh-cn.php
[ info ] [ ROUTE ] array (
  'type' => 'module',
  'module' => 
  array (
    0 => 'hr',
    1 => 'login',
    2 => 'test',
  ),
)
[ info ] [ HEADER ] array (
  'accept-language' => 'zh-CN,zh;q=0.9',
  'accept-encoding' => 'gzip, deflate',
  'referer' => 'http://hr/',
  'x-requested-with' => 'XMLHttpRequest',
  'user-agent' => 'Mozilla/5.0 (Windows NT 10.0; WOW64) AppleWebKit/537.36 (KHTML, like Gecko) Chrome/86.0.4240.198 Safari/537.36',
  'accept' => '*/*',
  'connection' => 'keep-alive',
  'host' => 'hr',
  'content-length' => '',
  'content-type' => '',
)
[ info ] [ PARAM ] array (
)
[ info ] [ RUN ] app\hr\controller\Login->test[ D:\phpstudy_pro\thinkphp\application\hr\controller\Login.php ]
[ info ] [ LOG ] INIT File
---------------------------------------------------------------
[ 2021-06-29T23:56:45+08:00 ] 127.0.0.1 GET hr/hr/user/index.html
[运行时间：0.012278s] [吞吐率：81.45req/s] [内存消耗：1,267.02kb] [文件加载：33]
[ info ] [ LANG ] D:\phpstudy_pro\thinkphp\thinkphp\lang\zh-cn.php
[ info ] [ ROUTE ] array (
  'type' => 'module',
  'module' => 
  array (
    0 => 'hr',
    1 => 'user',
    2 => 'index',
  ),
)
[ info ] [ HEADER ] array (
  'accept-language' => 'zh-CN,zh;q=0.9',
  'accept-encoding' => 'gzip, deflate',
  'referer' => 'http://hr/',
  'x-requested-with' => 'XMLHttpRequest',
  'user-agent' => 'Mozilla/5.0 (Windows NT 10.0; WOW64) AppleWebKit/537.36 (KHTML, like Gecko) Chrome/86.0.4240.198 Safari/537.36',
  'accept' => '*/*',
  'connection' => 'keep-alive',
  'host' => 'hr',
  'content-length' => '',
  'content-type' => '',
)
[ info ] [ PARAM ] array (
)
[ info ] [ RUN ] app\hr\controller\User->index[ D:\phpstudy_pro\thinkphp\application\hr\controller\User.php ]
[ info ] [ VIEW ] D:\phpstudy_pro\thinkphp\public/../application/hr\view\user\index.html [ array (
) ]
[ info ] [ LOG ] INIT File
---------------------------------------------------------------
[ 2021-06-29T23:56:45+08:00 ] 127.0.0.1 GET hr/
[运行时间：0.024524s] [吞吐率：40.78req/s] [内存消耗：1,318.85kb] [文件加载：34]
[ info ] [ LANG ] D:\phpstudy_pro\thinkphp\thinkphp\lang\zh-cn.php
[ info ] [ ROUTE ] array (
  'type' => 'module',
  'module' => 
  array (
    0 => '',
    1 => NULL,
    2 => NULL,
  ),
)
[ info ] [ HEADER ] array (
  'accept-language' => 'zh-CN,zh;q=0.9',
  'accept-encoding' => 'gzip, deflate',
  'accept' => 'text/html,application/xhtml+xml,application/xml;q=0.9,image/avif,image/webp,image/apng,*/*;q=0.8,application/signed-exchange;v=b3;q=0.9',
  'user-agent' => 'Mozilla/5.0 (Windows NT 10.0; WOW64) AppleWebKit/537.36 (KHTML, like Gecko) Chrome/86.0.4240.198 Safari/537.36',
  'upgrade-insecure-requests' => '1',
  'cache-control' => 'max-age=0',
  'connection' => 'keep-alive',
  'host' => 'hr',
  'content-length' => '',
  'content-type' => '',
)
[ info ] [ PARAM ] array (
)
[ info ] [ RUN ] app\hr\controller\Login->login[ D:\phpstudy_pro\thinkphp\application\hr\controller\Login.php ]
[ info ] [ VIEW ] D:\phpstudy_pro\thinkphp\public/../application/hr\view\login\login.html [ array (
  0 => 'title',
) ]
[ info ] [ LOG ] INIT File
---------------------------------------------------------------
[ 2021-06-29T23:57:26+08:00 ] 127.0.0.1 GET hr/hr/login/test.html
[运行时间：0.015594s] [吞吐率：64.13req/s] [内存消耗：1,292.01kb] [文件加载：34]
[ info ] [ LANG ] D:\phpstudy_pro\thinkphp\thinkphp\lang\zh-cn.php
[ info ] [ ROUTE ] array (
  'type' => 'module',
  'module' => 
  array (
    0 => 'hr',
    1 => 'login',
    2 => 'test',
  ),
)
[ info ] [ HEADER ] array (
  'accept-language' => 'zh-CN,zh;q=0.9',
  'accept-encoding' => 'gzip, deflate',
  'referer' => 'http://hr/',
  'x-requested-with' => 'XMLHttpRequest',
  'user-agent' => 'Mozilla/5.0 (Windows NT 10.0; WOW64) AppleWebKit/537.36 (KHTML, like Gecko) Chrome/86.0.4240.198 Safari/537.36',
  'accept' => '*/*',
  'connection' => 'keep-alive',
  'host' => 'hr',
  'content-length' => '',
  'content-type' => '',
)
[ info ] [ PARAM ] array (
)
[ info ] [ RUN ] app\hr\controller\Login->test[ D:\phpstudy_pro\thinkphp\application\hr\controller\Login.php ]
[ info ] [ LOG ] INIT File
---------------------------------------------------------------
[ 2021-06-29T23:57:27+08:00 ] 127.0.0.1 GET hr/hr/index/index.html
[运行时间：0.013463s] [吞吐率：74.28req/s] [内存消耗：1,069.24kb] [文件加载：29]
[ info ] [ LANG ] D:\phpstudy_pro\thinkphp\thinkphp\lang\zh-cn.php
[ info ] [ ROUTE ] array (
  'type' => 'module',
  'module' => 
  array (
    0 => 'hr',
    1 => 'index',
    2 => 'index',
  ),
)
[ info ] [ HEADER ] array (
  'accept-language' => 'zh-CN,zh;q=0.9',
  'accept-encoding' => 'gzip, deflate',
  'referer' => 'http://hr/',
  'x-requested-with' => 'XMLHttpRequest',
  'user-agent' => 'Mozilla/5.0 (Windows NT 10.0; WOW64) AppleWebKit/537.36 (KHTML, like Gecko) Chrome/86.0.4240.198 Safari/537.36',
  'accept' => '*/*',
  'connection' => 'keep-alive',
  'host' => 'hr',
  'content-length' => '',
  'content-type' => '',
)
[ info ] [ PARAM ] array (
)
[ info ] [ LOG ] INIT File
---------------------------------------------------------------
[ 2021-06-29T23:57:40+08:00 ] 127.0.0.1 GET hr/
[运行时间：0.025968s] [吞吐率：38.51req/s] [内存消耗：1,318.85kb] [文件加载：34]
[ info ] [ LANG ] D:\phpstudy_pro\thinkphp\thinkphp\lang\zh-cn.php
[ info ] [ ROUTE ] array (
  'type' => 'module',
  'module' => 
  array (
    0 => '',
    1 => NULL,
    2 => NULL,
  ),
)
[ info ] [ HEADER ] array (
  'accept-language' => 'zh-CN,zh;q=0.9',
  'accept-encoding' => 'gzip, deflate',
  'accept' => 'text/html,application/xhtml+xml,application/xml;q=0.9,image/avif,image/webp,image/apng,*/*;q=0.8,application/signed-exchange;v=b3;q=0.9',
  'user-agent' => 'Mozilla/5.0 (Windows NT 10.0; WOW64) AppleWebKit/537.36 (KHTML, like Gecko) Chrome/86.0.4240.198 Safari/537.36',
  'upgrade-insecure-requests' => '1',
  'cache-control' => 'max-age=0',
  'connection' => 'keep-alive',
  'host' => 'hr',
  'content-length' => '',
  'content-type' => '',
)
[ info ] [ PARAM ] array (
)
[ info ] [ RUN ] app\hr\controller\Login->login[ D:\phpstudy_pro\thinkphp\application\hr\controller\Login.php ]
[ info ] [ VIEW ] D:\phpstudy_pro\thinkphp\public/../application/hr\view\login\login.html [ array (
  0 => 'title',
) ]
[ info ] [ LOG ] INIT File
