---------------------------------------------------------------
[ 2021-06-30T00:18:32+08:00 ] 127.0.0.1 GET hr/hr/login/test.html
[运行时间：0.015958s] [吞吐率：62.66req/s] [内存消耗：1,292.05kb] [文件加载：34]
[ info ] [ LANG ] D:\phpstudy_pro\thinkphp\thinkphp\lang\zh-cn.php
[ info ] [ ROUTE ] array (
  'type' => 'module',
  'module' => 
  array (
    0 => 'hr',
    1 => 'login',
    2 => 'test',
  ),
)
[ info ] [ HEADER ] array (
  'accept-language' => 'zh-CN,zh;q=0.9',
  'accept-encoding' => 'gzip, deflate',
  'referer' => 'http://hr/',
  'x-requested-with' => 'XMLHttpRequest',
  'user-agent' => 'Mozilla/5.0 (Windows NT 10.0; WOW64) AppleWebKit/537.36 (KHTML, like Gecko) Chrome/86.0.4240.198 Safari/537.36',
  'accept' => '*/*',
  'connection' => 'keep-alive',
  'host' => 'hr',
  'content-length' => '',
  'content-type' => '',
)
[ info ] [ PARAM ] array (
)
[ info ] [ RUN ] app\hr\controller\Login->test[ D:\phpstudy_pro\thinkphp\application\hr\controller\Login.php ]
[ info ] [ LOG ] INIT File
---------------------------------------------------------------
[ 2021-06-30T00:18:32+08:00 ] 127.0.0.1 GET hr/hr/user/index.html
[运行时间：0.017355s] [吞吐率：57.62req/s] [内存消耗：1,267.02kb] [文件加载：33]
[ info ] [ LANG ] D:\phpstudy_pro\thinkphp\thinkphp\lang\zh-cn.php
[ info ] [ ROUTE ] array (
  'type' => 'module',
  'module' => 
  array (
    0 => 'hr',
    1 => 'user',
    2 => 'index',
  ),
)
[ info ] [ HEADER ] array (
  'accept-language' => 'zh-CN,zh;q=0.9',
  'accept-encoding' => 'gzip, deflate',
  'referer' => 'http://hr/',
  'x-requested-with' => 'XMLHttpRequest',
  'user-agent' => 'Mozilla/5.0 (Windows NT 10.0; WOW64) AppleWebKit/537.36 (KHTML, like Gecko) Chrome/86.0.4240.198 Safari/537.36',
  'accept' => '*/*',
  'connection' => 'keep-alive',
  'host' => 'hr',
  'content-length' => '',
  'content-type' => '',
)
[ info ] [ PARAM ] array (
)
[ info ] [ RUN ] app\hr\controller\User->index[ D:\phpstudy_pro\thinkphp\application\hr\controller\User.php ]
[ info ] [ VIEW ] D:\phpstudy_pro\thinkphp\public/../application/hr\view\user\index.html [ array (
) ]
[ info ] [ LOG ] INIT File
---------------------------------------------------------------
[ 2021-06-30T00:20:03+08:00 ] 127.0.0.1 GET hr/
[运行时间：0.020870s] [吞吐率：47.92req/s] [内存消耗：1,319.13kb] [文件加载：34]
[ info ] [ LANG ] D:\phpstudy_pro\thinkphp\thinkphp\lang\zh-cn.php
[ info ] [ ROUTE ] array (
  'type' => 'module',
  'module' => 
  array (
    0 => '',
    1 => NULL,
    2 => NULL,
  ),
)
[ info ] [ HEADER ] array (
  'accept-language' => 'zh-CN,zh;q=0.9',
  'accept-encoding' => 'gzip, deflate',
  'accept' => 'text/html,application/xhtml+xml,application/xml;q=0.9,image/avif,image/webp,image/apng,*/*;q=0.8,application/signed-exchange;v=b3;q=0.9',
  'user-agent' => 'Mozilla/5.0 (Windows NT 10.0; WOW64) AppleWebKit/537.36 (KHTML, like Gecko) Chrome/86.0.4240.198 Safari/537.36',
  'upgrade-insecure-requests' => '1',
  'cache-control' => 'no-cache',
  'pragma' => 'no-cache',
  'connection' => 'keep-alive',
  'host' => 'hr',
  'content-length' => '',
  'content-type' => '',
)
[ info ] [ PARAM ] array (
)
[ info ] [ RUN ] app\hr\controller\Login->login[ D:\phpstudy_pro\thinkphp\application\hr\controller\Login.php ]
[ info ] [ VIEW ] D:\phpstudy_pro\thinkphp\public/../application/hr\view\login\login.html [ array (
  0 => 'title',
) ]
[ info ] [ LOG ] INIT File
---------------------------------------------------------------
[ 2021-06-30T00:20:04+08:00 ] 127.0.0.1 GET hr/hr/login/test.html
[运行时间：0.015312s] [吞吐率：65.31req/s] [内存消耗：1,292.05kb] [文件加载：34]
[ info ] [ LANG ] D:\phpstudy_pro\thinkphp\thinkphp\lang\zh-cn.php
[ info ] [ ROUTE ] array (
  'type' => 'module',
  'module' => 
  array (
    0 => 'hr',
    1 => 'login',
    2 => 'test',
  ),
)
[ info ] [ HEADER ] array (
  'accept-language' => 'zh-CN,zh;q=0.9',
  'accept-encoding' => 'gzip, deflate',
  'referer' => 'http://hr/',
  'x-requested-with' => 'XMLHttpRequest',
  'user-agent' => 'Mozilla/5.0 (Windows NT 10.0; WOW64) AppleWebKit/537.36 (KHTML, like Gecko) Chrome/86.0.4240.198 Safari/537.36',
  'accept' => '*/*',
  'connection' => 'keep-alive',
  'host' => 'hr',
  'content-length' => '',
  'content-type' => '',
)
[ info ] [ PARAM ] array (
)
[ info ] [ RUN ] app\hr\controller\Login->test[ D:\phpstudy_pro\thinkphp\application\hr\controller\Login.php ]
[ info ] [ LOG ] INIT File
---------------------------------------------------------------
[ 2021-06-30T00:20:04+08:00 ] 127.0.0.1 GET hr/hr/user/index.html
[运行时间：0.018907s] [吞吐率：52.89req/s] [内存消耗：1,399.52kb] [文件加载：35]
[ info ] [ LANG ] D:\phpstudy_pro\thinkphp\thinkphp\lang\zh-cn.php
[ info ] [ ROUTE ] array (
  'type' => 'module',
  'module' => 
  array (
    0 => 'hr',
    1 => 'user',
    2 => 'index',
  ),
)
[ info ] [ HEADER ] array (
  'accept-language' => 'zh-CN,zh;q=0.9',
  'accept-encoding' => 'gzip, deflate',
  'referer' => 'http://hr/',
  'x-requested-with' => 'XMLHttpRequest',
  'user-agent' => 'Mozilla/5.0 (Windows NT 10.0; WOW64) AppleWebKit/537.36 (KHTML, like Gecko) Chrome/86.0.4240.198 Safari/537.36',
  'accept' => '*/*',
  'connection' => 'keep-alive',
  'host' => 'hr',
  'content-length' => '',
  'content-type' => '',
)
[ info ] [ PARAM ] array (
)
[ info ] [ RUN ] app\hr\controller\User->index[ D:\phpstudy_pro\thinkphp\application\hr\controller\User.php ]
[ info ] [ VIEW ] D:\phpstudy_pro\thinkphp\public/../application/hr\view\user\index.html [ array (
) ]
[ info ] [ LOG ] INIT File
---------------------------------------------------------------
[ 2021-06-30T00:22:50+08:00 ] 127.0.0.1 GET hr/hr/User/index
[运行时间：0.018876s] [吞吐率：52.98req/s] [内存消耗：1,267.59kb] [文件加载：33]
[ info ] [ LANG ] D:\phpstudy_pro\thinkphp\thinkphp\lang\zh-cn.php
[ info ] [ ROUTE ] array (
  'type' => 'module',
  'module' => 
  array (
    0 => 'hr',
    1 => 'User',
    2 => 'index',
  ),
)
[ info ] [ HEADER ] array (
  'accept-language' => 'zh-CN,zh;q=0.9',
  'accept-encoding' => 'gzip, deflate',
  'accept' => 'text/html,application/xhtml+xml,application/xml;q=0.9,image/avif,image/webp,image/apng,*/*;q=0.8,application/signed-exchange;v=b3;q=0.9',
  'user-agent' => 'Mozilla/5.0 (Windows NT 10.0; WOW64) AppleWebKit/537.36 (KHTML, like Gecko) Chrome/86.0.4240.198 Safari/537.36',
  'upgrade-insecure-requests' => '1',
  'connection' => 'keep-alive',
  'host' => 'hr',
  'content-length' => '',
  'content-type' => '',
)
[ info ] [ PARAM ] array (
)
[ info ] [ RUN ] app\hr\controller\User->index[ D:\phpstudy_pro\thinkphp\application\hr\controller\User.php ]
[ info ] [ VIEW ] D:\phpstudy_pro\thinkphp\public/../application/hr\view\user\index.html [ array (
) ]
[ info ] [ LOG ] INIT File
---------------------------------------------------------------
[ 2021-06-30T00:23:04+08:00 ] 127.0.0.1 GET hr/
[运行时间：0.023032s] [吞吐率：43.42req/s] [内存消耗：1,318.90kb] [文件加载：34]
[ info ] [ LANG ] D:\phpstudy_pro\thinkphp\thinkphp\lang\zh-cn.php
[ info ] [ ROUTE ] array (
  'type' => 'module',
  'module' => 
  array (
    0 => '',
    1 => NULL,
    2 => NULL,
  ),
)
[ info ] [ HEADER ] array (
  'accept-language' => 'zh-CN,zh;q=0.9',
  'accept-encoding' => 'gzip, deflate',
  'accept' => 'text/html,application/xhtml+xml,application/xml;q=0.9,image/avif,image/webp,image/apng,*/*;q=0.8,application/signed-exchange;v=b3;q=0.9',
  'user-agent' => 'Mozilla/5.0 (Windows NT 10.0; WOW64) AppleWebKit/537.36 (KHTML, like Gecko) Chrome/86.0.4240.198 Safari/537.36',
  'upgrade-insecure-requests' => '1',
  'cache-control' => 'max-age=0',
  'connection' => 'keep-alive',
  'host' => 'hr',
  'content-length' => '',
  'content-type' => '',
)
[ info ] [ PARAM ] array (
)
[ info ] [ RUN ] app\hr\controller\Login->login[ D:\phpstudy_pro\thinkphp\application\hr\controller\Login.php ]
[ info ] [ VIEW ] D:\phpstudy_pro\thinkphp\public/../application/hr\view\login\login.html [ array (
  0 => 'title',
) ]
[ info ] [ LOG ] INIT File
---------------------------------------------------------------
[ 2021-06-30T00:23:04+08:00 ] 127.0.0.1 GET hr/
[运行时间：0.020928s] [吞吐率：47.78req/s] [内存消耗：1,318.90kb] [文件加载：34]
[ info ] [ LANG ] D:\phpstudy_pro\thinkphp\thinkphp\lang\zh-cn.php
[ info ] [ ROUTE ] array (
  'type' => 'module',
  'module' => 
  array (
    0 => '',
    1 => NULL,
    2 => NULL,
  ),
)
[ info ] [ HEADER ] array (
  'accept-language' => 'zh-CN,zh;q=0.9',
  'accept-encoding' => 'gzip, deflate',
  'accept' => 'text/html,application/xhtml+xml,application/xml;q=0.9,image/avif,image/webp,image/apng,*/*;q=0.8,application/signed-exchange;v=b3;q=0.9',
  'user-agent' => 'Mozilla/5.0 (Windows NT 10.0; WOW64) AppleWebKit/537.36 (KHTML, like Gecko) Chrome/86.0.4240.198 Safari/537.36',
  'upgrade-insecure-requests' => '1',
  'cache-control' => 'max-age=0',
  'connection' => 'keep-alive',
  'host' => 'hr',
  'content-length' => '',
  'content-type' => '',
)
[ info ] [ PARAM ] array (
)
[ info ] [ RUN ] app\hr\controller\Login->login[ D:\phpstudy_pro\thinkphp\application\hr\controller\Login.php ]
[ info ] [ VIEW ] D:\phpstudy_pro\thinkphp\public/../application/hr\view\login\login.html [ array (
  0 => 'title',
) ]
[ info ] [ LOG ] INIT File
---------------------------------------------------------------
[ 2021-06-30T00:23:04+08:00 ] 127.0.0.1 GET hr/
[运行时间：0.019483s] [吞吐率：51.33req/s] [内存消耗：1,318.90kb] [文件加载：34]
[ info ] [ LANG ] D:\phpstudy_pro\thinkphp\thinkphp\lang\zh-cn.php
[ info ] [ ROUTE ] array (
  'type' => 'module',
  'module' => 
  array (
    0 => '',
    1 => NULL,
    2 => NULL,
  ),
)
[ info ] [ HEADER ] array (
  'accept-language' => 'zh-CN,zh;q=0.9',
  'accept-encoding' => 'gzip, deflate',
  'accept' => 'text/html,application/xhtml+xml,application/xml;q=0.9,image/avif,image/webp,image/apng,*/*;q=0.8,application/signed-exchange;v=b3;q=0.9',
  'user-agent' => 'Mozilla/5.0 (Windows NT 10.0; WOW64) AppleWebKit/537.36 (KHTML, like Gecko) Chrome/86.0.4240.198 Safari/537.36',
  'upgrade-insecure-requests' => '1',
  'cache-control' => 'max-age=0',
  'connection' => 'keep-alive',
  'host' => 'hr',
  'content-length' => '',
  'content-type' => '',
)
[ info ] [ PARAM ] array (
)
[ info ] [ RUN ] app\hr\controller\Login->login[ D:\phpstudy_pro\thinkphp\application\hr\controller\Login.php ]
[ info ] [ VIEW ] D:\phpstudy_pro\thinkphp\public/../application/hr\view\login\login.html [ array (
  0 => 'title',
) ]
[ info ] [ LOG ] INIT File
---------------------------------------------------------------
[ 2021-06-30T00:23:05+08:00 ] 127.0.0.1 GET hr/hr/login/test.html
[运行时间：0.013589s] [吞吐率：73.59req/s] [内存消耗：1,239.81kb] [文件加载：33]
[ info ] [ LANG ] D:\phpstudy_pro\thinkphp\thinkphp\lang\zh-cn.php
[ info ] [ ROUTE ] array (
  'type' => 'module',
  'module' => 
  array (
    0 => 'hr',
    1 => 'login',
    2 => 'test',
  ),
)
[ info ] [ HEADER ] array (
  'accept-language' => 'zh-CN,zh;q=0.9',
  'accept-encoding' => 'gzip, deflate',
  'referer' => 'http://hr/',
  'x-requested-with' => 'XMLHttpRequest',
  'user-agent' => 'Mozilla/5.0 (Windows NT 10.0; WOW64) AppleWebKit/537.36 (KHTML, like Gecko) Chrome/86.0.4240.198 Safari/537.36',
  'accept' => '*/*',
  'connection' => 'keep-alive',
  'host' => 'hr',
  'content-length' => '',
  'content-type' => '',
)
[ info ] [ PARAM ] array (
)
[ info ] [ RUN ] app\hr\controller\Login->test[ D:\phpstudy_pro\thinkphp\application\hr\controller\Login.php ]
[ info ] [ LOG ] INIT File
---------------------------------------------------------------
[ 2021-06-30T00:23:05+08:00 ] 127.0.0.1 GET hr/hr/User/index
[运行时间：0.014913s] [吞吐率：67.06req/s] [内存消耗：1,266.94kb] [文件加载：33]
[ info ] [ LANG ] D:\phpstudy_pro\thinkphp\thinkphp\lang\zh-cn.php
[ info ] [ ROUTE ] array (
  'type' => 'module',
  'module' => 
  array (
    0 => 'hr',
    1 => 'User',
    2 => 'index',
  ),
)
[ info ] [ HEADER ] array (
  'accept-language' => 'zh-CN,zh;q=0.9',
  'accept-encoding' => 'gzip, deflate',
  'referer' => 'http://hr/',
  'x-requested-with' => 'XMLHttpRequest',
  'user-agent' => 'Mozilla/5.0 (Windows NT 10.0; WOW64) AppleWebKit/537.36 (KHTML, like Gecko) Chrome/86.0.4240.198 Safari/537.36',
  'accept' => '*/*',
  'connection' => 'keep-alive',
  'host' => 'hr',
  'content-length' => '',
  'content-type' => '',
)
[ info ] [ PARAM ] array (
)
[ info ] [ RUN ] app\hr\controller\User->index[ D:\phpstudy_pro\thinkphp\application\hr\controller\User.php ]
[ info ] [ VIEW ] D:\phpstudy_pro\thinkphp\public/../application/hr\view\user\index.html [ array (
) ]
[ info ] [ LOG ] INIT File
---------------------------------------------------------------
[ 2021-06-30T00:23:22+08:00 ] 127.0.0.1 GET hr/
[运行时间：0.022888s] [吞吐率：43.69req/s] [内存消耗：1,318.90kb] [文件加载：34]
[ info ] [ LANG ] D:\phpstudy_pro\thinkphp\thinkphp\lang\zh-cn.php
[ info ] [ ROUTE ] array (
  'type' => 'module',
  'module' => 
  array (
    0 => '',
    1 => NULL,
    2 => NULL,
  ),
)
[ info ] [ HEADER ] array (
  'accept-language' => 'zh-CN,zh;q=0.9',
  'accept-encoding' => 'gzip, deflate',
  'accept' => 'text/html,application/xhtml+xml,application/xml;q=0.9,image/avif,image/webp,image/apng,*/*;q=0.8,application/signed-exchange;v=b3;q=0.9',
  'user-agent' => 'Mozilla/5.0 (Windows NT 10.0; WOW64) AppleWebKit/537.36 (KHTML, like Gecko) Chrome/86.0.4240.198 Safari/537.36',
  'upgrade-insecure-requests' => '1',
  'cache-control' => 'max-age=0',
  'connection' => 'keep-alive',
  'host' => 'hr',
  'content-length' => '',
  'content-type' => '',
)
[ info ] [ PARAM ] array (
)
[ info ] [ RUN ] app\hr\controller\Login->login[ D:\phpstudy_pro\thinkphp\application\hr\controller\Login.php ]
[ info ] [ VIEW ] D:\phpstudy_pro\thinkphp\public/../application/hr\view\login\login.html [ array (
  0 => 'title',
) ]
[ info ] [ LOG ] INIT File
---------------------------------------------------------------
[ 2021-06-30T00:23:40+08:00 ] 127.0.0.1 GET hr/
[运行时间：0.019963s] [吞吐率：50.09req/s] [内存消耗：1,318.93kb] [文件加载：34]
[ info ] [ LANG ] D:\phpstudy_pro\thinkphp\thinkphp\lang\zh-cn.php
[ info ] [ ROUTE ] array (
  'type' => 'module',
  'module' => 
  array (
    0 => '',
    1 => NULL,
    2 => NULL,
  ),
)
[ info ] [ HEADER ] array (
  'accept-language' => 'zh-CN,zh;q=0.9',
  'accept-encoding' => 'gzip, deflate',
  'accept' => 'text/html,application/xhtml+xml,application/xml;q=0.9,image/avif,image/webp,image/apng,*/*;q=0.8,application/signed-exchange;v=b3;q=0.9',
  'user-agent' => 'Mozilla/5.0 (Windows NT 10.0; WOW64) AppleWebKit/537.36 (KHTML, like Gecko) Chrome/86.0.4240.198 Safari/537.36',
  'upgrade-insecure-requests' => '1',
  'cache-control' => 'max-age=0',
  'connection' => 'keep-alive',
  'host' => 'hr',
  'content-length' => '',
  'content-type' => '',
)
[ info ] [ PARAM ] array (
)
[ info ] [ RUN ] app\hr\controller\Login->login[ D:\phpstudy_pro\thinkphp\application\hr\controller\Login.php ]
[ info ] [ VIEW ] D:\phpstudy_pro\thinkphp\public/../application/hr\view\login\login.html [ array (
  0 => 'title',
) ]
[ info ] [ LOG ] INIT File
---------------------------------------------------------------
[ 2021-06-30T00:23:41+08:00 ] 127.0.0.1 GET hr/hr/login/test.html
[运行时间：0.016182s] [吞吐率：61.80req/s] [内存消耗：1,239.84kb] [文件加载：33]
[ info ] [ LANG ] D:\phpstudy_pro\thinkphp\thinkphp\lang\zh-cn.php
[ info ] [ ROUTE ] array (
  'type' => 'module',
  'module' => 
  array (
    0 => 'hr',
    1 => 'login',
    2 => 'test',
  ),
)
[ info ] [ HEADER ] array (
  'accept-language' => 'zh-CN,zh;q=0.9',
  'accept-encoding' => 'gzip, deflate',
  'referer' => 'http://hr/',
  'x-requested-with' => 'XMLHttpRequest',
  'user-agent' => 'Mozilla/5.0 (Windows NT 10.0; WOW64) AppleWebKit/537.36 (KHTML, like Gecko) Chrome/86.0.4240.198 Safari/537.36',
  'accept' => '*/*',
  'connection' => 'keep-alive',
  'host' => 'hr',
  'content-length' => '',
  'content-type' => '',
)
[ info ] [ PARAM ] array (
)
[ info ] [ RUN ] app\hr\controller\Login->test[ D:\phpstudy_pro\thinkphp\application\hr\controller\Login.php ]
[ info ] [ LOG ] INIT File
---------------------------------------------------------------
[ 2021-06-30T00:23:41+08:00 ] 127.0.0.1 GET hr/hr/User/index
[运行时间：0.013609s] [吞吐率：73.48req/s] [内存消耗：1,266.94kb] [文件加载：33]
[ info ] [ LANG ] D:\phpstudy_pro\thinkphp\thinkphp\lang\zh-cn.php
[ info ] [ ROUTE ] array (
  'type' => 'module',
  'module' => 
  array (
    0 => 'hr',
    1 => 'User',
    2 => 'index',
  ),
)
[ info ] [ HEADER ] array (
  'accept-language' => 'zh-CN,zh;q=0.9',
  'accept-encoding' => 'gzip, deflate',
  'referer' => 'http://hr/',
  'x-requested-with' => 'XMLHttpRequest',
  'user-agent' => 'Mozilla/5.0 (Windows NT 10.0; WOW64) AppleWebKit/537.36 (KHTML, like Gecko) Chrome/86.0.4240.198 Safari/537.36',
  'accept' => '*/*',
  'connection' => 'keep-alive',
  'host' => 'hr',
  'content-length' => '',
  'content-type' => '',
)
[ info ] [ PARAM ] array (
)
[ info ] [ RUN ] app\hr\controller\User->index[ D:\phpstudy_pro\thinkphp\application\hr\controller\User.php ]
[ info ] [ VIEW ] D:\phpstudy_pro\thinkphp\public/../application/hr\view\user\index.html [ array (
) ]
[ info ] [ LOG ] INIT File
---------------------------------------------------------------
[ 2021-06-30T00:25:57+08:00 ] 127.0.0.1 GET hr/hr/login/test.html
[运行时间：0.015310s] [吞吐率：65.32req/s] [内存消耗：1,272.63kb] [文件加载：34]
[ info ] [ LANG ] D:\phpstudy_pro\thinkphp\thinkphp\lang\zh-cn.php
[ info ] [ ROUTE ] array (
  'type' => 'module',
  'module' => 
  array (
    0 => 'hr',
    1 => 'login',
    2 => 'test',
  ),
)
[ info ] [ HEADER ] array (
  'accept-language' => 'zh-CN,zh;q=0.9',
  'accept-encoding' => 'gzip, deflate',
  'referer' => 'http://hr/',
  'x-requested-with' => 'XMLHttpRequest',
  'user-agent' => 'Mozilla/5.0 (Windows NT 10.0; WOW64) AppleWebKit/537.36 (KHTML, like Gecko) Chrome/86.0.4240.198 Safari/537.36',
  'accept' => '*/*',
  'connection' => 'keep-alive',
  'host' => 'hr',
  'content-length' => '',
  'content-type' => '',
)
[ info ] [ PARAM ] array (
)
[ info ] [ RUN ] app\hr\controller\Login->test[ D:\phpstudy_pro\thinkphp\application\hr\controller\Login.php ]
[ info ] [ LOG ] INIT File
---------------------------------------------------------------
[ 2021-06-30T00:26:13+08:00 ] 127.0.0.1 GET hr/
[运行时间：0.023443s] [吞吐率：42.66req/s] [内存消耗：1,531.18kb] [文件加载：36]
[ info ] [ LANG ] D:\phpstudy_pro\thinkphp\thinkphp\lang\zh-cn.php
[ info ] [ ROUTE ] array (
  'type' => 'module',
  'module' => 
  array (
    0 => '',
    1 => NULL,
    2 => NULL,
  ),
)
[ info ] [ HEADER ] array (
  'accept-language' => 'zh-CN,zh;q=0.9',
  'accept-encoding' => 'gzip, deflate',
  'accept' => 'text/html,application/xhtml+xml,application/xml;q=0.9,image/avif,image/webp,image/apng,*/*;q=0.8,application/signed-exchange;v=b3;q=0.9',
  'user-agent' => 'Mozilla/5.0 (Windows NT 10.0; WOW64) AppleWebKit/537.36 (KHTML, like Gecko) Chrome/86.0.4240.198 Safari/537.36',
  'upgrade-insecure-requests' => '1',
  'cache-control' => 'max-age=0',
  'connection' => 'keep-alive',
  'host' => 'hr',
  'content-length' => '',
  'content-type' => '',
)
[ info ] [ PARAM ] array (
)
[ info ] [ RUN ] app\hr\controller\Login->login[ D:\phpstudy_pro\thinkphp\application\hr\controller\Login.php ]
[ info ] [ VIEW ] D:\phpstudy_pro\thinkphp\public/../application/hr\view\login\login.html [ array (
  0 => 'title',
) ]
[ info ] [ LOG ] INIT File
---------------------------------------------------------------
[ 2021-06-30T00:26:14+08:00 ] 127.0.0.1 GET hr/hr/login/test.html
[运行时间：0.016326s] [吞吐率：61.25req/s] [内存消耗：1,272.63kb] [文件加载：34]
[ info ] [ LANG ] D:\phpstudy_pro\thinkphp\thinkphp\lang\zh-cn.php
[ info ] [ ROUTE ] array (
  'type' => 'module',
  'module' => 
  array (
    0 => 'hr',
    1 => 'login',
    2 => 'test',
  ),
)
[ info ] [ HEADER ] array (
  'accept-language' => 'zh-CN,zh;q=0.9',
  'accept-encoding' => 'gzip, deflate',
  'referer' => 'http://hr/',
  'x-requested-with' => 'XMLHttpRequest',
  'user-agent' => 'Mozilla/5.0 (Windows NT 10.0; WOW64) AppleWebKit/537.36 (KHTML, like Gecko) Chrome/86.0.4240.198 Safari/537.36',
  'accept' => '*/*',
  'connection' => 'keep-alive',
  'host' => 'hr',
  'content-length' => '',
  'content-type' => '',
)
[ info ] [ PARAM ] array (
)
[ info ] [ RUN ] app\hr\controller\Login->test[ D:\phpstudy_pro\thinkphp\application\hr\controller\Login.php ]
[ info ] [ LOG ] INIT File
---------------------------------------------------------------
[ 2021-06-30T00:27:02+08:00 ] 127.0.0.1 GET hr/
[运行时间：0.022552s] [吞吐率：44.34req/s] [内存消耗：1,318.91kb] [文件加载：34]
[ info ] [ LANG ] D:\phpstudy_pro\thinkphp\thinkphp\lang\zh-cn.php
[ info ] [ ROUTE ] array (
  'type' => 'module',
  'module' => 
  array (
    0 => '',
    1 => NULL,
    2 => NULL,
  ),
)
[ info ] [ HEADER ] array (
  'accept-language' => 'zh-CN,zh;q=0.9',
  'accept-encoding' => 'gzip, deflate',
  'accept' => 'text/html,application/xhtml+xml,application/xml;q=0.9,image/avif,image/webp,image/apng,*/*;q=0.8,application/signed-exchange;v=b3;q=0.9',
  'user-agent' => 'Mozilla/5.0 (Windows NT 10.0; WOW64) AppleWebKit/537.36 (KHTML, like Gecko) Chrome/86.0.4240.198 Safari/537.36',
  'upgrade-insecure-requests' => '1',
  'cache-control' => 'max-age=0',
  'connection' => 'keep-alive',
  'host' => 'hr',
  'content-length' => '',
  'content-type' => '',
)
[ info ] [ PARAM ] array (
)
[ info ] [ RUN ] app\hr\controller\Login->login[ D:\phpstudy_pro\thinkphp\application\hr\controller\Login.php ]
[ info ] [ VIEW ] D:\phpstudy_pro\thinkphp\public/../application/hr\view\login\login.html [ array (
  0 => 'title',
) ]
[ info ] [ LOG ] INIT File
---------------------------------------------------------------
[ 2021-06-30T00:27:03+08:00 ] 127.0.0.1 GET hr/
[运行时间：0.026855s] [吞吐率：37.24req/s] [内存消耗：1,318.91kb] [文件加载：34]
[ info ] [ LANG ] D:\phpstudy_pro\thinkphp\thinkphp\lang\zh-cn.php
[ info ] [ ROUTE ] array (
  'type' => 'module',
  'module' => 
  array (
    0 => '',
    1 => NULL,
    2 => NULL,
  ),
)
[ info ] [ HEADER ] array (
  'accept-language' => 'zh-CN,zh;q=0.9',
  'accept-encoding' => 'gzip, deflate',
  'accept' => 'text/html,application/xhtml+xml,application/xml;q=0.9,image/avif,image/webp,image/apng,*/*;q=0.8,application/signed-exchange;v=b3;q=0.9',
  'user-agent' => 'Mozilla/5.0 (Windows NT 10.0; WOW64) AppleWebKit/537.36 (KHTML, like Gecko) Chrome/86.0.4240.198 Safari/537.36',
  'upgrade-insecure-requests' => '1',
  'cache-control' => 'max-age=0',
  'connection' => 'keep-alive',
  'host' => 'hr',
  'content-length' => '',
  'content-type' => '',
)
[ info ] [ PARAM ] array (
)
[ info ] [ RUN ] app\hr\controller\Login->login[ D:\phpstudy_pro\thinkphp\application\hr\controller\Login.php ]
[ info ] [ VIEW ] D:\phpstudy_pro\thinkphp\public/../application/hr\view\login\login.html [ array (
  0 => 'title',
) ]
[ info ] [ LOG ] INIT File
---------------------------------------------------------------
[ 2021-06-30T00:27:03+08:00 ] 127.0.0.1 GET hr/
[运行时间：0.019864s] [吞吐率：50.34req/s] [内存消耗：1,318.91kb] [文件加载：34]
[ info ] [ LANG ] D:\phpstudy_pro\thinkphp\thinkphp\lang\zh-cn.php
[ info ] [ ROUTE ] array (
  'type' => 'module',
  'module' => 
  array (
    0 => '',
    1 => NULL,
    2 => NULL,
  ),
)
[ info ] [ HEADER ] array (
  'accept-language' => 'zh-CN,zh;q=0.9',
  'accept-encoding' => 'gzip, deflate',
  'accept' => 'text/html,application/xhtml+xml,application/xml;q=0.9,image/avif,image/webp,image/apng,*/*;q=0.8,application/signed-exchange;v=b3;q=0.9',
  'user-agent' => 'Mozilla/5.0 (Windows NT 10.0; WOW64) AppleWebKit/537.36 (KHTML, like Gecko) Chrome/86.0.4240.198 Safari/537.36',
  'upgrade-insecure-requests' => '1',
  'cache-control' => 'max-age=0',
  'connection' => 'keep-alive',
  'host' => 'hr',
  'content-length' => '',
  'content-type' => '',
)
[ info ] [ PARAM ] array (
)
[ info ] [ RUN ] app\hr\controller\Login->login[ D:\phpstudy_pro\thinkphp\application\hr\controller\Login.php ]
[ info ] [ VIEW ] D:\phpstudy_pro\thinkphp\public/../application/hr\view\login\login.html [ array (
  0 => 'title',
) ]
[ info ] [ LOG ] INIT File
---------------------------------------------------------------
[ 2021-06-30T00:27:03+08:00 ] 127.0.0.1 GET hr/hr/login/test.html
[运行时间：0.015225s] [吞吐率：65.68req/s] [内存消耗：1,239.83kb] [文件加载：33]
[ info ] [ LANG ] D:\phpstudy_pro\thinkphp\thinkphp\lang\zh-cn.php
[ info ] [ ROUTE ] array (
  'type' => 'module',
  'module' => 
  array (
    0 => 'hr',
    1 => 'login',
    2 => 'test',
  ),
)
[ info ] [ HEADER ] array (
  'accept-language' => 'zh-CN,zh;q=0.9',
  'accept-encoding' => 'gzip, deflate',
  'referer' => 'http://hr/',
  'x-requested-with' => 'XMLHttpRequest',
  'user-agent' => 'Mozilla/5.0 (Windows NT 10.0; WOW64) AppleWebKit/537.36 (KHTML, like Gecko) Chrome/86.0.4240.198 Safari/537.36',
  'accept' => '*/*',
  'connection' => 'keep-alive',
  'host' => 'hr',
  'content-length' => '',
  'content-type' => '',
)
[ info ] [ PARAM ] array (
)
[ info ] [ RUN ] app\hr\controller\Login->test[ D:\phpstudy_pro\thinkphp\application\hr\controller\Login.php ]
[ info ] [ LOG ] INIT File
---------------------------------------------------------------
[ 2021-06-30T00:27:03+08:00 ] 127.0.0.1 GET hr/hr/User/index
[运行时间：0.013187s] [吞吐率：75.83req/s] [内存消耗：1,266.94kb] [文件加载：33]
[ info ] [ LANG ] D:\phpstudy_pro\thinkphp\thinkphp\lang\zh-cn.php
[ info ] [ ROUTE ] array (
  'type' => 'module',
  'module' => 
  array (
    0 => 'hr',
    1 => 'User',
    2 => 'index',
  ),
)
[ info ] [ HEADER ] array (
  'accept-language' => 'zh-CN,zh;q=0.9',
  'accept-encoding' => 'gzip, deflate',
  'referer' => 'http://hr/',
  'x-requested-with' => 'XMLHttpRequest',
  'user-agent' => 'Mozilla/5.0 (Windows NT 10.0; WOW64) AppleWebKit/537.36 (KHTML, like Gecko) Chrome/86.0.4240.198 Safari/537.36',
  'accept' => '*/*',
  'connection' => 'keep-alive',
  'host' => 'hr',
  'content-length' => '',
  'content-type' => '',
)
[ info ] [ PARAM ] array (
)
[ info ] [ RUN ] app\hr\controller\User->index[ D:\phpstudy_pro\thinkphp\application\hr\controller\User.php ]
[ info ] [ VIEW ] D:\phpstudy_pro\thinkphp\public/../application/hr\view\user\index.html [ array (
) ]
[ info ] [ LOG ] INIT File
---------------------------------------------------------------
[ 2021-06-30T00:29:14+08:00 ] 127.0.0.1 GET hr/
[运行时间：0.025140s] [吞吐率：39.78req/s] [内存消耗：1,318.85kb] [文件加载：34]
[ info ] [ LANG ] D:\phpstudy_pro\thinkphp\thinkphp\lang\zh-cn.php
[ info ] [ ROUTE ] array (
  'type' => 'module',
  'module' => 
  array (
    0 => '',
    1 => NULL,
    2 => NULL,
  ),
)
[ info ] [ HEADER ] array (
  'accept-language' => 'zh-CN,zh;q=0.9',
  'accept-encoding' => 'gzip, deflate',
  'accept' => 'text/html,application/xhtml+xml,application/xml;q=0.9,image/avif,image/webp,image/apng,*/*;q=0.8,application/signed-exchange;v=b3;q=0.9',
  'user-agent' => 'Mozilla/5.0 (Windows NT 10.0; WOW64) AppleWebKit/537.36 (KHTML, like Gecko) Chrome/86.0.4240.198 Safari/537.36',
  'upgrade-insecure-requests' => '1',
  'cache-control' => 'max-age=0',
  'connection' => 'keep-alive',
  'host' => 'hr',
  'content-length' => '',
  'content-type' => '',
)
[ info ] [ PARAM ] array (
)
[ info ] [ RUN ] app\hr\controller\Login->login[ D:\phpstudy_pro\thinkphp\application\hr\controller\Login.php ]
[ info ] [ VIEW ] D:\phpstudy_pro\thinkphp\public/../application/hr\view\login\login.html [ array (
  0 => 'title',
) ]
[ info ] [ LOG ] INIT File
---------------------------------------------------------------
[ 2021-06-30T00:29:15+08:00 ] 127.0.0.1 GET hr/
[运行时间：0.019747s] [吞吐率：50.64req/s] [内存消耗：1,318.85kb] [文件加载：34]
[ info ] [ LANG ] D:\phpstudy_pro\thinkphp\thinkphp\lang\zh-cn.php
[ info ] [ ROUTE ] array (
  'type' => 'module',
  'module' => 
  array (
    0 => '',
    1 => NULL,
    2 => NULL,
  ),
)
[ info ] [ HEADER ] array (
  'accept-language' => 'zh-CN,zh;q=0.9',
  'accept-encoding' => 'gzip, deflate',
  'accept' => 'text/html,application/xhtml+xml,application/xml;q=0.9,image/avif,image/webp,image/apng,*/*;q=0.8,application/signed-exchange;v=b3;q=0.9',
  'user-agent' => 'Mozilla/5.0 (Windows NT 10.0; WOW64) AppleWebKit/537.36 (KHTML, like Gecko) Chrome/86.0.4240.198 Safari/537.36',
  'upgrade-insecure-requests' => '1',
  'cache-control' => 'max-age=0',
  'connection' => 'keep-alive',
  'host' => 'hr',
  'content-length' => '',
  'content-type' => '',
)
[ info ] [ PARAM ] array (
)
[ info ] [ RUN ] app\hr\controller\Login->login[ D:\phpstudy_pro\thinkphp\application\hr\controller\Login.php ]
[ info ] [ VIEW ] D:\phpstudy_pro\thinkphp\public/../application/hr\view\login\login.html [ array (
  0 => 'title',
) ]
[ info ] [ LOG ] INIT File
---------------------------------------------------------------
[ 2021-06-30T00:29:16+08:00 ] 127.0.0.1 GET hr/hr/login/test.html
[运行时间：0.015264s] [吞吐率：65.51req/s] [内存消耗：1,239.75kb] [文件加载：33]
[ info ] [ LANG ] D:\phpstudy_pro\thinkphp\thinkphp\lang\zh-cn.php
[ info ] [ ROUTE ] array (
  'type' => 'module',
  'module' => 
  array (
    0 => 'hr',
    1 => 'login',
    2 => 'test',
  ),
)
[ info ] [ HEADER ] array (
  'accept-language' => 'zh-CN,zh;q=0.9',
  'accept-encoding' => 'gzip, deflate',
  'referer' => 'http://hr/',
  'x-requested-with' => 'XMLHttpRequest',
  'user-agent' => 'Mozilla/5.0 (Windows NT 10.0; WOW64) AppleWebKit/537.36 (KHTML, like Gecko) Chrome/86.0.4240.198 Safari/537.36',
  'accept' => '*/*',
  'connection' => 'keep-alive',
  'host' => 'hr',
  'content-length' => '',
  'content-type' => '',
)
[ info ] [ PARAM ] array (
)
[ info ] [ RUN ] app\hr\controller\Login->test[ D:\phpstudy_pro\thinkphp\application\hr\controller\Login.php ]
[ info ] [ LOG ] INIT File
---------------------------------------------------------------
[ 2021-06-30T00:29:16+08:00 ] 127.0.0.1 GET hr/User/index
[运行时间：0.013058s] [吞吐率：76.58req/s] [内存消耗：1,066.40kb] [文件加载：28]
[ info ] [ LANG ] D:\phpstudy_pro\thinkphp\thinkphp\lang\zh-cn.php
[ info ] [ ROUTE ] array (
  'type' => 'module',
  'module' => 
  array (
    0 => 'User',
    1 => 'index',
    2 => NULL,
  ),
)
[ info ] [ HEADER ] array (
  'accept-language' => 'zh-CN,zh;q=0.9',
  'accept-encoding' => 'gzip, deflate',
  'referer' => 'http://hr/',
  'x-requested-with' => 'XMLHttpRequest',
  'user-agent' => 'Mozilla/5.0 (Windows NT 10.0; WOW64) AppleWebKit/537.36 (KHTML, like Gecko) Chrome/86.0.4240.198 Safari/537.36',
  'accept' => '*/*',
  'connection' => 'keep-alive',
  'host' => 'hr',
  'content-length' => '',
  'content-type' => '',
)
[ info ] [ PARAM ] array (
)
[ info ] [ LOG ] INIT File
---------------------------------------------------------------
[ 2021-06-30T00:29:35+08:00 ] 127.0.0.1 GET hr/hr/login/test.html
[运行时间：0.013238s] [吞吐率：75.54req/s] [内存消耗：1,239.75kb] [文件加载：33]
[ info ] [ LANG ] D:\phpstudy_pro\thinkphp\thinkphp\lang\zh-cn.php
[ info ] [ ROUTE ] array (
  'type' => 'module',
  'module' => 
  array (
    0 => 'hr',
    1 => 'login',
    2 => 'test',
  ),
)
[ info ] [ HEADER ] array (
  'accept-language' => 'zh-CN,zh;q=0.9',
  'accept-encoding' => 'gzip, deflate',
  'referer' => 'http://hr/',
  'x-requested-with' => 'XMLHttpRequest',
  'user-agent' => 'Mozilla/5.0 (Windows NT 10.0; WOW64) AppleWebKit/537.36 (KHTML, like Gecko) Chrome/86.0.4240.198 Safari/537.36',
  'accept' => '*/*',
  'connection' => 'keep-alive',
  'host' => 'hr',
  'content-length' => '',
  'content-type' => '',
)
[ info ] [ PARAM ] array (
)
[ info ] [ RUN ] app\hr\controller\Login->test[ D:\phpstudy_pro\thinkphp\application\hr\controller\Login.php ]
[ info ] [ LOG ] INIT File
---------------------------------------------------------------
[ 2021-06-30T00:29:35+08:00 ] 127.0.0.1 GET hr/hr/User/index
[运行时间：0.014080s] [吞吐率：71.02req/s] [内存消耗：1,266.94kb] [文件加载：33]
[ info ] [ LANG ] D:\phpstudy_pro\thinkphp\thinkphp\lang\zh-cn.php
[ info ] [ ROUTE ] array (
  'type' => 'module',
  'module' => 
  array (
    0 => 'hr',
    1 => 'User',
    2 => 'index',
  ),
)
[ info ] [ HEADER ] array (
  'accept-language' => 'zh-CN,zh;q=0.9',
  'accept-encoding' => 'gzip, deflate',
  'referer' => 'http://hr/',
  'x-requested-with' => 'XMLHttpRequest',
  'user-agent' => 'Mozilla/5.0 (Windows NT 10.0; WOW64) AppleWebKit/537.36 (KHTML, like Gecko) Chrome/86.0.4240.198 Safari/537.36',
  'accept' => '*/*',
  'connection' => 'keep-alive',
  'host' => 'hr',
  'content-length' => '',
  'content-type' => '',
)
[ info ] [ PARAM ] array (
)
[ info ] [ RUN ] app\hr\controller\User->index[ D:\phpstudy_pro\thinkphp\application\hr\controller\User.php ]
[ info ] [ VIEW ] D:\phpstudy_pro\thinkphp\public/../application/hr\view\user\index.html [ array (
) ]
[ info ] [ LOG ] INIT File
---------------------------------------------------------------
[ 2021-06-30T00:29:44+08:00 ] 127.0.0.1 GET hr/hr/login/test.html
[运行时间：0.016381s] [吞吐率：61.05req/s] [内存消耗：1,292.01kb] [文件加载：34]
[ info ] [ LANG ] D:\phpstudy_pro\thinkphp\thinkphp\lang\zh-cn.php
[ info ] [ ROUTE ] array (
  'type' => 'module',
  'module' => 
  array (
    0 => 'hr',
    1 => 'login',
    2 => 'test',
  ),
)
[ info ] [ HEADER ] array (
  'accept-language' => 'zh-CN,zh;q=0.9',
  'accept-encoding' => 'gzip, deflate',
  'referer' => 'http://hr/',
  'x-requested-with' => 'XMLHttpRequest',
  'user-agent' => 'Mozilla/5.0 (Windows NT 10.0; WOW64) AppleWebKit/537.36 (KHTML, like Gecko) Chrome/86.0.4240.198 Safari/537.36',
  'accept' => '*/*',
  'connection' => 'keep-alive',
  'host' => 'hr',
  'content-length' => '',
  'content-type' => '',
)
[ info ] [ PARAM ] array (
)
[ info ] [ RUN ] app\hr\controller\Login->test[ D:\phpstudy_pro\thinkphp\application\hr\controller\Login.php ]
[ info ] [ LOG ] INIT File
---------------------------------------------------------------
[ 2021-06-30T00:29:44+08:00 ] 127.0.0.1 GET hr/hr/user/index.html
[运行时间：0.013269s] [吞吐率：75.36req/s] [内存消耗：1,267.02kb] [文件加载：33]
[ info ] [ LANG ] D:\phpstudy_pro\thinkphp\thinkphp\lang\zh-cn.php
[ info ] [ ROUTE ] array (
  'type' => 'module',
  'module' => 
  array (
    0 => 'hr',
    1 => 'user',
    2 => 'index',
  ),
)
[ info ] [ HEADER ] array (
  'accept-language' => 'zh-CN,zh;q=0.9',
  'accept-encoding' => 'gzip, deflate',
  'referer' => 'http://hr/',
  'x-requested-with' => 'XMLHttpRequest',
  'user-agent' => 'Mozilla/5.0 (Windows NT 10.0; WOW64) AppleWebKit/537.36 (KHTML, like Gecko) Chrome/86.0.4240.198 Safari/537.36',
  'accept' => '*/*',
  'connection' => 'keep-alive',
  'host' => 'hr',
  'content-length' => '',
  'content-type' => '',
)
[ info ] [ PARAM ] array (
)
[ info ] [ RUN ] app\hr\controller\User->index[ D:\phpstudy_pro\thinkphp\application\hr\controller\User.php ]
[ info ] [ VIEW ] D:\phpstudy_pro\thinkphp\public/../application/hr\view\user\index.html [ array (
) ]
[ info ] [ LOG ] INIT File
---------------------------------------------------------------
[ 2021-06-30T00:29:54+08:00 ] 127.0.0.1 GET hr/hr/user/index.html
[运行时间：0.016337s] [吞吐率：61.21req/s] [内存消耗：1,267.66kb] [文件加载：33]
[ info ] [ LANG ] D:\phpstudy_pro\thinkphp\thinkphp\lang\zh-cn.php
[ info ] [ ROUTE ] array (
  'type' => 'module',
  'module' => 
  array (
    0 => 'hr',
    1 => 'user',
    2 => 'index',
  ),
)
[ info ] [ HEADER ] array (
  'accept-language' => 'zh-CN,zh;q=0.9',
  'accept-encoding' => 'gzip, deflate',
  'accept' => 'text/html,application/xhtml+xml,application/xml;q=0.9,image/avif,image/webp,image/apng,*/*;q=0.8,application/signed-exchange;v=b3;q=0.9',
  'user-agent' => 'Mozilla/5.0 (Windows NT 10.0; WOW64) AppleWebKit/537.36 (KHTML, like Gecko) Chrome/86.0.4240.198 Safari/537.36',
  'upgrade-insecure-requests' => '1',
  'connection' => 'keep-alive',
  'host' => 'hr',
  'content-length' => '',
  'content-type' => '',
)
[ info ] [ PARAM ] array (
)
[ info ] [ RUN ] app\hr\controller\User->index[ D:\phpstudy_pro\thinkphp\application\hr\controller\User.php ]
[ info ] [ VIEW ] D:\phpstudy_pro\thinkphp\public/../application/hr\view\user\index.html [ array (
) ]
[ info ] [ LOG ] INIT File
---------------------------------------------------------------
[ 2021-06-30T00:31:54+08:00 ] 127.0.0.1 GET hr/
[运行时间：0.025678s] [吞吐率：38.94req/s] [内存消耗：1,318.91kb] [文件加载：34]
[ info ] [ LANG ] D:\phpstudy_pro\thinkphp\thinkphp\lang\zh-cn.php
[ info ] [ ROUTE ] array (
  'type' => 'module',
  'module' => 
  array (
    0 => '',
    1 => NULL,
    2 => NULL,
  ),
)
[ info ] [ HEADER ] array (
  'accept-language' => 'zh-CN,zh;q=0.9',
  'accept-encoding' => 'gzip, deflate',
  'accept' => 'text/html,application/xhtml+xml,application/xml;q=0.9,image/avif,image/webp,image/apng,*/*;q=0.8,application/signed-exchange;v=b3;q=0.9',
  'user-agent' => 'Mozilla/5.0 (Windows NT 10.0; WOW64) AppleWebKit/537.36 (KHTML, like Gecko) Chrome/86.0.4240.198 Safari/537.36',
  'upgrade-insecure-requests' => '1',
  'cache-control' => 'max-age=0',
  'connection' => 'keep-alive',
  'host' => 'hr',
  'content-length' => '',
  'content-type' => '',
)
[ info ] [ PARAM ] array (
)
[ info ] [ RUN ] app\hr\controller\Login->login[ D:\phpstudy_pro\thinkphp\application\hr\controller\Login.php ]
[ info ] [ VIEW ] D:\phpstudy_pro\thinkphp\public/../application/hr\view\login\login.html [ array (
  0 => 'title',
) ]
[ info ] [ LOG ] INIT File
---------------------------------------------------------------
[ 2021-06-30T00:31:54+08:00 ] 127.0.0.1 GET hr/hr/login/test.html
[运行时间：0.015767s] [吞吐率：63.42req/s] [内存消耗：1,239.81kb] [文件加载：33]
[ info ] [ LANG ] D:\phpstudy_pro\thinkphp\thinkphp\lang\zh-cn.php
[ info ] [ ROUTE ] array (
  'type' => 'module',
  'module' => 
  array (
    0 => 'hr',
    1 => 'login',
    2 => 'test',
  ),
)
[ info ] [ HEADER ] array (
  'accept-language' => 'zh-CN,zh;q=0.9',
  'accept-encoding' => 'gzip, deflate',
  'referer' => 'http://hr/',
  'x-requested-with' => 'XMLHttpRequest',
  'user-agent' => 'Mozilla/5.0 (Windows NT 10.0; WOW64) AppleWebKit/537.36 (KHTML, like Gecko) Chrome/86.0.4240.198 Safari/537.36',
  'accept' => '*/*',
  'connection' => 'keep-alive',
  'host' => 'hr',
  'content-length' => '',
  'content-type' => '',
)
[ info ] [ PARAM ] array (
)
[ info ] [ RUN ] app\hr\controller\Login->test[ D:\phpstudy_pro\thinkphp\application\hr\controller\Login.php ]
[ info ] [ LOG ] INIT File
---------------------------------------------------------------
[ 2021-06-30T00:32:10+08:00 ] 127.0.0.1 GET hr/
[运行时间：0.023518s] [吞吐率：42.52req/s] [内存消耗：1,318.91kb] [文件加载：34]
[ info ] [ LANG ] D:\phpstudy_pro\thinkphp\thinkphp\lang\zh-cn.php
[ info ] [ ROUTE ] array (
  'type' => 'module',
  'module' => 
  array (
    0 => '',
    1 => NULL,
    2 => NULL,
  ),
)
[ info ] [ HEADER ] array (
  'accept-language' => 'zh-CN,zh;q=0.9',
  'accept-encoding' => 'gzip, deflate',
  'accept' => 'text/html,application/xhtml+xml,application/xml;q=0.9,image/avif,image/webp,image/apng,*/*;q=0.8,application/signed-exchange;v=b3;q=0.9',
  'user-agent' => 'Mozilla/5.0 (Windows NT 10.0; WOW64) AppleWebKit/537.36 (KHTML, like Gecko) Chrome/86.0.4240.198 Safari/537.36',
  'upgrade-insecure-requests' => '1',
  'cache-control' => 'max-age=0',
  'connection' => 'keep-alive',
  'host' => 'hr',
  'content-length' => '',
  'content-type' => '',
)
[ info ] [ PARAM ] array (
)
[ info ] [ RUN ] app\hr\controller\Login->login[ D:\phpstudy_pro\thinkphp\application\hr\controller\Login.php ]
[ info ] [ VIEW ] D:\phpstudy_pro\thinkphp\public/../application/hr\view\login\login.html [ array (
  0 => 'title',
) ]
[ info ] [ LOG ] INIT File
---------------------------------------------------------------
[ 2021-06-30T00:32:11+08:00 ] 127.0.0.1 GET hr/hr/login/test.html
[运行时间：0.014371s] [吞吐率：69.58req/s] [内存消耗：1,239.81kb] [文件加载：33]
[ info ] [ LANG ] D:\phpstudy_pro\thinkphp\thinkphp\lang\zh-cn.php
[ info ] [ ROUTE ] array (
  'type' => 'module',
  'module' => 
  array (
    0 => 'hr',
    1 => 'login',
    2 => 'test',
  ),
)
[ info ] [ HEADER ] array (
  'accept-language' => 'zh-CN,zh;q=0.9',
  'accept-encoding' => 'gzip, deflate',
  'referer' => 'http://hr/',
  'x-requested-with' => 'XMLHttpRequest',
  'user-agent' => 'Mozilla/5.0 (Windows NT 10.0; WOW64) AppleWebKit/537.36 (KHTML, like Gecko) Chrome/86.0.4240.198 Safari/537.36',
  'accept' => '*/*',
  'connection' => 'keep-alive',
  'host' => 'hr',
  'content-length' => '',
  'content-type' => '',
)
[ info ] [ PARAM ] array (
)
[ info ] [ RUN ] app\hr\controller\Login->test[ D:\phpstudy_pro\thinkphp\application\hr\controller\Login.php ]
[ info ] [ LOG ] INIT File
---------------------------------------------------------------
[ 2021-06-30T00:32:34+08:00 ] 127.0.0.1 GET hr/
[运行时间：0.024450s] [吞吐率：40.90req/s] [内存消耗：1,318.90kb] [文件加载：34]
[ info ] [ LANG ] D:\phpstudy_pro\thinkphp\thinkphp\lang\zh-cn.php
[ info ] [ ROUTE ] array (
  'type' => 'module',
  'module' => 
  array (
    0 => '',
    1 => NULL,
    2 => NULL,
  ),
)
[ info ] [ HEADER ] array (
  'accept-language' => 'zh-CN,zh;q=0.9',
  'accept-encoding' => 'gzip, deflate',
  'accept' => 'text/html,application/xhtml+xml,application/xml;q=0.9,image/avif,image/webp,image/apng,*/*;q=0.8,application/signed-exchange;v=b3;q=0.9',
  'user-agent' => 'Mozilla/5.0 (Windows NT 10.0; WOW64) AppleWebKit/537.36 (KHTML, like Gecko) Chrome/86.0.4240.198 Safari/537.36',
  'upgrade-insecure-requests' => '1',
  'cache-control' => 'max-age=0',
  'connection' => 'keep-alive',
  'host' => 'hr',
  'content-length' => '',
  'content-type' => '',
)
[ info ] [ PARAM ] array (
)
[ info ] [ RUN ] app\hr\controller\Login->login[ D:\phpstudy_pro\thinkphp\application\hr\controller\Login.php ]
[ info ] [ VIEW ] D:\phpstudy_pro\thinkphp\public/../application/hr\view\login\login.html [ array (
  0 => 'title',
) ]
[ info ] [ LOG ] INIT File
---------------------------------------------------------------
[ 2021-06-30T00:32:35+08:00 ] 127.0.0.1 GET hr/hr/login/test.html
[运行时间：0.015966s] [吞吐率：62.63req/s] [内存消耗：1,292.05kb] [文件加载：34]
[ info ] [ LANG ] D:\phpstudy_pro\thinkphp\thinkphp\lang\zh-cn.php
[ info ] [ ROUTE ] array (
  'type' => 'module',
  'module' => 
  array (
    0 => 'hr',
    1 => 'login',
    2 => 'test',
  ),
)
[ info ] [ HEADER ] array (
  'accept-language' => 'zh-CN,zh;q=0.9',
  'accept-encoding' => 'gzip, deflate',
  'referer' => 'http://hr/',
  'x-requested-with' => 'XMLHttpRequest',
  'user-agent' => 'Mozilla/5.0 (Windows NT 10.0; WOW64) AppleWebKit/537.36 (KHTML, like Gecko) Chrome/86.0.4240.198 Safari/537.36',
  'accept' => '*/*',
  'connection' => 'keep-alive',
  'host' => 'hr',
  'content-length' => '',
  'content-type' => '',
)
[ info ] [ PARAM ] array (
)
[ info ] [ RUN ] app\hr\controller\Login->test[ D:\phpstudy_pro\thinkphp\application\hr\controller\Login.php ]
[ info ] [ LOG ] INIT File
---------------------------------------------------------------
[ 2021-06-30T00:32:35+08:00 ] 127.0.0.1 GET hr/hr/user/index.html
[运行时间：0.012413s] [吞吐率：80.56req/s] [内存消耗：1,267.02kb] [文件加载：33]
[ info ] [ LANG ] D:\phpstudy_pro\thinkphp\thinkphp\lang\zh-cn.php
[ info ] [ ROUTE ] array (
  'type' => 'module',
  'module' => 
  array (
    0 => 'hr',
    1 => 'user',
    2 => 'index',
  ),
)
[ info ] [ HEADER ] array (
  'accept-language' => 'zh-CN,zh;q=0.9',
  'accept-encoding' => 'gzip, deflate',
  'referer' => 'http://hr/',
  'x-requested-with' => 'XMLHttpRequest',
  'user-agent' => 'Mozilla/5.0 (Windows NT 10.0; WOW64) AppleWebKit/537.36 (KHTML, like Gecko) Chrome/86.0.4240.198 Safari/537.36',
  'accept' => '*/*',
  'connection' => 'keep-alive',
  'host' => 'hr',
  'content-length' => '',
  'content-type' => '',
)
[ info ] [ PARAM ] array (
)
[ info ] [ RUN ] app\hr\controller\User->index[ D:\phpstudy_pro\thinkphp\application\hr\controller\User.php ]
[ info ] [ VIEW ] D:\phpstudy_pro\thinkphp\public/../application/hr\view\user\index.html [ array (
) ]
[ info ] [ LOG ] INIT File
---------------------------------------------------------------
[ 2021-06-30T00:32:45+08:00 ] 127.0.0.1 GET hr/
[运行时间：0.023283s] [吞吐率：42.95req/s] [内存消耗：1,318.90kb] [文件加载：34]
[ info ] [ LANG ] D:\phpstudy_pro\thinkphp\thinkphp\lang\zh-cn.php
[ info ] [ ROUTE ] array (
  'type' => 'module',
  'module' => 
  array (
    0 => '',
    1 => NULL,
    2 => NULL,
  ),
)
[ info ] [ HEADER ] array (
  'accept-language' => 'zh-CN,zh;q=0.9',
  'accept-encoding' => 'gzip, deflate',
  'accept' => 'text/html,application/xhtml+xml,application/xml;q=0.9,image/avif,image/webp,image/apng,*/*;q=0.8,application/signed-exchange;v=b3;q=0.9',
  'user-agent' => 'Mozilla/5.0 (Windows NT 10.0; WOW64) AppleWebKit/537.36 (KHTML, like Gecko) Chrome/86.0.4240.198 Safari/537.36',
  'upgrade-insecure-requests' => '1',
  'cache-control' => 'max-age=0',
  'connection' => 'keep-alive',
  'host' => 'hr',
  'content-length' => '',
  'content-type' => '',
)
[ info ] [ PARAM ] array (
)
[ info ] [ RUN ] app\hr\controller\Login->login[ D:\phpstudy_pro\thinkphp\application\hr\controller\Login.php ]
[ info ] [ VIEW ] D:\phpstudy_pro\thinkphp\public/../application/hr\view\login\login.html [ array (
  0 => 'title',
) ]
[ info ] [ LOG ] INIT File
---------------------------------------------------------------
[ 2021-06-30T00:34:27+08:00 ] 127.0.0.1 GET hr/hr/login/test.html
[运行时间：0.020353s] [吞吐率：49.13req/s] [内存消耗：1,325.02kb] [文件加载：35]
[ info ] [ LANG ] D:\phpstudy_pro\thinkphp\thinkphp\lang\zh-cn.php
[ info ] [ ROUTE ] array (
  'type' => 'module',
  'module' => 
  array (
    0 => 'hr',
    1 => 'login',
    2 => 'test',
  ),
)
[ info ] [ HEADER ] array (
  'accept-language' => 'zh-CN,zh;q=0.9',
  'accept-encoding' => 'gzip, deflate',
  'referer' => 'http://hr/',
  'x-requested-with' => 'XMLHttpRequest',
  'user-agent' => 'Mozilla/5.0 (Windows NT 10.0; WOW64) AppleWebKit/537.36 (KHTML, like Gecko) Chrome/86.0.4240.198 Safari/537.36',
  'accept' => '*/*',
  'connection' => 'keep-alive',
  'host' => 'hr',
  'content-length' => '',
  'content-type' => '',
)
[ info ] [ PARAM ] array (
)
[ info ] [ RUN ] app\hr\controller\Login->test[ D:\phpstudy_pro\thinkphp\application\hr\controller\Login.php ]
[ info ] [ LOG ] INIT File
---------------------------------------------------------------
[ 2021-06-30T00:35:19+08:00 ] 127.0.0.1 GET hr/hr/login/test.html
[运行时间：0.017643s] [吞吐率：56.68req/s] [内存消耗：1,239.81kb] [文件加载：33]
[ info ] [ LANG ] D:\phpstudy_pro\thinkphp\thinkphp\lang\zh-cn.php
[ info ] [ ROUTE ] array (
  'type' => 'module',
  'module' => 
  array (
    0 => 'hr',
    1 => 'login',
    2 => 'test',
  ),
)
[ info ] [ HEADER ] array (
  'accept-language' => 'zh-CN,zh;q=0.9',
  'accept-encoding' => 'gzip, deflate',
  'referer' => 'http://hr/',
  'x-requested-with' => 'XMLHttpRequest',
  'user-agent' => 'Mozilla/5.0 (Windows NT 10.0; WOW64) AppleWebKit/537.36 (KHTML, like Gecko) Chrome/86.0.4240.198 Safari/537.36',
  'accept' => '*/*',
  'connection' => 'keep-alive',
  'host' => 'hr',
  'content-length' => '',
  'content-type' => '',
)
[ info ] [ PARAM ] array (
)
[ info ] [ RUN ] app\hr\controller\Login->test[ D:\phpstudy_pro\thinkphp\application\hr\controller\Login.php ]
[ info ] [ LOG ] INIT File
---------------------------------------------------------------
[ 2021-06-30T21:38:01+08:00 ] 127.0.0.1 GET hr/
[运行时间：0.070845s] [吞吐率：14.12req/s] [内存消耗：1,319.01kb] [文件加载：34]
[ info ] [ LANG ] D:\phpstudy_pro\thinkphp\thinkphp\lang\zh-cn.php
[ info ] [ ROUTE ] array (
  'type' => 'module',
  'module' => 
  array (
    0 => '',
    1 => NULL,
    2 => NULL,
  ),
)
[ info ] [ HEADER ] array (
  'accept-language' => 'zh-CN,zh;q=0.9',
  'accept-encoding' => 'gzip, deflate',
  'accept' => 'text/html,application/xhtml+xml,application/xml;q=0.9,image/avif,image/webp,image/apng,*/*;q=0.8,application/signed-exchange;v=b3;q=0.9',
  'user-agent' => 'Mozilla/5.0 (Windows NT 10.0; WOW64) AppleWebKit/537.36 (KHTML, like Gecko) Chrome/86.0.4240.198 Safari/537.36',
  'upgrade-insecure-requests' => '1',
  'connection' => 'keep-alive',
  'host' => 'hr',
  'content-length' => '',
  'content-type' => '',
)
[ info ] [ PARAM ] array (
)
[ info ] [ RUN ] app\hr\controller\Login->login[ D:\phpstudy_pro\thinkphp\application\hr\controller\Login.php ]
[ info ] [ VIEW ] D:\phpstudy_pro\thinkphp\public/../application/hr\view\login\login.html [ array (
  0 => 'title',
) ]
[ info ] [ LOG ] INIT File
---------------------------------------------------------------
[ 2021-06-30T21:54:55+08:00 ] 127.0.0.1 GET hr/
[运行时间：0.020629s] [吞吐率：48.48req/s] [内存消耗：1,319.00kb] [文件加载：34]
[ info ] [ LANG ] D:\phpstudy_pro\thinkphp\thinkphp\lang\zh-cn.php
[ info ] [ ROUTE ] array (
  'type' => 'module',
  'module' => 
  array (
    0 => '',
    1 => NULL,
    2 => NULL,
  ),
)
[ info ] [ HEADER ] array (
  'accept-language' => 'zh-CN,zh;q=0.9',
  'accept-encoding' => 'gzip, deflate',
  'accept' => 'text/html,application/xhtml+xml,application/xml;q=0.9,image/avif,image/webp,image/apng,*/*;q=0.8,application/signed-exchange;v=b3;q=0.9',
  'user-agent' => 'Mozilla/5.0 (Windows NT 10.0; WOW64) AppleWebKit/537.36 (KHTML, like Gecko) Chrome/86.0.4240.198 Safari/537.36',
  'upgrade-insecure-requests' => '1',
  'cache-control' => 'max-age=0',
  'connection' => 'keep-alive',
  'host' => 'hr',
  'content-length' => '',
  'content-type' => '',
)
[ info ] [ PARAM ] array (
)
[ info ] [ RUN ] app\hr\controller\Login->login[ D:\phpstudy_pro\thinkphp\application\hr\controller\Login.php ]
[ info ] [ VIEW ] D:\phpstudy_pro\thinkphp\public/../application/hr\view\login\login.html [ array (
  0 => 'title',
) ]
[ info ] [ LOG ] INIT File
---------------------------------------------------------------
[ 2021-06-30T21:54:58+08:00 ] 127.0.0.1 GET hr/hr/login/test.html
[运行时间：0.015954s] [吞吐率：62.68req/s] [内存消耗：1,290.20kb] [文件加载：33]
[ info ] [ LANG ] D:\phpstudy_pro\thinkphp\thinkphp\lang\zh-cn.php
[ info ] [ ROUTE ] array (
  'type' => 'module',
  'module' => 
  array (
    0 => 'hr',
    1 => 'login',
    2 => 'test',
  ),
)
[ info ] [ HEADER ] array (
  'accept-language' => 'zh-CN,zh;q=0.9',
  'accept-encoding' => 'gzip, deflate',
  'referer' => 'http://hr/',
  'x-requested-with' => 'XMLHttpRequest',
  'user-agent' => 'Mozilla/5.0 (Windows NT 10.0; WOW64) AppleWebKit/537.36 (KHTML, like Gecko) Chrome/86.0.4240.198 Safari/537.36',
  'accept' => '*/*',
  'connection' => 'keep-alive',
  'host' => 'hr',
  'content-length' => '',
  'content-type' => '',
)
[ info ] [ PARAM ] array (
)
[ info ] [ RUN ] app\hr\controller\Login->test[ D:\phpstudy_pro\thinkphp\application\hr\controller\Login.php ]
[ info ] [ LOG ] INIT File
---------------------------------------------------------------
[ 2021-06-30T21:54:58+08:00 ] 127.0.0.1 GET hr/hr/user/index.html
[运行时间：0.012885s] [吞吐率：77.61req/s] [内存消耗：1,267.02kb] [文件加载：33]
[ info ] [ LANG ] D:\phpstudy_pro\thinkphp\thinkphp\lang\zh-cn.php
[ info ] [ ROUTE ] array (
  'type' => 'module',
  'module' => 
  array (
    0 => 'hr',
    1 => 'user',
    2 => 'index',
  ),
)
[ info ] [ HEADER ] array (
  'accept-language' => 'zh-CN,zh;q=0.9',
  'accept-encoding' => 'gzip, deflate',
  'referer' => 'http://hr/',
  'x-requested-with' => 'XMLHttpRequest',
  'user-agent' => 'Mozilla/5.0 (Windows NT 10.0; WOW64) AppleWebKit/537.36 (KHTML, like Gecko) Chrome/86.0.4240.198 Safari/537.36',
  'accept' => '*/*',
  'connection' => 'keep-alive',
  'host' => 'hr',
  'content-length' => '',
  'content-type' => '',
)
[ info ] [ PARAM ] array (
)
[ info ] [ RUN ] app\hr\controller\User->index[ D:\phpstudy_pro\thinkphp\application\hr\controller\User.php ]
[ info ] [ VIEW ] D:\phpstudy_pro\thinkphp\public/../application/hr\view\user\index.html [ array (
) ]
[ info ] [ LOG ] INIT File
---------------------------------------------------------------
[ 2021-06-30T21:55:01+08:00 ] 127.0.0.1 GET hr/hr/login/test.html
[运行时间：0.013820s] [吞吐率：72.36req/s] [内存消耗：1,290.20kb] [文件加载：33]
[ info ] [ LANG ] D:\phpstudy_pro\thinkphp\thinkphp\lang\zh-cn.php
[ info ] [ ROUTE ] array (
  'type' => 'module',
  'module' => 
  array (
    0 => 'hr',
    1 => 'login',
    2 => 'test',
  ),
)
[ info ] [ HEADER ] array (
  'accept-language' => 'zh-CN,zh;q=0.9',
  'accept-encoding' => 'gzip, deflate',
  'referer' => 'http://hr/',
  'x-requested-with' => 'XMLHttpRequest',
  'user-agent' => 'Mozilla/5.0 (Windows NT 10.0; WOW64) AppleWebKit/537.36 (KHTML, like Gecko) Chrome/86.0.4240.198 Safari/537.36',
  'accept' => '*/*',
  'connection' => 'keep-alive',
  'host' => 'hr',
  'content-length' => '',
  'content-type' => '',
)
[ info ] [ PARAM ] array (
)
[ info ] [ RUN ] app\hr\controller\Login->test[ D:\phpstudy_pro\thinkphp\application\hr\controller\Login.php ]
[ info ] [ LOG ] INIT File
---------------------------------------------------------------
[ 2021-06-30T21:55:01+08:00 ] 127.0.0.1 GET hr/hr/user/index.html
[运行时间：0.013160s] [吞吐率：75.99req/s] [内存消耗：1,267.02kb] [文件加载：33]
[ info ] [ LANG ] D:\phpstudy_pro\thinkphp\thinkphp\lang\zh-cn.php
[ info ] [ ROUTE ] array (
  'type' => 'module',
  'module' => 
  array (
    0 => 'hr',
    1 => 'user',
    2 => 'index',
  ),
)
[ info ] [ HEADER ] array (
  'accept-language' => 'zh-CN,zh;q=0.9',
  'accept-encoding' => 'gzip, deflate',
  'referer' => 'http://hr/',
  'x-requested-with' => 'XMLHttpRequest',
  'user-agent' => 'Mozilla/5.0 (Windows NT 10.0; WOW64) AppleWebKit/537.36 (KHTML, like Gecko) Chrome/86.0.4240.198 Safari/537.36',
  'accept' => '*/*',
  'connection' => 'keep-alive',
  'host' => 'hr',
  'content-length' => '',
  'content-type' => '',
)
[ info ] [ PARAM ] array (
)
[ info ] [ RUN ] app\hr\controller\User->index[ D:\phpstudy_pro\thinkphp\application\hr\controller\User.php ]
[ info ] [ VIEW ] D:\phpstudy_pro\thinkphp\public/../application/hr\view\user\index.html [ array (
) ]
[ info ] [ LOG ] INIT File
---------------------------------------------------------------
[ 2021-06-30T21:55:22+08:00 ] 127.0.0.1 GET hr/hr/user/index.html
[运行时间：0.012898s] [吞吐率：77.53req/s] [内存消耗：1,267.66kb] [文件加载：33]
[ info ] [ LANG ] D:\phpstudy_pro\thinkphp\thinkphp\lang\zh-cn.php
[ info ] [ ROUTE ] array (
  'type' => 'module',
  'module' => 
  array (
    0 => 'hr',
    1 => 'user',
    2 => 'index',
  ),
)
[ info ] [ HEADER ] array (
  'accept-language' => 'zh-CN,zh;q=0.9',
  'accept-encoding' => 'gzip, deflate',
  'accept' => 'text/html,application/xhtml+xml,application/xml;q=0.9,image/avif,image/webp,image/apng,*/*;q=0.8,application/signed-exchange;v=b3;q=0.9',
  'user-agent' => 'Mozilla/5.0 (Windows NT 10.0; WOW64) AppleWebKit/537.36 (KHTML, like Gecko) Chrome/86.0.4240.198 Safari/537.36',
  'upgrade-insecure-requests' => '1',
  'connection' => 'keep-alive',
  'host' => 'hr',
  'content-length' => '',
  'content-type' => '',
)
[ info ] [ PARAM ] array (
)
[ info ] [ RUN ] app\hr\controller\User->index[ D:\phpstudy_pro\thinkphp\application\hr\controller\User.php ]
[ info ] [ VIEW ] D:\phpstudy_pro\thinkphp\public/../application/hr\view\user\index.html [ array (
) ]
[ info ] [ LOG ] INIT File
---------------------------------------------------------------
[ 2021-06-30T22:15:00+08:00 ] 127.0.0.1 GET hr/
[运行时间：0.023973s] [吞吐率：41.71req/s] [内存消耗：1,318.97kb] [文件加载：34]
[ info ] [ LANG ] D:\phpstudy_pro\thinkphp\thinkphp\lang\zh-cn.php
[ info ] [ ROUTE ] array (
  'type' => 'module',
  'module' => 
  array (
    0 => '',
    1 => NULL,
    2 => NULL,
  ),
)
[ info ] [ HEADER ] array (
  'accept-language' => 'zh-CN,zh;q=0.9',
  'accept-encoding' => 'gzip, deflate',
  'accept' => 'text/html,application/xhtml+xml,application/xml;q=0.9,image/avif,image/webp,image/apng,*/*;q=0.8,application/signed-exchange;v=b3;q=0.9',
  'user-agent' => 'Mozilla/5.0 (Windows NT 10.0; WOW64) AppleWebKit/537.36 (KHTML, like Gecko) Chrome/86.0.4240.198 Safari/537.36',
  'upgrade-insecure-requests' => '1',
  'cache-control' => 'max-age=0',
  'connection' => 'keep-alive',
  'host' => 'hr',
  'content-length' => '',
  'content-type' => '',
)
[ info ] [ PARAM ] array (
)
[ info ] [ RUN ] app\hr\controller\Login->login[ D:\phpstudy_pro\thinkphp\application\hr\controller\Login.php ]
[ info ] [ VIEW ] D:\phpstudy_pro\thinkphp\public/../application/hr\view\login\login.html [ array (
  0 => 'title',
) ]
[ info ] [ LOG ] INIT File
---------------------------------------------------------------
[ 2021-06-30T22:15:01+08:00 ] 127.0.0.1 GET hr/hr/login/test.html
[运行时间：0.015439s] [吞吐率：64.77req/s] [内存消耗：1,275.66kb] [文件加载：33]
[ info ] [ LANG ] D:\phpstudy_pro\thinkphp\thinkphp\lang\zh-cn.php
[ info ] [ ROUTE ] array (
  'type' => 'module',
  'module' => 
  array (
    0 => 'hr',
    1 => 'login',
    2 => 'test',
  ),
)
[ info ] [ HEADER ] array (
  'accept-language' => 'zh-CN,zh;q=0.9',
  'accept-encoding' => 'gzip, deflate',
  'referer' => 'http://hr/',
  'x-requested-with' => 'XMLHttpRequest',
  'user-agent' => 'Mozilla/5.0 (Windows NT 10.0; WOW64) AppleWebKit/537.36 (KHTML, like Gecko) Chrome/86.0.4240.198 Safari/537.36',
  'accept' => '*/*',
  'connection' => 'keep-alive',
  'host' => 'hr',
  'content-length' => '',
  'content-type' => '',
)
[ info ] [ PARAM ] array (
)
[ info ] [ RUN ] app\hr\controller\Login->test[ D:\phpstudy_pro\thinkphp\application\hr\controller\Login.php ]
[ info ] [ LOG ] INIT File
---------------------------------------------------------------
[ 2021-06-30T22:27:38+08:00 ] 127.0.0.1 GET hr/hr/login/test.html
[运行时间：0.019502s] [吞吐率：51.28req/s] [内存消耗：1,292.05kb] [文件加载：34]
[ info ] [ LANG ] D:\phpstudy_pro\thinkphp\thinkphp\lang\zh-cn.php
[ info ] [ ROUTE ] array (
  'type' => 'module',
  'module' => 
  array (
    0 => 'hr',
    1 => 'login',
    2 => 'test',
  ),
)
[ info ] [ HEADER ] array (
  'accept-language' => 'zh-CN,zh;q=0.9',
  'accept-encoding' => 'gzip, deflate',
  'referer' => 'http://hr/',
  'x-requested-with' => 'XMLHttpRequest',
  'user-agent' => 'Mozilla/5.0 (Windows NT 10.0; WOW64) AppleWebKit/537.36 (KHTML, like Gecko) Chrome/86.0.4240.198 Safari/537.36',
  'accept' => '*/*',
  'connection' => 'keep-alive',
  'host' => 'hr',
  'content-length' => '',
  'content-type' => '',
)
[ info ] [ PARAM ] array (
)
[ info ] [ RUN ] app\hr\controller\Login->test[ D:\phpstudy_pro\thinkphp\application\hr\controller\Login.php ]
[ info ] [ LOG ] INIT File
---------------------------------------------------------------
[ 2021-06-30T22:27:38+08:00 ] 127.0.0.1 GET hr/hr/user/index.html
[运行时间：0.012673s] [吞吐率：78.91req/s] [内存消耗：1,267.02kb] [文件加载：33]
[ info ] [ LANG ] D:\phpstudy_pro\thinkphp\thinkphp\lang\zh-cn.php
[ info ] [ ROUTE ] array (
  'type' => 'module',
  'module' => 
  array (
    0 => 'hr',
    1 => 'user',
    2 => 'index',
  ),
)
[ info ] [ HEADER ] array (
  'accept-language' => 'zh-CN,zh;q=0.9',
  'accept-encoding' => 'gzip, deflate',
  'referer' => 'http://hr/',
  'x-requested-with' => 'XMLHttpRequest',
  'user-agent' => 'Mozilla/5.0 (Windows NT 10.0; WOW64) AppleWebKit/537.36 (KHTML, like Gecko) Chrome/86.0.4240.198 Safari/537.36',
  'accept' => '*/*',
  'connection' => 'keep-alive',
  'host' => 'hr',
  'content-length' => '',
  'content-type' => '',
)
[ info ] [ PARAM ] array (
)
[ info ] [ RUN ] app\hr\controller\User->index[ D:\phpstudy_pro\thinkphp\application\hr\controller\User.php ]
[ info ] [ VIEW ] D:\phpstudy_pro\thinkphp\public/../application/hr\view\user\index.html [ array (
) ]
[ info ] [ LOG ] INIT File
---------------------------------------------------------------
[ 2021-06-30T22:38:21+08:00 ] 127.0.0.1 GET hr/hr/login/test.html
[运行时间：0.023223s] [吞吐率：43.06req/s] [内存消耗：1,324.81kb] [文件加载：35]
[ info ] [ LANG ] D:\phpstudy_pro\thinkphp\thinkphp\lang\zh-cn.php
[ info ] [ ROUTE ] array (
  'type' => 'module',
  'module' => 
  array (
    0 => 'hr',
    1 => 'login',
    2 => 'test',
  ),
)
[ info ] [ HEADER ] array (
  'accept-language' => 'zh-CN,zh;q=0.9',
  'accept-encoding' => 'gzip, deflate',
  'referer' => 'http://hr/',
  'x-requested-with' => 'XMLHttpRequest',
  'user-agent' => 'Mozilla/5.0 (Windows NT 10.0; WOW64) AppleWebKit/537.36 (KHTML, like Gecko) Chrome/86.0.4240.198 Safari/537.36',
  'accept' => '*/*',
  'connection' => 'keep-alive',
  'host' => 'hr',
  'content-length' => '',
  'content-type' => '',
)
[ info ] [ PARAM ] array (
)
[ info ] [ RUN ] app\hr\controller\Login->test[ D:\phpstudy_pro\thinkphp\application\hr\controller\Login.php ]
[ info ] [ LOG ] INIT File
