---------------------------------------------------------------
[ 2021-10-21T21:59:44+08:00 ] 127.0.0.1 GET layui/admin/login/loginJump?account=admin&password=123
[运行时间：0.284314s] [吞吐率：3.52req/s] [内存消耗：1,988.88kb] [文件加载：49]
[ info ] [ LANG ] E:\phpstudy_pro\WWW\thinkphp\thinkphp\lang\zh-cn.php
[ info ] [ ROUTE ] array (
  'type' => 'module',
  'module' => 
  array (
    0 => 'admin',
    1 => 'login',
    2 => 'loginJump',
  ),
)
[ info ] [ HEADER ] array (
  'connection' => 'keep-alive',
  'accept-encoding' => 'gzip, deflate, br',
  'host' => 'layui',
  'postman-token' => 'd3de3233-f447-434d-902b-16d7d4a630c7',
  'accept' => '*/*',
  'user-agent' => 'PostmanRuntime/7.26.8',
  'content-length' => '',
  'content-type' => '',
)
[ info ] [ PARAM ] array (
  'account' => 'admin',
  'password' => '123',
)
[ info ] [ RUN ] app\admin\controller\Login->loginJump[ E:\phpstudy_pro\WWW\thinkphp\application\admin\controller\Login.php ]
[ info ] [ DB ] INIT mysql
[ info ] [ LOG ] INIT File
[ sql ] [ DB ] CONNECT:[ UseTime:0.005257s ] mysql:host=127.0.0.1;port=3306;dbname=boss_xier;charset=utf8
[ error ] [10501]SQLSTATE[42S02]: Base table or view not found: 1146 Table 'boss_xier.jw_user' doesn't exist[E:\phpstudy_pro\WWW\thinkphp\thinkphp\library\think\db\Connection.php:385]
---------------------------------------------------------------
[ 2021-10-21T22:02:51+08:00 ] 127.0.0.1 GET layui/admin/login/loginJump?account=admin&password=123
[运行时间：0.048404s] [吞吐率：20.66req/s] [内存消耗：2,019.25kb] [文件加载：46]
[ info ] [ LANG ] E:\phpstudy_pro\WWW\thinkphp\thinkphp\lang\zh-cn.php
[ info ] [ ROUTE ] array (
  'type' => 'module',
  'module' => 
  array (
    0 => 'admin',
    1 => 'login',
    2 => 'loginJump',
  ),
)
[ info ] [ HEADER ] array (
  'connection' => 'keep-alive',
  'accept-encoding' => 'gzip, deflate, br',
  'host' => 'layui',
  'postman-token' => '51584899-fdfe-463e-b867-fed4644d7adb',
  'accept' => '*/*',
  'user-agent' => 'PostmanRuntime/7.26.8',
  'content-length' => '',
  'content-type' => '',
)
[ info ] [ PARAM ] array (
  'account' => 'admin',
  'password' => '123',
)
[ info ] [ RUN ] app\admin\controller\Login->loginJump[ E:\phpstudy_pro\WWW\thinkphp\application\admin\controller\Login.php ]
[ info ] [ DB ] INIT mysql
[ info ] [ VIEW ] E:\phpstudy_pro\WWW\thinkphp\thinkphp\tpl\dispatch_jump.tpl [ array (
  0 => 'code',
  1 => 'msg',
  2 => 'data',
  3 => 'url',
  4 => 'wait',
) ]
[ info ] [ LOG ] INIT File
[ sql ] [ DB ] CONNECT:[ UseTime:0.001014s ] mysql:host=127.0.0.1;port=3306;dbname=boss_xier;charset=utf8
[ sql ] [ SQL ] SHOW COLUMNS FROM `jw_user` [ RunTime:0.004024s ]
[ sql ] [ SQL ] SELECT * FROM `jw_user` LIMIT 1 [ RunTime:0.001462s ]
---------------------------------------------------------------
[ 2021-10-21T22:03:03+08:00 ] 127.0.0.1 GET layui/admin/login/loginJump?account=admin&password=xiertest
[运行时间：0.040791s] [吞吐率：24.52req/s] [内存消耗：2,019.30kb] [文件加载：46]
[ info ] [ LANG ] E:\phpstudy_pro\WWW\thinkphp\thinkphp\lang\zh-cn.php
[ info ] [ ROUTE ] array (
  'type' => 'module',
  'module' => 
  array (
    0 => 'admin',
    1 => 'login',
    2 => 'loginJump',
  ),
)
[ info ] [ HEADER ] array (
  'connection' => 'keep-alive',
  'accept-encoding' => 'gzip, deflate, br',
  'host' => 'layui',
  'postman-token' => 'e9a6af01-c34f-4d3a-adfc-fdd3aa7a1459',
  'accept' => '*/*',
  'user-agent' => 'PostmanRuntime/7.26.8',
  'content-length' => '',
  'content-type' => '',
)
[ info ] [ PARAM ] array (
  'account' => 'admin',
  'password' => 'xiertest',
)
[ info ] [ RUN ] app\admin\controller\Login->loginJump[ E:\phpstudy_pro\WWW\thinkphp\application\admin\controller\Login.php ]
[ info ] [ DB ] INIT mysql
[ info ] [ VIEW ] E:\phpstudy_pro\WWW\thinkphp\thinkphp\tpl\dispatch_jump.tpl [ array (
  0 => 'code',
  1 => 'msg',
  2 => 'data',
  3 => 'url',
  4 => 'wait',
) ]
[ info ] [ LOG ] INIT File
[ sql ] [ DB ] CONNECT:[ UseTime:0.000977s ] mysql:host=127.0.0.1;port=3306;dbname=boss_xier;charset=utf8
[ sql ] [ SQL ] SHOW COLUMNS FROM `jw_user` [ RunTime:0.003633s ]
[ sql ] [ SQL ] SELECT * FROM `jw_user` LIMIT 1 [ RunTime:0.000851s ]
---------------------------------------------------------------
[ 2021-10-21T22:03:13+08:00 ] 127.0.0.1 GET layui/admin/login/loginJump?account=admin&password=123
[运行时间：0.042785s] [吞吐率：23.37req/s] [内存消耗：2,019.25kb] [文件加载：46]
[ info ] [ LANG ] E:\phpstudy_pro\WWW\thinkphp\thinkphp\lang\zh-cn.php
[ info ] [ ROUTE ] array (
  'type' => 'module',
  'module' => 
  array (
    0 => 'admin',
    1 => 'login',
    2 => 'loginJump',
  ),
)
[ info ] [ HEADER ] array (
  'connection' => 'keep-alive',
  'accept-encoding' => 'gzip, deflate, br',
  'host' => 'layui',
  'postman-token' => '0f2f69d6-f8a4-4e6a-afd6-f390d510e67f',
  'accept' => '*/*',
  'user-agent' => 'PostmanRuntime/7.26.8',
  'content-length' => '',
  'content-type' => '',
)
[ info ] [ PARAM ] array (
  'account' => 'admin',
  'password' => '123',
)
[ info ] [ RUN ] app\admin\controller\Login->loginJump[ E:\phpstudy_pro\WWW\thinkphp\application\admin\controller\Login.php ]
[ info ] [ DB ] INIT mysql
[ info ] [ VIEW ] E:\phpstudy_pro\WWW\thinkphp\thinkphp\tpl\dispatch_jump.tpl [ array (
  0 => 'code',
  1 => 'msg',
  2 => 'data',
  3 => 'url',
  4 => 'wait',
) ]
[ info ] [ LOG ] INIT File
[ sql ] [ DB ] CONNECT:[ UseTime:0.001035s ] mysql:host=127.0.0.1;port=3306;dbname=boss_xier;charset=utf8
[ sql ] [ SQL ] SHOW COLUMNS FROM `jw_user` [ RunTime:0.003642s ]
[ sql ] [ SQL ] SELECT * FROM `jw_user` LIMIT 1 [ RunTime:0.000809s ]
