---------------------------------------------------------------
[ 2021-10-26T22:09:52+08:00 ] 127.0.0.1 GET layui.com/
[运行时间：0.158129s] [吞吐率：6.32req/s] [内存消耗：1,068.15kb] [文件加载：36]
[ info ] [ LANG ] E:\phpstudy_pro\WWW\thinkphp\thinkphp\lang\zh-cn.php
[ info ] [ ROUTE ] array (
  'type' => 'module',
  'module' => 
  array (
    0 => '',
    1 => NULL,
    2 => NULL,
  ),
)
[ info ] [ HEADER ] array (
  'cookie' => '__gads=ID=60e2a82ce9edb48a-2257573e8eca00e1:T=1627483751:RT=1627483751:S=ALNI_MYwh3m0ExB0UyX3oVm0VvotTAy9Rw; Hm_lvt_d214947968792b839fd669a4decaaffc=1630502266,1632314365,1632662712',
  'accept-language' => 'zh-CN,zh;q=0.9',
  'accept-encoding' => 'gzip, deflate',
  'accept' => 'text/html,application/xhtml+xml,application/xml;q=0.9,image/avif,image/webp,image/apng,*/*;q=0.8,application/signed-exchange;v=b3;q=0.9',
  'user-agent' => 'Mozilla/5.0 (Windows NT 10.0; WOW64) AppleWebKit/537.36 (KHTML, like Gecko) Chrome/86.0.4240.198 Safari/537.36',
  'upgrade-insecure-requests' => '1',
  'connection' => 'keep-alive',
  'host' => 'layui.com',
  'content-length' => '',
  'content-type' => '',
)
[ info ] [ PARAM ] array (
)
[ info ] [ RUN ] app\admin\controller\Login->loginIndex[ E:\phpstudy_pro\WWW\thinkphp\application\admin\controller\Login.php ]
[ info ] [ VIEW ] E:\phpstudy_pro\WWW\thinkphp\public/../application/admin\view\login\loginindex.html [ array (
) ]
[ info ] [ LOG ] INIT File
---------------------------------------------------------------
[ 2021-10-26T22:10:44+08:00 ] 127.0.0.1 GET hr/
[运行时间：0.031806s] [吞吐率：31.44req/s] [内存消耗：1,067.28kb] [文件加载：36]
[ info ] [ LANG ] E:\phpstudy_pro\WWW\thinkphp\thinkphp\lang\zh-cn.php
[ info ] [ ROUTE ] array (
  'type' => 'module',
  'module' => 
  array (
    0 => '',
    1 => NULL,
    2 => NULL,
  ),
)
[ info ] [ HEADER ] array (
  'accept-language' => 'zh-CN,zh;q=0.9',
  'accept-encoding' => 'gzip, deflate',
  'accept' => 'text/html,application/xhtml+xml,application/xml;q=0.9,image/avif,image/webp,image/apng,*/*;q=0.8,application/signed-exchange;v=b3;q=0.9',
  'user-agent' => 'Mozilla/5.0 (Windows NT 10.0; WOW64) AppleWebKit/537.36 (KHTML, like Gecko) Chrome/86.0.4240.198 Safari/537.36',
  'upgrade-insecure-requests' => '1',
  'connection' => 'keep-alive',
  'host' => 'hr',
  'content-length' => '',
  'content-type' => '',
)
[ info ] [ PARAM ] array (
)
[ info ] [ RUN ] app\admin\controller\Login->loginIndex[ E:\phpstudy_pro\WWW\thinkphp\application\admin\controller\Login.php ]
[ info ] [ VIEW ] E:\phpstudy_pro\WWW\thinkphp\public/../application/admin\view\login\loginindex.html [ array (
) ]
[ info ] [ LOG ] INIT File
---------------------------------------------------------------
[ 2021-10-26T22:10:49+08:00 ] 127.0.0.1 POST hr/admin/Login/loginJump
[运行时间：0.148628s] [吞吐率：6.73req/s] [内存消耗：1,990.86kb] [文件加载：49]
[ info ] [ LANG ] E:\phpstudy_pro\WWW\thinkphp\thinkphp\lang\zh-cn.php
[ info ] [ ROUTE ] array (
  'type' => 'module',
  'module' => 
  array (
    0 => 'admin',
    1 => 'Login',
    2 => 'loginJump',
  ),
)
[ info ] [ HEADER ] array (
  'accept-language' => 'zh-CN,zh;q=0.9',
  'accept-encoding' => 'gzip, deflate',
  'referer' => 'http://hr/',
  'accept' => 'text/html,application/xhtml+xml,application/xml;q=0.9,image/avif,image/webp,image/apng,*/*;q=0.8,application/signed-exchange;v=b3;q=0.9',
  'user-agent' => 'Mozilla/5.0 (Windows NT 10.0; WOW64) AppleWebKit/537.36 (KHTML, like Gecko) Chrome/86.0.4240.198 Safari/537.36',
  'content-type' => 'application/x-www-form-urlencoded',
  'origin' => 'http://hr',
  'upgrade-insecure-requests' => '1',
  'cache-control' => 'max-age=0',
  'content-length' => '39',
  'connection' => 'keep-alive',
  'host' => 'hr',
)
[ info ] [ PARAM ] array (
  'method' => 'login',
  'account' => 'admin',
  'password' => '123',
)
[ info ] [ RUN ] app\admin\controller\Login->loginJump[ E:\phpstudy_pro\WWW\thinkphp\application\admin\controller\Login.php ]
[ info ] [ DB ] INIT mysql
[ info ] [ LOG ] INIT File
[ sql ] [ DB ] CONNECT:[ UseTime:0.005065s ] mysql:host=127.0.0.1;port=3306;dbname=jc_website;charset=utf8
[ error ] [10501]SQLSTATE[42S02]: Base table or view not found: 1146 Table 'jc_website.jw_user' doesn't exist[E:\phpstudy_pro\WWW\thinkphp\thinkphp\library\think\db\Connection.php:385]
---------------------------------------------------------------
[ 2021-10-26T22:13:39+08:00 ] 127.0.0.1 GET hr:8080/
[运行时间：0.029869s] [吞吐率：33.48req/s] [内存消耗：1,067.24kb] [文件加载：36]
[ info ] [ LANG ] E:\phpstudy_pro\WWW\thinkphp\thinkphp\lang\zh-cn.php
[ info ] [ ROUTE ] array (
  'type' => 'module',
  'module' => 
  array (
    0 => '',
    1 => NULL,
    2 => NULL,
  ),
)
[ info ] [ HEADER ] array (
  'accept-language' => 'zh-CN,zh;q=0.9',
  'accept-encoding' => 'gzip, deflate',
  'accept' => 'text/html,application/xhtml+xml,application/xml;q=0.9,image/avif,image/webp,image/apng,*/*;q=0.8,application/signed-exchange;v=b3;q=0.9',
  'user-agent' => 'Mozilla/5.0 (Windows NT 10.0; WOW64) AppleWebKit/537.36 (KHTML, like Gecko) Chrome/86.0.4240.198 Safari/537.36',
  'upgrade-insecure-requests' => '1',
  'connection' => 'keep-alive',
  'host' => 'hr:8080',
  'content-length' => '',
  'content-type' => '',
)
[ info ] [ PARAM ] array (
)
[ info ] [ RUN ] app\admin\controller\Login->loginIndex[ E:\phpstudy_pro\WWW\thinkphp\application\admin\controller\Login.php ]
[ info ] [ VIEW ] E:\phpstudy_pro\WWW\thinkphp\public/../application/admin\view\login\loginindex.html [ array (
) ]
[ info ] [ LOG ] INIT File
