---------------------------------------------------------------
[ 2021-10-28T00:10:46+08:00 ] 192.168.0.103 GET 192.168.0.103:8001/
[运行时间：0.045907s] [吞吐率：21.78req/s] [内存消耗：1,067.80kb] [文件加载：36]
[ info ] [ LANG ] E:\phpstudy_pro\WWW\thinkphp\thinkphp\lang\zh-cn.php
[ info ] [ ROUTE ] array (
  'type' => 'module',
  'module' => 
  array (
    0 => '',
    1 => NULL,
    2 => NULL,
  ),
)
[ info ] [ HEADER ] array (
  'accept-language' => 'zh-CN,zh;q=0.9',
  'accept-encoding' => 'gzip, deflate',
  'accept' => 'text/html,application/xhtml+xml,application/xml;q=0.9,image/avif,image/webp,image/apng,*/*;q=0.8,application/signed-exchange;v=b3;q=0.9',
  'user-agent' => 'Mozilla/5.0 (Windows NT 10.0; WOW64) AppleWebKit/537.36 (KHTML, like Gecko) Chrome/86.0.4240.198 Safari/537.36',
  'upgrade-insecure-requests' => '1',
  'cache-control' => 'no-cache',
  'pragma' => 'no-cache',
  'connection' => 'keep-alive',
  'host' => '192.168.0.103:8001',
  'content-length' => '',
  'content-type' => '',
)
[ info ] [ PARAM ] array (
)
[ info ] [ RUN ] app\admin\controller\Login->loginIndex[ E:\phpstudy_pro\WWW\thinkphp\application\admin\controller\Login.php ]
[ info ] [ VIEW ] E:\phpstudy_pro\WWW\thinkphp\public/../application/admin\view\login\loginindex.html [ array (
) ]
[ info ] [ LOG ] INIT File
---------------------------------------------------------------
[ 2021-10-28T00:11:30+08:00 ] 192.168.0.103 POST 192.168.0.103:8001/crm/Test/getAccessToken
[运行时间：0.023180s] [吞吐率：43.14req/s] [内存消耗：1,074.22kb] [文件加载：36]
[ info ] [ LANG ] E:\phpstudy_pro\WWW\thinkphp\thinkphp\lang\zh-cn.php
[ info ] [ ROUTE ] array (
  'type' => 'module',
  'module' => 
  array (
    0 => 'crm',
    1 => 'Test',
    2 => 'getAccessToken',
  ),
)
[ info ] [ HEADER ] array (
  'content-length' => '0',
  'connection' => 'keep-alive',
  'accept-encoding' => 'gzip, deflate, br',
  'host' => '192.168.0.103:8001',
  'postman-token' => 'b80e8775-6694-4385-b2e3-a50bcd27cdcf',
  'accept' => '*/*',
  'user-agent' => 'PostmanRuntime/7.26.8',
  'content-type' => '',
)
[ info ] [ PARAM ] array (
)
[ info ] [ LOG ] INIT File
[ error ] [0]方法参数错误:code[E:\phpstudy_pro\WWW\thinkphp\thinkphp\library\think\App.php:431]
---------------------------------------------------------------
[ 2021-10-28T00:11:46+08:00 ] 192.168.0.103 POST 192.168.0.103:8001/crm/Test/getAccessToken
[运行时间：0.021397s] [吞吐率：46.74req/s] [内存消耗：1,053.10kb] [文件加载：34]
[ info ] [ LANG ] E:\phpstudy_pro\WWW\thinkphp\thinkphp\lang\zh-cn.php
[ info ] [ ROUTE ] array (
  'type' => 'module',
  'module' => 
  array (
    0 => 'crm',
    1 => 'Test',
    2 => 'getAccessToken',
  ),
)
[ info ] [ HEADER ] array (
  'content-length' => '0',
  'connection' => 'keep-alive',
  'accept-encoding' => 'gzip, deflate, br',
  'host' => '192.168.0.103:8001',
  'postman-token' => '0827bc48-7b1e-4557-a49e-1946adc55dff',
  'accept' => '*/*',
  'user-agent' => 'PostmanRuntime/7.26.8',
  'content-type' => '',
)
[ info ] [ PARAM ] array (
)
[ info ] [ RUN ] app\crm\controller\Test->getAccessToken[ E:\phpstudy_pro\WWW\thinkphp\application\crm\controller\Test.php ]
[ info ] [ LOG ] INIT File
---------------------------------------------------------------
[ 2021-10-28T00:12:01+08:00 ] 192.168.0.103 GET 192.168.0.103:8001/
[运行时间：0.042909s] [吞吐率：23.31req/s] [内存消耗：1,067.80kb] [文件加载：36]
[ info ] [ LANG ] E:\phpstudy_pro\WWW\thinkphp\thinkphp\lang\zh-cn.php
[ info ] [ ROUTE ] array (
  'type' => 'module',
  'module' => 
  array (
    0 => '',
    1 => NULL,
    2 => NULL,
  ),
)
[ info ] [ HEADER ] array (
  'accept-language' => 'zh-CN,zh;q=0.9',
  'accept-encoding' => 'gzip, deflate',
  'accept' => 'text/html,application/xhtml+xml,application/xml;q=0.9,image/avif,image/webp,image/apng,*/*;q=0.8,application/signed-exchange;v=b3;q=0.9',
  'user-agent' => 'Mozilla/5.0 (Windows NT 10.0; WOW64) AppleWebKit/537.36 (KHTML, like Gecko) Chrome/86.0.4240.198 Safari/537.36',
  'upgrade-insecure-requests' => '1',
  'cache-control' => 'no-cache',
  'pragma' => 'no-cache',
  'connection' => 'keep-alive',
  'host' => '192.168.0.103:8001',
  'content-length' => '',
  'content-type' => '',
)
[ info ] [ PARAM ] array (
)
[ info ] [ RUN ] app\admin\controller\Login->loginIndex[ E:\phpstudy_pro\WWW\thinkphp\application\admin\controller\Login.php ]
[ info ] [ VIEW ] E:\phpstudy_pro\WWW\thinkphp\public/../application/admin\view\login\loginindex.html [ array (
) ]
[ info ] [ LOG ] INIT File
---------------------------------------------------------------
[ 2021-10-28T00:12:03+08:00 ] 192.168.0.103 GET 192.168.0.103:8001/crm/test/wbLogin
[运行时间：0.022250s] [吞吐率：44.94req/s] [内存消耗：1,054.34kb] [文件加载：34]
[ info ] [ LANG ] E:\phpstudy_pro\WWW\thinkphp\thinkphp\lang\zh-cn.php
[ info ] [ ROUTE ] array (
  'type' => 'module',
  'module' => 
  array (
    0 => 'crm',
    1 => 'test',
    2 => 'wbLogin',
  ),
)
[ info ] [ HEADER ] array (
  'accept-language' => 'zh-CN,zh;q=0.9',
  'accept-encoding' => 'gzip, deflate',
  'referer' => 'http://192.168.0.103:8001/',
  'accept' => 'text/html,application/xhtml+xml,application/xml;q=0.9,image/avif,image/webp,image/apng,*/*;q=0.8,application/signed-exchange;v=b3;q=0.9',
  'user-agent' => 'Mozilla/5.0 (Windows NT 10.0; WOW64) AppleWebKit/537.36 (KHTML, like Gecko) Chrome/86.0.4240.198 Safari/537.36',
  'upgrade-insecure-requests' => '1',
  'connection' => 'keep-alive',
  'host' => '192.168.0.103:8001',
  'content-length' => '',
  'content-type' => '',
)
[ info ] [ PARAM ] array (
)
[ info ] [ RUN ] app\crm\controller\Test->wbLogin[ E:\phpstudy_pro\WWW\thinkphp\application\crm\controller\Test.php ]
[ info ] [ LOG ] INIT File
---------------------------------------------------------------
[ 2021-10-28T00:12:03+08:00 ] 192.168.0.103 GET 192.168.0.103:8001/crm/Test/test?code=0d8f5f28841fa5d60e1002d6d79294b4
[运行时间：0.038919s] [吞吐率：25.69req/s] [内存消耗：1,054.44kb] [文件加载：34]
[ info ] [ LANG ] E:\phpstudy_pro\WWW\thinkphp\thinkphp\lang\zh-cn.php
[ info ] [ ROUTE ] array (
  'type' => 'module',
  'module' => 
  array (
    0 => 'crm',
    1 => 'Test',
    2 => 'test',
  ),
)
[ info ] [ HEADER ] array (
  'accept-language' => 'zh-CN,zh;q=0.9',
  'accept-encoding' => 'gzip, deflate',
  'referer' => 'http://192.168.0.103:8001/',
  'accept' => 'text/html,application/xhtml+xml,application/xml;q=0.9,image/avif,image/webp,image/apng,*/*;q=0.8,application/signed-exchange;v=b3;q=0.9',
  'user-agent' => 'Mozilla/5.0 (Windows NT 10.0; WOW64) AppleWebKit/537.36 (KHTML, like Gecko) Chrome/86.0.4240.198 Safari/537.36',
  'upgrade-insecure-requests' => '1',
  'connection' => 'keep-alive',
  'host' => '192.168.0.103:8001',
  'content-length' => '',
  'content-type' => '',
)
[ info ] [ PARAM ] array (
  'code' => '0d8f5f28841fa5d60e1002d6d79294b4',
)
[ info ] [ RUN ] app\crm\controller\Test->test[ E:\phpstudy_pro\WWW\thinkphp\application\crm\controller\Test.php ]
[ info ] [ LOG ] INIT File
---------------------------------------------------------------
[ 2021-10-28T00:12:46+08:00 ] 192.168.0.103 GET 192.168.0.103:8001/crm/test/wbLogin
[运行时间：0.021909s] [吞吐率：45.64req/s] [内存消耗：1,054.34kb] [文件加载：34]
[ info ] [ LANG ] E:\phpstudy_pro\WWW\thinkphp\thinkphp\lang\zh-cn.php
[ info ] [ ROUTE ] array (
  'type' => 'module',
  'module' => 
  array (
    0 => 'crm',
    1 => 'test',
    2 => 'wbLogin',
  ),
)
[ info ] [ HEADER ] array (
  'accept-language' => 'zh-CN,zh;q=0.9',
  'accept-encoding' => 'gzip, deflate',
  'referer' => 'http://192.168.0.103:8001/',
  'accept' => 'text/html,application/xhtml+xml,application/xml;q=0.9,image/avif,image/webp,image/apng,*/*;q=0.8,application/signed-exchange;v=b3;q=0.9',
  'user-agent' => 'Mozilla/5.0 (Windows NT 10.0; WOW64) AppleWebKit/537.36 (KHTML, like Gecko) Chrome/86.0.4240.198 Safari/537.36',
  'upgrade-insecure-requests' => '1',
  'connection' => 'keep-alive',
  'host' => '192.168.0.103:8001',
  'content-length' => '',
  'content-type' => '',
)
[ info ] [ PARAM ] array (
)
[ info ] [ RUN ] app\crm\controller\Test->wbLogin[ E:\phpstudy_pro\WWW\thinkphp\application\crm\controller\Test.php ]
[ info ] [ LOG ] INIT File
---------------------------------------------------------------
[ 2021-10-28T00:12:46+08:00 ] 192.168.0.103 GET 192.168.0.103:8001/crm/Test/test?code=2b8bb1f16a4904160c4afa1631b1dfb4
[运行时间：0.042368s] [吞吐率：23.60req/s] [内存消耗：1,054.44kb] [文件加载：34]
[ info ] [ LANG ] E:\phpstudy_pro\WWW\thinkphp\thinkphp\lang\zh-cn.php
[ info ] [ ROUTE ] array (
  'type' => 'module',
  'module' => 
  array (
    0 => 'crm',
    1 => 'Test',
    2 => 'test',
  ),
)
[ info ] [ HEADER ] array (
  'accept-language' => 'zh-CN,zh;q=0.9',
  'accept-encoding' => 'gzip, deflate',
  'referer' => 'http://192.168.0.103:8001/',
  'accept' => 'text/html,application/xhtml+xml,application/xml;q=0.9,image/avif,image/webp,image/apng,*/*;q=0.8,application/signed-exchange;v=b3;q=0.9',
  'user-agent' => 'Mozilla/5.0 (Windows NT 10.0; WOW64) AppleWebKit/537.36 (KHTML, like Gecko) Chrome/86.0.4240.198 Safari/537.36',
  'upgrade-insecure-requests' => '1',
  'connection' => 'keep-alive',
  'host' => '192.168.0.103:8001',
  'content-length' => '',
  'content-type' => '',
)
[ info ] [ PARAM ] array (
  'code' => '2b8bb1f16a4904160c4afa1631b1dfb4',
)
[ info ] [ RUN ] app\crm\controller\Test->test[ E:\phpstudy_pro\WWW\thinkphp\application\crm\controller\Test.php ]
[ info ] [ LOG ] INIT File
---------------------------------------------------------------
[ 2021-10-28T00:30:23+08:00 ] 192.168.0.103 GET 192.168.0.103:8001/
[运行时间：0.043079s] [吞吐率：23.21req/s] [内存消耗：1,067.80kb] [文件加载：36]
[ info ] [ LANG ] E:\phpstudy_pro\WWW\thinkphp\thinkphp\lang\zh-cn.php
[ info ] [ ROUTE ] array (
  'type' => 'module',
  'module' => 
  array (
    0 => '',
    1 => NULL,
    2 => NULL,
  ),
)
[ info ] [ HEADER ] array (
  'accept-language' => 'zh-CN,zh;q=0.9',
  'accept-encoding' => 'gzip, deflate',
  'accept' => 'text/html,application/xhtml+xml,application/xml;q=0.9,image/avif,image/webp,image/apng,*/*;q=0.8,application/signed-exchange;v=b3;q=0.9',
  'user-agent' => 'Mozilla/5.0 (Windows NT 10.0; WOW64) AppleWebKit/537.36 (KHTML, like Gecko) Chrome/86.0.4240.198 Safari/537.36',
  'upgrade-insecure-requests' => '1',
  'cache-control' => 'no-cache',
  'pragma' => 'no-cache',
  'connection' => 'keep-alive',
  'host' => '192.168.0.103:8001',
  'content-length' => '',
  'content-type' => '',
)
[ info ] [ PARAM ] array (
)
[ info ] [ RUN ] app\admin\controller\Login->loginIndex[ E:\phpstudy_pro\WWW\thinkphp\application\admin\controller\Login.php ]
[ info ] [ VIEW ] E:\phpstudy_pro\WWW\thinkphp\public/../application/admin\view\login\loginindex.html [ array (
) ]
[ info ] [ LOG ] INIT File
---------------------------------------------------------------
[ 2021-10-28T00:30:25+08:00 ] 192.168.0.103 GET 192.168.0.103:8001/crm/test/wbLogin
[运行时间：0.022124s] [吞吐率：45.20req/s] [内存消耗：1,055.41kb] [文件加载：34]
[ info ] [ LANG ] E:\phpstudy_pro\WWW\thinkphp\thinkphp\lang\zh-cn.php
[ info ] [ ROUTE ] array (
  'type' => 'module',
  'module' => 
  array (
    0 => 'crm',
    1 => 'test',
    2 => 'wbLogin',
  ),
)
[ info ] [ HEADER ] array (
  'accept-language' => 'zh-CN,zh;q=0.9',
  'accept-encoding' => 'gzip, deflate',
  'referer' => 'http://192.168.0.103:8001/',
  'accept' => 'text/html,application/xhtml+xml,application/xml;q=0.9,image/avif,image/webp,image/apng,*/*;q=0.8,application/signed-exchange;v=b3;q=0.9',
  'user-agent' => 'Mozilla/5.0 (Windows NT 10.0; WOW64) AppleWebKit/537.36 (KHTML, like Gecko) Chrome/86.0.4240.198 Safari/537.36',
  'upgrade-insecure-requests' => '1',
  'connection' => 'keep-alive',
  'host' => '192.168.0.103:8001',
  'content-length' => '',
  'content-type' => '',
)
[ info ] [ PARAM ] array (
)
[ info ] [ RUN ] app\crm\controller\Test->wbLogin[ E:\phpstudy_pro\WWW\thinkphp\application\crm\controller\Test.php ]
[ info ] [ LOG ] INIT File
---------------------------------------------------------------
[ 2021-10-28T00:30:25+08:00 ] 192.168.0.103 GET 192.168.0.103:8001/crm/Test/test?code=ec87248b128d70752d340ffea5e416ce
[运行时间：0.042704s] [吞吐率：23.42req/s] [内存消耗：1,077.42kb] [文件加载：36]
[ info ] [ LANG ] E:\phpstudy_pro\WWW\thinkphp\thinkphp\lang\zh-cn.php
[ info ] [ ROUTE ] array (
  'type' => 'module',
  'module' => 
  array (
    0 => 'crm',
    1 => 'Test',
    2 => 'test',
  ),
)
[ info ] [ HEADER ] array (
  'accept-language' => 'zh-CN,zh;q=0.9',
  'accept-encoding' => 'gzip, deflate',
  'referer' => 'http://192.168.0.103:8001/',
  'accept' => 'text/html,application/xhtml+xml,application/xml;q=0.9,image/avif,image/webp,image/apng,*/*;q=0.8,application/signed-exchange;v=b3;q=0.9',
  'user-agent' => 'Mozilla/5.0 (Windows NT 10.0; WOW64) AppleWebKit/537.36 (KHTML, like Gecko) Chrome/86.0.4240.198 Safari/537.36',
  'upgrade-insecure-requests' => '1',
  'connection' => 'keep-alive',
  'host' => '192.168.0.103:8001',
  'content-length' => '',
  'content-type' => '',
)
[ info ] [ PARAM ] array (
  'code' => 'ec87248b128d70752d340ffea5e416ce',
)
[ info ] [ RUN ] app\crm\controller\Test->test[ E:\phpstudy_pro\WWW\thinkphp\application\crm\controller\Test.php ]
[ info ] [ LOG ] INIT File
[ error ] [0]variable type error： boolean[E:\phpstudy_pro\WWW\thinkphp\thinkphp\library\think\Response.php:316]
---------------------------------------------------------------
[ 2021-10-28T00:30:29+08:00 ] 192.168.0.103 GET 192.168.0.103:8001/
[运行时间：0.049630s] [吞吐率：20.15req/s] [内存消耗：1,067.80kb] [文件加载：36]
[ info ] [ LANG ] E:\phpstudy_pro\WWW\thinkphp\thinkphp\lang\zh-cn.php
[ info ] [ ROUTE ] array (
  'type' => 'module',
  'module' => 
  array (
    0 => '',
    1 => NULL,
    2 => NULL,
  ),
)
[ info ] [ HEADER ] array (
  'accept-language' => 'zh-CN,zh;q=0.9',
  'accept-encoding' => 'gzip, deflate',
  'accept' => 'text/html,application/xhtml+xml,application/xml;q=0.9,image/avif,image/webp,image/apng,*/*;q=0.8,application/signed-exchange;v=b3;q=0.9',
  'user-agent' => 'Mozilla/5.0 (Windows NT 10.0; WOW64) AppleWebKit/537.36 (KHTML, like Gecko) Chrome/86.0.4240.198 Safari/537.36',
  'upgrade-insecure-requests' => '1',
  'cache-control' => 'no-cache',
  'pragma' => 'no-cache',
  'connection' => 'keep-alive',
  'host' => '192.168.0.103:8001',
  'content-length' => '',
  'content-type' => '',
)
[ info ] [ PARAM ] array (
)
[ info ] [ RUN ] app\admin\controller\Login->loginIndex[ E:\phpstudy_pro\WWW\thinkphp\application\admin\controller\Login.php ]
[ info ] [ VIEW ] E:\phpstudy_pro\WWW\thinkphp\public/../application/admin\view\login\loginindex.html [ array (
) ]
[ info ] [ LOG ] INIT File
---------------------------------------------------------------
[ 2021-10-28T00:30:47+08:00 ] 192.168.0.103 GET 192.168.0.103:8001/crm/test/wbLogin
[运行时间：0.022999s] [吞吐率：43.48req/s] [内存消耗：1,055.26kb] [文件加载：34]
[ info ] [ LANG ] E:\phpstudy_pro\WWW\thinkphp\thinkphp\lang\zh-cn.php
[ info ] [ ROUTE ] array (
  'type' => 'module',
  'module' => 
  array (
    0 => 'crm',
    1 => 'test',
    2 => 'wbLogin',
  ),
)
[ info ] [ HEADER ] array (
  'accept-language' => 'zh-CN,zh;q=0.9',
  'accept-encoding' => 'gzip, deflate',
  'referer' => 'http://192.168.0.103:8001/',
  'accept' => 'text/html,application/xhtml+xml,application/xml;q=0.9,image/avif,image/webp,image/apng,*/*;q=0.8,application/signed-exchange;v=b3;q=0.9',
  'user-agent' => 'Mozilla/5.0 (Windows NT 10.0; WOW64) AppleWebKit/537.36 (KHTML, like Gecko) Chrome/86.0.4240.198 Safari/537.36',
  'upgrade-insecure-requests' => '1',
  'connection' => 'keep-alive',
  'host' => '192.168.0.103:8001',
  'content-length' => '',
  'content-type' => '',
)
[ info ] [ PARAM ] array (
)
[ info ] [ RUN ] app\crm\controller\Test->wbLogin[ E:\phpstudy_pro\WWW\thinkphp\application\crm\controller\Test.php ]
[ info ] [ LOG ] INIT File
---------------------------------------------------------------
[ 2021-10-28T00:30:48+08:00 ] 192.168.0.103 GET 192.168.0.103:8001/crm/Test/test?code=8eb38893a73ce1bb42dd9474aca8bc7f
[运行时间：0.048633s] [吞吐率：20.56req/s] [内存消耗：1,055.43kb] [文件加载：34]
[ info ] [ LANG ] E:\phpstudy_pro\WWW\thinkphp\thinkphp\lang\zh-cn.php
[ info ] [ ROUTE ] array (
  'type' => 'module',
  'module' => 
  array (
    0 => 'crm',
    1 => 'Test',
    2 => 'test',
  ),
)
[ info ] [ HEADER ] array (
  'accept-language' => 'zh-CN,zh;q=0.9',
  'accept-encoding' => 'gzip, deflate',
  'referer' => 'http://192.168.0.103:8001/',
  'accept' => 'text/html,application/xhtml+xml,application/xml;q=0.9,image/avif,image/webp,image/apng,*/*;q=0.8,application/signed-exchange;v=b3;q=0.9',
  'user-agent' => 'Mozilla/5.0 (Windows NT 10.0; WOW64) AppleWebKit/537.36 (KHTML, like Gecko) Chrome/86.0.4240.198 Safari/537.36',
  'upgrade-insecure-requests' => '1',
  'connection' => 'keep-alive',
  'host' => '192.168.0.103:8001',
  'content-length' => '',
  'content-type' => '',
)
[ info ] [ PARAM ] array (
  'code' => '8eb38893a73ce1bb42dd9474aca8bc7f',
)
[ info ] [ RUN ] app\crm\controller\Test->test[ E:\phpstudy_pro\WWW\thinkphp\application\crm\controller\Test.php ]
[ info ] [ LOG ] INIT File
---------------------------------------------------------------
[ 2021-10-28T00:32:01+08:00 ] 192.168.0.103 GET 192.168.0.103:8001/
[运行时间：0.039830s] [吞吐率：25.11req/s] [内存消耗：1,067.80kb] [文件加载：36]
[ info ] [ LANG ] E:\phpstudy_pro\WWW\thinkphp\thinkphp\lang\zh-cn.php
[ info ] [ ROUTE ] array (
  'type' => 'module',
  'module' => 
  array (
    0 => '',
    1 => NULL,
    2 => NULL,
  ),
)
[ info ] [ HEADER ] array (
  'accept-language' => 'zh-CN,zh;q=0.9',
  'accept-encoding' => 'gzip, deflate',
  'accept' => 'text/html,application/xhtml+xml,application/xml;q=0.9,image/avif,image/webp,image/apng,*/*;q=0.8,application/signed-exchange;v=b3;q=0.9',
  'user-agent' => 'Mozilla/5.0 (Windows NT 10.0; WOW64) AppleWebKit/537.36 (KHTML, like Gecko) Chrome/86.0.4240.198 Safari/537.36',
  'upgrade-insecure-requests' => '1',
  'cache-control' => 'no-cache',
  'pragma' => 'no-cache',
  'connection' => 'keep-alive',
  'host' => '192.168.0.103:8001',
  'content-length' => '',
  'content-type' => '',
)
[ info ] [ PARAM ] array (
)
[ info ] [ RUN ] app\admin\controller\Login->loginIndex[ E:\phpstudy_pro\WWW\thinkphp\application\admin\controller\Login.php ]
[ info ] [ VIEW ] E:\phpstudy_pro\WWW\thinkphp\public/../application/admin\view\login\loginindex.html [ array (
) ]
[ info ] [ LOG ] INIT File
---------------------------------------------------------------
[ 2021-10-28T00:32:03+08:00 ] 192.168.0.103 GET 192.168.0.103:8001/crm/test/wbLogin
[运行时间：0.021969s] [吞吐率：45.52req/s] [内存消耗：1,055.05kb] [文件加载：34]
[ info ] [ LANG ] E:\phpstudy_pro\WWW\thinkphp\thinkphp\lang\zh-cn.php
[ info ] [ ROUTE ] array (
  'type' => 'module',
  'module' => 
  array (
    0 => 'crm',
    1 => 'test',
    2 => 'wbLogin',
  ),
)
[ info ] [ HEADER ] array (
  'accept-language' => 'zh-CN,zh;q=0.9',
  'accept-encoding' => 'gzip, deflate',
  'referer' => 'http://192.168.0.103:8001/',
  'accept' => 'text/html,application/xhtml+xml,application/xml;q=0.9,image/avif,image/webp,image/apng,*/*;q=0.8,application/signed-exchange;v=b3;q=0.9',
  'user-agent' => 'Mozilla/5.0 (Windows NT 10.0; WOW64) AppleWebKit/537.36 (KHTML, like Gecko) Chrome/86.0.4240.198 Safari/537.36',
  'upgrade-insecure-requests' => '1',
  'connection' => 'keep-alive',
  'host' => '192.168.0.103:8001',
  'content-length' => '',
  'content-type' => '',
)
[ info ] [ PARAM ] array (
)
[ info ] [ RUN ] app\crm\controller\Test->wbLogin[ E:\phpstudy_pro\WWW\thinkphp\application\crm\controller\Test.php ]
[ info ] [ LOG ] INIT File
---------------------------------------------------------------
[ 2021-10-28T00:32:03+08:00 ] 192.168.0.103 GET 192.168.0.103:8001/crm/Test/test?code=2e47c41f8214908b75f92ae43b7c2e5d
[运行时间：0.038900s] [吞吐率：25.71req/s] [内存消耗：1,055.18kb] [文件加载：34]
[ info ] [ LANG ] E:\phpstudy_pro\WWW\thinkphp\thinkphp\lang\zh-cn.php
[ info ] [ ROUTE ] array (
  'type' => 'module',
  'module' => 
  array (
    0 => 'crm',
    1 => 'Test',
    2 => 'test',
  ),
)
[ info ] [ HEADER ] array (
  'accept-language' => 'zh-CN,zh;q=0.9',
  'accept-encoding' => 'gzip, deflate',
  'referer' => 'http://192.168.0.103:8001/',
  'accept' => 'text/html,application/xhtml+xml,application/xml;q=0.9,image/avif,image/webp,image/apng,*/*;q=0.8,application/signed-exchange;v=b3;q=0.9',
  'user-agent' => 'Mozilla/5.0 (Windows NT 10.0; WOW64) AppleWebKit/537.36 (KHTML, like Gecko) Chrome/86.0.4240.198 Safari/537.36',
  'upgrade-insecure-requests' => '1',
  'connection' => 'keep-alive',
  'host' => '192.168.0.103:8001',
  'content-length' => '',
  'content-type' => '',
)
[ info ] [ PARAM ] array (
  'code' => '2e47c41f8214908b75f92ae43b7c2e5d',
)
[ info ] [ RUN ] app\crm\controller\Test->test[ E:\phpstudy_pro\WWW\thinkphp\application\crm\controller\Test.php ]
[ info ] [ LOG ] INIT File
---------------------------------------------------------------
[ 2021-10-28T00:32:49+08:00 ] 192.168.0.103 POST 192.168.0.103:8001/crm/Test/test
[运行时间：0.028244s] [吞吐率：35.41req/s] [内存消耗：1,087.47kb] [文件加载：38]
[ info ] [ LANG ] E:\phpstudy_pro\WWW\thinkphp\thinkphp\lang\zh-cn.php
[ info ] [ ROUTE ] array (
  'type' => 'module',
  'module' => 
  array (
    0 => 'crm',
    1 => 'Test',
    2 => 'test',
  ),
)
[ info ] [ HEADER ] array (
  'content-length' => '0',
  'connection' => 'keep-alive',
  'accept-encoding' => 'gzip, deflate, br',
  'host' => '192.168.0.103:8001',
  'postman-token' => 'b3a8a843-abe5-4add-917a-6ba3d0d6d6ae',
  'accept' => '*/*',
  'user-agent' => 'PostmanRuntime/7.26.8',
  'content-type' => '',
)
[ info ] [ PARAM ] array (
)
[ info ] [ RUN ] app\crm\controller\Test->test[ E:\phpstudy_pro\WWW\thinkphp\application\crm\controller\Test.php ]
[ info ] [ LOG ] INIT File
[ error ] [8]未定义数组索引: code[E:\phpstudy_pro\WWW\thinkphp\application\crm\controller\Test.php:31]
---------------------------------------------------------------
[ 2021-10-28T00:33:44+08:00 ] 192.168.0.103 GET 192.168.0.103:8001/
[运行时间：0.039500s] [吞吐率：25.32req/s] [内存消耗：1,067.80kb] [文件加载：36]
[ info ] [ LANG ] E:\phpstudy_pro\WWW\thinkphp\thinkphp\lang\zh-cn.php
[ info ] [ ROUTE ] array (
  'type' => 'module',
  'module' => 
  array (
    0 => '',
    1 => NULL,
    2 => NULL,
  ),
)
[ info ] [ HEADER ] array (
  'accept-language' => 'zh-CN,zh;q=0.9',
  'accept-encoding' => 'gzip, deflate',
  'accept' => 'text/html,application/xhtml+xml,application/xml;q=0.9,image/avif,image/webp,image/apng,*/*;q=0.8,application/signed-exchange;v=b3;q=0.9',
  'user-agent' => 'Mozilla/5.0 (Windows NT 10.0; WOW64) AppleWebKit/537.36 (KHTML, like Gecko) Chrome/86.0.4240.198 Safari/537.36',
  'upgrade-insecure-requests' => '1',
  'cache-control' => 'no-cache',
  'pragma' => 'no-cache',
  'connection' => 'keep-alive',
  'host' => '192.168.0.103:8001',
  'content-length' => '',
  'content-type' => '',
)
[ info ] [ PARAM ] array (
)
[ info ] [ RUN ] app\admin\controller\Login->loginIndex[ E:\phpstudy_pro\WWW\thinkphp\application\admin\controller\Login.php ]
[ info ] [ VIEW ] E:\phpstudy_pro\WWW\thinkphp\public/../application/admin\view\login\loginindex.html [ array (
) ]
[ info ] [ LOG ] INIT File
---------------------------------------------------------------
[ 2021-10-28T00:33:46+08:00 ] 192.168.0.103 GET 192.168.0.103:8001/crm/test/wbLogin
[运行时间：0.022306s] [吞吐率：44.83req/s] [内存消耗：1,055.05kb] [文件加载：34]
[ info ] [ LANG ] E:\phpstudy_pro\WWW\thinkphp\thinkphp\lang\zh-cn.php
[ info ] [ ROUTE ] array (
  'type' => 'module',
  'module' => 
  array (
    0 => 'crm',
    1 => 'test',
    2 => 'wbLogin',
  ),
)
[ info ] [ HEADER ] array (
  'accept-language' => 'zh-CN,zh;q=0.9',
  'accept-encoding' => 'gzip, deflate',
  'referer' => 'http://192.168.0.103:8001/',
  'accept' => 'text/html,application/xhtml+xml,application/xml;q=0.9,image/avif,image/webp,image/apng,*/*;q=0.8,application/signed-exchange;v=b3;q=0.9',
  'user-agent' => 'Mozilla/5.0 (Windows NT 10.0; WOW64) AppleWebKit/537.36 (KHTML, like Gecko) Chrome/86.0.4240.198 Safari/537.36',
  'upgrade-insecure-requests' => '1',
  'connection' => 'keep-alive',
  'host' => '192.168.0.103:8001',
  'content-length' => '',
  'content-type' => '',
)
[ info ] [ PARAM ] array (
)
[ info ] [ RUN ] app\crm\controller\Test->wbLogin[ E:\phpstudy_pro\WWW\thinkphp\application\crm\controller\Test.php ]
[ info ] [ LOG ] INIT File
---------------------------------------------------------------
[ 2021-10-28T00:33:46+08:00 ] 192.168.0.103 GET 192.168.0.103:8001/crm/Test/test?code=84785864944b28db5887bbdbe58c8d57
[运行时间：0.043113s] [吞吐率：23.19req/s] [内存消耗：1,055.18kb] [文件加载：34]
[ info ] [ LANG ] E:\phpstudy_pro\WWW\thinkphp\thinkphp\lang\zh-cn.php
[ info ] [ ROUTE ] array (
  'type' => 'module',
  'module' => 
  array (
    0 => 'crm',
    1 => 'Test',
    2 => 'test',
  ),
)
[ info ] [ HEADER ] array (
  'accept-language' => 'zh-CN,zh;q=0.9',
  'accept-encoding' => 'gzip, deflate',
  'referer' => 'http://192.168.0.103:8001/',
  'accept' => 'text/html,application/xhtml+xml,application/xml;q=0.9,image/avif,image/webp,image/apng,*/*;q=0.8,application/signed-exchange;v=b3;q=0.9',
  'user-agent' => 'Mozilla/5.0 (Windows NT 10.0; WOW64) AppleWebKit/537.36 (KHTML, like Gecko) Chrome/86.0.4240.198 Safari/537.36',
  'upgrade-insecure-requests' => '1',
  'connection' => 'keep-alive',
  'host' => '192.168.0.103:8001',
  'content-length' => '',
  'content-type' => '',
)
[ info ] [ PARAM ] array (
  'code' => '84785864944b28db5887bbdbe58c8d57',
)
[ info ] [ RUN ] app\crm\controller\Test->test[ E:\phpstudy_pro\WWW\thinkphp\application\crm\controller\Test.php ]
[ info ] [ LOG ] INIT File
---------------------------------------------------------------
[ 2021-10-28T00:34:22+08:00 ] 192.168.0.103 POST 192.168.0.103:8001/crm/Test/test?access_token=2.00gGuR7IKTt8eE121fa0ffa4BU4cFD&uid=7717514646
[运行时间：0.023224s] [吞吐率：43.06req/s] [内存消耗：1,088.05kb] [文件加载：38]
[ info ] [ LANG ] E:\phpstudy_pro\WWW\thinkphp\thinkphp\lang\zh-cn.php
[ info ] [ ROUTE ] array (
  'type' => 'module',
  'module' => 
  array (
    0 => 'crm',
    1 => 'Test',
    2 => 'test',
  ),
)
[ info ] [ HEADER ] array (
  'content-length' => '0',
  'connection' => 'keep-alive',
  'accept-encoding' => 'gzip, deflate, br',
  'host' => '192.168.0.103:8001',
  'postman-token' => 'f3a5a49e-4937-4295-9fd2-36514b570311',
  'accept' => '*/*',
  'user-agent' => 'PostmanRuntime/7.26.8',
  'content-type' => '',
)
[ info ] [ PARAM ] array (
  'access_token' => '2.00gGuR7IKTt8eE121fa0ffa4BU4cFD',
  'uid' => '7717514646',
)
[ info ] [ RUN ] app\crm\controller\Test->test[ E:\phpstudy_pro\WWW\thinkphp\application\crm\controller\Test.php ]
[ info ] [ LOG ] INIT File
[ error ] [8]未定义数组索引: code[E:\phpstudy_pro\WWW\thinkphp\application\crm\controller\Test.php:31]
---------------------------------------------------------------
[ 2021-10-28T00:35:21+08:00 ] 192.168.0.103 POST 192.168.0.103:8001/crm/Test/test?access_token=2.00gGuR7IKTt8eE121fa0ffa4BU4cFD&uid=7717514646
[运行时间：0.034254s] [吞吐率：29.19req/s] [内存消耗：1,088.16kb] [文件加载：38]
[ info ] [ LANG ] E:\phpstudy_pro\WWW\thinkphp\thinkphp\lang\zh-cn.php
[ info ] [ ROUTE ] array (
  'type' => 'module',
  'module' => 
  array (
    0 => 'crm',
    1 => 'Test',
    2 => 'test',
  ),
)
[ info ] [ HEADER ] array (
  'content-length' => '0',
  'connection' => 'keep-alive',
  'accept-encoding' => 'gzip, deflate, br',
  'host' => '192.168.0.103:8001',
  'postman-token' => 'c3054f40-140c-4200-af93-a14094f93cff',
  'accept' => '*/*',
  'user-agent' => 'PostmanRuntime/7.26.8',
  'content-type' => '',
)
[ info ] [ PARAM ] array (
  'access_token' => '2.00gGuR7IKTt8eE121fa0ffa4BU4cFD',
  'uid' => '7717514646',
)
[ info ] [ RUN ] app\crm\controller\Test->test[ E:\phpstudy_pro\WWW\thinkphp\application\crm\controller\Test.php ]
[ info ] [ LOG ] INIT File
[ error ] [8]未定义数组索引: code[E:\phpstudy_pro\WWW\thinkphp\application\crm\controller\Test.php:31]
---------------------------------------------------------------
[ 2021-10-28T00:35:32+08:00 ] 192.168.0.103 POST 192.168.0.103:8001/crm/Test/test?access_token=2.00gGuR7IKTt8eE121fa0ffa4BU4cFD&uid=7717514646&code
[运行时间：0.026643s] [吞吐率：37.53req/s] [内存消耗：1,056.55kb] [文件加载：34]
[ info ] [ LANG ] E:\phpstudy_pro\WWW\thinkphp\thinkphp\lang\zh-cn.php
[ info ] [ ROUTE ] array (
  'type' => 'module',
  'module' => 
  array (
    0 => 'crm',
    1 => 'Test',
    2 => 'test',
  ),
)
[ info ] [ HEADER ] array (
  'content-length' => '0',
  'connection' => 'keep-alive',
  'accept-encoding' => 'gzip, deflate, br',
  'host' => '192.168.0.103:8001',
  'postman-token' => 'a76ffdcf-0d26-4210-a865-ea06ef41faf7',
  'accept' => '*/*',
  'user-agent' => 'PostmanRuntime/7.26.8',
  'content-type' => '',
)
[ info ] [ PARAM ] array (
  'access_token' => '2.00gGuR7IKTt8eE121fa0ffa4BU4cFD',
  'uid' => '7717514646',
  'code' => '',
)
[ info ] [ RUN ] app\crm\controller\Test->test[ E:\phpstudy_pro\WWW\thinkphp\application\crm\controller\Test.php ]
[ info ] [ SESSION ] INIT array (
  'id' => '',
  'var_session_id' => '',
  'prefix' => 'think',
  'type' => '',
  'auto_start' => true,
)
[ info ] [ LOG ] INIT File
---------------------------------------------------------------
[ 2021-10-28T00:36:26+08:00 ] 192.168.0.103 POST 192.168.0.103:8001/crm/Test/test?access_token=2.00gGuR7IKTt8eE121fa0ffa4BU4cFD&uid=7717514646&code
[运行时间：0.021223s] [吞吐率：47.12req/s] [内存消耗：1,056.40kb] [文件加载：34]
[ info ] [ LANG ] E:\phpstudy_pro\WWW\thinkphp\thinkphp\lang\zh-cn.php
[ info ] [ ROUTE ] array (
  'type' => 'module',
  'module' => 
  array (
    0 => 'crm',
    1 => 'Test',
    2 => 'test',
  ),
)
[ info ] [ HEADER ] array (
  'content-length' => '0',
  'cookie' => 'PHPSESSID=n4ou5in5tjgce3mhc8d2r2cta1',
  'connection' => 'keep-alive',
  'accept-encoding' => 'gzip, deflate, br',
  'host' => '192.168.0.103:8001',
  'postman-token' => '38cbc660-6238-41a3-aed4-bb6b5854b6f6',
  'accept' => '*/*',
  'user-agent' => 'PostmanRuntime/7.26.8',
  'content-type' => '',
)
[ info ] [ PARAM ] array (
  'access_token' => '2.00gGuR7IKTt8eE121fa0ffa4BU4cFD',
  'uid' => '7717514646',
  'code' => '',
)
[ info ] [ RUN ] app\crm\controller\Test->test[ E:\phpstudy_pro\WWW\thinkphp\application\crm\controller\Test.php ]
[ info ] [ SESSION ] INIT array (
  'id' => '',
  'var_session_id' => '',
  'prefix' => 'think',
  'type' => '',
  'auto_start' => true,
)
[ info ] [ LOG ] INIT File
---------------------------------------------------------------
[ 2021-10-28T00:36:46+08:00 ] 192.168.0.103 POST 192.168.0.103:8001/crm/Test/test?access_token=2.00gGuR7IKTt8eE121fa0ffa4BU4cFD&uid=7717514646&code
[运行时间：0.020646s] [吞吐率：48.44req/s] [内存消耗：1,061.64kb] [文件加载：35]
[ info ] [ LANG ] E:\phpstudy_pro\WWW\thinkphp\thinkphp\lang\zh-cn.php
[ info ] [ ROUTE ] array (
  'type' => 'module',
  'module' => 
  array (
    0 => 'crm',
    1 => 'Test',
    2 => 'test',
  ),
)
[ info ] [ HEADER ] array (
  'content-length' => '0',
  'cookie' => 'PHPSESSID=n4ou5in5tjgce3mhc8d2r2cta1',
  'connection' => 'keep-alive',
  'accept-encoding' => 'gzip, deflate, br',
  'host' => '192.168.0.103:8001',
  'postman-token' => '651d82d0-8c05-44ad-a336-bd02ea3fdfe6',
  'accept' => '*/*',
  'user-agent' => 'PostmanRuntime/7.26.8',
  'content-type' => '',
)
[ info ] [ PARAM ] array (
  'access_token' => '2.00gGuR7IKTt8eE121fa0ffa4BU4cFD',
  'uid' => '7717514646',
  'code' => '',
)
[ info ] [ RUN ] app\crm\controller\Test->test[ E:\phpstudy_pro\WWW\thinkphp\application\crm\controller\Test.php ]
[ info ] [ LOG ] INIT File
---------------------------------------------------------------
[ 2021-10-28T00:37:03+08:00 ] 192.168.0.103 POST 192.168.0.103:8001/crm/Test/test?access_token=2.00gGuR7IKTt8eE121fa0ffa4BU4cFD&uid=7717514646
[运行时间：0.024580s] [吞吐率：40.68req/s] [内存消耗：1,063.27kb] [文件加载：35]
[ info ] [ LANG ] E:\phpstudy_pro\WWW\thinkphp\thinkphp\lang\zh-cn.php
[ info ] [ ROUTE ] array (
  'type' => 'module',
  'module' => 
  array (
    0 => 'crm',
    1 => 'Test',
    2 => 'test',
  ),
)
[ info ] [ HEADER ] array (
  'content-length' => '0',
  'cookie' => 'PHPSESSID=n4ou5in5tjgce3mhc8d2r2cta1',
  'connection' => 'keep-alive',
  'accept-encoding' => 'gzip, deflate, br',
  'host' => '192.168.0.103:8001',
  'postman-token' => 'd8d6c3b3-01c5-4552-9f5f-a97554d65264',
  'accept' => '*/*',
  'user-agent' => 'PostmanRuntime/7.26.8',
  'content-type' => '',
)
[ info ] [ PARAM ] array (
  'access_token' => '2.00gGuR7IKTt8eE121fa0ffa4BU4cFD',
  'uid' => '7717514646',
)
[ info ] [ RUN ] app\crm\controller\Test->test[ E:\phpstudy_pro\WWW\thinkphp\application\crm\controller\Test.php ]
[ info ] [ SESSION ] INIT array (
  'id' => '',
  'var_session_id' => '',
  'prefix' => 'think',
  'type' => '',
  'auto_start' => true,
)
[ info ] [ LOG ] INIT File
---------------------------------------------------------------
[ 2021-10-28T00:37:38+08:00 ] 192.168.0.103 POST 192.168.0.103:8001/crm/Test/test?access_token=2.00gGuR7IKTt8eE121fa0ffa4BU4cFD&uid=7717514646
[运行时间：0.025392s] [吞吐率：39.38req/s] [内存消耗：1,062.81kb] [文件加载：35]
[ info ] [ LANG ] E:\phpstudy_pro\WWW\thinkphp\thinkphp\lang\zh-cn.php
[ info ] [ ROUTE ] array (
  'type' => 'module',
  'module' => 
  array (
    0 => 'crm',
    1 => 'Test',
    2 => 'test',
  ),
)
[ info ] [ HEADER ] array (
  'content-length' => '0',
  'cookie' => 'PHPSESSID=n4ou5in5tjgce3mhc8d2r2cta1',
  'connection' => 'keep-alive',
  'accept-encoding' => 'gzip, deflate, br',
  'host' => '192.168.0.103:8001',
  'postman-token' => '0790e1f8-e911-484e-aabd-db277ab297e5',
  'accept' => '*/*',
  'user-agent' => 'PostmanRuntime/7.26.8',
  'content-type' => '',
)
[ info ] [ PARAM ] array (
  'access_token' => '2.00gGuR7IKTt8eE121fa0ffa4BU4cFD',
  'uid' => '7717514646',
)
[ info ] [ RUN ] app\crm\controller\Test->test[ E:\phpstudy_pro\WWW\thinkphp\application\crm\controller\Test.php ]
[ info ] [ SESSION ] INIT array (
  'id' => '',
  'var_session_id' => '',
  'prefix' => 'think',
  'type' => '',
  'auto_start' => true,
)
[ info ] [ LOG ] INIT File
---------------------------------------------------------------
[ 2021-10-28T00:37:38+08:00 ] 192.168.0.103 POST 192.168.0.103:8001/crm/Test/test?access_token=2.00gGuR7IKTt8eE121fa0ffa4BU4cFD&uid=7717514646
[运行时间：0.024259s] [吞吐率：41.22req/s] [内存消耗：1,062.81kb] [文件加载：35]
[ info ] [ LANG ] E:\phpstudy_pro\WWW\thinkphp\thinkphp\lang\zh-cn.php
[ info ] [ ROUTE ] array (
  'type' => 'module',
  'module' => 
  array (
    0 => 'crm',
    1 => 'Test',
    2 => 'test',
  ),
)
[ info ] [ HEADER ] array (
  'content-length' => '0',
  'cookie' => 'PHPSESSID=n4ou5in5tjgce3mhc8d2r2cta1',
  'connection' => 'keep-alive',
  'accept-encoding' => 'gzip, deflate, br',
  'host' => '192.168.0.103:8001',
  'postman-token' => '649780c7-ca2e-4ddb-9e30-8f4c2bd2da11',
  'accept' => '*/*',
  'user-agent' => 'PostmanRuntime/7.26.8',
  'content-type' => '',
)
[ info ] [ PARAM ] array (
  'access_token' => '2.00gGuR7IKTt8eE121fa0ffa4BU4cFD',
  'uid' => '7717514646',
)
[ info ] [ RUN ] app\crm\controller\Test->test[ E:\phpstudy_pro\WWW\thinkphp\application\crm\controller\Test.php ]
[ info ] [ SESSION ] INIT array (
  'id' => '',
  'var_session_id' => '',
  'prefix' => 'think',
  'type' => '',
  'auto_start' => true,
)
[ info ] [ LOG ] INIT File
---------------------------------------------------------------
[ 2021-10-28T00:37:39+08:00 ] 192.168.0.103 POST 192.168.0.103:8001/crm/Test/test?access_token=2.00gGuR7IKTt8eE121fa0ffa4BU4cFD&uid=7717514646
[运行时间：0.020113s] [吞吐率：49.72req/s] [内存消耗：1,062.81kb] [文件加载：35]
[ info ] [ LANG ] E:\phpstudy_pro\WWW\thinkphp\thinkphp\lang\zh-cn.php
[ info ] [ ROUTE ] array (
  'type' => 'module',
  'module' => 
  array (
    0 => 'crm',
    1 => 'Test',
    2 => 'test',
  ),
)
[ info ] [ HEADER ] array (
  'content-length' => '0',
  'cookie' => 'PHPSESSID=n4ou5in5tjgce3mhc8d2r2cta1',
  'connection' => 'keep-alive',
  'accept-encoding' => 'gzip, deflate, br',
  'host' => '192.168.0.103:8001',
  'postman-token' => 'cd3e8009-769b-424d-8719-8826ff346745',
  'accept' => '*/*',
  'user-agent' => 'PostmanRuntime/7.26.8',
  'content-type' => '',
)
[ info ] [ PARAM ] array (
  'access_token' => '2.00gGuR7IKTt8eE121fa0ffa4BU4cFD',
  'uid' => '7717514646',
)
[ info ] [ RUN ] app\crm\controller\Test->test[ E:\phpstudy_pro\WWW\thinkphp\application\crm\controller\Test.php ]
[ info ] [ SESSION ] INIT array (
  'id' => '',
  'var_session_id' => '',
  'prefix' => 'think',
  'type' => '',
  'auto_start' => true,
)
[ info ] [ LOG ] INIT File
---------------------------------------------------------------
[ 2021-10-28T00:37:40+08:00 ] 192.168.0.103 POST 192.168.0.103:8001/crm/Test/test?access_token=2.00gGuR7IKTt8eE121fa0ffa4BU4cFD&uid=7717514646
[运行时间：0.020163s] [吞吐率：49.60req/s] [内存消耗：1,062.81kb] [文件加载：35]
[ info ] [ LANG ] E:\phpstudy_pro\WWW\thinkphp\thinkphp\lang\zh-cn.php
[ info ] [ ROUTE ] array (
  'type' => 'module',
  'module' => 
  array (
    0 => 'crm',
    1 => 'Test',
    2 => 'test',
  ),
)
[ info ] [ HEADER ] array (
  'content-length' => '0',
  'cookie' => 'PHPSESSID=n4ou5in5tjgce3mhc8d2r2cta1',
  'connection' => 'keep-alive',
  'accept-encoding' => 'gzip, deflate, br',
  'host' => '192.168.0.103:8001',
  'postman-token' => 'db7313c9-adc5-462b-b972-5981b791f9d6',
  'accept' => '*/*',
  'user-agent' => 'PostmanRuntime/7.26.8',
  'content-type' => '',
)
[ info ] [ PARAM ] array (
  'access_token' => '2.00gGuR7IKTt8eE121fa0ffa4BU4cFD',
  'uid' => '7717514646',
)
[ info ] [ RUN ] app\crm\controller\Test->test[ E:\phpstudy_pro\WWW\thinkphp\application\crm\controller\Test.php ]
[ info ] [ SESSION ] INIT array (
  'id' => '',
  'var_session_id' => '',
  'prefix' => 'think',
  'type' => '',
  'auto_start' => true,
)
[ info ] [ LOG ] INIT File
---------------------------------------------------------------
[ 2021-10-28T00:37:52+08:00 ] 192.168.0.103 POST 192.168.0.103:8001/crm/Test/test?access_token=2.00gGuR7IKTt8eE121fa0ffa4BU4cFD&uid=7717514646
[运行时间：0.020961s] [吞吐率：47.71req/s] [内存消耗：1,055.84kb] [文件加载：34]
[ info ] [ LANG ] E:\phpstudy_pro\WWW\thinkphp\thinkphp\lang\zh-cn.php
[ info ] [ ROUTE ] array (
  'type' => 'module',
  'module' => 
  array (
    0 => 'crm',
    1 => 'Test',
    2 => 'test',
  ),
)
[ info ] [ HEADER ] array (
  'content-length' => '0',
  'cookie' => 'PHPSESSID=n4ou5in5tjgce3mhc8d2r2cta1',
  'connection' => 'keep-alive',
  'accept-encoding' => 'gzip, deflate, br',
  'host' => '192.168.0.103:8001',
  'postman-token' => 'b99fdb33-f727-477b-8e86-326b2b0e0598',
  'accept' => '*/*',
  'user-agent' => 'PostmanRuntime/7.26.8',
  'content-type' => '',
)
[ info ] [ PARAM ] array (
  'access_token' => '2.00gGuR7IKTt8eE121fa0ffa4BU4cFD',
  'uid' => '7717514646',
)
[ info ] [ RUN ] app\crm\controller\Test->test[ E:\phpstudy_pro\WWW\thinkphp\application\crm\controller\Test.php ]
[ info ] [ SESSION ] INIT array (
  'id' => '',
  'var_session_id' => '',
  'prefix' => 'think',
  'type' => '',
  'auto_start' => true,
)
[ info ] [ LOG ] INIT File
---------------------------------------------------------------
[ 2021-10-28T00:37:58+08:00 ] 192.168.0.103 POST 192.168.0.103:8001/crm/Test/test?access_token=2.00gGuR7IKTt8eE121fa0ffa4BU4cFD&uid=7717514646
[运行时间：0.026419s] [吞吐率：37.85req/s] [内存消耗：1,089.57kb] [文件加载：38]
[ info ] [ LANG ] E:\phpstudy_pro\WWW\thinkphp\thinkphp\lang\zh-cn.php
[ info ] [ ROUTE ] array (
  'type' => 'module',
  'module' => 
  array (
    0 => 'crm',
    1 => 'Test',
    2 => 'test',
  ),
)
[ info ] [ HEADER ] array (
  'content-length' => '0',
  'cookie' => 'PHPSESSID=n4ou5in5tjgce3mhc8d2r2cta1',
  'connection' => 'keep-alive',
  'accept-encoding' => 'gzip, deflate, br',
  'host' => '192.168.0.103:8001',
  'postman-token' => '7a28c2ff-5777-433c-810f-0406f4d6622c',
  'accept' => '*/*',
  'user-agent' => 'PostmanRuntime/7.26.8',
  'content-type' => '',
)
[ info ] [ PARAM ] array (
  'access_token' => '2.00gGuR7IKTt8eE121fa0ffa4BU4cFD',
  'uid' => '7717514646',
)
[ info ] [ RUN ] app\crm\controller\Test->test[ E:\phpstudy_pro\WWW\thinkphp\application\crm\controller\Test.php ]
[ info ] [ SESSION ] INIT array (
  'id' => '',
  'var_session_id' => '',
  'prefix' => 'think',
  'type' => '',
  'auto_start' => true,
)
[ info ] [ LOG ] INIT File
[ error ] [8]Array to string conversion[E:\phpstudy_pro\WWW\thinkphp\application\crm\controller\Test.php:33]
---------------------------------------------------------------
[ 2021-10-28T00:38:10+08:00 ] 192.168.0.103 POST 192.168.0.103:8001/crm/Test/test?access_token=2.00gGuR7IKTt8eE121fa0ffa4BU4cFD&uid=7717514646
[运行时间：0.020070s] [吞吐率：49.83req/s] [内存消耗：1,055.89kb] [文件加载：34]
[ info ] [ LANG ] E:\phpstudy_pro\WWW\thinkphp\thinkphp\lang\zh-cn.php
[ info ] [ ROUTE ] array (
  'type' => 'module',
  'module' => 
  array (
    0 => 'crm',
    1 => 'Test',
    2 => 'test',
  ),
)
[ info ] [ HEADER ] array (
  'content-length' => '0',
  'cookie' => 'PHPSESSID=n4ou5in5tjgce3mhc8d2r2cta1',
  'connection' => 'keep-alive',
  'accept-encoding' => 'gzip, deflate, br',
  'host' => '192.168.0.103:8001',
  'postman-token' => '7431f40f-4a0c-4529-b405-c7894be99a8e',
  'accept' => '*/*',
  'user-agent' => 'PostmanRuntime/7.26.8',
  'content-type' => '',
)
[ info ] [ PARAM ] array (
  'access_token' => '2.00gGuR7IKTt8eE121fa0ffa4BU4cFD',
  'uid' => '7717514646',
)
[ info ] [ RUN ] app\crm\controller\Test->test[ E:\phpstudy_pro\WWW\thinkphp\application\crm\controller\Test.php ]
[ info ] [ SESSION ] INIT array (
  'id' => '',
  'var_session_id' => '',
  'prefix' => 'think',
  'type' => '',
  'auto_start' => true,
)
[ info ] [ LOG ] INIT File
---------------------------------------------------------------
[ 2021-10-28T00:38:48+08:00 ] 192.168.0.103 POST 192.168.0.103:8001/crm/Test/test?access_token=2.00gGuR7IKTt8eE121fa0ffa4BU4cFD&uid=7717514646
[运行时间：0.025196s] [吞吐率：39.69req/s] [内存消耗：1,056.02kb] [文件加载：34]
[ info ] [ LANG ] E:\phpstudy_pro\WWW\thinkphp\thinkphp\lang\zh-cn.php
[ info ] [ ROUTE ] array (
  'type' => 'module',
  'module' => 
  array (
    0 => 'crm',
    1 => 'Test',
    2 => 'test',
  ),
)
[ info ] [ HEADER ] array (
  'content-length' => '0',
  'cookie' => 'PHPSESSID=n4ou5in5tjgce3mhc8d2r2cta1',
  'connection' => 'keep-alive',
  'accept-encoding' => 'gzip, deflate, br',
  'host' => '192.168.0.103:8001',
  'postman-token' => '2bd58156-ea0e-4a1d-a345-82f2f58dc3a2',
  'accept' => '*/*',
  'user-agent' => 'PostmanRuntime/7.26.8',
  'content-type' => '',
)
[ info ] [ PARAM ] array (
  'access_token' => '2.00gGuR7IKTt8eE121fa0ffa4BU4cFD',
  'uid' => '7717514646',
)
[ info ] [ RUN ] app\crm\controller\Test->test[ E:\phpstudy_pro\WWW\thinkphp\application\crm\controller\Test.php ]
[ info ] [ SESSION ] INIT array (
  'id' => '',
  'var_session_id' => '',
  'prefix' => 'think',
  'type' => '',
  'auto_start' => true,
)
[ info ] [ LOG ] INIT File
---------------------------------------------------------------
[ 2021-10-28T23:37:15+08:00 ] 127.0.0.1 GET hr:8001/
[运行时间：0.073561s] [吞吐率：13.59req/s] [内存消耗：1,491.70kb] [文件加载：43]
[ info ] [ LANG ] E:\phpstudy_pro\WWW\thinkphp\thinkphp\lang\zh-cn.php
[ info ] [ ROUTE ] array (
  'type' => 'module',
  'module' => 
  array (
    0 => '',
    1 => NULL,
    2 => NULL,
  ),
)
[ info ] [ HEADER ] array (
  'accept-language' => 'zh-CN,zh;q=0.9',
  'accept-encoding' => 'gzip, deflate',
  'accept' => 'text/html,application/xhtml+xml,application/xml;q=0.9,image/avif,image/webp,image/apng,*/*;q=0.8,application/signed-exchange;v=b3;q=0.9',
  'user-agent' => 'Mozilla/5.0 (Windows NT 10.0; WOW64) AppleWebKit/537.36 (KHTML, like Gecko) Chrome/86.0.4240.198 Safari/537.36',
  'upgrade-insecure-requests' => '1',
  'connection' => 'keep-alive',
  'host' => 'hr:8001',
  'content-length' => '',
  'content-type' => '',
)
[ info ] [ PARAM ] array (
)
[ info ] [ RUN ] app\admin\controller\Login->loginIndex[ E:\phpstudy_pro\WWW\thinkphp\application\admin\controller\Login.php ]
[ info ] [ VIEW ] E:\phpstudy_pro\WWW\thinkphp\public/../application/admin\view\login\loginindex.html [ array (
) ]
[ info ] [ LOG ] INIT File
[ error ] [8]Use of undefined constant admin - assumed 'admin'[E:\phpstudy_pro\WWW\thinkphp\runtime\temp\0f6893605c336d3e463b71e9980ddf5a.php:89]
---------------------------------------------------------------
[ 2021-10-28T23:38:40+08:00 ] 127.0.0.1 GET hr:8001/
[运行时间：0.028525s] [吞吐率：35.06req/s] [内存消耗：1,491.84kb] [文件加载：43]
[ info ] [ LANG ] E:\phpstudy_pro\WWW\thinkphp\thinkphp\lang\zh-cn.php
[ info ] [ ROUTE ] array (
  'type' => 'module',
  'module' => 
  array (
    0 => '',
    1 => NULL,
    2 => NULL,
  ),
)
[ info ] [ HEADER ] array (
  'accept-language' => 'zh-CN,zh;q=0.9',
  'accept-encoding' => 'gzip, deflate',
  'accept' => 'text/html,application/xhtml+xml,application/xml;q=0.9,image/avif,image/webp,image/apng,*/*;q=0.8,application/signed-exchange;v=b3;q=0.9',
  'user-agent' => 'Mozilla/5.0 (Windows NT 10.0; WOW64) AppleWebKit/537.36 (KHTML, like Gecko) Chrome/86.0.4240.198 Safari/537.36',
  'upgrade-insecure-requests' => '1',
  'cache-control' => 'max-age=0',
  'connection' => 'keep-alive',
  'host' => 'hr:8001',
  'content-length' => '',
  'content-type' => '',
)
[ info ] [ PARAM ] array (
)
[ info ] [ RUN ] app\admin\controller\Login->loginIndex[ E:\phpstudy_pro\WWW\thinkphp\application\admin\controller\Login.php ]
[ info ] [ VIEW ] E:\phpstudy_pro\WWW\thinkphp\public/../application/admin\view\login\loginindex.html [ array (
) ]
[ info ] [ LOG ] INIT File
[ error ] [8]Use of undefined constant admin - assumed 'admin'[E:\phpstudy_pro\WWW\thinkphp\runtime\temp\0f6893605c336d3e463b71e9980ddf5a.php:88]
---------------------------------------------------------------
[ 2021-10-28T23:39:11+08:00 ] 127.0.0.1 GET hr:8001/
[运行时间：0.046944s] [吞吐率：21.30req/s] [内存消耗：1,491.92kb] [文件加载：43]
[ info ] [ LANG ] E:\phpstudy_pro\WWW\thinkphp\thinkphp\lang\zh-cn.php
[ info ] [ ROUTE ] array (
  'type' => 'module',
  'module' => 
  array (
    0 => '',
    1 => NULL,
    2 => NULL,
  ),
)
[ info ] [ HEADER ] array (
  'accept-language' => 'zh-CN,zh;q=0.9',
  'accept-encoding' => 'gzip, deflate',
  'accept' => 'text/html,application/xhtml+xml,application/xml;q=0.9,image/avif,image/webp,image/apng,*/*;q=0.8,application/signed-exchange;v=b3;q=0.9',
  'user-agent' => 'Mozilla/5.0 (Windows NT 10.0; WOW64) AppleWebKit/537.36 (KHTML, like Gecko) Chrome/86.0.4240.198 Safari/537.36',
  'upgrade-insecure-requests' => '1',
  'cache-control' => 'max-age=0',
  'connection' => 'keep-alive',
  'host' => 'hr:8001',
  'content-length' => '',
  'content-type' => '',
)
[ info ] [ PARAM ] array (
)
[ info ] [ RUN ] app\admin\controller\Login->loginIndex[ E:\phpstudy_pro\WWW\thinkphp\application\admin\controller\Login.php ]
[ info ] [ VIEW ] E:\phpstudy_pro\WWW\thinkphp\public/../application/admin\view\login\loginindex.html [ array (
) ]
[ info ] [ LOG ] INIT File
[ error ] [8]Use of undefined constant admin - assumed 'admin'[E:\phpstudy_pro\WWW\thinkphp\runtime\temp\0f6893605c336d3e463b71e9980ddf5a.php:89]
---------------------------------------------------------------
[ 2021-10-28T23:39:47+08:00 ] 127.0.0.1 GET hr:8001/
[运行时间：0.050529s] [吞吐率：19.79req/s] [内存消耗：1,505.63kb] [文件加载：40]
[ info ] [ LANG ] E:\phpstudy_pro\WWW\thinkphp\thinkphp\lang\zh-cn.php
[ info ] [ ROUTE ] array (
  'type' => 'module',
  'module' => 
  array (
    0 => '',
    1 => NULL,
    2 => NULL,
  ),
)
[ info ] [ HEADER ] array (
  'accept-language' => 'zh-CN,zh;q=0.9',
  'accept-encoding' => 'gzip, deflate',
  'accept' => 'text/html,application/xhtml+xml,application/xml;q=0.9,image/avif,image/webp,image/apng,*/*;q=0.8,application/signed-exchange;v=b3;q=0.9',
  'user-agent' => 'Mozilla/5.0 (Windows NT 10.0; WOW64) AppleWebKit/537.36 (KHTML, like Gecko) Chrome/86.0.4240.198 Safari/537.36',
  'upgrade-insecure-requests' => '1',
  'cache-control' => 'max-age=0',
  'connection' => 'keep-alive',
  'host' => 'hr:8001',
  'content-length' => '',
  'content-type' => '',
)
[ info ] [ PARAM ] array (
)
[ info ] [ RUN ] app\admin\controller\Login->loginIndex[ E:\phpstudy_pro\WWW\thinkphp\application\admin\controller\Login.php ]
[ info ] [ VIEW ] E:\phpstudy_pro\WWW\thinkphp\public/../application/admin\view\login\loginindex.html [ array (
) ]
[ info ] [ LOG ] INIT File
---------------------------------------------------------------
[ 2021-10-28T23:39:48+08:00 ] 127.0.0.1 POST hr:8001/admin/login/loginindex.html
[运行时间：0.025100s] [吞吐率：39.84req/s] [内存消耗：1,341.73kb] [文件加载：37]
[ info ] [ LANG ] E:\phpstudy_pro\WWW\thinkphp\thinkphp\lang\zh-cn.php
[ info ] [ ROUTE ] array (
  'type' => 'module',
  'module' => 
  array (
    0 => 'admin',
    1 => 'login',
    2 => 'loginindex',
  ),
)
[ info ] [ HEADER ] array (
  'accept-language' => 'zh-CN,zh;q=0.9',
  'accept-encoding' => 'gzip, deflate',
  'referer' => 'http://hr:8001/',
  'origin' => 'http://hr:8001',
  'x-requested-with' => 'XMLHttpRequest',
  'user-agent' => 'Mozilla/5.0 (Windows NT 10.0; WOW64) AppleWebKit/537.36 (KHTML, like Gecko) Chrome/86.0.4240.198 Safari/537.36',
  'accept' => '*/*',
  'content-length' => '0',
  'connection' => 'keep-alive',
  'host' => 'hr:8001',
  'content-type' => '',
)
[ info ] [ PARAM ] array (
)
[ info ] [ RUN ] app\admin\controller\Login->loginIndex[ E:\phpstudy_pro\WWW\thinkphp\application\admin\controller\Login.php ]
[ info ] [ LOG ] INIT File
---------------------------------------------------------------
[ 2021-10-28T23:39:58+08:00 ] 127.0.0.1 GET hr:8001/
[运行时间：0.024243s] [吞吐率：41.25req/s] [内存消耗：1,385.54kb] [文件加载：38]
[ info ] [ LANG ] E:\phpstudy_pro\WWW\thinkphp\thinkphp\lang\zh-cn.php
[ info ] [ ROUTE ] array (
  'type' => 'module',
  'module' => 
  array (
    0 => '',
    1 => NULL,
    2 => NULL,
  ),
)
[ info ] [ HEADER ] array (
  'accept-language' => 'zh-CN,zh;q=0.9',
  'accept-encoding' => 'gzip, deflate',
  'referer' => 'http://hr:8001/',
  'accept' => 'text/html,application/xhtml+xml,application/xml;q=0.9,image/avif,image/webp,image/apng,*/*;q=0.8,application/signed-exchange;v=b3;q=0.9',
  'user-agent' => 'Mozilla/5.0 (Windows NT 10.0; WOW64) AppleWebKit/537.36 (KHTML, like Gecko) Chrome/86.0.4240.198 Safari/537.36',
  'upgrade-insecure-requests' => '1',
  'connection' => 'keep-alive',
  'host' => 'hr:8001',
  'content-length' => '',
  'content-type' => '',
)
[ info ] [ PARAM ] array (
)
[ info ] [ RUN ] app\admin\controller\Login->loginIndex[ E:\phpstudy_pro\WWW\thinkphp\application\admin\controller\Login.php ]
[ info ] [ VIEW ] E:\phpstudy_pro\WWW\thinkphp\public/../application/admin\view\login\loginindex.html [ array (
) ]
[ info ] [ LOG ] INIT File
---------------------------------------------------------------
[ 2021-10-28T23:39:58+08:00 ] 127.0.0.1 POST hr:8001/admin/login/loginindex.html
[运行时间：0.023188s] [吞吐率：43.13req/s] [内存消耗：1,341.73kb] [文件加载：37]
[ info ] [ LANG ] E:\phpstudy_pro\WWW\thinkphp\thinkphp\lang\zh-cn.php
[ info ] [ ROUTE ] array (
  'type' => 'module',
  'module' => 
  array (
    0 => 'admin',
    1 => 'login',
    2 => 'loginindex',
  ),
)
[ info ] [ HEADER ] array (
  'accept-language' => 'zh-CN,zh;q=0.9',
  'accept-encoding' => 'gzip, deflate',
  'referer' => 'http://hr:8001/',
  'origin' => 'http://hr:8001',
  'x-requested-with' => 'XMLHttpRequest',
  'user-agent' => 'Mozilla/5.0 (Windows NT 10.0; WOW64) AppleWebKit/537.36 (KHTML, like Gecko) Chrome/86.0.4240.198 Safari/537.36',
  'accept' => '*/*',
  'content-length' => '0',
  'connection' => 'keep-alive',
  'host' => 'hr:8001',
  'content-type' => '',
)
[ info ] [ PARAM ] array (
)
[ info ] [ RUN ] app\admin\controller\Login->loginIndex[ E:\phpstudy_pro\WWW\thinkphp\application\admin\controller\Login.php ]
[ info ] [ LOG ] INIT File
---------------------------------------------------------------
[ 2021-10-28T23:42:16+08:00 ] 127.0.0.1 GET hr:8001/
[运行时间：0.051808s] [吞吐率：19.30req/s] [内存消耗：1,506.15kb] [文件加载：40]
[ info ] [ LANG ] E:\phpstudy_pro\WWW\thinkphp\thinkphp\lang\zh-cn.php
[ info ] [ ROUTE ] array (
  'type' => 'module',
  'module' => 
  array (
    0 => '',
    1 => NULL,
    2 => NULL,
  ),
)
[ info ] [ HEADER ] array (
  'accept-language' => 'zh-CN,zh;q=0.9',
  'accept-encoding' => 'gzip, deflate',
  'referer' => 'http://hr:8001/',
  'accept' => 'text/html,application/xhtml+xml,application/xml;q=0.9,image/avif,image/webp,image/apng,*/*;q=0.8,application/signed-exchange;v=b3;q=0.9',
  'user-agent' => 'Mozilla/5.0 (Windows NT 10.0; WOW64) AppleWebKit/537.36 (KHTML, like Gecko) Chrome/86.0.4240.198 Safari/537.36',
  'upgrade-insecure-requests' => '1',
  'cache-control' => 'no-cache',
  'pragma' => 'no-cache',
  'connection' => 'keep-alive',
  'host' => 'hr:8001',
  'content-length' => '',
  'content-type' => '',
)
[ info ] [ PARAM ] array (
)
[ info ] [ RUN ] app\admin\controller\Login->loginIndex[ E:\phpstudy_pro\WWW\thinkphp\application\admin\controller\Login.php ]
[ info ] [ VIEW ] E:\phpstudy_pro\WWW\thinkphp\public/../application/admin\view\login\loginindex.html [ array (
) ]
[ info ] [ LOG ] INIT File
---------------------------------------------------------------
[ 2021-10-28T23:42:16+08:00 ] 127.0.0.1 POST hr:8001/admin/login/loginindex.html
[运行时间：0.029295s] [吞吐率：34.14req/s] [内存消耗：1,342.12kb] [文件加载：37]
[ info ] [ LANG ] E:\phpstudy_pro\WWW\thinkphp\thinkphp\lang\zh-cn.php
[ info ] [ ROUTE ] array (
  'type' => 'module',
  'module' => 
  array (
    0 => 'admin',
    1 => 'login',
    2 => 'loginindex',
  ),
)
[ info ] [ HEADER ] array (
  'accept-language' => 'zh-CN,zh;q=0.9',
  'accept-encoding' => 'gzip, deflate',
  'referer' => 'http://hr:8001/',
  'origin' => 'http://hr:8001',
  'x-requested-with' => 'XMLHttpRequest',
  'user-agent' => 'Mozilla/5.0 (Windows NT 10.0; WOW64) AppleWebKit/537.36 (KHTML, like Gecko) Chrome/86.0.4240.198 Safari/537.36',
  'accept' => '*/*',
  'cache-control' => 'no-cache',
  'pragma' => 'no-cache',
  'content-length' => '0',
  'connection' => 'keep-alive',
  'host' => 'hr:8001',
  'content-type' => '',
)
[ info ] [ PARAM ] array (
)
[ info ] [ RUN ] app\admin\controller\Login->loginIndex[ E:\phpstudy_pro\WWW\thinkphp\application\admin\controller\Login.php ]
[ info ] [ LOG ] INIT File
---------------------------------------------------------------
[ 2021-10-28T23:42:27+08:00 ] 127.0.0.1 POST hr:8001/admin/login/loginindex.html
[运行时间：0.024334s] [吞吐率：41.09req/s] [内存消耗：1,341.73kb] [文件加载：37]
[ info ] [ LANG ] E:\phpstudy_pro\WWW\thinkphp\thinkphp\lang\zh-cn.php
[ info ] [ ROUTE ] array (
  'type' => 'module',
  'module' => 
  array (
    0 => 'admin',
    1 => 'login',
    2 => 'loginindex',
  ),
)
[ info ] [ HEADER ] array (
  'accept-language' => 'zh-CN,zh;q=0.9',
  'accept-encoding' => 'gzip, deflate',
  'referer' => 'http://hr:8001/',
  'origin' => 'http://hr:8001',
  'x-requested-with' => 'XMLHttpRequest',
  'user-agent' => 'Mozilla/5.0 (Windows NT 10.0; WOW64) AppleWebKit/537.36 (KHTML, like Gecko) Chrome/86.0.4240.198 Safari/537.36',
  'accept' => '*/*',
  'content-length' => '0',
  'connection' => 'keep-alive',
  'host' => 'hr:8001',
  'content-type' => '',
)
[ info ] [ PARAM ] array (
)
[ info ] [ RUN ] app\admin\controller\Login->loginIndex[ E:\phpstudy_pro\WWW\thinkphp\application\admin\controller\Login.php ]
[ info ] [ LOG ] INIT File
---------------------------------------------------------------
[ 2021-10-28T23:42:37+08:00 ] 127.0.0.1 POST hr:8001/admin/login/loginindex.html
[运行时间：0.023368s] [吞吐率：42.79req/s] [内存消耗：1,341.73kb] [文件加载：37]
[ info ] [ LANG ] E:\phpstudy_pro\WWW\thinkphp\thinkphp\lang\zh-cn.php
[ info ] [ ROUTE ] array (
  'type' => 'module',
  'module' => 
  array (
    0 => 'admin',
    1 => 'login',
    2 => 'loginindex',
  ),
)
[ info ] [ HEADER ] array (
  'accept-language' => 'zh-CN,zh;q=0.9',
  'accept-encoding' => 'gzip, deflate',
  'referer' => 'http://hr:8001/',
  'origin' => 'http://hr:8001',
  'x-requested-with' => 'XMLHttpRequest',
  'user-agent' => 'Mozilla/5.0 (Windows NT 10.0; WOW64) AppleWebKit/537.36 (KHTML, like Gecko) Chrome/86.0.4240.198 Safari/537.36',
  'accept' => '*/*',
  'content-length' => '0',
  'connection' => 'keep-alive',
  'host' => 'hr:8001',
  'content-type' => '',
)
[ info ] [ PARAM ] array (
)
[ info ] [ RUN ] app\admin\controller\Login->loginIndex[ E:\phpstudy_pro\WWW\thinkphp\application\admin\controller\Login.php ]
[ info ] [ LOG ] INIT File
---------------------------------------------------------------
[ 2021-10-28T23:57:30+08:00 ] 127.0.0.1 POST hr:8001/admin/login/loginindex.html
[运行时间：0.029589s] [吞吐率：33.80req/s] [内存消耗：1,343.99kb] [文件加载：37]
[ info ] [ LANG ] E:\phpstudy_pro\WWW\thinkphp\thinkphp\lang\zh-cn.php
[ info ] [ ROUTE ] array (
  'type' => 'module',
  'module' => 
  array (
    0 => 'admin',
    1 => 'login',
    2 => 'loginindex',
  ),
)
[ info ] [ HEADER ] array (
  'accept-language' => 'zh-CN,zh;q=0.9',
  'accept-encoding' => 'gzip, deflate',
  'referer' => 'http://hr:8001/',
  'origin' => 'http://hr:8001',
  'x-requested-with' => 'XMLHttpRequest',
  'user-agent' => 'Mozilla/5.0 (Windows NT 10.0; WOW64) AppleWebKit/537.36 (KHTML, like Gecko) Chrome/86.0.4240.198 Safari/537.36',
  'accept' => '*/*',
  'content-length' => '0',
  'connection' => 'keep-alive',
  'host' => 'hr:8001',
  'content-type' => '',
)
[ info ] [ PARAM ] array (
)
[ info ] [ RUN ] app\admin\controller\Login->loginIndex[ E:\phpstudy_pro\WWW\thinkphp\application\admin\controller\Login.php ]
[ info ] [ LOG ] INIT File
---------------------------------------------------------------
[ 2021-10-28T23:57:32+08:00 ] 127.0.0.1 GET hr:8001/
[运行时间：0.043993s] [吞吐率：22.73req/s] [内存消耗：1,388.19kb] [文件加载：38]
[ info ] [ LANG ] E:\phpstudy_pro\WWW\thinkphp\thinkphp\lang\zh-cn.php
[ info ] [ ROUTE ] array (
  'type' => 'module',
  'module' => 
  array (
    0 => '',
    1 => NULL,
    2 => NULL,
  ),
)
[ info ] [ HEADER ] array (
  'accept-language' => 'zh-CN,zh;q=0.9',
  'accept-encoding' => 'gzip, deflate',
  'referer' => 'http://hr:8001/',
  'accept' => 'text/html,application/xhtml+xml,application/xml;q=0.9,image/avif,image/webp,image/apng,*/*;q=0.8,application/signed-exchange;v=b3;q=0.9',
  'user-agent' => 'Mozilla/5.0 (Windows NT 10.0; WOW64) AppleWebKit/537.36 (KHTML, like Gecko) Chrome/86.0.4240.198 Safari/537.36',
  'upgrade-insecure-requests' => '1',
  'cache-control' => 'no-cache',
  'pragma' => 'no-cache',
  'connection' => 'keep-alive',
  'host' => 'hr:8001',
  'content-length' => '',
  'content-type' => '',
)
[ info ] [ PARAM ] array (
)
[ info ] [ RUN ] app\admin\controller\Login->loginIndex[ E:\phpstudy_pro\WWW\thinkphp\application\admin\controller\Login.php ]
[ info ] [ VIEW ] E:\phpstudy_pro\WWW\thinkphp\public/../application/admin\view\login\loginindex.html [ array (
) ]
[ info ] [ LOG ] INIT File
---------------------------------------------------------------
[ 2021-10-28T23:57:32+08:00 ] 127.0.0.1 POST hr:8001/admin/login/loginindex.html
[运行时间：0.023127s] [吞吐率：43.24req/s] [内存消耗：1,344.27kb] [文件加载：37]
[ info ] [ LANG ] E:\phpstudy_pro\WWW\thinkphp\thinkphp\lang\zh-cn.php
[ info ] [ ROUTE ] array (
  'type' => 'module',
  'module' => 
  array (
    0 => 'admin',
    1 => 'login',
    2 => 'loginindex',
  ),
)
[ info ] [ HEADER ] array (
  'accept-language' => 'zh-CN,zh;q=0.9',
  'accept-encoding' => 'gzip, deflate',
  'referer' => 'http://hr:8001/',
  'origin' => 'http://hr:8001',
  'x-requested-with' => 'XMLHttpRequest',
  'user-agent' => 'Mozilla/5.0 (Windows NT 10.0; WOW64) AppleWebKit/537.36 (KHTML, like Gecko) Chrome/86.0.4240.198 Safari/537.36',
  'accept' => '*/*',
  'cache-control' => 'no-cache',
  'pragma' => 'no-cache',
  'content-length' => '0',
  'connection' => 'keep-alive',
  'host' => 'hr:8001',
  'content-type' => '',
)
[ info ] [ PARAM ] array (
)
[ info ] [ RUN ] app\admin\controller\Login->loginIndex[ E:\phpstudy_pro\WWW\thinkphp\application\admin\controller\Login.php ]
[ info ] [ LOG ] INIT File
---------------------------------------------------------------
[ 2021-10-28T23:58:14+08:00 ] 127.0.0.1 POST hr:8001/admin/login/loginindex.html
[运行时间：0.025116s] [吞吐率：39.82req/s] [内存消耗：1,343.99kb] [文件加载：37]
[ info ] [ LANG ] E:\phpstudy_pro\WWW\thinkphp\thinkphp\lang\zh-cn.php
[ info ] [ ROUTE ] array (
  'type' => 'module',
  'module' => 
  array (
    0 => 'admin',
    1 => 'login',
    2 => 'loginindex',
  ),
)
[ info ] [ HEADER ] array (
  'accept-language' => 'zh-CN,zh;q=0.9',
  'accept-encoding' => 'gzip, deflate',
  'referer' => 'http://hr:8001/',
  'origin' => 'http://hr:8001',
  'x-requested-with' => 'XMLHttpRequest',
  'user-agent' => 'Mozilla/5.0 (Windows NT 10.0; WOW64) AppleWebKit/537.36 (KHTML, like Gecko) Chrome/86.0.4240.198 Safari/537.36',
  'accept' => '*/*',
  'content-length' => '0',
  'connection' => 'keep-alive',
  'host' => 'hr:8001',
  'content-type' => '',
)
[ info ] [ PARAM ] array (
)
[ info ] [ RUN ] app\admin\controller\Login->loginIndex[ E:\phpstudy_pro\WWW\thinkphp\application\admin\controller\Login.php ]
[ info ] [ LOG ] INIT File
