---------------------------------------------------------------
[ 2021-08-08T01:08:31+08:00 ] 127.0.0.1 GET hr/
[运行时间：0.050666s] [吞吐率：19.74req/s] [内存消耗：2,195.23kb] [文件加载：41]
[ info ] [ LANG ] E:\phpstudy_pro\WWW\thinkphp\thinkphp\lang\zh-cn.php
[ info ] [ ROUTE ] array (
  'type' => 'module',
  'module' => 
  array (
    0 => '',
    1 => NULL,
    2 => NULL,
  ),
)
[ info ] [ HEADER ] array (
  'cookie' => 'PHPSESSID=4ic8u2sogis6vq70nfhvpeddu0',
  'accept-language' => 'zh-CN,zh;q=0.9',
  'accept-encoding' => 'gzip, deflate',
  'accept' => 'text/html,application/xhtml+xml,application/xml;q=0.9,image/avif,image/webp,image/apng,*/*;q=0.8,application/signed-exchange;v=b3;q=0.9',
  'user-agent' => 'Mozilla/5.0 (Windows NT 10.0; WOW64) AppleWebKit/537.36 (KHTML, like Gecko) Chrome/86.0.4240.198 Safari/537.36',
  'upgrade-insecure-requests' => '1',
  'cache-control' => 'max-age=0',
  'connection' => 'keep-alive',
  'host' => 'hr',
  'content-length' => '',
  'content-type' => '',
)
[ info ] [ PARAM ] array (
)
[ info ] [ DB ] INIT mysql
[ info ] [ SESSION ] INIT array (
  'id' => '',
  'var_session_id' => '',
  'prefix' => 'think',
  'type' => '',
  'auto_start' => true,
)
[ info ] [ RUN ] app\admin\controller\Login->Login[ E:\phpstudy_pro\WWW\thinkphp\application\admin\controller\Login.php ]
[ info ] [ VIEW ] E:\phpstudy_pro\WWW\thinkphp\public/../application/admin\view\login\login.html [ array (
) ]
[ info ] [ LOG ] INIT File
[ sql ] [ DB ] CONNECT:[ UseTime:0.001304s ] mysql:host=127.0.0.1;port=3306;dbname=jc_website;charset=utf8
[ sql ] [ SQL ] SHOW COLUMNS FROM `jw_menu` [ RunTime:0.001316s ]
[ sql ] [ SQL ] SELECT * FROM `jw_menu` WHERE  `roleId` = '1' [ RunTime:0.000378s ]
---------------------------------------------------------------
[ 2021-08-08T01:08:31+08:00 ] 127.0.0.1 GET hr/
[运行时间：0.046541s] [吞吐率：21.49req/s] [内存消耗：2,195.24kb] [文件加载：41]
[ info ] [ LANG ] E:\phpstudy_pro\WWW\thinkphp\thinkphp\lang\zh-cn.php
[ info ] [ ROUTE ] array (
  'type' => 'module',
  'module' => 
  array (
    0 => '',
    1 => NULL,
    2 => NULL,
  ),
)
[ info ] [ HEADER ] array (
  'cookie' => 'PHPSESSID=4ic8u2sogis6vq70nfhvpeddu0',
  'accept-language' => 'zh-CN,zh;q=0.9',
  'accept-encoding' => 'gzip, deflate',
  'accept' => 'text/html,application/xhtml+xml,application/xml;q=0.9,image/avif,image/webp,image/apng,*/*;q=0.8,application/signed-exchange;v=b3;q=0.9',
  'user-agent' => 'Mozilla/5.0 (Windows NT 10.0; WOW64) AppleWebKit/537.36 (KHTML, like Gecko) Chrome/86.0.4240.198 Safari/537.36',
  'upgrade-insecure-requests' => '1',
  'cache-control' => 'max-age=0',
  'connection' => 'keep-alive',
  'host' => 'hr',
  'content-length' => '',
  'content-type' => '',
)
[ info ] [ PARAM ] array (
)
[ info ] [ DB ] INIT mysql
[ info ] [ SESSION ] INIT array (
  'id' => '',
  'var_session_id' => '',
  'prefix' => 'think',
  'type' => '',
  'auto_start' => true,
)
[ info ] [ RUN ] app\admin\controller\Login->Login[ E:\phpstudy_pro\WWW\thinkphp\application\admin\controller\Login.php ]
[ info ] [ VIEW ] E:\phpstudy_pro\WWW\thinkphp\public/../application/admin\view\login\login.html [ array (
) ]
[ info ] [ LOG ] INIT File
[ sql ] [ DB ] CONNECT:[ UseTime:0.000933s ] mysql:host=127.0.0.1;port=3306;dbname=jc_website;charset=utf8
[ sql ] [ SQL ] SHOW COLUMNS FROM `jw_menu` [ RunTime:0.001041s ]
[ sql ] [ SQL ] SELECT * FROM `jw_menu` WHERE  `roleId` = '1' [ RunTime:0.000308s ]
---------------------------------------------------------------
[ 2021-08-08T01:08:32+08:00 ] 127.0.0.1 GET hr/
[运行时间：0.043876s] [吞吐率：22.79req/s] [内存消耗：2,195.24kb] [文件加载：41]
[ info ] [ LANG ] E:\phpstudy_pro\WWW\thinkphp\thinkphp\lang\zh-cn.php
[ info ] [ ROUTE ] array (
  'type' => 'module',
  'module' => 
  array (
    0 => '',
    1 => NULL,
    2 => NULL,
  ),
)
[ info ] [ HEADER ] array (
  'cookie' => 'PHPSESSID=4ic8u2sogis6vq70nfhvpeddu0',
  'accept-language' => 'zh-CN,zh;q=0.9',
  'accept-encoding' => 'gzip, deflate',
  'accept' => 'text/html,application/xhtml+xml,application/xml;q=0.9,image/avif,image/webp,image/apng,*/*;q=0.8,application/signed-exchange;v=b3;q=0.9',
  'user-agent' => 'Mozilla/5.0 (Windows NT 10.0; WOW64) AppleWebKit/537.36 (KHTML, like Gecko) Chrome/86.0.4240.198 Safari/537.36',
  'upgrade-insecure-requests' => '1',
  'cache-control' => 'max-age=0',
  'connection' => 'keep-alive',
  'host' => 'hr',
  'content-length' => '',
  'content-type' => '',
)
[ info ] [ PARAM ] array (
)
[ info ] [ DB ] INIT mysql
[ info ] [ SESSION ] INIT array (
  'id' => '',
  'var_session_id' => '',
  'prefix' => 'think',
  'type' => '',
  'auto_start' => true,
)
[ info ] [ RUN ] app\admin\controller\Login->Login[ E:\phpstudy_pro\WWW\thinkphp\application\admin\controller\Login.php ]
[ info ] [ VIEW ] E:\phpstudy_pro\WWW\thinkphp\public/../application/admin\view\login\login.html [ array (
) ]
[ info ] [ LOG ] INIT File
[ sql ] [ DB ] CONNECT:[ UseTime:0.001098s ] mysql:host=127.0.0.1;port=3306;dbname=jc_website;charset=utf8
[ sql ] [ SQL ] SHOW COLUMNS FROM `jw_menu` [ RunTime:0.001226s ]
[ sql ] [ SQL ] SELECT * FROM `jw_menu` WHERE  `roleId` = '1' [ RunTime:0.000374s ]
---------------------------------------------------------------
[ 2021-08-08T01:09:08+08:00 ] 127.0.0.1 POST hr/admin/Login/loginJump
[运行时间：0.032243s] [吞吐率：31.01req/s] [内存消耗：2,565.70kb] [文件加载：45]
[ info ] [ LANG ] E:\phpstudy_pro\WWW\thinkphp\thinkphp\lang\zh-cn.php
[ info ] [ ROUTE ] array (
  'type' => 'module',
  'module' => 
  array (
    0 => 'admin',
    1 => 'Login',
    2 => 'loginJump',
  ),
)
[ info ] [ HEADER ] array (
  'cookie' => 'PHPSESSID=4ic8u2sogis6vq70nfhvpeddu0',
  'accept-language' => 'zh-CN,zh;q=0.9',
  'accept-encoding' => 'gzip, deflate',
  'referer' => 'http://hr/',
  'accept' => 'text/html,application/xhtml+xml,application/xml;q=0.9,image/avif,image/webp,image/apng,*/*;q=0.8,application/signed-exchange;v=b3;q=0.9',
  'user-agent' => 'Mozilla/5.0 (Windows NT 10.0; WOW64) AppleWebKit/537.36 (KHTML, like Gecko) Chrome/86.0.4240.198 Safari/537.36',
  'content-type' => 'application/x-www-form-urlencoded',
  'origin' => 'http://hr',
  'upgrade-insecure-requests' => '1',
  'cache-control' => 'max-age=0',
  'content-length' => '39',
  'connection' => 'keep-alive',
  'host' => 'hr',
)
[ info ] [ PARAM ] array (
  'method' => 'login',
  'account' => 'admin',
  'password' => '123',
)
[ info ] [ DB ] INIT mysql
[ info ] [ SESSION ] INIT array (
  'id' => '',
  'var_session_id' => '',
  'prefix' => 'think',
  'type' => '',
  'auto_start' => true,
)
[ info ] [ RUN ] app\admin\controller\Login->loginJump[ E:\phpstudy_pro\WWW\thinkphp\application\admin\controller\Login.php ]
[ info ] [ LOG ] INIT File
[ sql ] [ DB ] CONNECT:[ UseTime:0.000974s ] mysql:host=127.0.0.1;port=3306;dbname=jc_website;charset=utf8
[ sql ] [ SQL ] SHOW COLUMNS FROM `jw_menu` [ RunTime:0.001008s ]
[ sql ] [ SQL ] SELECT * FROM `jw_menu` WHERE  `roleId` = '1' [ RunTime:0.000288s ]
[ sql ] [ SQL ] SHOW COLUMNS FROM `jw_user` [ RunTime:0.000838s ]
[ sql ] [ SQL ] SELECT * FROM `jw_user` LIMIT 1 [ RunTime:0.000221s ]
---------------------------------------------------------------
[ 2021-08-08T01:09:08+08:00 ] 127.0.0.1 GET hr/admin/index/index.html
[运行时间：0.025358s] [吞吐率：39.44req/s] [内存消耗：2,197.09kb] [文件加载：41]
[ info ] [ LANG ] E:\phpstudy_pro\WWW\thinkphp\thinkphp\lang\zh-cn.php
[ info ] [ ROUTE ] array (
  'type' => 'module',
  'module' => 
  array (
    0 => 'admin',
    1 => 'index',
    2 => 'index',
  ),
)
[ info ] [ HEADER ] array (
  'cookie' => 'PHPSESSID=4ic8u2sogis6vq70nfhvpeddu0',
  'accept-language' => 'zh-CN,zh;q=0.9',
  'accept-encoding' => 'gzip, deflate',
  'referer' => 'http://hr/',
  'accept' => 'text/html,application/xhtml+xml,application/xml;q=0.9,image/avif,image/webp,image/apng,*/*;q=0.8,application/signed-exchange;v=b3;q=0.9',
  'user-agent' => 'Mozilla/5.0 (Windows NT 10.0; WOW64) AppleWebKit/537.36 (KHTML, like Gecko) Chrome/86.0.4240.198 Safari/537.36',
  'upgrade-insecure-requests' => '1',
  'cache-control' => 'max-age=0',
  'connection' => 'keep-alive',
  'host' => 'hr',
  'content-length' => '',
  'content-type' => '',
)
[ info ] [ PARAM ] array (
)
[ info ] [ SESSION ] INIT array (
  'id' => '',
  'var_session_id' => '',
  'prefix' => 'think',
  'type' => '',
  'auto_start' => true,
)
[ info ] [ DB ] INIT mysql
[ info ] [ RUN ] app\admin\controller\Index->Index[ E:\phpstudy_pro\WWW\thinkphp\application\admin\controller\Index.php ]
[ info ] [ VIEW ] E:\phpstudy_pro\WWW\thinkphp\public/../application/admin\view\index\index.html [ array (
) ]
[ info ] [ LOG ] INIT File
[ sql ] [ DB ] CONNECT:[ UseTime:0.000886s ] mysql:host=127.0.0.1;port=3306;dbname=jc_website;charset=utf8
[ sql ] [ SQL ] SHOW COLUMNS FROM `jw_menu` [ RunTime:0.000941s ]
[ sql ] [ SQL ] SELECT * FROM `jw_menu` WHERE  `roleId` = '1' [ RunTime:0.000272s ]
---------------------------------------------------------------
[ 2021-08-08T01:11:05+08:00 ] 127.0.0.1 GET hr/admin/index/index.html
[运行时间：0.041106s] [吞吐率：24.33req/s] [内存消耗：2,197.09kb] [文件加载：41]
[ info ] [ LANG ] E:\phpstudy_pro\WWW\thinkphp\thinkphp\lang\zh-cn.php
[ info ] [ ROUTE ] array (
  'type' => 'module',
  'module' => 
  array (
    0 => 'admin',
    1 => 'index',
    2 => 'index',
  ),
)
[ info ] [ HEADER ] array (
  'cookie' => 'PHPSESSID=4ic8u2sogis6vq70nfhvpeddu0',
  'accept-language' => 'zh-CN,zh;q=0.9',
  'accept-encoding' => 'gzip, deflate',
  'referer' => 'http://hr/',
  'accept' => 'text/html,application/xhtml+xml,application/xml;q=0.9,image/avif,image/webp,image/apng,*/*;q=0.8,application/signed-exchange;v=b3;q=0.9',
  'user-agent' => 'Mozilla/5.0 (Windows NT 10.0; WOW64) AppleWebKit/537.36 (KHTML, like Gecko) Chrome/86.0.4240.198 Safari/537.36',
  'upgrade-insecure-requests' => '1',
  'cache-control' => 'max-age=0',
  'connection' => 'keep-alive',
  'host' => 'hr',
  'content-length' => '',
  'content-type' => '',
)
[ info ] [ PARAM ] array (
)
[ info ] [ SESSION ] INIT array (
  'id' => '',
  'var_session_id' => '',
  'prefix' => 'think',
  'type' => '',
  'auto_start' => true,
)
[ info ] [ DB ] INIT mysql
[ info ] [ RUN ] app\admin\controller\Index->Index[ E:\phpstudy_pro\WWW\thinkphp\application\admin\controller\Index.php ]
[ info ] [ VIEW ] E:\phpstudy_pro\WWW\thinkphp\public/../application/admin\view\index\index.html [ array (
) ]
[ info ] [ LOG ] INIT File
[ sql ] [ DB ] CONNECT:[ UseTime:0.010274s ] mysql:host=127.0.0.1;port=3306;dbname=jc_website;charset=utf8
[ sql ] [ SQL ] SHOW COLUMNS FROM `jw_menu` [ RunTime:0.000774s ]
[ sql ] [ SQL ] SELECT * FROM `jw_menu` WHERE  `roleId` = '1' [ RunTime:0.000309s ]
---------------------------------------------------------------
[ 2021-08-08T01:20:45+08:00 ] 127.0.0.1 GET hr/admin/index/index.html
[运行时间：0.033616s] [吞吐率：29.75req/s] [内存消耗：2,194.80kb] [文件加载：41]
[ info ] [ LANG ] E:\phpstudy_pro\WWW\thinkphp\thinkphp\lang\zh-cn.php
[ info ] [ ROUTE ] array (
  'type' => 'module',
  'module' => 
  array (
    0 => 'admin',
    1 => 'index',
    2 => 'index',
  ),
)
[ info ] [ HEADER ] array (
  'cookie' => 'PHPSESSID=4ic8u2sogis6vq70nfhvpeddu0',
  'accept-language' => 'zh-CN,zh;q=0.9',
  'accept-encoding' => 'gzip, deflate',
  'referer' => 'http://hr/',
  'accept' => 'text/html,application/xhtml+xml,application/xml;q=0.9,image/avif,image/webp,image/apng,*/*;q=0.8,application/signed-exchange;v=b3;q=0.9',
  'user-agent' => 'Mozilla/5.0 (Windows NT 10.0; WOW64) AppleWebKit/537.36 (KHTML, like Gecko) Chrome/86.0.4240.198 Safari/537.36',
  'upgrade-insecure-requests' => '1',
  'cache-control' => 'max-age=0',
  'connection' => 'keep-alive',
  'host' => 'hr',
  'content-length' => '',
  'content-type' => '',
)
[ info ] [ PARAM ] array (
)
[ info ] [ SESSION ] INIT array (
  'id' => '',
  'var_session_id' => '',
  'prefix' => 'think',
  'type' => '',
  'auto_start' => true,
)
[ info ] [ DB ] INIT mysql
[ info ] [ RUN ] app\admin\controller\Index->Index[ E:\phpstudy_pro\WWW\thinkphp\application\admin\controller\Index.php ]
[ info ] [ VIEW ] E:\phpstudy_pro\WWW\thinkphp\public/../application/admin\view\index\index.html [ array (
) ]
[ info ] [ LOG ] INIT File
[ sql ] [ DB ] CONNECT:[ UseTime:0.001080s ] mysql:host=127.0.0.1;port=3306;dbname=jc_website;charset=utf8
[ sql ] [ SQL ] SHOW COLUMNS FROM `jw_menu` [ RunTime:0.001095s ]
[ sql ] [ SQL ] SELECT * FROM `jw_menu` [ RunTime:0.000295s ]
---------------------------------------------------------------
[ 2021-08-08T01:26:11+08:00 ] 127.0.0.1 GET hr/admin/index/index.html
[运行时间：0.032712s] [吞吐率：30.57req/s] [内存消耗：2,194.80kb] [文件加载：41]
[ info ] [ LANG ] E:\phpstudy_pro\WWW\thinkphp\thinkphp\lang\zh-cn.php
[ info ] [ ROUTE ] array (
  'type' => 'module',
  'module' => 
  array (
    0 => 'admin',
    1 => 'index',
    2 => 'index',
  ),
)
[ info ] [ HEADER ] array (
  'cookie' => 'PHPSESSID=4ic8u2sogis6vq70nfhvpeddu0',
  'accept-language' => 'zh-CN,zh;q=0.9',
  'accept-encoding' => 'gzip, deflate',
  'referer' => 'http://hr/',
  'accept' => 'text/html,application/xhtml+xml,application/xml;q=0.9,image/avif,image/webp,image/apng,*/*;q=0.8,application/signed-exchange;v=b3;q=0.9',
  'user-agent' => 'Mozilla/5.0 (Windows NT 10.0; WOW64) AppleWebKit/537.36 (KHTML, like Gecko) Chrome/86.0.4240.198 Safari/537.36',
  'upgrade-insecure-requests' => '1',
  'cache-control' => 'max-age=0',
  'connection' => 'keep-alive',
  'host' => 'hr',
  'content-length' => '',
  'content-type' => '',
)
[ info ] [ PARAM ] array (
)
[ info ] [ SESSION ] INIT array (
  'id' => '',
  'var_session_id' => '',
  'prefix' => 'think',
  'type' => '',
  'auto_start' => true,
)
[ info ] [ DB ] INIT mysql
[ info ] [ RUN ] app\admin\controller\Index->Index[ E:\phpstudy_pro\WWW\thinkphp\application\admin\controller\Index.php ]
[ info ] [ VIEW ] E:\phpstudy_pro\WWW\thinkphp\public/../application/admin\view\index\index.html [ array (
) ]
[ info ] [ LOG ] INIT File
[ sql ] [ DB ] CONNECT:[ UseTime:0.001095s ] mysql:host=127.0.0.1;port=3306;dbname=jc_website;charset=utf8
[ sql ] [ SQL ] SHOW COLUMNS FROM `jw_menu` [ RunTime:0.001078s ]
[ sql ] [ SQL ] SELECT * FROM `jw_menu` [ RunTime:0.000269s ]
---------------------------------------------------------------
[ 2021-08-08T01:26:29+08:00 ] 127.0.0.1 GET hr/admin/index/index.html
[运行时间：0.025520s] [吞吐率：39.18req/s] [内存消耗：2,194.50kb] [文件加载：41]
[ info ] [ LANG ] E:\phpstudy_pro\WWW\thinkphp\thinkphp\lang\zh-cn.php
[ info ] [ ROUTE ] array (
  'type' => 'module',
  'module' => 
  array (
    0 => 'admin',
    1 => 'index',
    2 => 'index',
  ),
)
[ info ] [ HEADER ] array (
  'cookie' => 'PHPSESSID=4ic8u2sogis6vq70nfhvpeddu0',
  'accept-language' => 'zh-CN,zh;q=0.9',
  'accept-encoding' => 'gzip, deflate',
  'referer' => 'http://hr/',
  'accept' => 'text/html,application/xhtml+xml,application/xml;q=0.9,image/avif,image/webp,image/apng,*/*;q=0.8,application/signed-exchange;v=b3;q=0.9',
  'user-agent' => 'Mozilla/5.0 (Windows NT 10.0; WOW64) AppleWebKit/537.36 (KHTML, like Gecko) Chrome/86.0.4240.198 Safari/537.36',
  'upgrade-insecure-requests' => '1',
  'cache-control' => 'max-age=0',
  'connection' => 'keep-alive',
  'host' => 'hr',
  'content-length' => '',
  'content-type' => '',
)
[ info ] [ PARAM ] array (
)
[ info ] [ SESSION ] INIT array (
  'id' => '',
  'var_session_id' => '',
  'prefix' => 'think',
  'type' => '',
  'auto_start' => true,
)
[ info ] [ DB ] INIT mysql
[ info ] [ RUN ] app\admin\controller\Index->Index[ E:\phpstudy_pro\WWW\thinkphp\application\admin\controller\Index.php ]
[ info ] [ VIEW ] E:\phpstudy_pro\WWW\thinkphp\public/../application/admin\view\index\index.html [ array (
) ]
[ info ] [ LOG ] INIT File
[ sql ] [ DB ] CONNECT:[ UseTime:0.000885s ] mysql:host=127.0.0.1;port=3306;dbname=jc_website;charset=utf8
[ sql ] [ SQL ] SHOW COLUMNS FROM `jw_menu` [ RunTime:0.000977s ]
[ sql ] [ SQL ] SELECT * FROM `jw_menu` [ RunTime:0.000257s ]
---------------------------------------------------------------
[ 2021-08-08T01:26:50+08:00 ] 127.0.0.1 GET hr/admin/index/index.html
[运行时间：0.026572s] [吞吐率：37.63req/s] [内存消耗：2,194.45kb] [文件加载：41]
[ info ] [ LANG ] E:\phpstudy_pro\WWW\thinkphp\thinkphp\lang\zh-cn.php
[ info ] [ ROUTE ] array (
  'type' => 'module',
  'module' => 
  array (
    0 => 'admin',
    1 => 'index',
    2 => 'index',
  ),
)
[ info ] [ HEADER ] array (
  'cookie' => 'PHPSESSID=4ic8u2sogis6vq70nfhvpeddu0',
  'accept-language' => 'zh-CN,zh;q=0.9',
  'accept-encoding' => 'gzip, deflate',
  'referer' => 'http://hr/',
  'accept' => 'text/html,application/xhtml+xml,application/xml;q=0.9,image/avif,image/webp,image/apng,*/*;q=0.8,application/signed-exchange;v=b3;q=0.9',
  'user-agent' => 'Mozilla/5.0 (Windows NT 10.0; WOW64) AppleWebKit/537.36 (KHTML, like Gecko) Chrome/86.0.4240.198 Safari/537.36',
  'upgrade-insecure-requests' => '1',
  'cache-control' => 'max-age=0',
  'connection' => 'keep-alive',
  'host' => 'hr',
  'content-length' => '',
  'content-type' => '',
)
[ info ] [ PARAM ] array (
)
[ info ] [ SESSION ] INIT array (
  'id' => '',
  'var_session_id' => '',
  'prefix' => 'think',
  'type' => '',
  'auto_start' => true,
)
[ info ] [ DB ] INIT mysql
[ info ] [ RUN ] app\admin\controller\Index->Index[ E:\phpstudy_pro\WWW\thinkphp\application\admin\controller\Index.php ]
[ info ] [ VIEW ] E:\phpstudy_pro\WWW\thinkphp\public/../application/admin\view\index\index.html [ array (
) ]
[ info ] [ LOG ] INIT File
[ sql ] [ DB ] CONNECT:[ UseTime:0.000876s ] mysql:host=127.0.0.1;port=3306;dbname=jc_website;charset=utf8
[ sql ] [ SQL ] SHOW COLUMNS FROM `jw_menu` [ RunTime:0.000947s ]
[ sql ] [ SQL ] SELECT * FROM `jw_menu` [ RunTime:0.000239s ]
---------------------------------------------------------------
[ 2021-08-08T01:31:01+08:00 ] 127.0.0.1 GET hr/admin/index/index.html
[运行时间：0.033054s] [吞吐率：30.25req/s] [内存消耗：2,195.27kb] [文件加载：41]
[ info ] [ LANG ] E:\phpstudy_pro\WWW\thinkphp\thinkphp\lang\zh-cn.php
[ info ] [ ROUTE ] array (
  'type' => 'module',
  'module' => 
  array (
    0 => 'admin',
    1 => 'index',
    2 => 'index',
  ),
)
[ info ] [ HEADER ] array (
  'cookie' => 'PHPSESSID=4ic8u2sogis6vq70nfhvpeddu0',
  'accept-language' => 'zh-CN,zh;q=0.9',
  'accept-encoding' => 'gzip, deflate',
  'referer' => 'http://hr/',
  'accept' => 'text/html,application/xhtml+xml,application/xml;q=0.9,image/avif,image/webp,image/apng,*/*;q=0.8,application/signed-exchange;v=b3;q=0.9',
  'user-agent' => 'Mozilla/5.0 (Windows NT 10.0; WOW64) AppleWebKit/537.36 (KHTML, like Gecko) Chrome/86.0.4240.198 Safari/537.36',
  'upgrade-insecure-requests' => '1',
  'cache-control' => 'max-age=0',
  'connection' => 'keep-alive',
  'host' => 'hr',
  'content-length' => '',
  'content-type' => '',
)
[ info ] [ PARAM ] array (
)
[ info ] [ SESSION ] INIT array (
  'id' => '',
  'var_session_id' => '',
  'prefix' => 'think',
  'type' => '',
  'auto_start' => true,
)
[ info ] [ DB ] INIT mysql
[ info ] [ RUN ] app\admin\controller\Index->Index[ E:\phpstudy_pro\WWW\thinkphp\application\admin\controller\Index.php ]
[ info ] [ VIEW ] E:\phpstudy_pro\WWW\thinkphp\public/../application/admin\view\index\index.html [ array (
) ]
[ info ] [ LOG ] INIT File
[ sql ] [ DB ] CONNECT:[ UseTime:0.000997s ] mysql:host=127.0.0.1;port=3306;dbname=jc_website;charset=utf8
[ sql ] [ SQL ] SHOW COLUMNS FROM `jw_menu` [ RunTime:0.001065s ]
[ sql ] [ SQL ] SELECT * FROM `jw_menu` [ RunTime:0.000242s ]
---------------------------------------------------------------
[ 2021-08-08T01:31:29+08:00 ] 127.0.0.1 GET hr/admin/index/index.html
[运行时间：0.028238s] [吞吐率：35.41req/s] [内存消耗：2,195.27kb] [文件加载：41]
[ info ] [ LANG ] E:\phpstudy_pro\WWW\thinkphp\thinkphp\lang\zh-cn.php
[ info ] [ ROUTE ] array (
  'type' => 'module',
  'module' => 
  array (
    0 => 'admin',
    1 => 'index',
    2 => 'index',
  ),
)
[ info ] [ HEADER ] array (
  'cookie' => 'PHPSESSID=4ic8u2sogis6vq70nfhvpeddu0',
  'accept-language' => 'zh-CN,zh;q=0.9',
  'accept-encoding' => 'gzip, deflate',
  'referer' => 'http://hr/',
  'accept' => 'text/html,application/xhtml+xml,application/xml;q=0.9,image/avif,image/webp,image/apng,*/*;q=0.8,application/signed-exchange;v=b3;q=0.9',
  'user-agent' => 'Mozilla/5.0 (Windows NT 10.0; WOW64) AppleWebKit/537.36 (KHTML, like Gecko) Chrome/86.0.4240.198 Safari/537.36',
  'upgrade-insecure-requests' => '1',
  'cache-control' => 'max-age=0',
  'connection' => 'keep-alive',
  'host' => 'hr',
  'content-length' => '',
  'content-type' => '',
)
[ info ] [ PARAM ] array (
)
[ info ] [ SESSION ] INIT array (
  'id' => '',
  'var_session_id' => '',
  'prefix' => 'think',
  'type' => '',
  'auto_start' => true,
)
[ info ] [ DB ] INIT mysql
[ info ] [ RUN ] app\admin\controller\Index->Index[ E:\phpstudy_pro\WWW\thinkphp\application\admin\controller\Index.php ]
[ info ] [ VIEW ] E:\phpstudy_pro\WWW\thinkphp\public/../application/admin\view\index\index.html [ array (
) ]
[ info ] [ LOG ] INIT File
[ sql ] [ DB ] CONNECT:[ UseTime:0.000923s ] mysql:host=127.0.0.1;port=3306;dbname=jc_website;charset=utf8
[ sql ] [ SQL ] SHOW COLUMNS FROM `jw_menu` [ RunTime:0.000988s ]
[ sql ] [ SQL ] SELECT * FROM `jw_menu` [ RunTime:0.000240s ]
---------------------------------------------------------------
[ 2021-08-08T01:31:33+08:00 ] 127.0.0.1 GET hr/admin/index/index.html
[运行时间：0.029227s] [吞吐率：34.21req/s] [内存消耗：2,195.27kb] [文件加载：41]
[ info ] [ LANG ] E:\phpstudy_pro\WWW\thinkphp\thinkphp\lang\zh-cn.php
[ info ] [ ROUTE ] array (
  'type' => 'module',
  'module' => 
  array (
    0 => 'admin',
    1 => 'index',
    2 => 'index',
  ),
)
[ info ] [ HEADER ] array (
  'cookie' => 'PHPSESSID=4ic8u2sogis6vq70nfhvpeddu0',
  'accept-language' => 'zh-CN,zh;q=0.9',
  'accept-encoding' => 'gzip, deflate',
  'referer' => 'http://hr/',
  'accept' => 'text/html,application/xhtml+xml,application/xml;q=0.9,image/avif,image/webp,image/apng,*/*;q=0.8,application/signed-exchange;v=b3;q=0.9',
  'user-agent' => 'Mozilla/5.0 (Windows NT 10.0; WOW64) AppleWebKit/537.36 (KHTML, like Gecko) Chrome/86.0.4240.198 Safari/537.36',
  'upgrade-insecure-requests' => '1',
  'cache-control' => 'max-age=0',
  'connection' => 'keep-alive',
  'host' => 'hr',
  'content-length' => '',
  'content-type' => '',
)
[ info ] [ PARAM ] array (
)
[ info ] [ SESSION ] INIT array (
  'id' => '',
  'var_session_id' => '',
  'prefix' => 'think',
  'type' => '',
  'auto_start' => true,
)
[ info ] [ DB ] INIT mysql
[ info ] [ RUN ] app\admin\controller\Index->Index[ E:\phpstudy_pro\WWW\thinkphp\application\admin\controller\Index.php ]
[ info ] [ VIEW ] E:\phpstudy_pro\WWW\thinkphp\public/../application/admin\view\index\index.html [ array (
) ]
[ info ] [ LOG ] INIT File
[ sql ] [ DB ] CONNECT:[ UseTime:0.001008s ] mysql:host=127.0.0.1;port=3306;dbname=jc_website;charset=utf8
[ sql ] [ SQL ] SHOW COLUMNS FROM `jw_menu` [ RunTime:0.001098s ]
[ sql ] [ SQL ] SELECT * FROM `jw_menu` [ RunTime:0.000285s ]
---------------------------------------------------------------
[ 2021-08-08T01:31:34+08:00 ] 127.0.0.1 GET hr/admin/index/index.html
[运行时间：0.033847s] [吞吐率：29.54req/s] [内存消耗：2,195.46kb] [文件加载：41]
[ info ] [ LANG ] E:\phpstudy_pro\WWW\thinkphp\thinkphp\lang\zh-cn.php
[ info ] [ ROUTE ] array (
  'type' => 'module',
  'module' => 
  array (
    0 => 'admin',
    1 => 'index',
    2 => 'index',
  ),
)
[ info ] [ HEADER ] array (
  'cookie' => 'PHPSESSID=4ic8u2sogis6vq70nfhvpeddu0',
  'accept-language' => 'zh-CN,zh;q=0.9',
  'accept-encoding' => 'gzip, deflate',
  'referer' => 'http://hr/',
  'accept' => 'text/html,application/xhtml+xml,application/xml;q=0.9,image/avif,image/webp,image/apng,*/*;q=0.8,application/signed-exchange;v=b3;q=0.9',
  'user-agent' => 'Mozilla/5.0 (Windows NT 10.0; WOW64) AppleWebKit/537.36 (KHTML, like Gecko) Chrome/86.0.4240.198 Safari/537.36',
  'upgrade-insecure-requests' => '1',
  'cache-control' => 'no-cache',
  'pragma' => 'no-cache',
  'connection' => 'keep-alive',
  'host' => 'hr',
  'content-length' => '',
  'content-type' => '',
)
[ info ] [ PARAM ] array (
)
[ info ] [ SESSION ] INIT array (
  'id' => '',
  'var_session_id' => '',
  'prefix' => 'think',
  'type' => '',
  'auto_start' => true,
)
[ info ] [ DB ] INIT mysql
[ info ] [ RUN ] app\admin\controller\Index->Index[ E:\phpstudy_pro\WWW\thinkphp\application\admin\controller\Index.php ]
[ info ] [ VIEW ] E:\phpstudy_pro\WWW\thinkphp\public/../application/admin\view\index\index.html [ array (
) ]
[ info ] [ LOG ] INIT File
[ sql ] [ DB ] CONNECT:[ UseTime:0.000937s ] mysql:host=127.0.0.1;port=3306;dbname=jc_website;charset=utf8
[ sql ] [ SQL ] SHOW COLUMNS FROM `jw_menu` [ RunTime:0.000951s ]
[ sql ] [ SQL ] SELECT * FROM `jw_menu` [ RunTime:0.000244s ]
---------------------------------------------------------------
[ 2021-08-08T01:32:18+08:00 ] 127.0.0.1 GET hr/admin/index/index.html
[运行时间：0.028035s] [吞吐率：35.67req/s] [内存消耗：2,195.02kb] [文件加载：41]
[ info ] [ LANG ] E:\phpstudy_pro\WWW\thinkphp\thinkphp\lang\zh-cn.php
[ info ] [ ROUTE ] array (
  'type' => 'module',
  'module' => 
  array (
    0 => 'admin',
    1 => 'index',
    2 => 'index',
  ),
)
[ info ] [ HEADER ] array (
  'cookie' => 'PHPSESSID=4ic8u2sogis6vq70nfhvpeddu0',
  'accept-language' => 'zh-CN,zh;q=0.9',
  'accept-encoding' => 'gzip, deflate',
  'referer' => 'http://hr/',
  'accept' => 'text/html,application/xhtml+xml,application/xml;q=0.9,image/avif,image/webp,image/apng,*/*;q=0.8,application/signed-exchange;v=b3;q=0.9',
  'user-agent' => 'Mozilla/5.0 (Windows NT 10.0; WOW64) AppleWebKit/537.36 (KHTML, like Gecko) Chrome/86.0.4240.198 Safari/537.36',
  'upgrade-insecure-requests' => '1',
  'cache-control' => 'max-age=0',
  'connection' => 'keep-alive',
  'host' => 'hr',
  'content-length' => '',
  'content-type' => '',
)
[ info ] [ PARAM ] array (
)
[ info ] [ SESSION ] INIT array (
  'id' => '',
  'var_session_id' => '',
  'prefix' => 'think',
  'type' => '',
  'auto_start' => true,
)
[ info ] [ DB ] INIT mysql
[ info ] [ RUN ] app\admin\controller\Index->Index[ E:\phpstudy_pro\WWW\thinkphp\application\admin\controller\Index.php ]
[ info ] [ VIEW ] E:\phpstudy_pro\WWW\thinkphp\public/../application/admin\view\index\index.html [ array (
) ]
[ info ] [ LOG ] INIT File
[ sql ] [ DB ] CONNECT:[ UseTime:0.000882s ] mysql:host=127.0.0.1;port=3306;dbname=jc_website;charset=utf8
[ sql ] [ SQL ] SHOW COLUMNS FROM `jw_menu` [ RunTime:0.001008s ]
[ sql ] [ SQL ] SELECT * FROM `jw_menu` [ RunTime:0.000287s ]
---------------------------------------------------------------
[ 2021-08-08T01:32:32+08:00 ] 127.0.0.1 GET hr/admin/index/index.html
[运行时间：0.025573s] [吞吐率：39.10req/s] [内存消耗：2,195.02kb] [文件加载：41]
[ info ] [ LANG ] E:\phpstudy_pro\WWW\thinkphp\thinkphp\lang\zh-cn.php
[ info ] [ ROUTE ] array (
  'type' => 'module',
  'module' => 
  array (
    0 => 'admin',
    1 => 'index',
    2 => 'index',
  ),
)
[ info ] [ HEADER ] array (
  'cookie' => 'PHPSESSID=4ic8u2sogis6vq70nfhvpeddu0',
  'accept-language' => 'zh-CN,zh;q=0.9',
  'accept-encoding' => 'gzip, deflate',
  'referer' => 'http://hr/',
  'accept' => 'text/html,application/xhtml+xml,application/xml;q=0.9,image/avif,image/webp,image/apng,*/*;q=0.8,application/signed-exchange;v=b3;q=0.9',
  'user-agent' => 'Mozilla/5.0 (Windows NT 10.0; WOW64) AppleWebKit/537.36 (KHTML, like Gecko) Chrome/86.0.4240.198 Safari/537.36',
  'upgrade-insecure-requests' => '1',
  'cache-control' => 'max-age=0',
  'connection' => 'keep-alive',
  'host' => 'hr',
  'content-length' => '',
  'content-type' => '',
)
[ info ] [ PARAM ] array (
)
[ info ] [ SESSION ] INIT array (
  'id' => '',
  'var_session_id' => '',
  'prefix' => 'think',
  'type' => '',
  'auto_start' => true,
)
[ info ] [ DB ] INIT mysql
[ info ] [ RUN ] app\admin\controller\Index->Index[ E:\phpstudy_pro\WWW\thinkphp\application\admin\controller\Index.php ]
[ info ] [ VIEW ] E:\phpstudy_pro\WWW\thinkphp\public/../application/admin\view\index\index.html [ array (
) ]
[ info ] [ LOG ] INIT File
[ sql ] [ DB ] CONNECT:[ UseTime:0.000905s ] mysql:host=127.0.0.1;port=3306;dbname=jc_website;charset=utf8
[ sql ] [ SQL ] SHOW COLUMNS FROM `jw_menu` [ RunTime:0.000975s ]
[ sql ] [ SQL ] SELECT * FROM `jw_menu` [ RunTime:0.000245s ]
---------------------------------------------------------------
[ 2021-08-08T01:32:56+08:00 ] 127.0.0.1 GET hr/admin/index/index.html
[运行时间：0.026574s] [吞吐率：37.63req/s] [内存消耗：2,195.02kb] [文件加载：41]
[ info ] [ LANG ] E:\phpstudy_pro\WWW\thinkphp\thinkphp\lang\zh-cn.php
[ info ] [ ROUTE ] array (
  'type' => 'module',
  'module' => 
  array (
    0 => 'admin',
    1 => 'index',
    2 => 'index',
  ),
)
[ info ] [ HEADER ] array (
  'cookie' => 'PHPSESSID=4ic8u2sogis6vq70nfhvpeddu0',
  'accept-language' => 'zh-CN,zh;q=0.9',
  'accept-encoding' => 'gzip, deflate',
  'referer' => 'http://hr/',
  'accept' => 'text/html,application/xhtml+xml,application/xml;q=0.9,image/avif,image/webp,image/apng,*/*;q=0.8,application/signed-exchange;v=b3;q=0.9',
  'user-agent' => 'Mozilla/5.0 (Windows NT 10.0; WOW64) AppleWebKit/537.36 (KHTML, like Gecko) Chrome/86.0.4240.198 Safari/537.36',
  'upgrade-insecure-requests' => '1',
  'cache-control' => 'max-age=0',
  'connection' => 'keep-alive',
  'host' => 'hr',
  'content-length' => '',
  'content-type' => '',
)
[ info ] [ PARAM ] array (
)
[ info ] [ SESSION ] INIT array (
  'id' => '',
  'var_session_id' => '',
  'prefix' => 'think',
  'type' => '',
  'auto_start' => true,
)
[ info ] [ DB ] INIT mysql
[ info ] [ RUN ] app\admin\controller\Index->Index[ E:\phpstudy_pro\WWW\thinkphp\application\admin\controller\Index.php ]
[ info ] [ VIEW ] E:\phpstudy_pro\WWW\thinkphp\public/../application/admin\view\index\index.html [ array (
) ]
[ info ] [ LOG ] INIT File
[ sql ] [ DB ] CONNECT:[ UseTime:0.001137s ] mysql:host=127.0.0.1;port=3306;dbname=jc_website;charset=utf8
[ sql ] [ SQL ] SHOW COLUMNS FROM `jw_menu` [ RunTime:0.000758s ]
[ sql ] [ SQL ] SELECT * FROM `jw_menu` [ RunTime:0.000237s ]
---------------------------------------------------------------
[ 2021-08-08T01:33:00+08:00 ] 127.0.0.1 GET hr/admin/index/index.html
[运行时间：0.026248s] [吞吐率：38.10req/s] [内存消耗：2,195.02kb] [文件加载：41]
[ info ] [ LANG ] E:\phpstudy_pro\WWW\thinkphp\thinkphp\lang\zh-cn.php
[ info ] [ ROUTE ] array (
  'type' => 'module',
  'module' => 
  array (
    0 => 'admin',
    1 => 'index',
    2 => 'index',
  ),
)
[ info ] [ HEADER ] array (
  'cookie' => 'PHPSESSID=4ic8u2sogis6vq70nfhvpeddu0',
  'accept-language' => 'zh-CN,zh;q=0.9',
  'accept-encoding' => 'gzip, deflate',
  'referer' => 'http://hr/',
  'accept' => 'text/html,application/xhtml+xml,application/xml;q=0.9,image/avif,image/webp,image/apng,*/*;q=0.8,application/signed-exchange;v=b3;q=0.9',
  'user-agent' => 'Mozilla/5.0 (Windows NT 10.0; WOW64) AppleWebKit/537.36 (KHTML, like Gecko) Chrome/86.0.4240.198 Safari/537.36',
  'upgrade-insecure-requests' => '1',
  'cache-control' => 'max-age=0',
  'connection' => 'keep-alive',
  'host' => 'hr',
  'content-length' => '',
  'content-type' => '',
)
[ info ] [ PARAM ] array (
)
[ info ] [ SESSION ] INIT array (
  'id' => '',
  'var_session_id' => '',
  'prefix' => 'think',
  'type' => '',
  'auto_start' => true,
)
[ info ] [ DB ] INIT mysql
[ info ] [ RUN ] app\admin\controller\Index->Index[ E:\phpstudy_pro\WWW\thinkphp\application\admin\controller\Index.php ]
[ info ] [ VIEW ] E:\phpstudy_pro\WWW\thinkphp\public/../application/admin\view\index\index.html [ array (
) ]
[ info ] [ LOG ] INIT File
[ sql ] [ DB ] CONNECT:[ UseTime:0.000897s ] mysql:host=127.0.0.1;port=3306;dbname=jc_website;charset=utf8
[ sql ] [ SQL ] SHOW COLUMNS FROM `jw_menu` [ RunTime:0.000755s ]
[ sql ] [ SQL ] SELECT * FROM `jw_menu` [ RunTime:0.000235s ]
---------------------------------------------------------------
[ 2021-08-08T01:33:06+08:00 ] 127.0.0.1 GET hr/admin/index/index.html
[运行时间：0.048258s] [吞吐率：20.72req/s] [内存消耗：2,195.02kb] [文件加载：41]
[ info ] [ LANG ] E:\phpstudy_pro\WWW\thinkphp\thinkphp\lang\zh-cn.php
[ info ] [ ROUTE ] array (
  'type' => 'module',
  'module' => 
  array (
    0 => 'admin',
    1 => 'index',
    2 => 'index',
  ),
)
[ info ] [ HEADER ] array (
  'cookie' => 'PHPSESSID=4ic8u2sogis6vq70nfhvpeddu0',
  'accept-language' => 'zh-CN,zh;q=0.9',
  'accept-encoding' => 'gzip, deflate',
  'referer' => 'http://hr/',
  'accept' => 'text/html,application/xhtml+xml,application/xml;q=0.9,image/avif,image/webp,image/apng,*/*;q=0.8,application/signed-exchange;v=b3;q=0.9',
  'user-agent' => 'Mozilla/5.0 (Windows NT 10.0; WOW64) AppleWebKit/537.36 (KHTML, like Gecko) Chrome/86.0.4240.198 Safari/537.36',
  'upgrade-insecure-requests' => '1',
  'cache-control' => 'max-age=0',
  'connection' => 'keep-alive',
  'host' => 'hr',
  'content-length' => '',
  'content-type' => '',
)
[ info ] [ PARAM ] array (
)
[ info ] [ SESSION ] INIT array (
  'id' => '',
  'var_session_id' => '',
  'prefix' => 'think',
  'type' => '',
  'auto_start' => true,
)
[ info ] [ DB ] INIT mysql
[ info ] [ RUN ] app\admin\controller\Index->Index[ E:\phpstudy_pro\WWW\thinkphp\application\admin\controller\Index.php ]
[ info ] [ VIEW ] E:\phpstudy_pro\WWW\thinkphp\public/../application/admin\view\index\index.html [ array (
) ]
[ info ] [ LOG ] INIT File
[ sql ] [ DB ] CONNECT:[ UseTime:0.000953s ] mysql:host=127.0.0.1;port=3306;dbname=jc_website;charset=utf8
[ sql ] [ SQL ] SHOW COLUMNS FROM `jw_menu` [ RunTime:0.000792s ]
[ sql ] [ SQL ] SELECT * FROM `jw_menu` [ RunTime:0.000243s ]
---------------------------------------------------------------
[ 2021-08-08T01:33:07+08:00 ] 127.0.0.1 GET hr/admin/index/index.html
[运行时间：0.035286s] [吞吐率：28.34req/s] [内存消耗：2,195.02kb] [文件加载：41]
[ info ] [ LANG ] E:\phpstudy_pro\WWW\thinkphp\thinkphp\lang\zh-cn.php
[ info ] [ ROUTE ] array (
  'type' => 'module',
  'module' => 
  array (
    0 => 'admin',
    1 => 'index',
    2 => 'index',
  ),
)
[ info ] [ HEADER ] array (
  'cookie' => 'PHPSESSID=4ic8u2sogis6vq70nfhvpeddu0',
  'accept-language' => 'zh-CN,zh;q=0.9',
  'accept-encoding' => 'gzip, deflate',
  'referer' => 'http://hr/',
  'accept' => 'text/html,application/xhtml+xml,application/xml;q=0.9,image/avif,image/webp,image/apng,*/*;q=0.8,application/signed-exchange;v=b3;q=0.9',
  'user-agent' => 'Mozilla/5.0 (Windows NT 10.0; WOW64) AppleWebKit/537.36 (KHTML, like Gecko) Chrome/86.0.4240.198 Safari/537.36',
  'upgrade-insecure-requests' => '1',
  'cache-control' => 'max-age=0',
  'connection' => 'keep-alive',
  'host' => 'hr',
  'content-length' => '',
  'content-type' => '',
)
[ info ] [ PARAM ] array (
)
[ info ] [ SESSION ] INIT array (
  'id' => '',
  'var_session_id' => '',
  'prefix' => 'think',
  'type' => '',
  'auto_start' => true,
)
[ info ] [ DB ] INIT mysql
[ info ] [ RUN ] app\admin\controller\Index->Index[ E:\phpstudy_pro\WWW\thinkphp\application\admin\controller\Index.php ]
[ info ] [ VIEW ] E:\phpstudy_pro\WWW\thinkphp\public/../application/admin\view\index\index.html [ array (
) ]
[ info ] [ LOG ] INIT File
[ sql ] [ DB ] CONNECT:[ UseTime:0.000976s ] mysql:host=127.0.0.1;port=3306;dbname=jc_website;charset=utf8
[ sql ] [ SQL ] SHOW COLUMNS FROM `jw_menu` [ RunTime:0.000815s ]
[ sql ] [ SQL ] SELECT * FROM `jw_menu` [ RunTime:0.000263s ]
---------------------------------------------------------------
[ 2021-08-08T01:33:07+08:00 ] 127.0.0.1 GET hr/admin/index/index.html
[运行时间：0.025058s] [吞吐率：39.91req/s] [内存消耗：2,195.02kb] [文件加载：41]
[ info ] [ LANG ] E:\phpstudy_pro\WWW\thinkphp\thinkphp\lang\zh-cn.php
[ info ] [ ROUTE ] array (
  'type' => 'module',
  'module' => 
  array (
    0 => 'admin',
    1 => 'index',
    2 => 'index',
  ),
)
[ info ] [ HEADER ] array (
  'cookie' => 'PHPSESSID=4ic8u2sogis6vq70nfhvpeddu0',
  'accept-language' => 'zh-CN,zh;q=0.9',
  'accept-encoding' => 'gzip, deflate',
  'referer' => 'http://hr/',
  'accept' => 'text/html,application/xhtml+xml,application/xml;q=0.9,image/avif,image/webp,image/apng,*/*;q=0.8,application/signed-exchange;v=b3;q=0.9',
  'user-agent' => 'Mozilla/5.0 (Windows NT 10.0; WOW64) AppleWebKit/537.36 (KHTML, like Gecko) Chrome/86.0.4240.198 Safari/537.36',
  'upgrade-insecure-requests' => '1',
  'cache-control' => 'max-age=0',
  'connection' => 'keep-alive',
  'host' => 'hr',
  'content-length' => '',
  'content-type' => '',
)
[ info ] [ PARAM ] array (
)
[ info ] [ SESSION ] INIT array (
  'id' => '',
  'var_session_id' => '',
  'prefix' => 'think',
  'type' => '',
  'auto_start' => true,
)
[ info ] [ DB ] INIT mysql
[ info ] [ RUN ] app\admin\controller\Index->Index[ E:\phpstudy_pro\WWW\thinkphp\application\admin\controller\Index.php ]
[ info ] [ VIEW ] E:\phpstudy_pro\WWW\thinkphp\public/../application/admin\view\index\index.html [ array (
) ]
[ info ] [ LOG ] INIT File
[ sql ] [ DB ] CONNECT:[ UseTime:0.000870s ] mysql:host=127.0.0.1;port=3306;dbname=jc_website;charset=utf8
[ sql ] [ SQL ] SHOW COLUMNS FROM `jw_menu` [ RunTime:0.000717s ]
[ sql ] [ SQL ] SELECT * FROM `jw_menu` [ RunTime:0.000227s ]
---------------------------------------------------------------
[ 2021-08-08T01:33:18+08:00 ] 127.0.0.1 GET hr/admin/index/index.html
[运行时间：0.027213s] [吞吐率：36.75req/s] [内存消耗：2,195.21kb] [文件加载：41]
[ info ] [ LANG ] E:\phpstudy_pro\WWW\thinkphp\thinkphp\lang\zh-cn.php
[ info ] [ ROUTE ] array (
  'type' => 'module',
  'module' => 
  array (
    0 => 'admin',
    1 => 'index',
    2 => 'index',
  ),
)
[ info ] [ HEADER ] array (
  'cookie' => 'PHPSESSID=4ic8u2sogis6vq70nfhvpeddu0',
  'accept-language' => 'zh-CN,zh;q=0.9',
  'accept-encoding' => 'gzip, deflate',
  'referer' => 'http://hr/',
  'accept' => 'text/html,application/xhtml+xml,application/xml;q=0.9,image/avif,image/webp,image/apng,*/*;q=0.8,application/signed-exchange;v=b3;q=0.9',
  'user-agent' => 'Mozilla/5.0 (Windows NT 10.0; WOW64) AppleWebKit/537.36 (KHTML, like Gecko) Chrome/86.0.4240.198 Safari/537.36',
  'upgrade-insecure-requests' => '1',
  'cache-control' => 'no-cache',
  'pragma' => 'no-cache',
  'connection' => 'keep-alive',
  'host' => 'hr',
  'content-length' => '',
  'content-type' => '',
)
[ info ] [ PARAM ] array (
)
[ info ] [ SESSION ] INIT array (
  'id' => '',
  'var_session_id' => '',
  'prefix' => 'think',
  'type' => '',
  'auto_start' => true,
)
[ info ] [ DB ] INIT mysql
[ info ] [ RUN ] app\admin\controller\Index->Index[ E:\phpstudy_pro\WWW\thinkphp\application\admin\controller\Index.php ]
[ info ] [ VIEW ] E:\phpstudy_pro\WWW\thinkphp\public/../application/admin\view\index\index.html [ array (
) ]
[ info ] [ LOG ] INIT File
[ sql ] [ DB ] CONNECT:[ UseTime:0.000943s ] mysql:host=127.0.0.1;port=3306;dbname=jc_website;charset=utf8
[ sql ] [ SQL ] SHOW COLUMNS FROM `jw_menu` [ RunTime:0.000759s ]
[ sql ] [ SQL ] SELECT * FROM `jw_menu` [ RunTime:0.000235s ]
---------------------------------------------------------------
[ 2021-08-08T01:34:09+08:00 ] 127.0.0.1 GET hr/admin/index/index.html
[运行时间：0.030914s] [吞吐率：32.35req/s] [内存消耗：2,324.84kb] [文件加载：43]
[ info ] [ LANG ] E:\phpstudy_pro\WWW\thinkphp\thinkphp\lang\zh-cn.php
[ info ] [ ROUTE ] array (
  'type' => 'module',
  'module' => 
  array (
    0 => 'admin',
    1 => 'index',
    2 => 'index',
  ),
)
[ info ] [ HEADER ] array (
  'cookie' => 'PHPSESSID=4ic8u2sogis6vq70nfhvpeddu0',
  'accept-language' => 'zh-CN,zh;q=0.9',
  'accept-encoding' => 'gzip, deflate',
  'referer' => 'http://hr/',
  'accept' => 'text/html,application/xhtml+xml,application/xml;q=0.9,image/avif,image/webp,image/apng,*/*;q=0.8,application/signed-exchange;v=b3;q=0.9',
  'user-agent' => 'Mozilla/5.0 (Windows NT 10.0; WOW64) AppleWebKit/537.36 (KHTML, like Gecko) Chrome/86.0.4240.198 Safari/537.36',
  'upgrade-insecure-requests' => '1',
  'cache-control' => 'max-age=0',
  'connection' => 'keep-alive',
  'host' => 'hr',
  'content-length' => '',
  'content-type' => '',
)
[ info ] [ PARAM ] array (
)
[ info ] [ SESSION ] INIT array (
  'id' => '',
  'var_session_id' => '',
  'prefix' => 'think',
  'type' => '',
  'auto_start' => true,
)
[ info ] [ DB ] INIT mysql
[ info ] [ RUN ] app\admin\controller\Index->Index[ E:\phpstudy_pro\WWW\thinkphp\application\admin\controller\Index.php ]
[ info ] [ VIEW ] E:\phpstudy_pro\WWW\thinkphp\public/../application/admin\view\index\index.html [ array (
) ]
[ info ] [ LOG ] INIT File
[ sql ] [ DB ] CONNECT:[ UseTime:0.000931s ] mysql:host=127.0.0.1;port=3306;dbname=jc_website;charset=utf8
[ sql ] [ SQL ] SHOW COLUMNS FROM `jw_menu` [ RunTime:0.000738s ]
[ sql ] [ SQL ] SELECT * FROM `jw_menu` [ RunTime:0.000231s ]
---------------------------------------------------------------
[ 2021-08-08T01:34:23+08:00 ] 127.0.0.1 GET hr/
[运行时间：0.030660s] [吞吐率：32.62req/s] [内存消耗：2,233.41kb] [文件加载：44]
[ info ] [ LANG ] E:\phpstudy_pro\WWW\thinkphp\thinkphp\lang\zh-cn.php
[ info ] [ ROUTE ] array (
  'type' => 'module',
  'module' => 
  array (
    0 => '',
    1 => NULL,
    2 => NULL,
  ),
)
[ info ] [ HEADER ] array (
  'accept-language' => 'zh-CN,zh;q=0.9',
  'accept-encoding' => 'gzip, deflate',
  'accept' => 'text/html,application/xhtml+xml,application/xml;q=0.9,image/avif,image/webp,image/apng,*/*;q=0.8,application/signed-exchange;v=b3;q=0.9',
  'user-agent' => 'Mozilla/5.0 (Windows NT 10.0; WOW64) AppleWebKit/537.36 (KHTML, like Gecko) Chrome/86.0.4240.198 Safari/537.36',
  'upgrade-insecure-requests' => '1',
  'connection' => 'keep-alive',
  'host' => 'hr',
  'content-length' => '',
  'content-type' => '',
)
[ info ] [ PARAM ] array (
)
[ info ] [ DB ] INIT mysql
[ info ] [ SESSION ] INIT array (
  'id' => '',
  'var_session_id' => '',
  'prefix' => 'think',
  'type' => '',
  'auto_start' => true,
)
[ info ] [ LOG ] INIT File
[ sql ] [ DB ] CONNECT:[ UseTime:0.000953s ] mysql:host=127.0.0.1;port=3306;dbname=jc_website;charset=utf8
[ sql ] [ SQL ] SHOW COLUMNS FROM `jw_menu` [ RunTime:0.000801s ]
[ sql ] [ SQL ] SELECT * FROM `jw_menu` [ RunTime:0.000258s ]
[ error ] [8]未定义变量: menulist[E:\phpstudy_pro\WWW\thinkphp\application\common\controller\Common.php:46]
---------------------------------------------------------------
[ 2021-08-08T01:34:47+08:00 ] 127.0.0.1 GET hr/
[运行时间：0.038456s] [吞吐率：26.00req/s] [内存消耗：2,192.11kb] [文件加载：41]
[ info ] [ LANG ] E:\phpstudy_pro\WWW\thinkphp\thinkphp\lang\zh-cn.php
[ info ] [ ROUTE ] array (
  'type' => 'module',
  'module' => 
  array (
    0 => '',
    1 => NULL,
    2 => NULL,
  ),
)
[ info ] [ HEADER ] array (
  'cookie' => 'PHPSESSID=4j542mjl86njdp0jbhoqqi4c4e',
  'accept-language' => 'zh-CN,zh;q=0.9',
  'accept-encoding' => 'gzip, deflate',
  'accept' => 'text/html,application/xhtml+xml,application/xml;q=0.9,image/avif,image/webp,image/apng,*/*;q=0.8,application/signed-exchange;v=b3;q=0.9',
  'user-agent' => 'Mozilla/5.0 (Windows NT 10.0; WOW64) AppleWebKit/537.36 (KHTML, like Gecko) Chrome/86.0.4240.198 Safari/537.36',
  'upgrade-insecure-requests' => '1',
  'cache-control' => 'max-age=0',
  'connection' => 'keep-alive',
  'host' => 'hr',
  'content-length' => '',
  'content-type' => '',
)
[ info ] [ PARAM ] array (
)
[ info ] [ DB ] INIT mysql
[ info ] [ SESSION ] INIT array (
  'id' => '',
  'var_session_id' => '',
  'prefix' => 'think',
  'type' => '',
  'auto_start' => true,
)
[ info ] [ RUN ] app\admin\controller\Login->Login[ E:\phpstudy_pro\WWW\thinkphp\application\admin\controller\Login.php ]
[ info ] [ VIEW ] E:\phpstudy_pro\WWW\thinkphp\public/../application/admin\view\login\login.html [ array (
) ]
[ info ] [ LOG ] INIT File
[ sql ] [ DB ] CONNECT:[ UseTime:0.001066s ] mysql:host=127.0.0.1;port=3306;dbname=jc_website;charset=utf8
[ sql ] [ SQL ] SHOW COLUMNS FROM `jw_menu` [ RunTime:0.000951s ]
[ sql ] [ SQL ] SELECT * FROM `jw_menu` [ RunTime:0.000307s ]
---------------------------------------------------------------
[ 2021-08-08T01:35:00+08:00 ] 127.0.0.1 GET hr/
[运行时间：0.035918s] [吞吐率：27.84req/s] [内存消耗：2,192.11kb] [文件加载：41]
[ info ] [ LANG ] E:\phpstudy_pro\WWW\thinkphp\thinkphp\lang\zh-cn.php
[ info ] [ ROUTE ] array (
  'type' => 'module',
  'module' => 
  array (
    0 => '',
    1 => NULL,
    2 => NULL,
  ),
)
[ info ] [ HEADER ] array (
  'cookie' => 'PHPSESSID=4j542mjl86njdp0jbhoqqi4c4e',
  'accept-language' => 'zh-CN,zh;q=0.9',
  'accept-encoding' => 'gzip, deflate',
  'accept' => 'text/html,application/xhtml+xml,application/xml;q=0.9,image/avif,image/webp,image/apng,*/*;q=0.8,application/signed-exchange;v=b3;q=0.9',
  'user-agent' => 'Mozilla/5.0 (Windows NT 10.0; WOW64) AppleWebKit/537.36 (KHTML, like Gecko) Chrome/86.0.4240.198 Safari/537.36',
  'upgrade-insecure-requests' => '1',
  'cache-control' => 'max-age=0',
  'connection' => 'keep-alive',
  'host' => 'hr',
  'content-length' => '',
  'content-type' => '',
)
[ info ] [ PARAM ] array (
)
[ info ] [ DB ] INIT mysql
[ info ] [ SESSION ] INIT array (
  'id' => '',
  'var_session_id' => '',
  'prefix' => 'think',
  'type' => '',
  'auto_start' => true,
)
[ info ] [ RUN ] app\admin\controller\Login->Login[ E:\phpstudy_pro\WWW\thinkphp\application\admin\controller\Login.php ]
[ info ] [ VIEW ] E:\phpstudy_pro\WWW\thinkphp\public/../application/admin\view\login\login.html [ array (
) ]
[ info ] [ LOG ] INIT File
[ sql ] [ DB ] CONNECT:[ UseTime:0.000969s ] mysql:host=127.0.0.1;port=3306;dbname=jc_website;charset=utf8
[ sql ] [ SQL ] SHOW COLUMNS FROM `jw_menu` [ RunTime:0.000828s ]
[ sql ] [ SQL ] SELECT * FROM `jw_menu` [ RunTime:0.000269s ]
---------------------------------------------------------------
[ 2021-08-08T01:35:08+08:00 ] 127.0.0.1 POST hr/admin/Login/loginJump
[运行时间：0.037299s] [吞吐率：26.81req/s] [内存消耗：2,565.06kb] [文件加载：45]
[ info ] [ LANG ] E:\phpstudy_pro\WWW\thinkphp\thinkphp\lang\zh-cn.php
[ info ] [ ROUTE ] array (
  'type' => 'module',
  'module' => 
  array (
    0 => 'admin',
    1 => 'Login',
    2 => 'loginJump',
  ),
)
[ info ] [ HEADER ] array (
  'cookie' => 'PHPSESSID=4j542mjl86njdp0jbhoqqi4c4e',
  'accept-language' => 'zh-CN,zh;q=0.9',
  'accept-encoding' => 'gzip, deflate',
  'referer' => 'http://hr/',
  'accept' => 'text/html,application/xhtml+xml,application/xml;q=0.9,image/avif,image/webp,image/apng,*/*;q=0.8,application/signed-exchange;v=b3;q=0.9',
  'user-agent' => 'Mozilla/5.0 (Windows NT 10.0; WOW64) AppleWebKit/537.36 (KHTML, like Gecko) Chrome/86.0.4240.198 Safari/537.36',
  'content-type' => 'application/x-www-form-urlencoded',
  'origin' => 'http://hr',
  'upgrade-insecure-requests' => '1',
  'cache-control' => 'max-age=0',
  'content-length' => '39',
  'connection' => 'keep-alive',
  'host' => 'hr',
)
[ info ] [ PARAM ] array (
  'method' => 'login',
  'account' => 'admin',
  'password' => '123',
)
[ info ] [ DB ] INIT mysql
[ info ] [ SESSION ] INIT array (
  'id' => '',
  'var_session_id' => '',
  'prefix' => 'think',
  'type' => '',
  'auto_start' => true,
)
[ info ] [ RUN ] app\admin\controller\Login->loginJump[ E:\phpstudy_pro\WWW\thinkphp\application\admin\controller\Login.php ]
[ info ] [ LOG ] INIT File
[ sql ] [ DB ] CONNECT:[ UseTime:0.001039s ] mysql:host=127.0.0.1;port=3306;dbname=jc_website;charset=utf8
[ sql ] [ SQL ] SHOW COLUMNS FROM `jw_menu` [ RunTime:0.000786s ]
[ sql ] [ SQL ] SELECT * FROM `jw_menu` [ RunTime:0.000254s ]
[ sql ] [ SQL ] SHOW COLUMNS FROM `jw_user` [ RunTime:0.000843s ]
[ sql ] [ SQL ] SELECT * FROM `jw_user` LIMIT 1 [ RunTime:0.000218s ]
---------------------------------------------------------------
[ 2021-08-08T01:35:08+08:00 ] 127.0.0.1 GET hr/admin/index/index.html
[运行时间：0.024897s] [吞吐率：40.17req/s] [内存消耗：2,194.97kb] [文件加载：41]
[ info ] [ LANG ] E:\phpstudy_pro\WWW\thinkphp\thinkphp\lang\zh-cn.php
[ info ] [ ROUTE ] array (
  'type' => 'module',
  'module' => 
  array (
    0 => 'admin',
    1 => 'index',
    2 => 'index',
  ),
)
[ info ] [ HEADER ] array (
  'cookie' => 'PHPSESSID=4j542mjl86njdp0jbhoqqi4c4e',
  'accept-language' => 'zh-CN,zh;q=0.9',
  'accept-encoding' => 'gzip, deflate',
  'referer' => 'http://hr/',
  'accept' => 'text/html,application/xhtml+xml,application/xml;q=0.9,image/avif,image/webp,image/apng,*/*;q=0.8,application/signed-exchange;v=b3;q=0.9',
  'user-agent' => 'Mozilla/5.0 (Windows NT 10.0; WOW64) AppleWebKit/537.36 (KHTML, like Gecko) Chrome/86.0.4240.198 Safari/537.36',
  'upgrade-insecure-requests' => '1',
  'cache-control' => 'max-age=0',
  'connection' => 'keep-alive',
  'host' => 'hr',
  'content-length' => '',
  'content-type' => '',
)
[ info ] [ PARAM ] array (
)
[ info ] [ SESSION ] INIT array (
  'id' => '',
  'var_session_id' => '',
  'prefix' => 'think',
  'type' => '',
  'auto_start' => true,
)
[ info ] [ DB ] INIT mysql
[ info ] [ RUN ] app\admin\controller\Index->Index[ E:\phpstudy_pro\WWW\thinkphp\application\admin\controller\Index.php ]
[ info ] [ VIEW ] E:\phpstudy_pro\WWW\thinkphp\public/../application/admin\view\index\index.html [ array (
) ]
[ info ] [ LOG ] INIT File
[ sql ] [ DB ] CONNECT:[ UseTime:0.000854s ] mysql:host=127.0.0.1;port=3306;dbname=jc_website;charset=utf8
[ sql ] [ SQL ] SHOW COLUMNS FROM `jw_menu` [ RunTime:0.000717s ]
[ sql ] [ SQL ] SELECT * FROM `jw_menu` [ RunTime:0.000231s ]
---------------------------------------------------------------
[ 2021-08-08T01:35:27+08:00 ] 127.0.0.1 GET hr/admin/index/index.html
[运行时间：0.024939s] [吞吐率：40.10req/s] [内存消耗：2,195.27kb] [文件加载：41]
[ info ] [ LANG ] E:\phpstudy_pro\WWW\thinkphp\thinkphp\lang\zh-cn.php
[ info ] [ ROUTE ] array (
  'type' => 'module',
  'module' => 
  array (
    0 => 'admin',
    1 => 'index',
    2 => 'index',
  ),
)
[ info ] [ HEADER ] array (
  'cookie' => 'PHPSESSID=4j542mjl86njdp0jbhoqqi4c4e',
  'accept-language' => 'zh-CN,zh;q=0.9',
  'accept-encoding' => 'gzip, deflate',
  'referer' => 'http://hr/',
  'accept' => 'text/html,application/xhtml+xml,application/xml;q=0.9,image/avif,image/webp,image/apng,*/*;q=0.8,application/signed-exchange;v=b3;q=0.9',
  'user-agent' => 'Mozilla/5.0 (Windows NT 10.0; WOW64) AppleWebKit/537.36 (KHTML, like Gecko) Chrome/86.0.4240.198 Safari/537.36',
  'upgrade-insecure-requests' => '1',
  'cache-control' => 'max-age=0',
  'connection' => 'keep-alive',
  'host' => 'hr',
  'content-length' => '',
  'content-type' => '',
)
[ info ] [ PARAM ] array (
)
[ info ] [ SESSION ] INIT array (
  'id' => '',
  'var_session_id' => '',
  'prefix' => 'think',
  'type' => '',
  'auto_start' => true,
)
[ info ] [ DB ] INIT mysql
[ info ] [ RUN ] app\admin\controller\Index->Index[ E:\phpstudy_pro\WWW\thinkphp\application\admin\controller\Index.php ]
[ info ] [ VIEW ] E:\phpstudy_pro\WWW\thinkphp\public/../application/admin\view\index\index.html [ array (
) ]
[ info ] [ LOG ] INIT File
[ sql ] [ DB ] CONNECT:[ UseTime:0.000886s ] mysql:host=127.0.0.1;port=3306;dbname=jc_website;charset=utf8
[ sql ] [ SQL ] SHOW COLUMNS FROM `jw_menu` [ RunTime:0.000776s ]
[ sql ] [ SQL ] SELECT * FROM `jw_menu` [ RunTime:0.000231s ]
---------------------------------------------------------------
[ 2021-08-08T01:35:43+08:00 ] 127.0.0.1 GET hr/admin/index/index.html
[运行时间：0.028313s] [吞吐率：35.32req/s] [内存消耗：2,195.27kb] [文件加载：41]
[ info ] [ LANG ] E:\phpstudy_pro\WWW\thinkphp\thinkphp\lang\zh-cn.php
[ info ] [ ROUTE ] array (
  'type' => 'module',
  'module' => 
  array (
    0 => 'admin',
    1 => 'index',
    2 => 'index',
  ),
)
[ info ] [ HEADER ] array (
  'cookie' => 'PHPSESSID=4j542mjl86njdp0jbhoqqi4c4e',
  'accept-language' => 'zh-CN,zh;q=0.9',
  'accept-encoding' => 'gzip, deflate',
  'referer' => 'http://hr/',
  'accept' => 'text/html,application/xhtml+xml,application/xml;q=0.9,image/avif,image/webp,image/apng,*/*;q=0.8,application/signed-exchange;v=b3;q=0.9',
  'user-agent' => 'Mozilla/5.0 (Windows NT 10.0; WOW64) AppleWebKit/537.36 (KHTML, like Gecko) Chrome/86.0.4240.198 Safari/537.36',
  'upgrade-insecure-requests' => '1',
  'cache-control' => 'max-age=0',
  'connection' => 'keep-alive',
  'host' => 'hr',
  'content-length' => '',
  'content-type' => '',
)
[ info ] [ PARAM ] array (
)
[ info ] [ SESSION ] INIT array (
  'id' => '',
  'var_session_id' => '',
  'prefix' => 'think',
  'type' => '',
  'auto_start' => true,
)
[ info ] [ DB ] INIT mysql
[ info ] [ RUN ] app\admin\controller\Index->Index[ E:\phpstudy_pro\WWW\thinkphp\application\admin\controller\Index.php ]
[ info ] [ VIEW ] E:\phpstudy_pro\WWW\thinkphp\public/../application/admin\view\index\index.html [ array (
) ]
[ info ] [ LOG ] INIT File
[ sql ] [ DB ] CONNECT:[ UseTime:0.000956s ] mysql:host=127.0.0.1;port=3306;dbname=jc_website;charset=utf8
[ sql ] [ SQL ] SHOW COLUMNS FROM `jw_menu` [ RunTime:0.000756s ]
[ sql ] [ SQL ] SELECT * FROM `jw_menu` [ RunTime:0.000231s ]
---------------------------------------------------------------
[ 2021-08-08T01:35:44+08:00 ] 127.0.0.1 GET hr/admin/index/index.html
[运行时间：0.035078s] [吞吐率：28.51req/s] [内存消耗：2,195.46kb] [文件加载：41]
[ info ] [ LANG ] E:\phpstudy_pro\WWW\thinkphp\thinkphp\lang\zh-cn.php
[ info ] [ ROUTE ] array (
  'type' => 'module',
  'module' => 
  array (
    0 => 'admin',
    1 => 'index',
    2 => 'index',
  ),
)
[ info ] [ HEADER ] array (
  'cookie' => 'PHPSESSID=4j542mjl86njdp0jbhoqqi4c4e',
  'accept-language' => 'zh-CN,zh;q=0.9',
  'accept-encoding' => 'gzip, deflate',
  'referer' => 'http://hr/',
  'accept' => 'text/html,application/xhtml+xml,application/xml;q=0.9,image/avif,image/webp,image/apng,*/*;q=0.8,application/signed-exchange;v=b3;q=0.9',
  'user-agent' => 'Mozilla/5.0 (Windows NT 10.0; WOW64) AppleWebKit/537.36 (KHTML, like Gecko) Chrome/86.0.4240.198 Safari/537.36',
  'upgrade-insecure-requests' => '1',
  'cache-control' => 'no-cache',
  'pragma' => 'no-cache',
  'connection' => 'keep-alive',
  'host' => 'hr',
  'content-length' => '',
  'content-type' => '',
)
[ info ] [ PARAM ] array (
)
[ info ] [ SESSION ] INIT array (
  'id' => '',
  'var_session_id' => '',
  'prefix' => 'think',
  'type' => '',
  'auto_start' => true,
)
[ info ] [ DB ] INIT mysql
[ info ] [ RUN ] app\admin\controller\Index->Index[ E:\phpstudy_pro\WWW\thinkphp\application\admin\controller\Index.php ]
[ info ] [ VIEW ] E:\phpstudy_pro\WWW\thinkphp\public/../application/admin\view\index\index.html [ array (
) ]
[ info ] [ LOG ] INIT File
[ sql ] [ DB ] CONNECT:[ UseTime:0.001009s ] mysql:host=127.0.0.1;port=3306;dbname=jc_website;charset=utf8
[ sql ] [ SQL ] SHOW COLUMNS FROM `jw_menu` [ RunTime:0.000921s ]
[ sql ] [ SQL ] SELECT * FROM `jw_menu` [ RunTime:0.000296s ]
---------------------------------------------------------------
[ 2021-08-08T01:36:16+08:00 ] 127.0.0.1 GET hr/admin/index/index.html
[运行时间：0.029503s] [吞吐率：33.89req/s] [内存消耗：2,195.27kb] [文件加载：41]
[ info ] [ LANG ] E:\phpstudy_pro\WWW\thinkphp\thinkphp\lang\zh-cn.php
[ info ] [ ROUTE ] array (
  'type' => 'module',
  'module' => 
  array (
    0 => 'admin',
    1 => 'index',
    2 => 'index',
  ),
)
[ info ] [ HEADER ] array (
  'cookie' => 'PHPSESSID=4j542mjl86njdp0jbhoqqi4c4e',
  'accept-language' => 'zh-CN,zh;q=0.9',
  'accept-encoding' => 'gzip, deflate',
  'referer' => 'http://hr/',
  'accept' => 'text/html,application/xhtml+xml,application/xml;q=0.9,image/avif,image/webp,image/apng,*/*;q=0.8,application/signed-exchange;v=b3;q=0.9',
  'user-agent' => 'Mozilla/5.0 (Windows NT 10.0; WOW64) AppleWebKit/537.36 (KHTML, like Gecko) Chrome/86.0.4240.198 Safari/537.36',
  'upgrade-insecure-requests' => '1',
  'cache-control' => 'max-age=0',
  'connection' => 'keep-alive',
  'host' => 'hr',
  'content-length' => '',
  'content-type' => '',
)
[ info ] [ PARAM ] array (
)
[ info ] [ SESSION ] INIT array (
  'id' => '',
  'var_session_id' => '',
  'prefix' => 'think',
  'type' => '',
  'auto_start' => true,
)
[ info ] [ DB ] INIT mysql
[ info ] [ RUN ] app\admin\controller\Index->Index[ E:\phpstudy_pro\WWW\thinkphp\application\admin\controller\Index.php ]
[ info ] [ VIEW ] E:\phpstudy_pro\WWW\thinkphp\public/../application/admin\view\index\index.html [ array (
) ]
[ info ] [ LOG ] INIT File
[ sql ] [ DB ] CONNECT:[ UseTime:0.001132s ] mysql:host=127.0.0.1;port=3306;dbname=jc_website;charset=utf8
[ sql ] [ SQL ] SHOW COLUMNS FROM `jw_menu` [ RunTime:0.000955s ]
[ sql ] [ SQL ] SELECT * FROM `jw_menu` [ RunTime:0.000262s ]
---------------------------------------------------------------
[ 2021-08-08T01:36:16+08:00 ] 127.0.0.1 GET hr/admin/index/index.html
[运行时间：0.024819s] [吞吐率：40.29req/s] [内存消耗：2,195.27kb] [文件加载：41]
[ info ] [ LANG ] E:\phpstudy_pro\WWW\thinkphp\thinkphp\lang\zh-cn.php
[ info ] [ ROUTE ] array (
  'type' => 'module',
  'module' => 
  array (
    0 => 'admin',
    1 => 'index',
    2 => 'index',
  ),
)
[ info ] [ HEADER ] array (
  'cookie' => 'PHPSESSID=4j542mjl86njdp0jbhoqqi4c4e',
  'accept-language' => 'zh-CN,zh;q=0.9',
  'accept-encoding' => 'gzip, deflate',
  'referer' => 'http://hr/',
  'accept' => 'text/html,application/xhtml+xml,application/xml;q=0.9,image/avif,image/webp,image/apng,*/*;q=0.8,application/signed-exchange;v=b3;q=0.9',
  'user-agent' => 'Mozilla/5.0 (Windows NT 10.0; WOW64) AppleWebKit/537.36 (KHTML, like Gecko) Chrome/86.0.4240.198 Safari/537.36',
  'upgrade-insecure-requests' => '1',
  'cache-control' => 'max-age=0',
  'connection' => 'keep-alive',
  'host' => 'hr',
  'content-length' => '',
  'content-type' => '',
)
[ info ] [ PARAM ] array (
)
[ info ] [ SESSION ] INIT array (
  'id' => '',
  'var_session_id' => '',
  'prefix' => 'think',
  'type' => '',
  'auto_start' => true,
)
[ info ] [ DB ] INIT mysql
[ info ] [ RUN ] app\admin\controller\Index->Index[ E:\phpstudy_pro\WWW\thinkphp\application\admin\controller\Index.php ]
[ info ] [ VIEW ] E:\phpstudy_pro\WWW\thinkphp\public/../application/admin\view\index\index.html [ array (
) ]
[ info ] [ LOG ] INIT File
[ sql ] [ DB ] CONNECT:[ UseTime:0.000956s ] mysql:host=127.0.0.1;port=3306;dbname=jc_website;charset=utf8
[ sql ] [ SQL ] SHOW COLUMNS FROM `jw_menu` [ RunTime:0.000739s ]
[ sql ] [ SQL ] SELECT * FROM `jw_menu` [ RunTime:0.000226s ]
---------------------------------------------------------------
[ 2021-08-08T01:36:17+08:00 ] 127.0.0.1 GET hr/admin/index/index.html
[运行时间：0.043216s] [吞吐率：23.14req/s] [内存消耗：2,195.27kb] [文件加载：41]
[ info ] [ LANG ] E:\phpstudy_pro\WWW\thinkphp\thinkphp\lang\zh-cn.php
[ info ] [ ROUTE ] array (
  'type' => 'module',
  'module' => 
  array (
    0 => 'admin',
    1 => 'index',
    2 => 'index',
  ),
)
[ info ] [ HEADER ] array (
  'cookie' => 'PHPSESSID=4j542mjl86njdp0jbhoqqi4c4e',
  'accept-language' => 'zh-CN,zh;q=0.9',
  'accept-encoding' => 'gzip, deflate',
  'referer' => 'http://hr/',
  'accept' => 'text/html,application/xhtml+xml,application/xml;q=0.9,image/avif,image/webp,image/apng,*/*;q=0.8,application/signed-exchange;v=b3;q=0.9',
  'user-agent' => 'Mozilla/5.0 (Windows NT 10.0; WOW64) AppleWebKit/537.36 (KHTML, like Gecko) Chrome/86.0.4240.198 Safari/537.36',
  'upgrade-insecure-requests' => '1',
  'cache-control' => 'max-age=0',
  'connection' => 'keep-alive',
  'host' => 'hr',
  'content-length' => '',
  'content-type' => '',
)
[ info ] [ PARAM ] array (
)
[ info ] [ SESSION ] INIT array (
  'id' => '',
  'var_session_id' => '',
  'prefix' => 'think',
  'type' => '',
  'auto_start' => true,
)
[ info ] [ DB ] INIT mysql
[ info ] [ RUN ] app\admin\controller\Index->Index[ E:\phpstudy_pro\WWW\thinkphp\application\admin\controller\Index.php ]
[ info ] [ VIEW ] E:\phpstudy_pro\WWW\thinkphp\public/../application/admin\view\index\index.html [ array (
) ]
[ info ] [ LOG ] INIT File
[ sql ] [ DB ] CONNECT:[ UseTime:0.001025s ] mysql:host=127.0.0.1;port=3306;dbname=jc_website;charset=utf8
[ sql ] [ SQL ] SHOW COLUMNS FROM `jw_menu` [ RunTime:0.000875s ]
[ sql ] [ SQL ] SELECT * FROM `jw_menu` [ RunTime:0.000306s ]
---------------------------------------------------------------
[ 2021-08-08T01:36:17+08:00 ] 127.0.0.1 GET hr/admin/index/index.html
[运行时间：0.025512s] [吞吐率：39.20req/s] [内存消耗：2,195.27kb] [文件加载：41]
[ info ] [ LANG ] E:\phpstudy_pro\WWW\thinkphp\thinkphp\lang\zh-cn.php
[ info ] [ ROUTE ] array (
  'type' => 'module',
  'module' => 
  array (
    0 => 'admin',
    1 => 'index',
    2 => 'index',
  ),
)
[ info ] [ HEADER ] array (
  'cookie' => 'PHPSESSID=4j542mjl86njdp0jbhoqqi4c4e',
  'accept-language' => 'zh-CN,zh;q=0.9',
  'accept-encoding' => 'gzip, deflate',
  'referer' => 'http://hr/',
  'accept' => 'text/html,application/xhtml+xml,application/xml;q=0.9,image/avif,image/webp,image/apng,*/*;q=0.8,application/signed-exchange;v=b3;q=0.9',
  'user-agent' => 'Mozilla/5.0 (Windows NT 10.0; WOW64) AppleWebKit/537.36 (KHTML, like Gecko) Chrome/86.0.4240.198 Safari/537.36',
  'upgrade-insecure-requests' => '1',
  'cache-control' => 'max-age=0',
  'connection' => 'keep-alive',
  'host' => 'hr',
  'content-length' => '',
  'content-type' => '',
)
[ info ] [ PARAM ] array (
)
[ info ] [ SESSION ] INIT array (
  'id' => '',
  'var_session_id' => '',
  'prefix' => 'think',
  'type' => '',
  'auto_start' => true,
)
[ info ] [ DB ] INIT mysql
[ info ] [ RUN ] app\admin\controller\Index->Index[ E:\phpstudy_pro\WWW\thinkphp\application\admin\controller\Index.php ]
[ info ] [ VIEW ] E:\phpstudy_pro\WWW\thinkphp\public/../application/admin\view\index\index.html [ array (
) ]
[ info ] [ LOG ] INIT File
[ sql ] [ DB ] CONNECT:[ UseTime:0.000888s ] mysql:host=127.0.0.1;port=3306;dbname=jc_website;charset=utf8
[ sql ] [ SQL ] SHOW COLUMNS FROM `jw_menu` [ RunTime:0.000733s ]
[ sql ] [ SQL ] SELECT * FROM `jw_menu` [ RunTime:0.000249s ]
---------------------------------------------------------------
[ 2021-08-08T01:36:18+08:00 ] 127.0.0.1 GET hr/admin/index/index.html
[运行时间：0.029649s] [吞吐率：33.73req/s] [内存消耗：2,195.46kb] [文件加载：41]
[ info ] [ LANG ] E:\phpstudy_pro\WWW\thinkphp\thinkphp\lang\zh-cn.php
[ info ] [ ROUTE ] array (
  'type' => 'module',
  'module' => 
  array (
    0 => 'admin',
    1 => 'index',
    2 => 'index',
  ),
)
[ info ] [ HEADER ] array (
  'cookie' => 'PHPSESSID=4j542mjl86njdp0jbhoqqi4c4e',
  'accept-language' => 'zh-CN,zh;q=0.9',
  'accept-encoding' => 'gzip, deflate',
  'referer' => 'http://hr/',
  'accept' => 'text/html,application/xhtml+xml,application/xml;q=0.9,image/avif,image/webp,image/apng,*/*;q=0.8,application/signed-exchange;v=b3;q=0.9',
  'user-agent' => 'Mozilla/5.0 (Windows NT 10.0; WOW64) AppleWebKit/537.36 (KHTML, like Gecko) Chrome/86.0.4240.198 Safari/537.36',
  'upgrade-insecure-requests' => '1',
  'cache-control' => 'no-cache',
  'pragma' => 'no-cache',
  'connection' => 'keep-alive',
  'host' => 'hr',
  'content-length' => '',
  'content-type' => '',
)
[ info ] [ PARAM ] array (
)
[ info ] [ SESSION ] INIT array (
  'id' => '',
  'var_session_id' => '',
  'prefix' => 'think',
  'type' => '',
  'auto_start' => true,
)
[ info ] [ DB ] INIT mysql
[ info ] [ RUN ] app\admin\controller\Index->Index[ E:\phpstudy_pro\WWW\thinkphp\application\admin\controller\Index.php ]
[ info ] [ VIEW ] E:\phpstudy_pro\WWW\thinkphp\public/../application/admin\view\index\index.html [ array (
) ]
[ info ] [ LOG ] INIT File
[ sql ] [ DB ] CONNECT:[ UseTime:0.001015s ] mysql:host=127.0.0.1;port=3306;dbname=jc_website;charset=utf8
[ sql ] [ SQL ] SHOW COLUMNS FROM `jw_menu` [ RunTime:0.000859s ]
[ sql ] [ SQL ] SELECT * FROM `jw_menu` [ RunTime:0.000292s ]
---------------------------------------------------------------
[ 2021-08-08T01:36:18+08:00 ] 127.0.0.1 GET hr/admin/index/index.html
[运行时间：0.036863s] [吞吐率：27.13req/s] [内存消耗：2,195.46kb] [文件加载：41]
[ info ] [ LANG ] E:\phpstudy_pro\WWW\thinkphp\thinkphp\lang\zh-cn.php
[ info ] [ ROUTE ] array (
  'type' => 'module',
  'module' => 
  array (
    0 => 'admin',
    1 => 'index',
    2 => 'index',
  ),
)
[ info ] [ HEADER ] array (
  'cookie' => 'PHPSESSID=4j542mjl86njdp0jbhoqqi4c4e',
  'accept-language' => 'zh-CN,zh;q=0.9',
  'accept-encoding' => 'gzip, deflate',
  'referer' => 'http://hr/',
  'accept' => 'text/html,application/xhtml+xml,application/xml;q=0.9,image/avif,image/webp,image/apng,*/*;q=0.8,application/signed-exchange;v=b3;q=0.9',
  'user-agent' => 'Mozilla/5.0 (Windows NT 10.0; WOW64) AppleWebKit/537.36 (KHTML, like Gecko) Chrome/86.0.4240.198 Safari/537.36',
  'upgrade-insecure-requests' => '1',
  'cache-control' => 'no-cache',
  'pragma' => 'no-cache',
  'connection' => 'keep-alive',
  'host' => 'hr',
  'content-length' => '',
  'content-type' => '',
)
[ info ] [ PARAM ] array (
)
[ info ] [ SESSION ] INIT array (
  'id' => '',
  'var_session_id' => '',
  'prefix' => 'think',
  'type' => '',
  'auto_start' => true,
)
[ info ] [ DB ] INIT mysql
[ info ] [ RUN ] app\admin\controller\Index->Index[ E:\phpstudy_pro\WWW\thinkphp\application\admin\controller\Index.php ]
[ info ] [ VIEW ] E:\phpstudy_pro\WWW\thinkphp\public/../application/admin\view\index\index.html [ array (
) ]
[ info ] [ LOG ] INIT File
[ sql ] [ DB ] CONNECT:[ UseTime:0.000874s ] mysql:host=127.0.0.1;port=3306;dbname=jc_website;charset=utf8
[ sql ] [ SQL ] SHOW COLUMNS FROM `jw_menu` [ RunTime:0.000802s ]
[ sql ] [ SQL ] SELECT * FROM `jw_menu` [ RunTime:0.000247s ]
---------------------------------------------------------------
[ 2021-08-08T01:36:24+08:00 ] 127.0.0.1 GET hr/
[运行时间：0.026970s] [吞吐率：37.08req/s] [内存消耗：2,192.55kb] [文件加载：41]
[ info ] [ LANG ] E:\phpstudy_pro\WWW\thinkphp\thinkphp\lang\zh-cn.php
[ info ] [ ROUTE ] array (
  'type' => 'module',
  'module' => 
  array (
    0 => '',
    1 => NULL,
    2 => NULL,
  ),
)
[ info ] [ HEADER ] array (
  'cookie' => 'PHPSESSID=4ic8u2sogis6vq70nfhvpeddu0',
  'accept-language' => 'zh-CN,zh;q=0.9',
  'accept-encoding' => 'gzip, deflate',
  'accept' => 'text/html,application/xhtml+xml,application/xml;q=0.9,image/avif,image/webp,image/apng,*/*;q=0.8,application/signed-exchange;v=b3;q=0.9',
  'user-agent' => 'Mozilla/5.0 (Windows NT 10.0; WOW64) AppleWebKit/537.36 (KHTML, like Gecko) Chrome/86.0.4240.198 Safari/537.36',
  'upgrade-insecure-requests' => '1',
  'connection' => 'keep-alive',
  'host' => 'hr',
  'content-length' => '',
  'content-type' => '',
)
[ info ] [ PARAM ] array (
)
[ info ] [ DB ] INIT mysql
[ info ] [ SESSION ] INIT array (
  'id' => '',
  'var_session_id' => '',
  'prefix' => 'think',
  'type' => '',
  'auto_start' => true,
)
[ info ] [ RUN ] app\admin\controller\Login->Login[ E:\phpstudy_pro\WWW\thinkphp\application\admin\controller\Login.php ]
[ info ] [ VIEW ] E:\phpstudy_pro\WWW\thinkphp\public/../application/admin\view\login\login.html [ array (
) ]
[ info ] [ LOG ] INIT File
[ sql ] [ DB ] CONNECT:[ UseTime:0.000910s ] mysql:host=127.0.0.1;port=3306;dbname=jc_website;charset=utf8
[ sql ] [ SQL ] SHOW COLUMNS FROM `jw_menu` [ RunTime:0.000777s ]
[ sql ] [ SQL ] SELECT * FROM `jw_menu` [ RunTime:0.000238s ]
---------------------------------------------------------------
[ 2021-08-08T01:36:26+08:00 ] 127.0.0.1 POST hr/admin/Login/loginJump
[运行时间：0.031018s] [吞吐率：32.24req/s] [内存消耗：2,565.25kb] [文件加载：45]
[ info ] [ LANG ] E:\phpstudy_pro\WWW\thinkphp\thinkphp\lang\zh-cn.php
[ info ] [ ROUTE ] array (
  'type' => 'module',
  'module' => 
  array (
    0 => 'admin',
    1 => 'Login',
    2 => 'loginJump',
  ),
)
[ info ] [ HEADER ] array (
  'cookie' => 'PHPSESSID=4ic8u2sogis6vq70nfhvpeddu0',
  'accept-language' => 'zh-CN,zh;q=0.9',
  'accept-encoding' => 'gzip, deflate',
  'referer' => 'http://hr/',
  'accept' => 'text/html,application/xhtml+xml,application/xml;q=0.9,image/avif,image/webp,image/apng,*/*;q=0.8,application/signed-exchange;v=b3;q=0.9',
  'user-agent' => 'Mozilla/5.0 (Windows NT 10.0; WOW64) AppleWebKit/537.36 (KHTML, like Gecko) Chrome/86.0.4240.198 Safari/537.36',
  'content-type' => 'application/x-www-form-urlencoded',
  'origin' => 'http://hr',
  'upgrade-insecure-requests' => '1',
  'cache-control' => 'max-age=0',
  'content-length' => '39',
  'connection' => 'keep-alive',
  'host' => 'hr',
)
[ info ] [ PARAM ] array (
  'method' => 'login',
  'account' => 'admin',
  'password' => '123',
)
[ info ] [ DB ] INIT mysql
[ info ] [ SESSION ] INIT array (
  'id' => '',
  'var_session_id' => '',
  'prefix' => 'think',
  'type' => '',
  'auto_start' => true,
)
[ info ] [ RUN ] app\admin\controller\Login->loginJump[ E:\phpstudy_pro\WWW\thinkphp\application\admin\controller\Login.php ]
[ info ] [ LOG ] INIT File
[ sql ] [ DB ] CONNECT:[ UseTime:0.000950s ] mysql:host=127.0.0.1;port=3306;dbname=jc_website;charset=utf8
[ sql ] [ SQL ] SHOW COLUMNS FROM `jw_menu` [ RunTime:0.000796s ]
[ sql ] [ SQL ] SELECT * FROM `jw_menu` [ RunTime:0.000247s ]
[ sql ] [ SQL ] SHOW COLUMNS FROM `jw_user` [ RunTime:0.000908s ]
[ sql ] [ SQL ] SELECT * FROM `jw_user` LIMIT 1 [ RunTime:0.000267s ]
---------------------------------------------------------------
[ 2021-08-08T01:36:26+08:00 ] 127.0.0.1 GET hr/admin/index/index.html
[运行时间：0.026140s] [吞吐率：38.26req/s] [内存消耗：2,195.27kb] [文件加载：41]
[ info ] [ LANG ] E:\phpstudy_pro\WWW\thinkphp\thinkphp\lang\zh-cn.php
[ info ] [ ROUTE ] array (
  'type' => 'module',
  'module' => 
  array (
    0 => 'admin',
    1 => 'index',
    2 => 'index',
  ),
)
[ info ] [ HEADER ] array (
  'cookie' => 'PHPSESSID=4ic8u2sogis6vq70nfhvpeddu0',
  'accept-language' => 'zh-CN,zh;q=0.9',
  'accept-encoding' => 'gzip, deflate',
  'referer' => 'http://hr/',
  'accept' => 'text/html,application/xhtml+xml,application/xml;q=0.9,image/avif,image/webp,image/apng,*/*;q=0.8,application/signed-exchange;v=b3;q=0.9',
  'user-agent' => 'Mozilla/5.0 (Windows NT 10.0; WOW64) AppleWebKit/537.36 (KHTML, like Gecko) Chrome/86.0.4240.198 Safari/537.36',
  'upgrade-insecure-requests' => '1',
  'cache-control' => 'max-age=0',
  'connection' => 'keep-alive',
  'host' => 'hr',
  'content-length' => '',
  'content-type' => '',
)
[ info ] [ PARAM ] array (
)
[ info ] [ SESSION ] INIT array (
  'id' => '',
  'var_session_id' => '',
  'prefix' => 'think',
  'type' => '',
  'auto_start' => true,
)
[ info ] [ DB ] INIT mysql
[ info ] [ RUN ] app\admin\controller\Index->Index[ E:\phpstudy_pro\WWW\thinkphp\application\admin\controller\Index.php ]
[ info ] [ VIEW ] E:\phpstudy_pro\WWW\thinkphp\public/../application/admin\view\index\index.html [ array (
) ]
[ info ] [ LOG ] INIT File
[ sql ] [ DB ] CONNECT:[ UseTime:0.000859s ] mysql:host=127.0.0.1;port=3306;dbname=jc_website;charset=utf8
[ sql ] [ SQL ] SHOW COLUMNS FROM `jw_menu` [ RunTime:0.000773s ]
[ sql ] [ SQL ] SELECT * FROM `jw_menu` [ RunTime:0.000252s ]
---------------------------------------------------------------
[ 2021-08-08T01:37:04+08:00 ] 127.0.0.1 GET hr/admin/index/index.html
[运行时间：0.046202s] [吞吐率：21.64req/s] [内存消耗：2,195.46kb] [文件加载：41]
[ info ] [ LANG ] E:\phpstudy_pro\WWW\thinkphp\thinkphp\lang\zh-cn.php
[ info ] [ ROUTE ] array (
  'type' => 'module',
  'module' => 
  array (
    0 => 'admin',
    1 => 'index',
    2 => 'index',
  ),
)
[ info ] [ HEADER ] array (
  'cookie' => 'PHPSESSID=4ic8u2sogis6vq70nfhvpeddu0',
  'accept-language' => 'zh-CN,zh;q=0.9',
  'accept-encoding' => 'gzip, deflate',
  'referer' => 'http://hr/',
  'accept' => 'text/html,application/xhtml+xml,application/xml;q=0.9,image/avif,image/webp,image/apng,*/*;q=0.8,application/signed-exchange;v=b3;q=0.9',
  'user-agent' => 'Mozilla/5.0 (Windows NT 10.0; WOW64) AppleWebKit/537.36 (KHTML, like Gecko) Chrome/86.0.4240.198 Safari/537.36',
  'upgrade-insecure-requests' => '1',
  'cache-control' => 'no-cache',
  'pragma' => 'no-cache',
  'connection' => 'keep-alive',
  'host' => 'hr',
  'content-length' => '',
  'content-type' => '',
)
[ info ] [ PARAM ] array (
)
[ info ] [ SESSION ] INIT array (
  'id' => '',
  'var_session_id' => '',
  'prefix' => 'think',
  'type' => '',
  'auto_start' => true,
)
[ info ] [ DB ] INIT mysql
[ info ] [ RUN ] app\admin\controller\Index->Index[ E:\phpstudy_pro\WWW\thinkphp\application\admin\controller\Index.php ]
[ info ] [ VIEW ] E:\phpstudy_pro\WWW\thinkphp\public/../application/admin\view\index\index.html [ array (
) ]
[ info ] [ LOG ] INIT File
[ sql ] [ DB ] CONNECT:[ UseTime:0.001287s ] mysql:host=127.0.0.1;port=3306;dbname=jc_website;charset=utf8
[ sql ] [ SQL ] SHOW COLUMNS FROM `jw_menu` [ RunTime:0.001071s ]
[ sql ] [ SQL ] SELECT * FROM `jw_menu` [ RunTime:0.000352s ]
---------------------------------------------------------------
[ 2021-08-08T01:37:09+08:00 ] 127.0.0.1 GET hr/admin/index/index.html
[运行时间：0.040642s] [吞吐率：24.61req/s] [内存消耗：2,195.27kb] [文件加载：41]
[ info ] [ LANG ] E:\phpstudy_pro\WWW\thinkphp\thinkphp\lang\zh-cn.php
[ info ] [ ROUTE ] array (
  'type' => 'module',
  'module' => 
  array (
    0 => 'admin',
    1 => 'index',
    2 => 'index',
  ),
)
[ info ] [ HEADER ] array (
  'cookie' => 'PHPSESSID=4ic8u2sogis6vq70nfhvpeddu0',
  'accept-language' => 'zh-CN,zh;q=0.9',
  'accept-encoding' => 'gzip, deflate',
  'referer' => 'http://hr/',
  'accept' => 'text/html,application/xhtml+xml,application/xml;q=0.9,image/avif,image/webp,image/apng,*/*;q=0.8,application/signed-exchange;v=b3;q=0.9',
  'user-agent' => 'Mozilla/5.0 (Windows NT 10.0; WOW64) AppleWebKit/537.36 (KHTML, like Gecko) Chrome/86.0.4240.198 Safari/537.36',
  'upgrade-insecure-requests' => '1',
  'cache-control' => 'max-age=0',
  'connection' => 'keep-alive',
  'host' => 'hr',
  'content-length' => '',
  'content-type' => '',
)
[ info ] [ PARAM ] array (
)
[ info ] [ SESSION ] INIT array (
  'id' => '',
  'var_session_id' => '',
  'prefix' => 'think',
  'type' => '',
  'auto_start' => true,
)
[ info ] [ DB ] INIT mysql
[ info ] [ RUN ] app\admin\controller\Index->Index[ E:\phpstudy_pro\WWW\thinkphp\application\admin\controller\Index.php ]
[ info ] [ VIEW ] E:\phpstudy_pro\WWW\thinkphp\public/../application/admin\view\index\index.html [ array (
) ]
[ info ] [ LOG ] INIT File
[ sql ] [ DB ] CONNECT:[ UseTime:0.000884s ] mysql:host=127.0.0.1;port=3306;dbname=jc_website;charset=utf8
[ sql ] [ SQL ] SHOW COLUMNS FROM `jw_menu` [ RunTime:0.000775s ]
[ sql ] [ SQL ] SELECT * FROM `jw_menu` [ RunTime:0.000251s ]
---------------------------------------------------------------
[ 2021-08-08T01:41:52+08:00 ] 127.0.0.1 GET hr/
[运行时间：0.041022s] [吞吐率：24.38req/s] [内存消耗：2,192.55kb] [文件加载：41]
[ info ] [ LANG ] E:\phpstudy_pro\WWW\thinkphp\thinkphp\lang\zh-cn.php
[ info ] [ ROUTE ] array (
  'type' => 'module',
  'module' => 
  array (
    0 => '',
    1 => NULL,
    2 => NULL,
  ),
)
[ info ] [ HEADER ] array (
  'cookie' => 'PHPSESSID=4ic8u2sogis6vq70nfhvpeddu0',
  'accept-language' => 'zh-CN,zh;q=0.9',
  'accept-encoding' => 'gzip, deflate',
  'accept' => 'text/html,application/xhtml+xml,application/xml;q=0.9,image/avif,image/webp,image/apng,*/*;q=0.8,application/signed-exchange;v=b3;q=0.9',
  'user-agent' => 'Mozilla/5.0 (Windows NT 10.0; WOW64) AppleWebKit/537.36 (KHTML, like Gecko) Chrome/86.0.4240.198 Safari/537.36',
  'upgrade-insecure-requests' => '1',
  'connection' => 'keep-alive',
  'host' => 'hr',
  'content-length' => '',
  'content-type' => '',
)
[ info ] [ PARAM ] array (
)
[ info ] [ DB ] INIT mysql
[ info ] [ SESSION ] INIT array (
  'id' => '',
  'var_session_id' => '',
  'prefix' => 'think',
  'type' => '',
  'auto_start' => true,
)
[ info ] [ RUN ] app\admin\controller\Login->Login[ E:\phpstudy_pro\WWW\thinkphp\application\admin\controller\Login.php ]
[ info ] [ VIEW ] E:\phpstudy_pro\WWW\thinkphp\public/../application/admin\view\login\login.html [ array (
) ]
[ info ] [ LOG ] INIT File
[ sql ] [ DB ] CONNECT:[ UseTime:0.009685s ] mysql:host=127.0.0.1;port=3306;dbname=jc_website;charset=utf8
[ sql ] [ SQL ] SHOW COLUMNS FROM `jw_menu` [ RunTime:0.000910s ]
[ sql ] [ SQL ] SELECT * FROM `jw_menu` [ RunTime:0.000266s ]
---------------------------------------------------------------
[ 2021-08-08T01:44:18+08:00 ] 127.0.0.1 GET hr/
[运行时间：0.023058s] [吞吐率：43.37req/s] [内存消耗：1,306.16kb] [文件加载：34]
[ info ] [ LANG ] E:\phpstudy_pro\WWW\thinkphp\thinkphp\lang\zh-cn.php
[ info ] [ ROUTE ] array (
  'type' => 'module',
  'module' => 
  array (
    0 => '',
    1 => NULL,
    2 => NULL,
  ),
)
[ info ] [ HEADER ] array (
  'cookie' => 'PHPSESSID=4ic8u2sogis6vq70nfhvpeddu0',
  'accept-language' => 'zh-CN,zh;q=0.9',
  'accept-encoding' => 'gzip, deflate',
  'accept' => 'text/html,application/xhtml+xml,application/xml;q=0.9,image/avif,image/webp,image/apng,*/*;q=0.8,application/signed-exchange;v=b3;q=0.9',
  'user-agent' => 'Mozilla/5.0 (Windows NT 10.0; WOW64) AppleWebKit/537.36 (KHTML, like Gecko) Chrome/86.0.4240.198 Safari/537.36',
  'upgrade-insecure-requests' => '1',
  'cache-control' => 'max-age=0',
  'connection' => 'keep-alive',
  'host' => 'hr',
  'content-length' => '',
  'content-type' => '',
)
[ info ] [ PARAM ] array (
)
[ info ] [ RUN ] app\admin\controller\Login->Login[ E:\phpstudy_pro\WWW\thinkphp\application\admin\controller\Login.php ]
[ info ] [ VIEW ] E:\phpstudy_pro\WWW\thinkphp\public/../application/admin\view\login\login.html [ array (
) ]
[ info ] [ LOG ] INIT File
---------------------------------------------------------------
[ 2021-08-08T01:44:18+08:00 ] 127.0.0.1 GET hr/
[运行时间：0.028468s] [吞吐率：35.13req/s] [内存消耗：1,306.16kb] [文件加载：34]
[ info ] [ LANG ] E:\phpstudy_pro\WWW\thinkphp\thinkphp\lang\zh-cn.php
[ info ] [ ROUTE ] array (
  'type' => 'module',
  'module' => 
  array (
    0 => '',
    1 => NULL,
    2 => NULL,
  ),
)
[ info ] [ HEADER ] array (
  'cookie' => 'PHPSESSID=4ic8u2sogis6vq70nfhvpeddu0',
  'accept-language' => 'zh-CN,zh;q=0.9',
  'accept-encoding' => 'gzip, deflate',
  'accept' => 'text/html,application/xhtml+xml,application/xml;q=0.9,image/avif,image/webp,image/apng,*/*;q=0.8,application/signed-exchange;v=b3;q=0.9',
  'user-agent' => 'Mozilla/5.0 (Windows NT 10.0; WOW64) AppleWebKit/537.36 (KHTML, like Gecko) Chrome/86.0.4240.198 Safari/537.36',
  'upgrade-insecure-requests' => '1',
  'cache-control' => 'max-age=0',
  'connection' => 'keep-alive',
  'host' => 'hr',
  'content-length' => '',
  'content-type' => '',
)
[ info ] [ PARAM ] array (
)
[ info ] [ RUN ] app\admin\controller\Login->Login[ E:\phpstudy_pro\WWW\thinkphp\application\admin\controller\Login.php ]
[ info ] [ VIEW ] E:\phpstudy_pro\WWW\thinkphp\public/../application/admin\view\login\login.html [ array (
) ]
[ info ] [ LOG ] INIT File
---------------------------------------------------------------
[ 2021-08-08T01:44:19+08:00 ] 127.0.0.1 GET hr/
[运行时间：0.016599s] [吞吐率：60.24req/s] [内存消耗：1,306.16kb] [文件加载：34]
[ info ] [ LANG ] E:\phpstudy_pro\WWW\thinkphp\thinkphp\lang\zh-cn.php
[ info ] [ ROUTE ] array (
  'type' => 'module',
  'module' => 
  array (
    0 => '',
    1 => NULL,
    2 => NULL,
  ),
)
[ info ] [ HEADER ] array (
  'cookie' => 'PHPSESSID=4ic8u2sogis6vq70nfhvpeddu0',
  'accept-language' => 'zh-CN,zh;q=0.9',
  'accept-encoding' => 'gzip, deflate',
  'accept' => 'text/html,application/xhtml+xml,application/xml;q=0.9,image/avif,image/webp,image/apng,*/*;q=0.8,application/signed-exchange;v=b3;q=0.9',
  'user-agent' => 'Mozilla/5.0 (Windows NT 10.0; WOW64) AppleWebKit/537.36 (KHTML, like Gecko) Chrome/86.0.4240.198 Safari/537.36',
  'upgrade-insecure-requests' => '1',
  'cache-control' => 'max-age=0',
  'connection' => 'keep-alive',
  'host' => 'hr',
  'content-length' => '',
  'content-type' => '',
)
[ info ] [ PARAM ] array (
)
[ info ] [ RUN ] app\admin\controller\Login->Login[ E:\phpstudy_pro\WWW\thinkphp\application\admin\controller\Login.php ]
[ info ] [ VIEW ] E:\phpstudy_pro\WWW\thinkphp\public/../application/admin\view\login\login.html [ array (
) ]
[ info ] [ LOG ] INIT File
---------------------------------------------------------------
[ 2021-08-08T01:44:19+08:00 ] 127.0.0.1 GET hr/
[运行时间：0.018380s] [吞吐率：54.41req/s] [内存消耗：1,306.16kb] [文件加载：34]
[ info ] [ LANG ] E:\phpstudy_pro\WWW\thinkphp\thinkphp\lang\zh-cn.php
[ info ] [ ROUTE ] array (
  'type' => 'module',
  'module' => 
  array (
    0 => '',
    1 => NULL,
    2 => NULL,
  ),
)
[ info ] [ HEADER ] array (
  'cookie' => 'PHPSESSID=4ic8u2sogis6vq70nfhvpeddu0',
  'accept-language' => 'zh-CN,zh;q=0.9',
  'accept-encoding' => 'gzip, deflate',
  'accept' => 'text/html,application/xhtml+xml,application/xml;q=0.9,image/avif,image/webp,image/apng,*/*;q=0.8,application/signed-exchange;v=b3;q=0.9',
  'user-agent' => 'Mozilla/5.0 (Windows NT 10.0; WOW64) AppleWebKit/537.36 (KHTML, like Gecko) Chrome/86.0.4240.198 Safari/537.36',
  'upgrade-insecure-requests' => '1',
  'cache-control' => 'max-age=0',
  'connection' => 'keep-alive',
  'host' => 'hr',
  'content-length' => '',
  'content-type' => '',
)
[ info ] [ PARAM ] array (
)
[ info ] [ RUN ] app\admin\controller\Login->Login[ E:\phpstudy_pro\WWW\thinkphp\application\admin\controller\Login.php ]
[ info ] [ VIEW ] E:\phpstudy_pro\WWW\thinkphp\public/../application/admin\view\login\login.html [ array (
) ]
[ info ] [ LOG ] INIT File
---------------------------------------------------------------
[ 2021-08-08T01:44:19+08:00 ] 127.0.0.1 GET hr/
[运行时间：0.037274s] [吞吐率：26.83req/s] [内存消耗：1,306.16kb] [文件加载：34]
[ info ] [ LANG ] E:\phpstudy_pro\WWW\thinkphp\thinkphp\lang\zh-cn.php
[ info ] [ ROUTE ] array (
  'type' => 'module',
  'module' => 
  array (
    0 => '',
    1 => NULL,
    2 => NULL,
  ),
)
[ info ] [ HEADER ] array (
  'cookie' => 'PHPSESSID=4ic8u2sogis6vq70nfhvpeddu0',
  'accept-language' => 'zh-CN,zh;q=0.9',
  'accept-encoding' => 'gzip, deflate',
  'accept' => 'text/html,application/xhtml+xml,application/xml;q=0.9,image/avif,image/webp,image/apng,*/*;q=0.8,application/signed-exchange;v=b3;q=0.9',
  'user-agent' => 'Mozilla/5.0 (Windows NT 10.0; WOW64) AppleWebKit/537.36 (KHTML, like Gecko) Chrome/86.0.4240.198 Safari/537.36',
  'upgrade-insecure-requests' => '1',
  'cache-control' => 'max-age=0',
  'connection' => 'keep-alive',
  'host' => 'hr',
  'content-length' => '',
  'content-type' => '',
)
[ info ] [ PARAM ] array (
)
[ info ] [ RUN ] app\admin\controller\Login->Login[ E:\phpstudy_pro\WWW\thinkphp\application\admin\controller\Login.php ]
[ info ] [ VIEW ] E:\phpstudy_pro\WWW\thinkphp\public/../application/admin\view\login\login.html [ array (
) ]
[ info ] [ LOG ] INIT File
---------------------------------------------------------------
[ 2021-08-08T01:44:19+08:00 ] 127.0.0.1 GET hr/
[运行时间：0.016602s] [吞吐率：60.23req/s] [内存消耗：1,306.16kb] [文件加载：34]
[ info ] [ LANG ] E:\phpstudy_pro\WWW\thinkphp\thinkphp\lang\zh-cn.php
[ info ] [ ROUTE ] array (
  'type' => 'module',
  'module' => 
  array (
    0 => '',
    1 => NULL,
    2 => NULL,
  ),
)
[ info ] [ HEADER ] array (
  'cookie' => 'PHPSESSID=4ic8u2sogis6vq70nfhvpeddu0',
  'accept-language' => 'zh-CN,zh;q=0.9',
  'accept-encoding' => 'gzip, deflate',
  'accept' => 'text/html,application/xhtml+xml,application/xml;q=0.9,image/avif,image/webp,image/apng,*/*;q=0.8,application/signed-exchange;v=b3;q=0.9',
  'user-agent' => 'Mozilla/5.0 (Windows NT 10.0; WOW64) AppleWebKit/537.36 (KHTML, like Gecko) Chrome/86.0.4240.198 Safari/537.36',
  'upgrade-insecure-requests' => '1',
  'cache-control' => 'max-age=0',
  'connection' => 'keep-alive',
  'host' => 'hr',
  'content-length' => '',
  'content-type' => '',
)
[ info ] [ PARAM ] array (
)
[ info ] [ RUN ] app\admin\controller\Login->Login[ E:\phpstudy_pro\WWW\thinkphp\application\admin\controller\Login.php ]
[ info ] [ VIEW ] E:\phpstudy_pro\WWW\thinkphp\public/../application/admin\view\login\login.html [ array (
) ]
[ info ] [ LOG ] INIT File
---------------------------------------------------------------
[ 2021-08-08T01:44:19+08:00 ] 127.0.0.1 GET hr/
[运行时间：0.026979s] [吞吐率：37.07req/s] [内存消耗：1,306.16kb] [文件加载：34]
[ info ] [ LANG ] E:\phpstudy_pro\WWW\thinkphp\thinkphp\lang\zh-cn.php
[ info ] [ ROUTE ] array (
  'type' => 'module',
  'module' => 
  array (
    0 => '',
    1 => NULL,
    2 => NULL,
  ),
)
[ info ] [ HEADER ] array (
  'cookie' => 'PHPSESSID=4ic8u2sogis6vq70nfhvpeddu0',
  'accept-language' => 'zh-CN,zh;q=0.9',
  'accept-encoding' => 'gzip, deflate',
  'accept' => 'text/html,application/xhtml+xml,application/xml;q=0.9,image/avif,image/webp,image/apng,*/*;q=0.8,application/signed-exchange;v=b3;q=0.9',
  'user-agent' => 'Mozilla/5.0 (Windows NT 10.0; WOW64) AppleWebKit/537.36 (KHTML, like Gecko) Chrome/86.0.4240.198 Safari/537.36',
  'upgrade-insecure-requests' => '1',
  'cache-control' => 'max-age=0',
  'connection' => 'keep-alive',
  'host' => 'hr',
  'content-length' => '',
  'content-type' => '',
)
[ info ] [ PARAM ] array (
)
[ info ] [ RUN ] app\admin\controller\Login->Login[ E:\phpstudy_pro\WWW\thinkphp\application\admin\controller\Login.php ]
[ info ] [ VIEW ] E:\phpstudy_pro\WWW\thinkphp\public/../application/admin\view\login\login.html [ array (
) ]
[ info ] [ LOG ] INIT File
---------------------------------------------------------------
[ 2021-08-08T01:44:19+08:00 ] 127.0.0.1 GET hr/
[运行时间：0.022790s] [吞吐率：43.88req/s] [内存消耗：1,306.16kb] [文件加载：34]
[ info ] [ LANG ] E:\phpstudy_pro\WWW\thinkphp\thinkphp\lang\zh-cn.php
[ info ] [ ROUTE ] array (
  'type' => 'module',
  'module' => 
  array (
    0 => '',
    1 => NULL,
    2 => NULL,
  ),
)
[ info ] [ HEADER ] array (
  'cookie' => 'PHPSESSID=4ic8u2sogis6vq70nfhvpeddu0',
  'accept-language' => 'zh-CN,zh;q=0.9',
  'accept-encoding' => 'gzip, deflate',
  'accept' => 'text/html,application/xhtml+xml,application/xml;q=0.9,image/avif,image/webp,image/apng,*/*;q=0.8,application/signed-exchange;v=b3;q=0.9',
  'user-agent' => 'Mozilla/5.0 (Windows NT 10.0; WOW64) AppleWebKit/537.36 (KHTML, like Gecko) Chrome/86.0.4240.198 Safari/537.36',
  'upgrade-insecure-requests' => '1',
  'cache-control' => 'max-age=0',
  'connection' => 'keep-alive',
  'host' => 'hr',
  'content-length' => '',
  'content-type' => '',
)
[ info ] [ PARAM ] array (
)
[ info ] [ RUN ] app\admin\controller\Login->Login[ E:\phpstudy_pro\WWW\thinkphp\application\admin\controller\Login.php ]
[ info ] [ VIEW ] E:\phpstudy_pro\WWW\thinkphp\public/../application/admin\view\login\login.html [ array (
) ]
[ info ] [ LOG ] INIT File
---------------------------------------------------------------
[ 2021-08-08T01:44:20+08:00 ] 127.0.0.1 GET hr/
[运行时间：0.024515s] [吞吐率：40.79req/s] [内存消耗：1,306.16kb] [文件加载：34]
[ info ] [ LANG ] E:\phpstudy_pro\WWW\thinkphp\thinkphp\lang\zh-cn.php
[ info ] [ ROUTE ] array (
  'type' => 'module',
  'module' => 
  array (
    0 => '',
    1 => NULL,
    2 => NULL,
  ),
)
[ info ] [ HEADER ] array (
  'cookie' => 'PHPSESSID=4ic8u2sogis6vq70nfhvpeddu0',
  'accept-language' => 'zh-CN,zh;q=0.9',
  'accept-encoding' => 'gzip, deflate',
  'accept' => 'text/html,application/xhtml+xml,application/xml;q=0.9,image/avif,image/webp,image/apng,*/*;q=0.8,application/signed-exchange;v=b3;q=0.9',
  'user-agent' => 'Mozilla/5.0 (Windows NT 10.0; WOW64) AppleWebKit/537.36 (KHTML, like Gecko) Chrome/86.0.4240.198 Safari/537.36',
  'upgrade-insecure-requests' => '1',
  'cache-control' => 'max-age=0',
  'connection' => 'keep-alive',
  'host' => 'hr',
  'content-length' => '',
  'content-type' => '',
)
[ info ] [ PARAM ] array (
)
[ info ] [ RUN ] app\admin\controller\Login->Login[ E:\phpstudy_pro\WWW\thinkphp\application\admin\controller\Login.php ]
[ info ] [ VIEW ] E:\phpstudy_pro\WWW\thinkphp\public/../application/admin\view\login\login.html [ array (
) ]
[ info ] [ LOG ] INIT File
---------------------------------------------------------------
[ 2021-08-08T01:44:21+08:00 ] 127.0.0.1 POST hr/admin/Login/loginJump
[运行时间：0.031781s] [吞吐率：31.47req/s] [内存消耗：2,562.50kb] [文件加载：45]
[ info ] [ LANG ] E:\phpstudy_pro\WWW\thinkphp\thinkphp\lang\zh-cn.php
[ info ] [ ROUTE ] array (
  'type' => 'module',
  'module' => 
  array (
    0 => 'admin',
    1 => 'Login',
    2 => 'loginJump',
  ),
)
[ info ] [ HEADER ] array (
  'cookie' => 'PHPSESSID=4ic8u2sogis6vq70nfhvpeddu0',
  'accept-language' => 'zh-CN,zh;q=0.9',
  'accept-encoding' => 'gzip, deflate',
  'referer' => 'http://hr/',
  'accept' => 'text/html,application/xhtml+xml,application/xml;q=0.9,image/avif,image/webp,image/apng,*/*;q=0.8,application/signed-exchange;v=b3;q=0.9',
  'user-agent' => 'Mozilla/5.0 (Windows NT 10.0; WOW64) AppleWebKit/537.36 (KHTML, like Gecko) Chrome/86.0.4240.198 Safari/537.36',
  'content-type' => 'application/x-www-form-urlencoded',
  'origin' => 'http://hr',
  'upgrade-insecure-requests' => '1',
  'cache-control' => 'max-age=0',
  'content-length' => '39',
  'connection' => 'keep-alive',
  'host' => 'hr',
)
[ info ] [ PARAM ] array (
  'method' => 'login',
  'account' => 'admin',
  'password' => '123',
)
[ info ] [ RUN ] app\admin\controller\Login->loginJump[ E:\phpstudy_pro\WWW\thinkphp\application\admin\controller\Login.php ]
[ info ] [ DB ] INIT mysql
[ info ] [ SESSION ] INIT array (
  'id' => '',
  'var_session_id' => '',
  'prefix' => 'think',
  'type' => '',
  'auto_start' => true,
)
[ info ] [ LOG ] INIT File
[ sql ] [ DB ] CONNECT:[ UseTime:0.000964s ] mysql:host=127.0.0.1;port=3306;dbname=jc_website;charset=utf8
[ sql ] [ SQL ] SHOW COLUMNS FROM `jw_user` [ RunTime:0.001023s ]
[ sql ] [ SQL ] SELECT * FROM `jw_user` LIMIT 1 [ RunTime:0.000243s ]
---------------------------------------------------------------
[ 2021-08-08T01:44:21+08:00 ] 127.0.0.1 GET hr/admin/index/index.html
[运行时间：0.025293s] [吞吐率：39.54req/s] [内存消耗：2,195.27kb] [文件加载：41]
[ info ] [ LANG ] E:\phpstudy_pro\WWW\thinkphp\thinkphp\lang\zh-cn.php
[ info ] [ ROUTE ] array (
  'type' => 'module',
  'module' => 
  array (
    0 => 'admin',
    1 => 'index',
    2 => 'index',
  ),
)
[ info ] [ HEADER ] array (
  'cookie' => 'PHPSESSID=4ic8u2sogis6vq70nfhvpeddu0',
  'accept-language' => 'zh-CN,zh;q=0.9',
  'accept-encoding' => 'gzip, deflate',
  'referer' => 'http://hr/',
  'accept' => 'text/html,application/xhtml+xml,application/xml;q=0.9,image/avif,image/webp,image/apng,*/*;q=0.8,application/signed-exchange;v=b3;q=0.9',
  'user-agent' => 'Mozilla/5.0 (Windows NT 10.0; WOW64) AppleWebKit/537.36 (KHTML, like Gecko) Chrome/86.0.4240.198 Safari/537.36',
  'upgrade-insecure-requests' => '1',
  'cache-control' => 'max-age=0',
  'connection' => 'keep-alive',
  'host' => 'hr',
  'content-length' => '',
  'content-type' => '',
)
[ info ] [ PARAM ] array (
)
[ info ] [ SESSION ] INIT array (
  'id' => '',
  'var_session_id' => '',
  'prefix' => 'think',
  'type' => '',
  'auto_start' => true,
)
[ info ] [ DB ] INIT mysql
[ info ] [ RUN ] app\admin\controller\Index->Index[ E:\phpstudy_pro\WWW\thinkphp\application\admin\controller\Index.php ]
[ info ] [ VIEW ] E:\phpstudy_pro\WWW\thinkphp\public/../application/admin\view\index\index.html [ array (
) ]
[ info ] [ LOG ] INIT File
[ sql ] [ DB ] CONNECT:[ UseTime:0.000917s ] mysql:host=127.0.0.1;port=3306;dbname=jc_website;charset=utf8
[ sql ] [ SQL ] SHOW COLUMNS FROM `jw_menu` [ RunTime:0.000723s ]
[ sql ] [ SQL ] SELECT * FROM `jw_menu` [ RunTime:0.000228s ]
