---------------------------------------------------------------
[ 2021-08-19T00:00:32+08:00 ] 127.0.0.1 GET hr/admin/menu/menuIndex
[运行时间：0.033665s] [吞吐率：29.70req/s] [内存消耗：2,617.05kb] [文件加载：45]
[ info ] [ LANG ] E:\phpstudy_pro\WWW\thinkphp\thinkphp\lang\zh-cn.php
[ info ] [ ROUTE ] array (
  'type' => 'module',
  'module' => 
  array (
    0 => 'admin',
    1 => 'menu',
    2 => 'menuIndex',
  ),
)
[ info ] [ HEADER ] array (
  'cookie' => 'PHPSESSID=qtpego7s6km61s9jrkds1ns3ju',
  'accept-language' => 'zh-CN,zh;q=0.9',
  'accept-encoding' => 'gzip, deflate',
  'referer' => 'http://hr/admin/menu/menuIndex',
  'accept' => 'text/html,application/xhtml+xml,application/xml;q=0.9,image/avif,image/webp,image/apng,*/*;q=0.8,application/signed-exchange;v=b3;q=0.9',
  'user-agent' => 'Mozilla/5.0 (Windows NT 10.0; WOW64) AppleWebKit/537.36 (KHTML, like Gecko) Chrome/86.0.4240.198 Safari/537.36',
  'upgrade-insecure-requests' => '1',
  'cache-control' => 'max-age=0',
  'connection' => 'keep-alive',
  'host' => 'hr',
  'content-length' => '',
  'content-type' => '',
)
[ info ] [ PARAM ] array (
)
[ info ] [ SESSION ] INIT array (
  'id' => '',
  'var_session_id' => '',
  'prefix' => 'think',
  'type' => '',
  'auto_start' => true,
)
[ info ] [ DB ] INIT mysql
[ info ] [ RUN ] app\admin\controller\Menu->menuIndex[ E:\phpstudy_pro\WWW\thinkphp\application\admin\controller\Menu.php ]
[ info ] [ VIEW ] E:\phpstudy_pro\WWW\thinkphp\public/../application/admin\view\menu\menuindex.html [ array (
  0 => 'menulist',
) ]
[ info ] [ LOG ] INIT File
[ sql ] [ DB ] CONNECT:[ UseTime:0.001011s ] mysql:host=127.0.0.1;port=3306;dbname=jc_website;charset=utf8
[ sql ] [ SQL ] SHOW COLUMNS FROM `jw_menu` [ RunTime:0.000906s ]
[ sql ] [ SQL ] SELECT * FROM `jw_menu` [ RunTime:0.000289s ]
---------------------------------------------------------------
[ 2021-08-19T00:00:32+08:00 ] 127.0.0.1 GET hr/admin/menu/menuindex.html
[运行时间：0.029637s] [吞吐率：33.74req/s] [内存消耗：2,544.66kb] [文件加载：46]
[ info ] [ LANG ] E:\phpstudy_pro\WWW\thinkphp\thinkphp\lang\zh-cn.php
[ info ] [ ROUTE ] array (
  'type' => 'module',
  'module' => 
  array (
    0 => 'admin',
    1 => 'menu',
    2 => 'menuindex',
  ),
)
[ info ] [ HEADER ] array (
  'cookie' => 'PHPSESSID=qtpego7s6km61s9jrkds1ns3ju',
  'accept-language' => 'zh-CN,zh;q=0.9',
  'accept-encoding' => 'gzip, deflate',
  'referer' => 'http://hr/admin/menu/menuIndex',
  'x-requested-with' => 'XMLHttpRequest',
  'user-agent' => 'Mozilla/5.0 (Windows NT 10.0; WOW64) AppleWebKit/537.36 (KHTML, like Gecko) Chrome/86.0.4240.198 Safari/537.36',
  'accept' => 'application/json, text/javascript, */*; q=0.01',
  'connection' => 'keep-alive',
  'host' => 'hr',
  'content-length' => '',
  'content-type' => '',
)
[ info ] [ PARAM ] array (
)
[ info ] [ SESSION ] INIT array (
  'id' => '',
  'var_session_id' => '',
  'prefix' => 'think',
  'type' => '',
  'auto_start' => true,
)
[ info ] [ DB ] INIT mysql
[ info ] [ RUN ] app\admin\controller\Menu->menuIndex[ E:\phpstudy_pro\WWW\thinkphp\application\admin\controller\Menu.php ]
[ info ] [ LOG ] INIT File
[ sql ] [ DB ] CONNECT:[ UseTime:0.000898s ] mysql:host=127.0.0.1;port=3306;dbname=jc_website;charset=utf8
[ sql ] [ SQL ] SHOW COLUMNS FROM `jw_menu` [ RunTime:0.000789s ]
[ sql ] [ SQL ] SELECT * FROM `jw_menu` [ RunTime:0.000268s ]
[ sql ] [ SQL ] SELECT COUNT(*) AS tp_count FROM `jw_menu` LIMIT 1 [ RunTime:0.000214s ]
[ sql ] [ SQL ] SELECT * FROM `jw_menu` [ RunTime:0.000257s ]
---------------------------------------------------------------
[ 2021-08-19T00:00:33+08:00 ] 127.0.0.1 POST hr/admin/menu/menutreelist.html
[运行时间：0.032024s] [吞吐率：31.23req/s] [内存消耗：2,545.53kb] [文件加载：46]
[ info ] [ LANG ] E:\phpstudy_pro\WWW\thinkphp\thinkphp\lang\zh-cn.php
[ info ] [ ROUTE ] array (
  'type' => 'module',
  'module' => 
  array (
    0 => 'admin',
    1 => 'menu',
    2 => 'menutreelist',
  ),
)
[ info ] [ HEADER ] array (
  'cookie' => 'PHPSESSID=qtpego7s6km61s9jrkds1ns3ju',
  'accept-language' => 'zh-CN,zh;q=0.9',
  'accept-encoding' => 'gzip, deflate',
  'referer' => 'http://hr/admin/menu/menuIndex',
  'origin' => 'http://hr',
  'x-requested-with' => 'XMLHttpRequest',
  'user-agent' => 'Mozilla/5.0 (Windows NT 10.0; WOW64) AppleWebKit/537.36 (KHTML, like Gecko) Chrome/86.0.4240.198 Safari/537.36',
  'accept' => '*/*',
  'content-length' => '0',
  'connection' => 'keep-alive',
  'host' => 'hr',
  'content-type' => '',
)
[ info ] [ PARAM ] array (
)
[ info ] [ SESSION ] INIT array (
  'id' => '',
  'var_session_id' => '',
  'prefix' => 'think',
  'type' => '',
  'auto_start' => true,
)
[ info ] [ DB ] INIT mysql
[ info ] [ RUN ] app\admin\controller\Menu->menuTreeList[ E:\phpstudy_pro\WWW\thinkphp\application\admin\controller\Menu.php ]
[ info ] [ LOG ] INIT File
[ sql ] [ DB ] CONNECT:[ UseTime:0.001288s ] mysql:host=127.0.0.1;port=3306;dbname=jc_website;charset=utf8
[ sql ] [ SQL ] SHOW COLUMNS FROM `jw_menu` [ RunTime:0.000835s ]
[ sql ] [ SQL ] SELECT * FROM `jw_menu` [ RunTime:0.000255s ]
[ sql ] [ SQL ] SELECT COUNT(*) AS tp_count FROM `jw_menu` LIMIT 1 [ RunTime:0.000211s ]
[ sql ] [ SQL ] SELECT * FROM `jw_menu` [ RunTime:0.000335s ]
---------------------------------------------------------------
[ 2021-08-19T00:00:33+08:00 ] 127.0.0.1 POST hr/admin/commons/useratwork.html
[运行时间：0.035758s] [吞吐率：27.97req/s] [内存消耗：2,524.77kb] [文件加载：44]
[ info ] [ LANG ] E:\phpstudy_pro\WWW\thinkphp\thinkphp\lang\zh-cn.php
[ info ] [ ROUTE ] array (
  'type' => 'module',
  'module' => 
  array (
    0 => 'admin',
    1 => 'commons',
    2 => 'useratwork',
  ),
)
[ info ] [ HEADER ] array (
  'cookie' => 'PHPSESSID=qtpego7s6km61s9jrkds1ns3ju',
  'accept-language' => 'zh-CN,zh;q=0.9',
  'accept-encoding' => 'gzip, deflate',
  'referer' => 'http://hr/admin/menu/menuIndex',
  'origin' => 'http://hr',
  'x-requested-with' => 'XMLHttpRequest',
  'user-agent' => 'Mozilla/5.0 (Windows NT 10.0; WOW64) AppleWebKit/537.36 (KHTML, like Gecko) Chrome/86.0.4240.198 Safari/537.36',
  'accept' => '*/*',
  'content-length' => '0',
  'connection' => 'keep-alive',
  'host' => 'hr',
  'content-type' => '',
)
[ info ] [ PARAM ] array (
)
[ info ] [ SESSION ] INIT array (
  'id' => '',
  'var_session_id' => '',
  'prefix' => 'think',
  'type' => '',
  'auto_start' => true,
)
[ info ] [ DB ] INIT mysql
[ info ] [ RUN ] app\admin\controller\Commons->userAtWork[ E:\phpstudy_pro\WWW\thinkphp\application\admin\controller\Commons.php ]
[ info ] [ LOG ] INIT File
[ sql ] [ DB ] CONNECT:[ UseTime:0.000939s ] mysql:host=127.0.0.1;port=3306;dbname=jc_website;charset=utf8
[ sql ] [ SQL ] SHOW COLUMNS FROM `jw_menu` [ RunTime:0.000792s ]
[ sql ] [ SQL ] SELECT * FROM `jw_menu` [ RunTime:0.000251s ]
[ sql ] [ SQL ] SHOW COLUMNS FROM `jw_user` [ RunTime:0.000929s ]
[ sql ] [ SQL ] SELECT * FROM `jw_user` WHERE  `quit` = 0  AND `account` <> 'admin' [ RunTime:0.000363s ]
---------------------------------------------------------------
[ 2021-08-19T00:00:51+08:00 ] 127.0.0.1 GET hr/admin/menu/menuIndex
[运行时间：0.038570s] [吞吐率：25.93req/s] [内存消耗：2,616.76kb] [文件加载：45]
[ info ] [ LANG ] E:\phpstudy_pro\WWW\thinkphp\thinkphp\lang\zh-cn.php
[ info ] [ ROUTE ] array (
  'type' => 'module',
  'module' => 
  array (
    0 => 'admin',
    1 => 'menu',
    2 => 'menuIndex',
  ),
)
[ info ] [ HEADER ] array (
  'cookie' => 'PHPSESSID=qtpego7s6km61s9jrkds1ns3ju',
  'accept-language' => 'zh-CN,zh;q=0.9',
  'accept-encoding' => 'gzip, deflate',
  'referer' => 'http://hr/admin/menu/menuIndex',
  'accept' => 'text/html,application/xhtml+xml,application/xml;q=0.9,image/avif,image/webp,image/apng,*/*;q=0.8,application/signed-exchange;v=b3;q=0.9',
  'user-agent' => 'Mozilla/5.0 (Windows NT 10.0; WOW64) AppleWebKit/537.36 (KHTML, like Gecko) Chrome/86.0.4240.198 Safari/537.36',
  'upgrade-insecure-requests' => '1',
  'cache-control' => 'max-age=0',
  'connection' => 'keep-alive',
  'host' => 'hr',
  'content-length' => '',
  'content-type' => '',
)
[ info ] [ PARAM ] array (
)
[ info ] [ SESSION ] INIT array (
  'id' => '',
  'var_session_id' => '',
  'prefix' => 'think',
  'type' => '',
  'auto_start' => true,
)
[ info ] [ DB ] INIT mysql
[ info ] [ RUN ] app\admin\controller\Menu->menuIndex[ E:\phpstudy_pro\WWW\thinkphp\application\admin\controller\Menu.php ]
[ info ] [ VIEW ] E:\phpstudy_pro\WWW\thinkphp\public/../application/admin\view\menu\menuindex.html [ array (
  0 => 'menulist',
) ]
[ info ] [ LOG ] INIT File
[ sql ] [ DB ] CONNECT:[ UseTime:0.000911s ] mysql:host=127.0.0.1;port=3306;dbname=jc_website;charset=utf8
[ sql ] [ SQL ] SHOW COLUMNS FROM `jw_menu` [ RunTime:0.000769s ]
[ sql ] [ SQL ] SELECT * FROM `jw_menu` [ RunTime:0.000238s ]
---------------------------------------------------------------
[ 2021-08-19T00:00:51+08:00 ] 127.0.0.1 GET hr/admin/menu/menuindex.html
[运行时间：0.035156s] [吞吐率：28.44req/s] [内存消耗：2,544.37kb] [文件加载：46]
[ info ] [ LANG ] E:\phpstudy_pro\WWW\thinkphp\thinkphp\lang\zh-cn.php
[ info ] [ ROUTE ] array (
  'type' => 'module',
  'module' => 
  array (
    0 => 'admin',
    1 => 'menu',
    2 => 'menuindex',
  ),
)
[ info ] [ HEADER ] array (
  'cookie' => 'PHPSESSID=qtpego7s6km61s9jrkds1ns3ju',
  'accept-language' => 'zh-CN,zh;q=0.9',
  'accept-encoding' => 'gzip, deflate',
  'referer' => 'http://hr/admin/menu/menuIndex',
  'x-requested-with' => 'XMLHttpRequest',
  'user-agent' => 'Mozilla/5.0 (Windows NT 10.0; WOW64) AppleWebKit/537.36 (KHTML, like Gecko) Chrome/86.0.4240.198 Safari/537.36',
  'accept' => 'application/json, text/javascript, */*; q=0.01',
  'connection' => 'keep-alive',
  'host' => 'hr',
  'content-length' => '',
  'content-type' => '',
)
[ info ] [ PARAM ] array (
)
[ info ] [ SESSION ] INIT array (
  'id' => '',
  'var_session_id' => '',
  'prefix' => 'think',
  'type' => '',
  'auto_start' => true,
)
[ info ] [ DB ] INIT mysql
[ info ] [ RUN ] app\admin\controller\Menu->menuIndex[ E:\phpstudy_pro\WWW\thinkphp\application\admin\controller\Menu.php ]
[ info ] [ LOG ] INIT File
[ sql ] [ DB ] CONNECT:[ UseTime:0.000897s ] mysql:host=127.0.0.1;port=3306;dbname=jc_website;charset=utf8
[ sql ] [ SQL ] SHOW COLUMNS FROM `jw_menu` [ RunTime:0.000735s ]
[ sql ] [ SQL ] SELECT * FROM `jw_menu` [ RunTime:0.000231s ]
[ sql ] [ SQL ] SELECT COUNT(*) AS tp_count FROM `jw_menu` LIMIT 1 [ RunTime:0.000187s ]
[ sql ] [ SQL ] SELECT * FROM `jw_menu` [ RunTime:0.000273s ]
---------------------------------------------------------------
[ 2021-08-19T00:00:52+08:00 ] 127.0.0.1 POST hr/admin/menu/menutreelist.html
[运行时间：0.031080s] [吞吐率：32.18req/s] [内存消耗：2,545.23kb] [文件加载：46]
[ info ] [ LANG ] E:\phpstudy_pro\WWW\thinkphp\thinkphp\lang\zh-cn.php
[ info ] [ ROUTE ] array (
  'type' => 'module',
  'module' => 
  array (
    0 => 'admin',
    1 => 'menu',
    2 => 'menutreelist',
  ),
)
[ info ] [ HEADER ] array (
  'cookie' => 'PHPSESSID=qtpego7s6km61s9jrkds1ns3ju',
  'accept-language' => 'zh-CN,zh;q=0.9',
  'accept-encoding' => 'gzip, deflate',
  'referer' => 'http://hr/admin/menu/menuIndex',
  'origin' => 'http://hr',
  'x-requested-with' => 'XMLHttpRequest',
  'user-agent' => 'Mozilla/5.0 (Windows NT 10.0; WOW64) AppleWebKit/537.36 (KHTML, like Gecko) Chrome/86.0.4240.198 Safari/537.36',
  'accept' => '*/*',
  'content-length' => '0',
  'connection' => 'keep-alive',
  'host' => 'hr',
  'content-type' => '',
)
[ info ] [ PARAM ] array (
)
[ info ] [ SESSION ] INIT array (
  'id' => '',
  'var_session_id' => '',
  'prefix' => 'think',
  'type' => '',
  'auto_start' => true,
)
[ info ] [ DB ] INIT mysql
[ info ] [ RUN ] app\admin\controller\Menu->menuTreeList[ E:\phpstudy_pro\WWW\thinkphp\application\admin\controller\Menu.php ]
[ info ] [ LOG ] INIT File
[ sql ] [ DB ] CONNECT:[ UseTime:0.001067s ] mysql:host=127.0.0.1;port=3306;dbname=jc_website;charset=utf8
[ sql ] [ SQL ] SHOW COLUMNS FROM `jw_menu` [ RunTime:0.000833s ]
[ sql ] [ SQL ] SELECT * FROM `jw_menu` [ RunTime:0.000234s ]
[ sql ] [ SQL ] SELECT COUNT(*) AS tp_count FROM `jw_menu` LIMIT 1 [ RunTime:0.000220s ]
[ sql ] [ SQL ] SELECT * FROM `jw_menu` [ RunTime:0.000214s ]
---------------------------------------------------------------
[ 2021-08-19T00:00:52+08:00 ] 127.0.0.1 POST hr/admin/commons/useratwork.html
[运行时间：0.031660s] [吞吐率：31.59req/s] [内存消耗：2,524.77kb] [文件加载：44]
[ info ] [ LANG ] E:\phpstudy_pro\WWW\thinkphp\thinkphp\lang\zh-cn.php
[ info ] [ ROUTE ] array (
  'type' => 'module',
  'module' => 
  array (
    0 => 'admin',
    1 => 'commons',
    2 => 'useratwork',
  ),
)
[ info ] [ HEADER ] array (
  'cookie' => 'PHPSESSID=qtpego7s6km61s9jrkds1ns3ju',
  'accept-language' => 'zh-CN,zh;q=0.9',
  'accept-encoding' => 'gzip, deflate',
  'referer' => 'http://hr/admin/menu/menuIndex',
  'origin' => 'http://hr',
  'x-requested-with' => 'XMLHttpRequest',
  'user-agent' => 'Mozilla/5.0 (Windows NT 10.0; WOW64) AppleWebKit/537.36 (KHTML, like Gecko) Chrome/86.0.4240.198 Safari/537.36',
  'accept' => '*/*',
  'content-length' => '0',
  'connection' => 'keep-alive',
  'host' => 'hr',
  'content-type' => '',
)
[ info ] [ PARAM ] array (
)
[ info ] [ SESSION ] INIT array (
  'id' => '',
  'var_session_id' => '',
  'prefix' => 'think',
  'type' => '',
  'auto_start' => true,
)
[ info ] [ DB ] INIT mysql
[ info ] [ RUN ] app\admin\controller\Commons->userAtWork[ E:\phpstudy_pro\WWW\thinkphp\application\admin\controller\Commons.php ]
[ info ] [ LOG ] INIT File
[ sql ] [ DB ] CONNECT:[ UseTime:0.000926s ] mysql:host=127.0.0.1;port=3306;dbname=jc_website;charset=utf8
[ sql ] [ SQL ] SHOW COLUMNS FROM `jw_menu` [ RunTime:0.000782s ]
[ sql ] [ SQL ] SELECT * FROM `jw_menu` [ RunTime:0.000250s ]
[ sql ] [ SQL ] SHOW COLUMNS FROM `jw_user` [ RunTime:0.000579s ]
[ sql ] [ SQL ] SELECT * FROM `jw_user` WHERE  `quit` = 0  AND `account` <> 'admin' [ RunTime:0.000287s ]
---------------------------------------------------------------
[ 2021-08-19T00:01:05+08:00 ] 127.0.0.1 GET hr/admin/menu/menuIndex
[运行时间：0.031446s] [吞吐率：31.80req/s] [内存消耗：2,617.05kb] [文件加载：45]
[ info ] [ LANG ] E:\phpstudy_pro\WWW\thinkphp\thinkphp\lang\zh-cn.php
[ info ] [ ROUTE ] array (
  'type' => 'module',
  'module' => 
  array (
    0 => 'admin',
    1 => 'menu',
    2 => 'menuIndex',
  ),
)
[ info ] [ HEADER ] array (
  'cookie' => 'PHPSESSID=qtpego7s6km61s9jrkds1ns3ju',
  'accept-language' => 'zh-CN,zh;q=0.9',
  'accept-encoding' => 'gzip, deflate',
  'referer' => 'http://hr/admin/menu/menuIndex',
  'accept' => 'text/html,application/xhtml+xml,application/xml;q=0.9,image/avif,image/webp,image/apng,*/*;q=0.8,application/signed-exchange;v=b3;q=0.9',
  'user-agent' => 'Mozilla/5.0 (Windows NT 10.0; WOW64) AppleWebKit/537.36 (KHTML, like Gecko) Chrome/86.0.4240.198 Safari/537.36',
  'upgrade-insecure-requests' => '1',
  'cache-control' => 'max-age=0',
  'connection' => 'keep-alive',
  'host' => 'hr',
  'content-length' => '',
  'content-type' => '',
)
[ info ] [ PARAM ] array (
)
[ info ] [ SESSION ] INIT array (
  'id' => '',
  'var_session_id' => '',
  'prefix' => 'think',
  'type' => '',
  'auto_start' => true,
)
[ info ] [ DB ] INIT mysql
[ info ] [ RUN ] app\admin\controller\Menu->menuIndex[ E:\phpstudy_pro\WWW\thinkphp\application\admin\controller\Menu.php ]
[ info ] [ VIEW ] E:\phpstudy_pro\WWW\thinkphp\public/../application/admin\view\menu\menuindex.html [ array (
  0 => 'menulist',
) ]
[ info ] [ LOG ] INIT File
[ sql ] [ DB ] CONNECT:[ UseTime:0.000988s ] mysql:host=127.0.0.1;port=3306;dbname=jc_website;charset=utf8
[ sql ] [ SQL ] SHOW COLUMNS FROM `jw_menu` [ RunTime:0.000773s ]
[ sql ] [ SQL ] SELECT * FROM `jw_menu` [ RunTime:0.000247s ]
---------------------------------------------------------------
[ 2021-08-19T00:01:06+08:00 ] 127.0.0.1 GET hr/admin/menu/menuindex.html
[运行时间：0.028408s] [吞吐率：35.20req/s] [内存消耗：2,544.66kb] [文件加载：46]
[ info ] [ LANG ] E:\phpstudy_pro\WWW\thinkphp\thinkphp\lang\zh-cn.php
[ info ] [ ROUTE ] array (
  'type' => 'module',
  'module' => 
  array (
    0 => 'admin',
    1 => 'menu',
    2 => 'menuindex',
  ),
)
[ info ] [ HEADER ] array (
  'cookie' => 'PHPSESSID=qtpego7s6km61s9jrkds1ns3ju',
  'accept-language' => 'zh-CN,zh;q=0.9',
  'accept-encoding' => 'gzip, deflate',
  'referer' => 'http://hr/admin/menu/menuIndex',
  'x-requested-with' => 'XMLHttpRequest',
  'user-agent' => 'Mozilla/5.0 (Windows NT 10.0; WOW64) AppleWebKit/537.36 (KHTML, like Gecko) Chrome/86.0.4240.198 Safari/537.36',
  'accept' => 'application/json, text/javascript, */*; q=0.01',
  'connection' => 'keep-alive',
  'host' => 'hr',
  'content-length' => '',
  'content-type' => '',
)
[ info ] [ PARAM ] array (
)
[ info ] [ SESSION ] INIT array (
  'id' => '',
  'var_session_id' => '',
  'prefix' => 'think',
  'type' => '',
  'auto_start' => true,
)
[ info ] [ DB ] INIT mysql
[ info ] [ RUN ] app\admin\controller\Menu->menuIndex[ E:\phpstudy_pro\WWW\thinkphp\application\admin\controller\Menu.php ]
[ info ] [ LOG ] INIT File
[ sql ] [ DB ] CONNECT:[ UseTime:0.000881s ] mysql:host=127.0.0.1;port=3306;dbname=jc_website;charset=utf8
[ sql ] [ SQL ] SHOW COLUMNS FROM `jw_menu` [ RunTime:0.000823s ]
[ sql ] [ SQL ] SELECT * FROM `jw_menu` [ RunTime:0.000282s ]
[ sql ] [ SQL ] SELECT COUNT(*) AS tp_count FROM `jw_menu` LIMIT 1 [ RunTime:0.000240s ]
[ sql ] [ SQL ] SELECT * FROM `jw_menu` [ RunTime:0.000216s ]
---------------------------------------------------------------
[ 2021-08-19T00:01:06+08:00 ] 127.0.0.1 POST hr/admin/menu/menutreelist.html
[运行时间：0.029345s] [吞吐率：34.08req/s] [内存消耗：2,545.53kb] [文件加载：46]
[ info ] [ LANG ] E:\phpstudy_pro\WWW\thinkphp\thinkphp\lang\zh-cn.php
[ info ] [ ROUTE ] array (
  'type' => 'module',
  'module' => 
  array (
    0 => 'admin',
    1 => 'menu',
    2 => 'menutreelist',
  ),
)
[ info ] [ HEADER ] array (
  'cookie' => 'PHPSESSID=qtpego7s6km61s9jrkds1ns3ju',
  'accept-language' => 'zh-CN,zh;q=0.9',
  'accept-encoding' => 'gzip, deflate',
  'referer' => 'http://hr/admin/menu/menuIndex',
  'origin' => 'http://hr',
  'x-requested-with' => 'XMLHttpRequest',
  'user-agent' => 'Mozilla/5.0 (Windows NT 10.0; WOW64) AppleWebKit/537.36 (KHTML, like Gecko) Chrome/86.0.4240.198 Safari/537.36',
  'accept' => '*/*',
  'content-length' => '0',
  'connection' => 'keep-alive',
  'host' => 'hr',
  'content-type' => '',
)
[ info ] [ PARAM ] array (
)
[ info ] [ SESSION ] INIT array (
  'id' => '',
  'var_session_id' => '',
  'prefix' => 'think',
  'type' => '',
  'auto_start' => true,
)
[ info ] [ DB ] INIT mysql
[ info ] [ RUN ] app\admin\controller\Menu->menuTreeList[ E:\phpstudy_pro\WWW\thinkphp\application\admin\controller\Menu.php ]
[ info ] [ LOG ] INIT File
[ sql ] [ DB ] CONNECT:[ UseTime:0.000908s ] mysql:host=127.0.0.1;port=3306;dbname=jc_website;charset=utf8
[ sql ] [ SQL ] SHOW COLUMNS FROM `jw_menu` [ RunTime:0.000840s ]
[ sql ] [ SQL ] SELECT * FROM `jw_menu` [ RunTime:0.000241s ]
[ sql ] [ SQL ] SELECT COUNT(*) AS tp_count FROM `jw_menu` LIMIT 1 [ RunTime:0.000251s ]
[ sql ] [ SQL ] SELECT * FROM `jw_menu` [ RunTime:0.000292s ]
---------------------------------------------------------------
[ 2021-08-19T00:01:06+08:00 ] 127.0.0.1 POST hr/admin/commons/useratwork.html
[运行时间：0.031606s] [吞吐率：31.64req/s] [内存消耗：2,524.77kb] [文件加载：44]
[ info ] [ LANG ] E:\phpstudy_pro\WWW\thinkphp\thinkphp\lang\zh-cn.php
[ info ] [ ROUTE ] array (
  'type' => 'module',
  'module' => 
  array (
    0 => 'admin',
    1 => 'commons',
    2 => 'useratwork',
  ),
)
[ info ] [ HEADER ] array (
  'cookie' => 'PHPSESSID=qtpego7s6km61s9jrkds1ns3ju',
  'accept-language' => 'zh-CN,zh;q=0.9',
  'accept-encoding' => 'gzip, deflate',
  'referer' => 'http://hr/admin/menu/menuIndex',
  'origin' => 'http://hr',
  'x-requested-with' => 'XMLHttpRequest',
  'user-agent' => 'Mozilla/5.0 (Windows NT 10.0; WOW64) AppleWebKit/537.36 (KHTML, like Gecko) Chrome/86.0.4240.198 Safari/537.36',
  'accept' => '*/*',
  'content-length' => '0',
  'connection' => 'keep-alive',
  'host' => 'hr',
  'content-type' => '',
)
[ info ] [ PARAM ] array (
)
[ info ] [ SESSION ] INIT array (
  'id' => '',
  'var_session_id' => '',
  'prefix' => 'think',
  'type' => '',
  'auto_start' => true,
)
[ info ] [ DB ] INIT mysql
[ info ] [ RUN ] app\admin\controller\Commons->userAtWork[ E:\phpstudy_pro\WWW\thinkphp\application\admin\controller\Commons.php ]
[ info ] [ LOG ] INIT File
[ sql ] [ DB ] CONNECT:[ UseTime:0.000967s ] mysql:host=127.0.0.1;port=3306;dbname=jc_website;charset=utf8
[ sql ] [ SQL ] SHOW COLUMNS FROM `jw_menu` [ RunTime:0.000757s ]
[ sql ] [ SQL ] SELECT * FROM `jw_menu` [ RunTime:0.000232s ]
[ sql ] [ SQL ] SHOW COLUMNS FROM `jw_user` [ RunTime:0.000567s ]
[ sql ] [ SQL ] SELECT * FROM `jw_user` WHERE  `quit` = 0  AND `account` <> 'admin' [ RunTime:0.000299s ]
